[08:08:46] {"asalData":"S","asuransi":0.83,"bruto":3.5,"cif":167.35,"fob":42.25,"freight":124.27,"hargaPenyerahan":0,"jabatanTtd":"PPJK","jumlahKontainer":0,"kodeAsuransi":"LN","kodeDokumen":"23","kodeIncoterm":"FOB","kodeKantor":"050500","kodeKantorBongkar":"050100","kodePelBongkar":"IDCGK","kodePelMuat":"HKHKG","kodePelTransit":"SGSIN","kodeTps":"GJDC","kodeTujuanTpb":"1","kodeTutupPu":"11","kodeValuta":"USD","kotaTtd":"JAKARTA","namaTtd":"BARTOLOMEUS EKO VATAR","ndpbm":15512.0,"netto":3.15,"nik":"0018/KA-A5/111 TAHUN 2019","nilaiBarang":42.25,"nomorAju":"00002303006520231231003144","nomorBc11":"050096","posBc11":"0003","seri":0,"subposBc11":"02290000","tanggalBc11":"2023-12-30","tanggalTiba":"2023-12-30","tanggalTtd":"2023-12-31","biayaTambahan":0,"biayaPengurang":0,"kodeKenaPajak":"1","barang":[{"idBarang":"1","asuransi":0.833,"cif":167.353,"diskon":0,"fob":42.25,"freight":124.27,"hargaEkspor":0,"hargaPenyerahan":0,"hargaSatuan":42.25,"isiPerKemasan":0,"jumlahKemasan":1,"jumlahSatuan":25.0,"kodeBarang":"-","kodeDokumen":"23","kodeKategoriBarang":"11","kodeJenisKemasan":"PK","kodeNegaraAsal":"CN","kodePerhitungan":"0","kodeSatuanBarang":"FTK","merk":"-","netto":3.15,"nilaiBarang":42.25,"nilaiTambah":0,"posTarif":"41079200","seriBarang":1,"spesifikasiLain":"-","tipe":"-","ukuran":"-","uraian":"COWHIDE UPPER LEATHER(25SF)","ndpbm":15512.0,"cifRupiah":2595973.53,"hargaPerolehan":0,"kodeAsalBahanBaku":"0","barangTarif":[{"kodeJenisTarif":"1","jumlahSatuan":25.0,"kodeFasilitasTarif":"3","kodeSatuanBarang":"FTK","kodeJenisPungutan":"BM","nilaiBayar":0.0,"nilaiFasilitas":0.0,"nilaiSudahDilunasi":0.0,"seriBarang":1,"tarif":0.0,"tarifFasilitas":100},{"kodeJenisTarif":"1","jumlahSatuan":25.0,"kodeFasilitasTarif":"6","kodeSatuanBarang":"FTK","kodeJenisPungutan":"PPH","nilaiBayar":0.0,"nilaiFasilitas":64898.33,"nilaiSudahDilunasi":0.0,"seriBarang":1,"tarif":2.5,"tarifFasilitas":100},{"kodeJenisTarif":"1","jumlahSatuan":25.0,"kodeFasilitasTarif":"6","kodeSatuanBarang":"FTK","kodeJenisPungutan":"PPN","nilaiBayar":0.0,"nilaiFasilitas":285552.65,"nilaiSudahDilunasi":0.0,"seriBarang":1,"tarif":11.0,"tarifFasilitas":100}],"barangDokumen":[{"seriDokumen":"1"}]}],"entitas":[{"alamatEntitas":"JL.RAYA BANJARAN KM 14.6, BOJONG MANGGU, PAMEUNGPEUK,","kodeEntitas":"3","kodeJenisIdentitas":"5","namaEntitas":"PT FENG TAY INDONESIA ENTERPRISES","nibEntitas":"8120200820123","nomorIdentitas":"016713240445000","tanggalIjinEntitas":"2017-09-04","nomorIjinEntitas":"2204/KM.4/2017","seriEntitas":1},{"alamatEntitas":"C/O YUE YUEN LOGISTICS LIMITED,22/F C-BONS INTERNATIONAL CENTER 10,HONG KONG HONG KONG HONG KONG","kodeEntitas":"5","kodeNegara":"HK","namaEntitas":"PRIME ASIA LEATHER CORPORATION TAIWAN BRANCH","seriEntitas":2},{"alamatEntitas":"JL.RAYA BANJARAN KM 14.6, BOJONG MANGGU, PAMEUNGPEUK,","kodeEntitas":"7","kodeJenisApi":"7","kodeJenisIdentitas":"5","kodeStatus":"5","namaEntitas":"PT FENG TAY INDONESIA ENTERPRISES","nomorIdentitas":"016713240445000","nomorIjinEntitas":"2204/KM.4/2017","tanggalIjinEntitas":"2017-09-04","seriEntitas":3},{"alamatEntitas":"MULIA BUSINESS PARK BUILDING F JL. MT. HARYONO KAV 58-60, JAKARTA","kodeEntitas":"4","kodeJenisIdentitas":"5","kodeStatus":"1","namaEntitas":"PT. BIROTIKA SEMESTA","nomorIdentitas":"013107743062000","seriEntitas":4}],"kemasan":[{"jumlahKemasan":1,"kodeJenisKemasan":"PK","seriKemasan":1,"merkKemasan":"DHL"}],"dokumen":[{"idDokumen":"1","kodeDokumen":"380","nomorDokumen":"IE23120597","seriDokumen":1,"tanggalDokumen":"2023-12-28"},{"idDokumen":"1","kodeDokumen":"740","nomorDokumen":"8349600906","seriDokumen":2,"tanggalDokumen":"2023-12-29"},{"idDokumen":"1","kodeDokumen":"741","nomorDokumen":"61865777983","seriDokumen":3,"tanggalDokumen":"2023-12-30"}],"pengangkut":[{"kodeBendera":"SG","namaPengangkut":"SINGAPORE AIRLINES","nomorPengangkut":"SQ0968","kodeCaraAngkut":"4","seriPengangkut":1}]}
[08:08:47] {"Exception":" Token specified is invalid or has expired."}
[08:08:47] Send data failed, 0 nomor aju created
[15:31:33] Send data failed, System.Collections.Generic.List`1[System.String]
[15:31:49] Send data failed, System.Collections.Generic.List`1[System.String]
[15:33:41] Send data failed, System.String[]
[15:35:53] Send data failed, Invalid Tanggal SKEP - HAWB 9071867700
Invalid Tanggal SKEP - HAWB 7355368344
Invalid Tanggal SKEP - HAWB 5858256493
Invalid Tanggal SKEP - HAWB 8238379796
[15:36:14] Send data failed, Invalid Tanggal SKEP - HAWB 9071867700
Invalid Tanggal SKEP - HAWB 7355368344
Invalid Tanggal SKEP - HAWB 5858256493
Invalid Tanggal SKEP - HAWB 8238379796
[15:36:50] Send data failed, Invalid Tanggal SKEP - HAWB 9071867700
Invalid Tanggal SKEP - HAWB 7355368344
Invalid Tanggal SKEP - HAWB 5858256493
Invalid Tanggal SKEP - HAWB 8238379796
[15:41:19] Send data failed, Invalid Tanggal SKEP - HAWB 9071867700
Invalid Tanggal SKEP - HAWB 7355368344
Invalid Tanggal SKEP - HAWB 5858256493
Invalid Tanggal SKEP - HAWB 8238379796
[15:45:01] Send data failed, Invalid Tanggal SKEP - HAWB 9071867700
Invalid Tanggal SKEP - HAWB 7355368344
Invalid Tanggal SKEP - HAWB 5858256493
Invalid Tanggal SKEP - HAWB 8238379796
[15:45:34] Send data failed, Invalid Tanggal SKEP - HAWB 9071867700
Invalid Tanggal SKEP - HAWB 7355368344
[15:47:04] Send data failed, Invalid Tanggal SKEP - HAWB 9071867700
Invalid Tanggal SKEP - HAWB 7355368344
[15:54:14] Send data failed, Invalid Tanggal SKEP - HAWB 9071867700
Invalid Tanggal SKEP - HAWB 7355368344
Invalid Tanggal SKEP - HAWB 5858256493
[15:54:27] Send data failed, Invalid Tanggal SKEP - HAWB 9071867700
Invalid Tanggal SKEP - HAWB 7355368344
[15:56:18] Send data failed, Invalid Tanggal SKEP - HAWB 9071867700
Invalid Tanggal SKEP - HAWB 7355368344
[15:57:56] Send data failed, Invalid Tanggal SKEP - HAWB 9071867700
Invalid Tanggal SKEP - HAWB 7355368344
[16:00:19] Send data failed, Invalid Tanggal SKEP - HAWB 9071867700
Invalid Tanggal SKEP - HAWB 7355368344
