[18:00:49] LOAD DATA BARANG '5858256493' : 1 Rows..
[18:00:50] LOAD DATA HEADER '5858256493' : 1 Rows..
[18:00:50] LOAD DATA TARIF '5858256493' : 1 Rows..
[18:00:50] LOAD DATA ENTITAS '5858256493' : 1 Rows..
[18:00:50] LOAD DATA KEMASAN '5858256493' : 1 Rows..
[18:00:50] Skip load data dokumen..[Early Draft TPB]
[18:00:50] LOAD DATA PENGANGKUT '5858256493' : 1 Rows..
[18:00:52] insert into dhl_cs_tpb_barang values (
                                        '5858256493',
                                        '2023-12-06',
                                        '1',
                                        '3.130000000000000',                                        
                                        '628.840',
                                        '9730670.160000',
                                        '0',
                                        '441.010',
                                        '184.700',
                                        '0',
                                        '0',
                                        '441.010',
                                        '0',
                                        '4',
                                        '89.00',
                                        '',
                                        '23',
                                        '11',
                                        'PK',
                                        'TW',
                                        '0',
                                        'YRD',
                                        '-',
                                        '15474.0000',
                                        '29.7000',
                                        '441.010',
                                        '0',
                                        '60069000',
                                        '1',
                                        '',
                                        '-',
                                        '',
                                        'TEXTILE',
                                        '0',
                                        '0'
                                        )

[18:00:52] insert into dhl_cs_tpb_header values (
                                        'JKT',
                                        '5858256493',
                                        '2023-12-06',
                                        'S',
                                        '3.13',
                                        '33.0000',
                                        '628.84',
                                        '441.01',
                                        '184.7',
                                        '0',
                                        'PPJK',
                                        '0',
                                        'LN',
                                        '23',
                                        'FOB',
                                        '050700',
                                        '050100',
                                        'IDCGK',
                                        'TWTXG',
                                        'HKHKG',
                                        'GJDC',
                                        '1',
                                        '11',
                                        'USD',
                                        'JAKARTA',
                                        'BARTOLOMEUS EKO VATAR',
                                        '15474.0000',
                                        '29.7',
                                        '0018/KA-A5/111 TAHUN 2019',
                                        '441.0100',
                                        '00002303006520231207001999',                                      
                                        '046272',
                                        '0004',
                                        '0',
                                        '0402',
                                        '12/7/2023 12:00:00 AM',
                                        '12/7/2023 12:00:00 AM',
                                        '2023-12-07',
                                        '0',
                                        '0',
                                        '2',
                                        'farifin',
                                        '2023-12-07 18:00:50.122'
                                        )

[18:00:52] insert into dhl_cs_tpb_barang_tarif values (
                                        '5858256493',
                                        '2023-12-06',
                                        '1',
                                        '89.00',
                                        '3',
                                        'YRD',
                                        'BM',
                                        '1459600.5000',
                                        '0',
                                        '1459600.5000',
                                        '1',
                                        '15',
                                        '100'                                        
                                        )

[18:00:52] insert into dhl_cs_tpb_barang_tarif values (
                                        '5858256493',
                                        '2023-12-06',
                                        '1',
                                        '89.00',
                                        '3',
                                        'YRD',
                                        'PPH',
                                        '279756.7625',
                                        '0',
                                        '279756.7625',
                                        '1',
                                        '2.5',
                                        '100'                                        
                                        )

[18:00:52] insert into dhl_cs_tpb_barang_tarif values (
                                        '5858256493',
                                        '2023-12-06',
                                        '1',
                                        '89.00',
                                        '3',
                                        'YRD',
                                        'PPN',
                                        '1230929.7550',
                                        '0',
                                        '1230929.7550',
                                        '1',
                                        '11',
                                        '100'                                        
                                        )

[18:00:52] insert into dhl_cs_tpb_entitas values (
                                        '5858256493',
                                        '2023-12-06',
                                        'JL LANUD SUKANI BUNTU LIGUNG KAB MAJALENGKA JAWA BARAT 45456',
                                        '3',
                                        '',
                                        '5',
                                        '',
                                        'PT SHOETOWN LIGUNG INDONESIA',
                                        '8120002981383',
                                        '769849761451000',
                                        'KEP-602/WBC.09/2018',
                                        '',
                                        '1',
                                        '1900-01-01')

[18:00:52] insert into dhl_cs_tpb_entitas values (
                                        '5858256493',
                                        '2023-12-06',
                                        'ZHANGLU RD. 202,. AC CHANGHUA,CHANGHUA CITY TAIWAN TAIWAN',
                                        '5',
                                        '',
                                        '',
                                        '',
                                        'YUAN LING',
                                        '',
                                        '',
                                        '',
                                        'TW',
                                        '2',
                                        '')

[18:00:52] insert into dhl_cs_tpb_entitas values (
                                        '5858256493',
                                        '2023-12-06',
                                        'JL LANUD SUKANI BUNTU LIGUNG KAB MAJALENGKA JAWA BARAT 45456',
                                        '7',
                                        '7',
                                        '5',
                                        '5',
                                        'PT SHOETOWN LIGUNG INDONESIA',
                                        '',
                                        '769849761451000',
                                        'KEP-602/WBC.09/2018',
                                        '',
                                        '3',
                                        '1900-01-01')

[18:00:52] insert into dhl_cs_tpb_entitas values (
                                        '5858256493',
                                        '2023-12-06',
                                        'MULIA BUSINESS PARK BUILDING F JL. MT. HARYONO KAV 58-60, JAKARTA',
                                        '4',
                                        '',
                                        '5',
                                        '1',
                                        'PT. BIROTIKA SEMESTA',
                                        '',
                                        '013107743062000',
                                        '',
                                        '',
                                        '4',
                                        '')

[18:00:52] insert into dhl_cs_tpb_kemasan values (
                                        '5858256493',
                                        '2023-12-06',
                                        '4',
                                        'PK',
                                        '1',
                                        'DHL'
                                        )

[18:00:52] insert into dhl_cs_tpb_pengangkut values (
                                        '5858256493', '2023-12-06',
                                        'MY',
                                        'Raya Airways',
                                        'TH1021',
                                        '4',
                                        '1'
                                        )

[18:10:34] Clean data dokumen HAWB : 5858256493 Complete.. [Complete Draft TPB]
[18:10:35] Complete data dokumen HAWB : 5858256493 Complete.. [Complete Draft TPB]
[18:10:35] Query data header HAWB : 5858256493 Not Found.. `CHECK TABLE DETIL COLUMN NOHOSTBLAWB & NOMASTERBLAWB` [Complete Draft TPB]
[18:11:05] Clean data dokumen HAWB : 5858256493 Complete.. [Complete Draft TPB]
[18:11:06] Complete data dokumen HAWB : 5858256493 Complete.. [Complete Draft TPB]
[18:11:36] Query data header HAWB : 5858256493 Not Found.. `CHECK TABLE DETIL COLUMN NOHOSTBLAWB & NOMASTERBLAWB` [Complete Draft TPB]
[18:12:50] Clean data dokumen HAWB : 5858256493 Complete.. [Complete Draft TPB]
[18:12:51] Complete data dokumen HAWB : 5858256493 Complete.. [Complete Draft TPB]
[18:12:51] Complete data header HAWB : 5858256493 Complete.. [Complete Draft TPB]
