[13:23:08] LOAD DATA BARANG '8454643094' : 10 Rows..
[13:23:21] LOAD DATA HEADER '8454643094' : 1 Rows..
[13:23:21] LOAD DATA TARIF '8454643094' : 10 Rows..
[13:23:21] LOAD DATA ENTITAS '8454643094' : 1 Rows..
[13:23:21] LOAD DATA KEMASAN '8454643094' : 1 Rows..
[13:23:22] LOAD DATA PENGANGKUT '8454643094' : 1 Rows..
[13:23:59] row item excel ke-2, column ke-0
[13:23:59] row item excel ke-2, column ke-1
[13:23:59] row item excel ke-2, column ke-2
[13:23:59] row item excel ke-2, column ke-3
[13:23:59] row item excel ke-2, column ke-4
[13:23:59] row item excel ke-2, column ke-5
[13:23:59] row item excel ke-2, column ke-6
[13:23:59] row item excel ke-2, column ke-7
[13:23:59] row item excel ke-2, column ke-8
[13:23:59] row item excel ke-2, column ke-9
[13:23:59] row item excel ke-2, column ke-10
[13:23:59] row item excel ke-2, column ke-11
[13:23:59] row item excel ke-2, column ke-12
[13:23:59] row item excel ke-2, column ke-13
[13:23:59] row item excel ke-2, column ke-14
[13:23:59] row item excel ke-2, column ke-15
[13:23:59] row item excel ke-2, column ke-16
[13:23:59] row item excel ke-2, column ke-17
[13:23:59] row item excel ke-2, column ke-18
[13:23:59] row item excel ke-2, column ke-19
[13:23:59] row item excel ke-2, column ke-20
[13:23:59] row item excel ke-2, column ke-21
[13:23:59] row item excel ke-2, column ke-22
[13:23:59] row item excel ke-2, column ke-23
[13:23:59] row item excel ke-2, column ke-24
[13:23:59] row item excel ke-2, column ke-25
[13:23:59] row item excel ke-2, column ke-26
[13:23:59] row item excel ke-3, column ke-0
[13:23:59] row item excel ke-3, column ke-1
[13:23:59] row item excel ke-3, column ke-2
[13:23:59] row item excel ke-3, column ke-3
[13:23:59] row item excel ke-3, column ke-4
[13:23:59] row item excel ke-3, column ke-5
[13:23:59] row item excel ke-3, column ke-6
[13:23:59] row item excel ke-3, column ke-7
[13:23:59] row item excel ke-3, column ke-8
[13:23:59] row item excel ke-3, column ke-9
[13:23:59] row item excel ke-3, column ke-10
[13:23:59] row item excel ke-3, column ke-11
[13:23:59] row item excel ke-3, column ke-12
[13:23:59] row item excel ke-3, column ke-13
[13:23:59] row item excel ke-3, column ke-14
[13:23:59] row item excel ke-3, column ke-15
[13:23:59] row item excel ke-3, column ke-16
[13:23:59] row item excel ke-3, column ke-17
[13:23:59] row item excel ke-3, column ke-18
[13:23:59] row item excel ke-3, column ke-19
[13:23:59] row item excel ke-3, column ke-20
[13:23:59] row item excel ke-3, column ke-21
[13:23:59] row item excel ke-3, column ke-22
[13:23:59] row item excel ke-3, column ke-23
[13:23:59] row item excel ke-3, column ke-24
[13:23:59] row item excel ke-3, column ke-25
[13:23:59] row item excel ke-3, column ke-26
[13:23:59] row item excel ke-4, column ke-0
[13:23:59] row item excel ke-4, column ke-1
[13:23:59] row item excel ke-4, column ke-2
[13:23:59] row item excel ke-4, column ke-3
[13:23:59] row item excel ke-4, column ke-4
[13:23:59] row item excel ke-4, column ke-5
[13:23:59] row item excel ke-4, column ke-6
[13:23:59] row item excel ke-4, column ke-7
[13:23:59] row item excel ke-4, column ke-8
[13:23:59] row item excel ke-4, column ke-9
[13:23:59] row item excel ke-4, column ke-10
[13:23:59] row item excel ke-4, column ke-11
[13:23:59] row item excel ke-4, column ke-12
[13:23:59] row item excel ke-4, column ke-13
[13:23:59] row item excel ke-4, column ke-14
[13:23:59] row item excel ke-4, column ke-15
[13:23:59] row item excel ke-4, column ke-16
[13:23:59] row item excel ke-4, column ke-17
[13:23:59] row item excel ke-4, column ke-18
[13:23:59] row item excel ke-4, column ke-19
[13:23:59] row item excel ke-4, column ke-20
[13:23:59] row item excel ke-4, column ke-21
[13:23:59] row item excel ke-4, column ke-22
[13:23:59] row item excel ke-4, column ke-23
[13:23:59] row item excel ke-4, column ke-24
[13:23:59] row item excel ke-4, column ke-25
[13:23:59] row item excel ke-4, column ke-26
[13:23:59] row item excel ke-5, column ke-0
[13:23:59] row item excel ke-5, column ke-1
[13:23:59] row item excel ke-5, column ke-2
[13:23:59] row item excel ke-5, column ke-3
[13:23:59] row item excel ke-5, column ke-4
[13:23:59] row item excel ke-5, column ke-5
[13:23:59] row item excel ke-5, column ke-6
[13:23:59] row item excel ke-5, column ke-7
[13:23:59] row item excel ke-5, column ke-8
[13:23:59] row item excel ke-5, column ke-9
[13:23:59] row item excel ke-5, column ke-10
[13:23:59] row item excel ke-5, column ke-11
[13:23:59] row item excel ke-5, column ke-12
[13:23:59] row item excel ke-5, column ke-13
[13:23:59] row item excel ke-5, column ke-14
[13:23:59] row item excel ke-5, column ke-15
[13:23:59] row item excel ke-5, column ke-16
[13:23:59] row item excel ke-5, column ke-17
[13:23:59] row item excel ke-5, column ke-18
[13:23:59] row item excel ke-5, column ke-19
[13:23:59] row item excel ke-5, column ke-20
[13:23:59] row item excel ke-5, column ke-21
[13:23:59] row item excel ke-5, column ke-22
[13:23:59] row item excel ke-5, column ke-23
[13:23:59] row item excel ke-5, column ke-24
[13:23:59] row item excel ke-5, column ke-25
[13:23:59] row item excel ke-5, column ke-26
[13:23:59] row item excel ke-6, column ke-0
[13:23:59] row item excel ke-6, column ke-1
[13:23:59] row item excel ke-6, column ke-2
[13:23:59] row item excel ke-6, column ke-3
[13:23:59] row item excel ke-6, column ke-4
[13:23:59] row item excel ke-6, column ke-5
[13:23:59] row item excel ke-6, column ke-6
[13:23:59] row item excel ke-6, column ke-7
[13:23:59] row item excel ke-6, column ke-8
[13:23:59] row item excel ke-6, column ke-9
[13:23:59] row item excel ke-6, column ke-10
[13:23:59] row item excel ke-6, column ke-11
[13:23:59] row item excel ke-6, column ke-12
[13:23:59] row item excel ke-6, column ke-13
[13:23:59] row item excel ke-6, column ke-14
[13:23:59] row item excel ke-6, column ke-15
[13:23:59] row item excel ke-6, column ke-16
[13:23:59] row item excel ke-6, column ke-17
[13:23:59] row item excel ke-6, column ke-18
[13:23:59] row item excel ke-6, column ke-19
[13:23:59] row item excel ke-6, column ke-20
[13:23:59] row item excel ke-6, column ke-21
[13:23:59] row item excel ke-6, column ke-22
[13:23:59] row item excel ke-6, column ke-23
[13:23:59] row item excel ke-6, column ke-24
[13:23:59] row item excel ke-6, column ke-25
[13:23:59] row item excel ke-6, column ke-26
[13:23:59] row item excel ke-7, column ke-0
[13:23:59] row item excel ke-7, column ke-1
[13:23:59] row item excel ke-7, column ke-2
[13:23:59] row item excel ke-7, column ke-3
[13:23:59] row item excel ke-7, column ke-4
[13:23:59] row item excel ke-7, column ke-5
[13:23:59] row item excel ke-7, column ke-6
[13:23:59] row item excel ke-7, column ke-7
[13:23:59] row item excel ke-7, column ke-8
[13:23:59] row item excel ke-7, column ke-9
[13:23:59] row item excel ke-7, column ke-10
[13:23:59] row item excel ke-7, column ke-11
[13:23:59] row item excel ke-7, column ke-12
[13:23:59] row item excel ke-7, column ke-13
[13:23:59] row item excel ke-7, column ke-14
[13:23:59] row item excel ke-7, column ke-15
[13:23:59] row item excel ke-7, column ke-16
[13:23:59] row item excel ke-7, column ke-17
[13:23:59] row item excel ke-7, column ke-18
[13:23:59] row item excel ke-7, column ke-19
[13:23:59] row item excel ke-7, column ke-20
[13:23:59] row item excel ke-7, column ke-21
[13:23:59] row item excel ke-7, column ke-22
[13:23:59] row item excel ke-7, column ke-23
[13:23:59] row item excel ke-7, column ke-24
[13:23:59] row item excel ke-7, column ke-25
[13:23:59] row item excel ke-7, column ke-26
[13:23:59] row item excel ke-8, column ke-0
[13:23:59] row item excel ke-8, column ke-1
[13:23:59] row item excel ke-8, column ke-2
[13:23:59] row item excel ke-8, column ke-3
[13:23:59] row item excel ke-8, column ke-4
[13:23:59] row item excel ke-8, column ke-5
[13:23:59] row item excel ke-8, column ke-6
[13:23:59] row item excel ke-8, column ke-7
[13:23:59] row item excel ke-8, column ke-8
[13:23:59] row item excel ke-8, column ke-9
[13:23:59] row item excel ke-8, column ke-10
[13:23:59] row item excel ke-8, column ke-11
[13:23:59] row item excel ke-8, column ke-12
[13:23:59] row item excel ke-8, column ke-13
[13:23:59] row item excel ke-8, column ke-14
[13:23:59] row item excel ke-8, column ke-15
[13:23:59] row item excel ke-8, column ke-16
[13:23:59] row item excel ke-8, column ke-17
[13:23:59] row item excel ke-8, column ke-18
[13:23:59] row item excel ke-8, column ke-19
[13:23:59] row item excel ke-8, column ke-20
[13:23:59] row item excel ke-8, column ke-21
[13:23:59] row item excel ke-8, column ke-22
[13:23:59] row item excel ke-8, column ke-23
[13:23:59] row item excel ke-8, column ke-24
[13:23:59] row item excel ke-8, column ke-25
[13:23:59] row item excel ke-8, column ke-26
[13:23:59] row item excel ke-9, column ke-0
[13:23:59] row item excel ke-9, column ke-1
[13:23:59] row item excel ke-9, column ke-2
[13:23:59] row item excel ke-9, column ke-3
[13:23:59] row item excel ke-9, column ke-4
[13:23:59] row item excel ke-9, column ke-5
[13:23:59] row item excel ke-9, column ke-6
[13:23:59] row item excel ke-9, column ke-7
[13:23:59] row item excel ke-9, column ke-8
[13:23:59] row item excel ke-9, column ke-9
[13:23:59] row item excel ke-9, column ke-10
[13:23:59] row item excel ke-9, column ke-11
[13:23:59] row item excel ke-9, column ke-12
[13:23:59] row item excel ke-9, column ke-13
[13:23:59] row item excel ke-9, column ke-14
[13:23:59] row item excel ke-9, column ke-15
[13:23:59] row item excel ke-9, column ke-16
[13:23:59] row item excel ke-9, column ke-17
[13:23:59] row item excel ke-9, column ke-18
[13:23:59] row item excel ke-9, column ke-19
[13:23:59] row item excel ke-9, column ke-20
[13:23:59] row item excel ke-9, column ke-21
[13:23:59] row item excel ke-9, column ke-22
[13:23:59] row item excel ke-9, column ke-23
[13:23:59] row item excel ke-9, column ke-24
[13:23:59] row item excel ke-9, column ke-25
[13:23:59] row item excel ke-9, column ke-26
[13:23:59] row item excel ke-10, column ke-0
[13:23:59] row item excel ke-10, column ke-1
[13:23:59] row item excel ke-10, column ke-2
[13:23:59] row item excel ke-10, column ke-3
[13:23:59] row item excel ke-10, column ke-4
[13:23:59] row item excel ke-10, column ke-5
[13:23:59] row item excel ke-10, column ke-6
[13:23:59] row item excel ke-10, column ke-7
[13:23:59] row item excel ke-10, column ke-8
[13:23:59] row item excel ke-10, column ke-9
[13:23:59] row item excel ke-10, column ke-10
[13:23:59] row item excel ke-10, column ke-11
[13:23:59] row item excel ke-10, column ke-12
[13:23:59] row item excel ke-10, column ke-13
[13:23:59] row item excel ke-10, column ke-14
[13:23:59] row item excel ke-10, column ke-15
[13:23:59] row item excel ke-10, column ke-16
[13:23:59] row item excel ke-10, column ke-17
[13:23:59] row item excel ke-10, column ke-18
[13:23:59] row item excel ke-10, column ke-19
[13:23:59] row item excel ke-10, column ke-20
[13:23:59] row item excel ke-10, column ke-21
[13:23:59] row item excel ke-10, column ke-22
[13:23:59] row item excel ke-10, column ke-23
[13:23:59] row item excel ke-10, column ke-24
[13:23:59] row item excel ke-10, column ke-25
[13:23:59] row item excel ke-10, column ke-26
[13:23:59] row item excel ke-11, column ke-0
[13:23:59] row item excel ke-11, column ke-1
[13:23:59] row item excel ke-11, column ke-2
[13:23:59] row item excel ke-11, column ke-3
[13:23:59] row item excel ke-11, column ke-4
[13:23:59] row item excel ke-11, column ke-5
[13:23:59] row item excel ke-11, column ke-6
[13:23:59] row item excel ke-11, column ke-7
[13:23:59] row item excel ke-11, column ke-8
[13:23:59] row item excel ke-11, column ke-9
[13:23:59] row item excel ke-11, column ke-10
[13:23:59] row item excel ke-11, column ke-11
[13:23:59] row item excel ke-11, column ke-12
[13:23:59] row item excel ke-11, column ke-13
[13:23:59] row item excel ke-11, column ke-14
[13:23:59] row item excel ke-11, column ke-15
[13:23:59] row item excel ke-11, column ke-16
[13:23:59] row item excel ke-11, column ke-17
[13:23:59] row item excel ke-11, column ke-18
[13:23:59] row item excel ke-11, column ke-19
[13:23:59] row item excel ke-11, column ke-20
[13:23:59] row item excel ke-11, column ke-21
[13:23:59] row item excel ke-11, column ke-22
[13:23:59] row item excel ke-11, column ke-23
[13:23:59] row item excel ke-11, column ke-24
[13:23:59] row item excel ke-11, column ke-25
[13:23:59] row item excel ke-11, column ke-26
[13:23:59] row item excel ke-12, column ke-0
[13:23:59] row item excel ke-12, column ke-1
[13:23:59] row item excel ke-12, column ke-2
[13:23:59] row item excel ke-12, column ke-3
[13:23:59] row item excel ke-12, column ke-4
[13:23:59] row item excel ke-12, column ke-5
[13:23:59] row item excel ke-12, column ke-6
[13:23:59] row item excel ke-12, column ke-7
[13:23:59] row item excel ke-12, column ke-8
[13:23:59] row item excel ke-12, column ke-9
[13:23:59] row item excel ke-12, column ke-10
[13:23:59] row item excel ke-12, column ke-11
[13:23:59] row item excel ke-12, column ke-12
[13:23:59] row item excel ke-12, column ke-13
[13:23:59] row item excel ke-12, column ke-14
[13:23:59] row item excel ke-12, column ke-15
[13:23:59] row item excel ke-12, column ke-16
[13:23:59] row item excel ke-12, column ke-17
[13:23:59] row item excel ke-12, column ke-18
[13:23:59] row item excel ke-12, column ke-19
[13:23:59] row item excel ke-12, column ke-20
[13:23:59] row item excel ke-12, column ke-21
[13:23:59] row item excel ke-12, column ke-22
[13:23:59] row item excel ke-12, column ke-23
[13:23:59] row item excel ke-12, column ke-24
[13:23:59] row item excel ke-12, column ke-25
[13:23:59] row item excel ke-12, column ke-26
[13:23:59] row item excel ke-13, column ke-0
[13:23:59] row item excel ke-13, column ke-1
[13:23:59] row item excel ke-13, column ke-2
[13:23:59] row item excel ke-13, column ke-3
[13:23:59] row item excel ke-13, column ke-4
[13:23:59] row item excel ke-13, column ke-5
[13:23:59] row item excel ke-13, column ke-6
[13:23:59] row item excel ke-13, column ke-7
[13:23:59] row item excel ke-13, column ke-8
[13:23:59] row item excel ke-13, column ke-9
[13:23:59] row item excel ke-13, column ke-10
[13:23:59] row item excel ke-13, column ke-11
[13:23:59] row item excel ke-13, column ke-12
[13:23:59] row item excel ke-13, column ke-13
[13:23:59] row item excel ke-13, column ke-14
[13:23:59] row item excel ke-13, column ke-15
[13:23:59] row item excel ke-13, column ke-16
[13:23:59] row item excel ke-13, column ke-17
[13:23:59] row item excel ke-13, column ke-18
[13:23:59] row item excel ke-13, column ke-19
[13:23:59] row item excel ke-13, column ke-20
[13:23:59] row item excel ke-13, column ke-21
[13:23:59] row item excel ke-13, column ke-22
[13:23:59] row item excel ke-13, column ke-23
[13:23:59] row item excel ke-13, column ke-24
[13:23:59] row item excel ke-13, column ke-25
[13:23:59] row item excel ke-13, column ke-26
[13:23:59] row item excel ke-14, column ke-0
[13:23:59] row item excel ke-14, column ke-1
[13:23:59] row item excel ke-14, column ke-2
[13:23:59] row item excel ke-14, column ke-3
[13:23:59] row item excel ke-14, column ke-4
[13:23:59] row item excel ke-14, column ke-5
[13:23:59] row item excel ke-14, column ke-6
[13:23:59] row item excel ke-14, column ke-7
[13:23:59] row item excel ke-14, column ke-8
[13:23:59] row item excel ke-14, column ke-9
[13:23:59] row item excel ke-14, column ke-10
[13:23:59] row item excel ke-14, column ke-11
[13:23:59] row item excel ke-14, column ke-12
[13:23:59] row item excel ke-14, column ke-13
[13:23:59] row item excel ke-14, column ke-14
[13:23:59] row item excel ke-14, column ke-15
[13:23:59] row item excel ke-14, column ke-16
[13:23:59] row item excel ke-14, column ke-17
[13:23:59] row item excel ke-14, column ke-18
[13:23:59] row item excel ke-14, column ke-19
[13:23:59] row item excel ke-14, column ke-20
[13:23:59] row item excel ke-14, column ke-21
[13:23:59] row item excel ke-14, column ke-22
[13:23:59] row item excel ke-14, column ke-23
[13:23:59] row item excel ke-14, column ke-24
[13:23:59] row item excel ke-14, column ke-25
[13:23:59] row item excel ke-14, column ke-26
[13:23:59] row item excel ke-15, column ke-0
[13:23:59] row item excel ke-15, column ke-1
[13:23:59] row item excel ke-15, column ke-2
[13:23:59] row item excel ke-15, column ke-3
[13:23:59] row item excel ke-15, column ke-4
[13:23:59] row item excel ke-15, column ke-5
[13:23:59] row item excel ke-15, column ke-6
[13:23:59] row item excel ke-15, column ke-7
[13:23:59] row item excel ke-15, column ke-8
[13:23:59] row item excel ke-15, column ke-9
[13:23:59] row item excel ke-15, column ke-10
[13:23:59] row item excel ke-15, column ke-11
[13:23:59] row item excel ke-15, column ke-12
[13:23:59] row item excel ke-15, column ke-13
[13:23:59] row item excel ke-15, column ke-14
[13:23:59] row item excel ke-15, column ke-15
[13:23:59] row item excel ke-15, column ke-16
[13:23:59] row item excel ke-15, column ke-17
[13:23:59] row item excel ke-15, column ke-18
[13:23:59] row item excel ke-15, column ke-19
[13:23:59] row item excel ke-15, column ke-20
[13:23:59] row item excel ke-15, column ke-21
[13:23:59] row item excel ke-15, column ke-22
[13:23:59] row item excel ke-15, column ke-23
[13:23:59] row item excel ke-15, column ke-24
[13:23:59] row item excel ke-15, column ke-25
[13:23:59] row item excel ke-15, column ke-26
[13:23:59] row item excel ke-16, column ke-0
[13:23:59] row item excel ke-16, column ke-1
[13:23:59] row item excel ke-16, column ke-2
[13:23:59] row item excel ke-16, column ke-3
[13:23:59] row item excel ke-16, column ke-4
[13:23:59] row item excel ke-16, column ke-5
[13:23:59] row item excel ke-16, column ke-6
[13:23:59] row item excel ke-16, column ke-7
[13:23:59] row item excel ke-16, column ke-8
[13:23:59] row item excel ke-16, column ke-9
[13:23:59] row item excel ke-16, column ke-10
[13:23:59] row item excel ke-16, column ke-11
[13:23:59] row item excel ke-16, column ke-12
[13:23:59] row item excel ke-16, column ke-13
[13:23:59] row item excel ke-16, column ke-14
[13:23:59] row item excel ke-16, column ke-15
[13:23:59] row item excel ke-16, column ke-16
[13:23:59] row item excel ke-16, column ke-17
[13:23:59] row item excel ke-16, column ke-18
[13:23:59] row item excel ke-16, column ke-19
[13:23:59] row item excel ke-16, column ke-20
[13:23:59] row item excel ke-16, column ke-21
[13:23:59] row item excel ke-16, column ke-22
[13:23:59] row item excel ke-16, column ke-23
[13:23:59] row item excel ke-16, column ke-24
[13:23:59] row item excel ke-16, column ke-25
[13:23:59] row item excel ke-16, column ke-26
[13:23:59] row item excel ke-17, column ke-0
[13:23:59] row item excel ke-17, column ke-1
[13:23:59] row item excel ke-17, column ke-2
[13:23:59] row item excel ke-17, column ke-3
[13:23:59] row item excel ke-17, column ke-4
[13:23:59] row item excel ke-17, column ke-5
[13:23:59] row item excel ke-17, column ke-6
[13:23:59] row item excel ke-17, column ke-7
[13:23:59] row item excel ke-17, column ke-8
[13:23:59] row item excel ke-17, column ke-9
[13:23:59] row item excel ke-17, column ke-10
[13:23:59] row item excel ke-17, column ke-11
[13:23:59] row item excel ke-17, column ke-12
[13:23:59] row item excel ke-17, column ke-13
[13:23:59] row item excel ke-17, column ke-14
[13:23:59] row item excel ke-17, column ke-15
[13:23:59] row item excel ke-17, column ke-16
[13:23:59] row item excel ke-17, column ke-17
[13:23:59] row item excel ke-17, column ke-18
[13:23:59] row item excel ke-17, column ke-19
[13:23:59] row item excel ke-17, column ke-20
[13:23:59] row item excel ke-17, column ke-21
[13:23:59] row item excel ke-17, column ke-22
[13:23:59] row item excel ke-17, column ke-23
[13:23:59] row item excel ke-17, column ke-24
[13:23:59] row item excel ke-17, column ke-25
[13:23:59] row item excel ke-17, column ke-26
[13:23:59] row item excel ke-18, column ke-0
[13:23:59] row item excel ke-18, column ke-1
[13:23:59] row item excel ke-18, column ke-2
[13:23:59] row item excel ke-18, column ke-3
[13:23:59] row item excel ke-18, column ke-4
[13:23:59] row item excel ke-18, column ke-5
[13:23:59] row item excel ke-18, column ke-6
[13:23:59] row item excel ke-18, column ke-7
[13:23:59] row item excel ke-18, column ke-8
[13:23:59] row item excel ke-18, column ke-9
[13:23:59] row item excel ke-18, column ke-10
[13:23:59] row item excel ke-18, column ke-11
[13:23:59] row item excel ke-18, column ke-12
[13:23:59] row item excel ke-18, column ke-13
[13:23:59] row item excel ke-18, column ke-14
[13:23:59] row item excel ke-18, column ke-15
[13:23:59] row item excel ke-18, column ke-16
[13:23:59] row item excel ke-18, column ke-17
[13:23:59] row item excel ke-18, column ke-18
[13:23:59] row item excel ke-18, column ke-19
[13:23:59] row item excel ke-18, column ke-20
[13:23:59] row item excel ke-18, column ke-21
[13:23:59] row item excel ke-18, column ke-22
[13:23:59] row item excel ke-18, column ke-23
[13:23:59] row item excel ke-18, column ke-24
[13:23:59] row item excel ke-18, column ke-25
[13:23:59] row item excel ke-18, column ke-26
[13:23:59] row item excel ke-19, column ke-0
[13:23:59] row item excel ke-19, column ke-1
[13:23:59] row item excel ke-19, column ke-2
[13:23:59] row item excel ke-19, column ke-3
[13:23:59] row item excel ke-19, column ke-4
[13:23:59] row item excel ke-19, column ke-5
[13:23:59] row item excel ke-19, column ke-6
[13:23:59] row item excel ke-19, column ke-7
[13:23:59] row item excel ke-19, column ke-8
[13:23:59] row item excel ke-19, column ke-9
[13:23:59] row item excel ke-19, column ke-10
[13:23:59] row item excel ke-19, column ke-11
[13:23:59] row item excel ke-19, column ke-12
[13:23:59] row item excel ke-19, column ke-13
[13:23:59] row item excel ke-19, column ke-14
[13:23:59] row item excel ke-19, column ke-15
[13:23:59] row item excel ke-19, column ke-16
[13:23:59] row item excel ke-19, column ke-17
[13:23:59] row item excel ke-19, column ke-18
[13:23:59] row item excel ke-19, column ke-19
[13:23:59] row item excel ke-19, column ke-20
[13:23:59] row item excel ke-19, column ke-21
[13:23:59] row item excel ke-19, column ke-22
[13:23:59] row item excel ke-19, column ke-23
[13:23:59] row item excel ke-19, column ke-24
[13:23:59] row item excel ke-19, column ke-25
[13:23:59] row item excel ke-19, column ke-26
[13:23:59] row item excel ke-20, column ke-0
[13:23:59] row item excel ke-20, column ke-1
[13:23:59] row item excel ke-20, column ke-2
[13:23:59] row item excel ke-20, column ke-3
[13:23:59] row item excel ke-20, column ke-4
[13:23:59] row item excel ke-20, column ke-5
[13:23:59] row item excel ke-20, column ke-6
[13:23:59] row item excel ke-20, column ke-7
[13:23:59] row item excel ke-20, column ke-8
[13:23:59] row item excel ke-20, column ke-9
[13:23:59] row item excel ke-20, column ke-10
[13:23:59] row item excel ke-20, column ke-11
[13:23:59] row item excel ke-20, column ke-12
[13:23:59] row item excel ke-20, column ke-13
[13:23:59] row item excel ke-20, column ke-14
[13:23:59] row item excel ke-20, column ke-15
[13:23:59] row item excel ke-20, column ke-16
[13:23:59] row item excel ke-20, column ke-17
[13:23:59] row item excel ke-20, column ke-18
[13:23:59] row item excel ke-20, column ke-19
[13:23:59] row item excel ke-20, column ke-20
[13:23:59] row item excel ke-20, column ke-21
[13:23:59] row item excel ke-20, column ke-22
[13:23:59] row item excel ke-20, column ke-23
[13:23:59] row item excel ke-20, column ke-24
[13:23:59] row item excel ke-20, column ke-25
[13:23:59] row item excel ke-20, column ke-26
[13:23:59] row item excel ke-21, column ke-0
[13:23:59] row item excel ke-21, column ke-1
[13:23:59] row item excel ke-21, column ke-2
[13:23:59] row item excel ke-21, column ke-3
[13:23:59] row item excel ke-21, column ke-4
[13:23:59] row item excel ke-21, column ke-5
[13:23:59] row item excel ke-21, column ke-6
[13:23:59] row item excel ke-21, column ke-7
[13:23:59] row item excel ke-21, column ke-8
[13:23:59] row item excel ke-21, column ke-9
[13:23:59] row item excel ke-21, column ke-10
[13:23:59] row item excel ke-21, column ke-11
[13:23:59] row item excel ke-21, column ke-12
[13:23:59] row item excel ke-21, column ke-13
[13:23:59] row item excel ke-21, column ke-14
[13:23:59] row item excel ke-21, column ke-15
[13:23:59] row item excel ke-21, column ke-16
[13:23:59] row item excel ke-21, column ke-17
[13:23:59] row item excel ke-21, column ke-18
[13:23:59] row item excel ke-21, column ke-19
[13:23:59] row item excel ke-21, column ke-20
[13:23:59] row item excel ke-21, column ke-21
[13:23:59] row item excel ke-21, column ke-22
[13:23:59] row item excel ke-21, column ke-23
[13:23:59] row item excel ke-21, column ke-24
[13:23:59] row item excel ke-21, column ke-25
[13:23:59] row item excel ke-21, column ke-26
[13:25:26] row item excel ke-2, column ke-0
[13:25:26] row item excel ke-2, column ke-1
[13:25:26] row item excel ke-2, column ke-2
[13:25:26] row item excel ke-2, column ke-3
[13:25:26] row item excel ke-2, column ke-4
[13:25:26] row item excel ke-2, column ke-5
[13:25:26] row item excel ke-2, column ke-6
[13:25:26] row item excel ke-2, column ke-7
[13:25:26] row item excel ke-2, column ke-8
[13:25:26] row item excel ke-2, column ke-9
[13:25:26] row item excel ke-2, column ke-10
[13:25:26] row item excel ke-2, column ke-11
[13:25:26] row item excel ke-2, column ke-12
[13:25:26] row item excel ke-2, column ke-13
[13:25:26] row item excel ke-2, column ke-14
[13:25:26] row item excel ke-2, column ke-15
[13:25:26] row item excel ke-2, column ke-16
[13:25:26] row item excel ke-2, column ke-17
[13:25:26] row item excel ke-2, column ke-18
[13:25:26] row item excel ke-2, column ke-19
[13:25:26] row item excel ke-2, column ke-20
[13:25:26] row item excel ke-2, column ke-21
[13:25:26] row item excel ke-2, column ke-22
[13:25:26] row item excel ke-2, column ke-23
[13:25:26] row item excel ke-2, column ke-24
[13:25:26] row item excel ke-2, column ke-25
[13:25:26] row item excel ke-2, column ke-26
[13:25:26] row item excel ke-3, column ke-0
[13:25:26] row item excel ke-3, column ke-1
[13:25:26] row item excel ke-3, column ke-2
[13:25:26] row item excel ke-3, column ke-3
[13:25:26] row item excel ke-3, column ke-4
[13:25:26] row item excel ke-3, column ke-5
[13:25:26] row item excel ke-3, column ke-6
[13:25:26] row item excel ke-3, column ke-7
[13:25:26] row item excel ke-3, column ke-8
[13:25:26] row item excel ke-3, column ke-9
[13:25:26] row item excel ke-3, column ke-10
[13:25:26] row item excel ke-3, column ke-11
[13:25:26] row item excel ke-3, column ke-12
[13:25:26] row item excel ke-3, column ke-13
[13:25:26] row item excel ke-3, column ke-14
[13:25:26] row item excel ke-3, column ke-15
[13:25:26] row item excel ke-3, column ke-16
[13:25:26] row item excel ke-3, column ke-17
[13:25:26] row item excel ke-3, column ke-18
[13:25:26] row item excel ke-3, column ke-19
[13:25:26] row item excel ke-3, column ke-20
[13:25:26] row item excel ke-3, column ke-21
[13:25:26] row item excel ke-3, column ke-22
[13:25:26] row item excel ke-3, column ke-23
[13:25:26] row item excel ke-3, column ke-24
[13:25:26] row item excel ke-3, column ke-25
[13:25:26] row item excel ke-3, column ke-26
[13:25:26] row item excel ke-4, column ke-0
[13:25:26] row item excel ke-4, column ke-1
[13:25:26] row item excel ke-4, column ke-2
[13:25:26] row item excel ke-4, column ke-3
[13:25:26] row item excel ke-4, column ke-4
[13:25:26] row item excel ke-4, column ke-5
[13:25:26] row item excel ke-4, column ke-6
[13:25:26] row item excel ke-4, column ke-7
[13:25:26] row item excel ke-4, column ke-8
[13:25:26] row item excel ke-4, column ke-9
[13:25:26] row item excel ke-4, column ke-10
[13:25:26] row item excel ke-4, column ke-11
[13:25:26] row item excel ke-4, column ke-12
[13:25:26] row item excel ke-4, column ke-13
[13:25:26] row item excel ke-4, column ke-14
[13:25:26] row item excel ke-4, column ke-15
[13:25:26] row item excel ke-4, column ke-16
[13:25:26] row item excel ke-4, column ke-17
[13:25:26] row item excel ke-4, column ke-18
[13:25:26] row item excel ke-4, column ke-19
[13:25:26] row item excel ke-4, column ke-20
[13:25:26] row item excel ke-4, column ke-21
[13:25:26] row item excel ke-4, column ke-22
[13:25:26] row item excel ke-4, column ke-23
[13:25:26] row item excel ke-4, column ke-24
[13:25:26] row item excel ke-4, column ke-25
[13:25:26] row item excel ke-4, column ke-26
[13:25:26] row item excel ke-5, column ke-0
[13:25:26] row item excel ke-5, column ke-1
[13:25:26] row item excel ke-5, column ke-2
[13:25:26] row item excel ke-5, column ke-3
[13:25:26] row item excel ke-5, column ke-4
[13:25:26] row item excel ke-5, column ke-5
[13:25:26] row item excel ke-5, column ke-6
[13:25:26] row item excel ke-5, column ke-7
[13:25:26] row item excel ke-5, column ke-8
[13:25:26] row item excel ke-5, column ke-9
[13:25:26] row item excel ke-5, column ke-10
[13:25:26] row item excel ke-5, column ke-11
[13:25:26] row item excel ke-5, column ke-12
[13:25:26] row item excel ke-5, column ke-13
[13:25:26] row item excel ke-5, column ke-14
[13:25:27] row item excel ke-5, column ke-15
[13:25:27] row item excel ke-5, column ke-16
[13:25:27] row item excel ke-5, column ke-17
[13:25:27] row item excel ke-5, column ke-18
[13:25:27] row item excel ke-5, column ke-19
[13:25:27] row item excel ke-5, column ke-20
[13:25:27] row item excel ke-5, column ke-21
[13:25:27] row item excel ke-5, column ke-22
[13:25:27] row item excel ke-5, column ke-23
[13:25:27] row item excel ke-5, column ke-24
[13:25:27] row item excel ke-5, column ke-25
[13:25:27] row item excel ke-5, column ke-26
[13:25:27] row item excel ke-6, column ke-0
[13:25:27] row item excel ke-6, column ke-1
[13:25:27] row item excel ke-6, column ke-2
[13:25:27] row item excel ke-6, column ke-3
[13:25:27] row item excel ke-6, column ke-4
[13:25:27] row item excel ke-6, column ke-5
[13:25:27] row item excel ke-6, column ke-6
[13:25:27] row item excel ke-6, column ke-7
[13:25:27] row item excel ke-6, column ke-8
[13:25:27] row item excel ke-6, column ke-9
[13:25:27] row item excel ke-6, column ke-10
[13:25:27] row item excel ke-6, column ke-11
[13:25:27] row item excel ke-6, column ke-12
[13:25:27] row item excel ke-6, column ke-13
[13:25:27] row item excel ke-6, column ke-14
[13:25:27] row item excel ke-6, column ke-15
[13:25:27] row item excel ke-6, column ke-16
[13:25:27] row item excel ke-6, column ke-17
[13:25:27] row item excel ke-6, column ke-18
[13:25:27] row item excel ke-6, column ke-19
[13:25:27] row item excel ke-6, column ke-20
[13:25:27] row item excel ke-6, column ke-21
[13:25:27] row item excel ke-6, column ke-22
[13:25:27] row item excel ke-6, column ke-23
[13:25:27] row item excel ke-6, column ke-24
[13:25:27] row item excel ke-6, column ke-25
[13:25:27] row item excel ke-6, column ke-26
[13:25:27] row item excel ke-7, column ke-0
[13:25:27] row item excel ke-7, column ke-1
[13:25:27] row item excel ke-7, column ke-2
[13:25:27] row item excel ke-7, column ke-3
[13:25:27] row item excel ke-7, column ke-4
[13:25:27] row item excel ke-7, column ke-5
[13:25:27] row item excel ke-7, column ke-6
[13:25:27] row item excel ke-7, column ke-7
[13:25:27] row item excel ke-7, column ke-8
[13:25:27] row item excel ke-7, column ke-9
[13:25:27] row item excel ke-7, column ke-10
[13:25:27] row item excel ke-7, column ke-11
[13:25:27] row item excel ke-7, column ke-12
[13:25:27] row item excel ke-7, column ke-13
[13:25:27] row item excel ke-7, column ke-14
[13:25:27] row item excel ke-7, column ke-15
[13:25:27] row item excel ke-7, column ke-16
[13:25:27] row item excel ke-7, column ke-17
[13:25:27] row item excel ke-7, column ke-18
[13:25:27] row item excel ke-7, column ke-19
[13:25:27] row item excel ke-7, column ke-20
[13:25:27] row item excel ke-7, column ke-21
[13:25:27] row item excel ke-7, column ke-22
[13:25:27] row item excel ke-7, column ke-23
[13:25:27] row item excel ke-7, column ke-24
[13:25:27] row item excel ke-7, column ke-25
[13:25:27] row item excel ke-7, column ke-26
[13:25:27] row item excel ke-8, column ke-0
[13:25:27] row item excel ke-8, column ke-1
[13:25:27] row item excel ke-8, column ke-2
[13:25:27] row item excel ke-8, column ke-3
[13:25:27] row item excel ke-8, column ke-4
[13:25:27] row item excel ke-8, column ke-5
[13:25:27] row item excel ke-8, column ke-6
[13:25:27] row item excel ke-8, column ke-7
[13:25:27] row item excel ke-8, column ke-8
[13:25:27] row item excel ke-8, column ke-9
[13:25:27] row item excel ke-8, column ke-10
[13:25:27] row item excel ke-8, column ke-11
[13:25:27] row item excel ke-8, column ke-12
[13:25:27] row item excel ke-8, column ke-13
[13:25:27] row item excel ke-8, column ke-14
[13:25:27] row item excel ke-8, column ke-15
[13:25:27] row item excel ke-8, column ke-16
[13:25:27] row item excel ke-8, column ke-17
[13:25:27] row item excel ke-8, column ke-18
[13:25:27] row item excel ke-8, column ke-19
[13:25:27] row item excel ke-8, column ke-20
[13:25:27] row item excel ke-8, column ke-21
[13:25:27] row item excel ke-8, column ke-22
[13:25:27] row item excel ke-8, column ke-23
[13:25:27] row item excel ke-8, column ke-24
[13:25:27] row item excel ke-8, column ke-25
[13:25:27] row item excel ke-8, column ke-26
[13:25:27] row item excel ke-9, column ke-0
[13:25:27] row item excel ke-9, column ke-1
[13:25:27] row item excel ke-9, column ke-2
[13:25:27] row item excel ke-9, column ke-3
[13:25:27] row item excel ke-9, column ke-4
[13:25:27] row item excel ke-9, column ke-5
[13:25:27] row item excel ke-9, column ke-6
[13:25:27] row item excel ke-9, column ke-7
[13:25:27] row item excel ke-9, column ke-8
[13:25:27] row item excel ke-9, column ke-9
[13:25:27] row item excel ke-9, column ke-10
[13:25:27] row item excel ke-9, column ke-11
[13:25:27] row item excel ke-9, column ke-12
[13:25:27] row item excel ke-9, column ke-13
[13:25:27] row item excel ke-9, column ke-14
[13:25:27] row item excel ke-9, column ke-15
[13:25:27] row item excel ke-9, column ke-16
[13:25:27] row item excel ke-9, column ke-17
[13:25:27] row item excel ke-9, column ke-18
[13:25:27] row item excel ke-9, column ke-19
[13:25:27] row item excel ke-9, column ke-20
[13:25:27] row item excel ke-9, column ke-21
[13:25:27] row item excel ke-9, column ke-22
[13:25:27] row item excel ke-9, column ke-23
[13:25:27] row item excel ke-9, column ke-24
[13:25:27] row item excel ke-9, column ke-25
[13:25:27] row item excel ke-9, column ke-26
[13:25:27] row item excel ke-10, column ke-0
[13:25:27] row item excel ke-10, column ke-1
[13:25:27] row item excel ke-10, column ke-2
[13:25:27] row item excel ke-10, column ke-3
[13:25:27] row item excel ke-10, column ke-4
[13:25:27] row item excel ke-10, column ke-5
[13:25:27] row item excel ke-10, column ke-6
[13:25:27] row item excel ke-10, column ke-7
[13:25:27] row item excel ke-10, column ke-8
[13:25:27] row item excel ke-10, column ke-9
[13:25:27] row item excel ke-10, column ke-10
[13:25:27] row item excel ke-10, column ke-11
[13:25:27] row item excel ke-10, column ke-12
[13:25:27] row item excel ke-10, column ke-13
[13:25:27] row item excel ke-10, column ke-14
[13:25:27] row item excel ke-10, column ke-15
[13:25:27] row item excel ke-10, column ke-16
[13:25:27] row item excel ke-10, column ke-17
[13:25:27] row item excel ke-10, column ke-18
[13:25:27] row item excel ke-10, column ke-19
[13:25:27] row item excel ke-10, column ke-20
[13:25:27] row item excel ke-10, column ke-21
[13:25:27] row item excel ke-10, column ke-22
[13:25:27] row item excel ke-10, column ke-23
[13:25:27] row item excel ke-10, column ke-24
[13:25:27] row item excel ke-10, column ke-25
[13:25:27] row item excel ke-10, column ke-26
[13:25:27] row item excel ke-11, column ke-0
[13:25:27] row item excel ke-11, column ke-1
[13:25:27] row item excel ke-11, column ke-2
[13:25:27] row item excel ke-11, column ke-3
[13:25:27] row item excel ke-11, column ke-4
[13:25:27] row item excel ke-11, column ke-5
[13:25:27] row item excel ke-11, column ke-6
[13:25:27] row item excel ke-11, column ke-7
[13:25:27] row item excel ke-11, column ke-8
[13:25:27] row item excel ke-11, column ke-9
[13:25:27] row item excel ke-11, column ke-10
[13:25:27] row item excel ke-11, column ke-11
[13:25:27] row item excel ke-11, column ke-12
[13:25:27] row item excel ke-11, column ke-13
[13:25:27] row item excel ke-11, column ke-14
[13:25:27] row item excel ke-11, column ke-15
[13:25:27] row item excel ke-11, column ke-16
[13:25:27] row item excel ke-11, column ke-17
[13:25:27] row item excel ke-11, column ke-18
[13:25:27] row item excel ke-11, column ke-19
[13:25:27] row item excel ke-11, column ke-20
[13:25:27] row item excel ke-11, column ke-21
[13:25:27] row item excel ke-11, column ke-22
[13:25:27] row item excel ke-11, column ke-23
[13:25:27] row item excel ke-11, column ke-24
[13:25:27] row item excel ke-11, column ke-25
[13:25:27] row item excel ke-11, column ke-26
[13:25:27] row item excel ke-12, column ke-0
[13:25:27] row item excel ke-12, column ke-1
[13:25:27] row item excel ke-12, column ke-2
[13:25:27] row item excel ke-12, column ke-3
[13:25:27] row item excel ke-12, column ke-4
[13:25:27] row item excel ke-12, column ke-5
[13:25:27] row item excel ke-12, column ke-6
[13:25:27] row item excel ke-12, column ke-7
[13:25:27] row item excel ke-12, column ke-8
[13:25:27] row item excel ke-12, column ke-9
[13:25:27] row item excel ke-12, column ke-10
[13:25:27] row item excel ke-12, column ke-11
[13:25:27] row item excel ke-12, column ke-12
[13:25:27] row item excel ke-12, column ke-13
[13:25:27] row item excel ke-12, column ke-14
[13:25:27] row item excel ke-12, column ke-15
[13:25:27] row item excel ke-12, column ke-16
[13:25:27] row item excel ke-12, column ke-17
[13:25:27] row item excel ke-12, column ke-18
[13:25:27] row item excel ke-12, column ke-19
[13:25:27] row item excel ke-12, column ke-20
[13:25:27] row item excel ke-12, column ke-21
[13:25:27] row item excel ke-12, column ke-22
[13:25:27] row item excel ke-12, column ke-23
[13:25:27] row item excel ke-12, column ke-24
[13:25:27] row item excel ke-12, column ke-25
[13:25:27] row item excel ke-12, column ke-26
[13:25:27] row item excel ke-13, column ke-0
[13:25:27] row item excel ke-13, column ke-1
[13:25:27] row item excel ke-13, column ke-2
[13:25:27] row item excel ke-13, column ke-3
[13:25:27] row item excel ke-13, column ke-4
[13:25:27] row item excel ke-13, column ke-5
[13:25:27] row item excel ke-13, column ke-6
[13:25:27] row item excel ke-13, column ke-7
[13:25:27] row item excel ke-13, column ke-8
[13:25:27] row item excel ke-13, column ke-9
[13:25:27] row item excel ke-13, column ke-10
[13:25:27] row item excel ke-13, column ke-11
[13:25:27] row item excel ke-13, column ke-12
[13:25:27] row item excel ke-13, column ke-13
[13:25:27] row item excel ke-13, column ke-14
[13:25:27] row item excel ke-13, column ke-15
[13:25:27] row item excel ke-13, column ke-16
[13:25:27] row item excel ke-13, column ke-17
[13:25:27] row item excel ke-13, column ke-18
[13:25:27] row item excel ke-13, column ke-19
[13:25:27] row item excel ke-13, column ke-20
[13:25:27] row item excel ke-13, column ke-21
[13:25:27] row item excel ke-13, column ke-22
[13:25:27] row item excel ke-13, column ke-23
[13:25:27] row item excel ke-13, column ke-24
[13:25:27] row item excel ke-13, column ke-25
[13:25:27] row item excel ke-13, column ke-26
[13:25:27] row item excel ke-14, column ke-0
[13:25:27] row item excel ke-14, column ke-1
[13:25:27] row item excel ke-14, column ke-2
[13:25:27] row item excel ke-14, column ke-3
[13:25:27] row item excel ke-14, column ke-4
[13:25:27] row item excel ke-14, column ke-5
[13:25:27] row item excel ke-14, column ke-6
[13:25:27] row item excel ke-14, column ke-7
[13:25:27] row item excel ke-14, column ke-8
[13:25:27] row item excel ke-14, column ke-9
[13:25:27] row item excel ke-14, column ke-10
[13:25:27] row item excel ke-14, column ke-11
[13:25:27] row item excel ke-14, column ke-12
[13:25:27] row item excel ke-14, column ke-13
[13:25:27] row item excel ke-14, column ke-14
[13:25:27] row item excel ke-14, column ke-15
[13:25:27] row item excel ke-14, column ke-16
[13:25:27] row item excel ke-14, column ke-17
[13:25:27] row item excel ke-14, column ke-18
[13:25:27] row item excel ke-14, column ke-19
[13:25:27] row item excel ke-14, column ke-20
[13:25:27] row item excel ke-14, column ke-21
[13:25:27] row item excel ke-14, column ke-22
[13:25:27] row item excel ke-14, column ke-23
[13:25:27] row item excel ke-14, column ke-24
[13:25:27] row item excel ke-14, column ke-25
[13:25:27] row item excel ke-14, column ke-26
[13:25:27] row item excel ke-15, column ke-0
[13:25:27] row item excel ke-15, column ke-1
[13:25:27] row item excel ke-15, column ke-2
[13:25:27] row item excel ke-15, column ke-3
[13:25:27] row item excel ke-15, column ke-4
[13:25:27] row item excel ke-15, column ke-5
[13:25:27] row item excel ke-15, column ke-6
[13:25:27] row item excel ke-15, column ke-7
[13:25:27] row item excel ke-15, column ke-8
[13:25:27] row item excel ke-15, column ke-9
[13:25:27] row item excel ke-15, column ke-10
[13:25:27] row item excel ke-15, column ke-11
[13:25:27] row item excel ke-15, column ke-12
[13:25:27] row item excel ke-15, column ke-13
[13:25:27] row item excel ke-15, column ke-14
[13:25:27] row item excel ke-15, column ke-15
[13:25:27] row item excel ke-15, column ke-16
[13:25:27] row item excel ke-15, column ke-17
[13:25:27] row item excel ke-15, column ke-18
[13:25:27] row item excel ke-15, column ke-19
[13:25:27] row item excel ke-15, column ke-20
[13:25:27] row item excel ke-15, column ke-21
[13:25:27] row item excel ke-15, column ke-22
[13:25:27] row item excel ke-15, column ke-23
[13:25:27] row item excel ke-15, column ke-24
[13:25:27] row item excel ke-15, column ke-25
[13:25:27] row item excel ke-15, column ke-26
[13:25:27] row item excel ke-16, column ke-0
[13:25:27] row item excel ke-16, column ke-1
[13:25:27] row item excel ke-16, column ke-2
[13:25:27] row item excel ke-16, column ke-3
[13:25:27] row item excel ke-16, column ke-4
[13:25:27] row item excel ke-16, column ke-5
[13:25:27] row item excel ke-16, column ke-6
[13:25:27] row item excel ke-16, column ke-7
[13:25:27] row item excel ke-16, column ke-8
[13:25:27] row item excel ke-16, column ke-9
[13:25:27] row item excel ke-16, column ke-10
[13:25:27] row item excel ke-16, column ke-11
[13:25:27] row item excel ke-16, column ke-12
[13:25:27] row item excel ke-16, column ke-13
[13:25:27] row item excel ke-16, column ke-14
[13:25:27] row item excel ke-16, column ke-15
[13:25:27] row item excel ke-16, column ke-16
[13:25:27] row item excel ke-16, column ke-17
[13:25:27] row item excel ke-16, column ke-18
[13:25:27] row item excel ke-16, column ke-19
[13:25:27] row item excel ke-16, column ke-20
[13:25:27] row item excel ke-16, column ke-21
[13:25:27] row item excel ke-16, column ke-22
[13:25:27] row item excel ke-16, column ke-23
[13:25:27] row item excel ke-16, column ke-24
[13:25:27] row item excel ke-16, column ke-25
[13:25:27] row item excel ke-16, column ke-26
[13:25:27] row item excel ke-17, column ke-0
[13:25:27] row item excel ke-17, column ke-1
[13:25:27] row item excel ke-17, column ke-2
[13:25:27] row item excel ke-17, column ke-3
[13:25:27] row item excel ke-17, column ke-4
[13:25:27] row item excel ke-17, column ke-5
[13:25:27] row item excel ke-17, column ke-6
[13:25:27] row item excel ke-17, column ke-7
[13:25:27] row item excel ke-17, column ke-8
[13:25:27] row item excel ke-17, column ke-9
[13:25:27] row item excel ke-17, column ke-10
[13:25:27] row item excel ke-17, column ke-11
[13:25:27] row item excel ke-17, column ke-12
[13:25:27] row item excel ke-17, column ke-13
[13:25:27] row item excel ke-17, column ke-14
[13:25:27] row item excel ke-17, column ke-15
[13:25:27] row item excel ke-17, column ke-16
[13:25:27] row item excel ke-17, column ke-17
[13:25:27] row item excel ke-17, column ke-18
[13:25:27] row item excel ke-17, column ke-19
[13:25:27] row item excel ke-17, column ke-20
[13:25:27] row item excel ke-17, column ke-21
[13:25:27] row item excel ke-17, column ke-22
[13:25:27] row item excel ke-17, column ke-23
[13:25:27] row item excel ke-17, column ke-24
[13:25:27] row item excel ke-17, column ke-25
[13:25:27] row item excel ke-17, column ke-26
[13:25:27] row item excel ke-18, column ke-0
[13:25:27] row item excel ke-18, column ke-1
[13:25:27] row item excel ke-18, column ke-2
[13:25:27] row item excel ke-18, column ke-3
[13:25:27] row item excel ke-18, column ke-4
[13:25:27] row item excel ke-18, column ke-5
[13:25:27] row item excel ke-18, column ke-6
[13:25:27] row item excel ke-18, column ke-7
[13:25:27] row item excel ke-18, column ke-8
[13:25:27] row item excel ke-18, column ke-9
[13:25:27] row item excel ke-18, column ke-10
[13:25:27] row item excel ke-18, column ke-11
[13:25:27] row item excel ke-18, column ke-12
[13:25:27] row item excel ke-18, column ke-13
[13:25:27] row item excel ke-18, column ke-14
[13:25:27] row item excel ke-18, column ke-15
[13:25:27] row item excel ke-18, column ke-16
[13:25:27] row item excel ke-18, column ke-17
[13:25:27] row item excel ke-18, column ke-18
[13:25:27] row item excel ke-18, column ke-19
[13:25:27] row item excel ke-18, column ke-20
[13:25:27] row item excel ke-18, column ke-21
[13:25:27] row item excel ke-18, column ke-22
[13:25:27] row item excel ke-18, column ke-23
[13:25:27] row item excel ke-18, column ke-24
[13:25:27] row item excel ke-18, column ke-25
[13:25:27] row item excel ke-18, column ke-26
[13:25:27] row item excel ke-19, column ke-0
[13:25:27] row item excel ke-19, column ke-1
[13:25:27] row item excel ke-19, column ke-2
[13:25:27] row item excel ke-19, column ke-3
[13:25:27] row item excel ke-19, column ke-4
[13:25:27] row item excel ke-19, column ke-5
[13:25:27] row item excel ke-19, column ke-6
[13:25:27] row item excel ke-19, column ke-7
[13:25:27] row item excel ke-19, column ke-8
[13:25:27] row item excel ke-19, column ke-9
[13:25:27] row item excel ke-19, column ke-10
[13:25:27] row item excel ke-19, column ke-11
[13:25:27] row item excel ke-19, column ke-12
[13:25:27] row item excel ke-19, column ke-13
[13:25:27] row item excel ke-19, column ke-14
[13:25:27] row item excel ke-19, column ke-15
[13:25:27] row item excel ke-19, column ke-16
[13:25:27] row item excel ke-19, column ke-17
[13:25:27] row item excel ke-19, column ke-18
[13:25:27] row item excel ke-19, column ke-19
[13:25:27] row item excel ke-19, column ke-20
[13:25:27] row item excel ke-19, column ke-21
[13:25:27] row item excel ke-19, column ke-22
[13:25:27] row item excel ke-19, column ke-23
[13:25:27] row item excel ke-19, column ke-24
[13:25:27] row item excel ke-19, column ke-25
[13:25:27] row item excel ke-19, column ke-26
[13:25:27] row item excel ke-20, column ke-0
[13:25:27] row item excel ke-20, column ke-1
[13:25:27] row item excel ke-20, column ke-2
[13:25:27] row item excel ke-20, column ke-3
[13:25:27] row item excel ke-20, column ke-4
[13:25:27] row item excel ke-20, column ke-5
[13:25:27] row item excel ke-20, column ke-6
[13:25:27] row item excel ke-20, column ke-7
[13:25:27] row item excel ke-20, column ke-8
[13:25:27] row item excel ke-20, column ke-9
[13:25:27] row item excel ke-20, column ke-10
[13:25:27] row item excel ke-20, column ke-11
[13:25:27] row item excel ke-20, column ke-12
[13:25:27] row item excel ke-20, column ke-13
[13:25:27] row item excel ke-20, column ke-14
[13:25:27] row item excel ke-20, column ke-15
[13:25:27] row item excel ke-20, column ke-16
[13:25:27] row item excel ke-20, column ke-17
[13:25:27] row item excel ke-20, column ke-18
[13:25:27] row item excel ke-20, column ke-19
[13:25:27] row item excel ke-20, column ke-20
[13:25:27] row item excel ke-20, column ke-21
[13:25:27] row item excel ke-20, column ke-22
[13:25:27] row item excel ke-20, column ke-23
[13:25:27] row item excel ke-20, column ke-24
[13:25:27] row item excel ke-20, column ke-25
[13:25:27] row item excel ke-20, column ke-26
[13:25:27] row item excel ke-21, column ke-0
[13:25:27] row item excel ke-21, column ke-1
[13:25:27] row item excel ke-21, column ke-2
[13:25:27] row item excel ke-21, column ke-3
[13:25:27] row item excel ke-21, column ke-4
[13:25:27] row item excel ke-21, column ke-5
[13:25:27] row item excel ke-21, column ke-6
[13:25:27] row item excel ke-21, column ke-7
[13:25:27] row item excel ke-21, column ke-8
[13:25:27] row item excel ke-21, column ke-9
[13:25:27] row item excel ke-21, column ke-10
[13:25:27] row item excel ke-21, column ke-11
[13:25:27] row item excel ke-21, column ke-12
[13:25:27] row item excel ke-21, column ke-13
[13:25:27] row item excel ke-21, column ke-14
[13:25:27] row item excel ke-21, column ke-15
[13:25:27] row item excel ke-21, column ke-16
[13:25:27] row item excel ke-21, column ke-17
[13:25:27] row item excel ke-21, column ke-18
[13:25:27] row item excel ke-21, column ke-19
[13:25:27] row item excel ke-21, column ke-20
[13:25:27] row item excel ke-21, column ke-21
[13:25:27] row item excel ke-21, column ke-22
[13:25:27] row item excel ke-21, column ke-23
[13:25:27] row item excel ke-21, column ke-24
[13:25:27] row item excel ke-21, column ke-25
[13:25:27] row item excel ke-21, column ke-26
