[11:22:30] LOAD DATA BARANG '5517675424' : 1 Rows..
[11:22:33] LOAD DATA HEADER '5517675424' : 1 Rows..
[11:22:33] LOAD DATA TARIF '5517675424' : 1 Rows..
[11:22:33] LOAD DATA ENTITAS '5517675424' : 1 Rows..
[11:22:34] LOAD DATA KEMASAN '5517675424' : 1 Rows..
[11:22:35] LOAD DATA PENGANGKUT '5517675424' : 1 Rows..
[11:22:37] insert into dhl_cs_tpb_barang values (
                                        '5517675424',
                                        '2023-12-20',
                                        '1',
                                        '0.990000000000000',                                        
                                        '198.690',
                                        '3094398.060000',
                                        '0',
                                        '190.000',
                                        '7.700',
                                        '0',
                                        '0',
                                        '190.000',
                                        '0',
                                        '1',
                                        '1.00',
                                        '',
                                        '23',
                                        '11',
                                        'PK',
                                        'VN',
                                        '0',
                                        'CT',
                                        '-',
                                        '15574.0000',
                                        '1.6650',
                                        '190.000',
                                        '0',
                                        '62179000',
                                        '1',
                                        '',
                                        '-',
                                        '',
                                        'Accessories for Garment',
                                        '0',
                                        '0'
                                        )

[11:22:37] insert into dhl_cs_tpb_header values (
                                        'JKT',
                                        '5517675424',
                                        '2023-12-20',
                                        'S',
                                        '0.99',
                                        '1.8500',
                                        '198.69',
                                        '190',
                                        '7.7',
                                        '0',
                                        'PPJK',
                                        '0',
                                        'LN',
                                        '23',
                                        'FOB',
                                        '061000',
                                        '050100',
                                        'IDCGK',
                                        'VNHAN',
                                        'HKHKG',
                                        'GJDC',
                                        '1',
                                        '11',
                                        'USD',
                                        'JAKARTA',
                                        'BARTOLOMEUS EKO VATAR',
                                        '15574.0000',
                                        '1.665',
                                        '0018/KA-A5/111 TAHUN 2019',
                                        '190.0000',
                                        '',                                      
                                        '048501',
                                        '0004',
                                        '0',
                                        '0889',
                                        '12/21/2023 12:00:00 AM',
                                        '12/21/2023 12:00:00 AM',
                                        '2023-12-21',
                                        '0',
                                        '0',
                                        '2',
                                        'farifin',
                                        '2023-12-21 11:22:33.285'
                                        )

[11:22:37] insert into dhl_cs_tpb_barang_tarif values (
                                        '5517675424',
                                        '2023-12-20',
                                        '1',
                                        '1.00',
                                        '3',
                                        'CT',
                                        'BM',
                                        '773599.5000',
                                        '0',
                                        '773599.5000',
                                        '1',
                                        '25',
                                        '100'                                        
                                        )

[11:22:37] insert into dhl_cs_tpb_barang_tarif values (
                                        '5517675424',
                                        '2023-12-20',
                                        '1',
                                        '1.00',
                                        '3',
                                        'CT',
                                        'PPH',
                                        '96699.9375',
                                        '0',
                                        '96699.9375',
                                        '1',
                                        '7.5',
                                        '100'                                        
                                        )

[11:22:37] insert into dhl_cs_tpb_barang_tarif values (
                                        '5517675424',
                                        '2023-12-20',
                                        '1',
                                        '1.00',
                                        '3',
                                        'CT',
                                        'PPN',
                                        '425479.7250',
                                        '0',
                                        '425479.7250',
                                        '1',
                                        '11',
                                        '100'                                        
                                        )

[11:22:37] insert into dhl_cs_tpb_entitas values (
                                        '5517675424',
                                        '2023-12-20',
                                        'JL RAYA CIMOHONG, KEL. CIMOHONG KEC. BULUKAMBA KAB. BREBES, JAWA TENGAH',
                                        '3',
                                        '',
                                        '5',
                                        '',
                                        'PT KIDO MULIA INDONESIA',
                                        '8120210042625',
                                        '830674792501000',
                                        '47/WBC.10/2019',
                                        '',
                                        '1',
                                        '1900-01-01')

[11:22:37] insert into dhl_cs_tpb_entitas values (
                                        '5517675424',
                                        '2023-12-20',
                                        'Di Su Ward,My Hao Town,Hung Yen Province VIETNAM',
                                        '5',
                                        '',
                                        '',
                                        '',
                                        'GLORY LABEL VINA CO.,LTD',
                                        '',
                                        '',
                                        '',
                                        'VN',
                                        '2',
                                        '')

[11:22:37] insert into dhl_cs_tpb_entitas values (
                                        '5517675424',
                                        '2023-12-20',
                                        'JL RAYA CIMOHONG, KEL. CIMOHONG KEC. BULUKAMBA KAB. BREBES, JAWA TENGAH',
                                        '7',
                                        '7',
                                        '5',
                                        '5',
                                        'PT KIDO MULIA INDONESIA',
                                        '',
                                        '830674792501000',
                                        '47/WBC.10/2019',
                                        '',
                                        '3',
                                        '1900-01-01')

[11:22:37] insert into dhl_cs_tpb_entitas values (
                                        '5517675424',
                                        '2023-12-20',
                                        'MULIA BUSINESS PARK BUILDING F JL. MT. HARYONO KAV 58-60, JAKARTA',
                                        '4',
                                        '',
                                        '5',
                                        '1',
                                        'PT. BIROTIKA SEMESTA',
                                        '',
                                        '013107743062000',
                                        '',
                                        '',
                                        '4',
                                        '')

[11:22:37] insert into dhl_cs_tpb_kemasan values (
                                        '5517675424',
                                        '2023-12-20',
                                        '1',
                                        'PK',
                                        '1',
                                        'DHL'
                                        )

[11:22:37] insert into dhl_cs_tpb_dokumen values (
                                        '5517675424', '2023-12-20', '1',
                                        '380', 
                                        'NN', '1',
                                        '2023-12-20'
                                        )

[11:22:37] insert into dhl_cs_tpb_dokumen values (
                                        '5517675424', '2023-12-20', '1',
                                        '740',
                                        '5517675424', '2',
                                        '2023-12-20'
                                        )

[11:22:37] insert into dhl_cs_tpb_dokumen values (
                                        '5517675424', '2023-12-20', '1',
                                        '741',
                                        '53906376204', '3',
                                        '2023-12-21'
                                        )

[11:22:37] insert into dhl_cs_tpb_pengangkut values (
                                        '5517675424', '2023-12-20',
                                        'MY',
                                        'Raya Airways',
                                        'TH1021',
                                        '4',
                                        '1'
                                        )

[11:24:22] success update data entitas.. Updated By farifin
[11:24:22] update dhl_cs_tpb_entitas set
                                        nomorIdentitas = '830674792501000',
                                        namaEntitas = 'PT KIDO MULIA INDONESIA',
                                        alamatEntitas = 'JL RAYA CIMOHONG, KEL. CIMOHONG KEC. BULUKAMBA KAB. BREBES, JAWA TENGAH',
                                        nomorIjinEntitas = '47/WBC.10/2019',
                                        tanggalIjinEntitas = '2023-12-12',
                                        nibEntitas = '8120210042625'
                                        where HAWB = '5517675424' and TGL_HAWB = '2023-12-20' and kodeEntitas in ('3','7') 
[11:24:22] ----------------------------------------------------
[11:29:02] row item excel ke-2, column ke-0
[11:29:02] row item excel ke-2, column ke-1
[11:29:02] row item excel ke-2, column ke-2
[11:29:02] row item excel ke-2, column ke-3
[11:29:02] row item excel ke-2, column ke-4
[11:29:02] row item excel ke-2, column ke-5
[11:29:02] row item excel ke-2, column ke-6
[11:29:02] row item excel ke-2, column ke-7
[11:29:02] row item excel ke-2, column ke-8
[11:29:02] row item excel ke-2, column ke-9
[11:29:02] row item excel ke-2, column ke-10
[11:29:02] row item excel ke-2, column ke-11
[11:29:02] row item excel ke-2, column ke-12
[11:29:02] row item excel ke-2, column ke-13
[11:29:02] row item excel ke-2, column ke-14
[11:29:02] row item excel ke-2, column ke-15
[11:29:02] row item excel ke-2, column ke-16
[11:29:02] row item excel ke-2, column ke-17
[11:29:02] row item excel ke-2, column ke-18
[11:29:02] row item excel ke-2, column ke-19
[11:29:02] row item excel ke-2, column ke-20
[11:29:02] row item excel ke-2, column ke-21
[11:29:02] row item excel ke-2, column ke-22
[11:29:02] row item excel ke-2, column ke-23
[11:29:02] row item excel ke-2, column ke-24
[11:29:02] row item excel ke-2, column ke-25
[11:29:02] row item excel ke-2, column ke-26
[11:29:02] row item excel ke-3, column ke-0
[11:29:02] row item excel ke-3, column ke-1
[11:29:02] row item excel ke-3, column ke-2
[11:29:02] row item excel ke-3, column ke-3
[11:29:02] row item excel ke-3, column ke-4
[11:29:02] row item excel ke-3, column ke-5
[11:29:02] row item excel ke-3, column ke-6
[11:29:02] row item excel ke-3, column ke-7
[11:29:02] row item excel ke-3, column ke-8
[11:29:02] row item excel ke-3, column ke-9
[11:29:02] row item excel ke-3, column ke-10
[11:29:02] row item excel ke-3, column ke-11
[11:29:02] row item excel ke-3, column ke-12
[11:29:02] row item excel ke-3, column ke-13
[11:29:02] row item excel ke-3, column ke-14
[11:29:02] row item excel ke-3, column ke-15
[11:29:02] row item excel ke-3, column ke-16
[11:29:02] row item excel ke-3, column ke-17
[11:29:02] row item excel ke-3, column ke-18
[11:29:02] row item excel ke-3, column ke-19
[11:29:02] row item excel ke-3, column ke-20
[11:29:02] row item excel ke-3, column ke-21
[11:29:02] row item excel ke-3, column ke-22
[11:29:02] row item excel ke-3, column ke-23
[11:29:02] row item excel ke-3, column ke-24
[11:29:02] row item excel ke-3, column ke-25
[11:29:02] row item excel ke-3, column ke-26
[11:29:40] Token Access: eyJhbGciOiJSUzI1NiIsInR5cCIgOiAiSldUIiwia2lkIiA6ICIzbXo1OTYwdE9MbkhhT0JLTHRQSG15N2VmT0plQVo5UmVZdkJMOGxVZDhFIn0.eyJleHAiOjE3MDMxNDM3MzAsImlhdCI6MTcwMzEzMjkzMCwianRpIjoiODQ2ODZlYmItZDc0Ni00YjgyLWI3YTUtZWE2NjQ0OTkyZjc4IiwiaXNzIjoiaHR0cHM6Ly9zc28tc3NvLXBvcnRhbC5hcHBzLnByb2RkYy5jdXN0b21zLmdvLmlkL2F1dGgvcmVhbG1zL3BvcnRhbF9oMmgiLCJzdWIiOiI5YjI4OWU0MS01OGM5LTRhNDUtYjdkMi1hZTI4OTEyZjY2NWUiLCJ0eXAiOiJCZWFyZXIiLCJhenAiOiJwb3J0YWxfaDJoX2NsaWVudCIsInNlc3Npb25fc3RhdGUiOiIzZTk2N2I0ZC1iMmU0LTRiOTEtOTllYS1iOTczMmMzOTMzZGUiLCJhY3IiOiIxIiwic2NvcGUiOiJvcGVuaWQgZW1haWwgcHJvZmlsZSIsInNpZCI6IjNlOTY3YjRkLWIyZTQtNGI5MS05OWVhLWI5NzMyYzM5MzNkZSIsImVtYWlsX3ZlcmlmaWVkIjpmYWxzZSwibmFtZSI6IkFndXMgU2FlcHVkaW4iLCJpZGVudGl0YXMiOiIwMTMxMDc3NDMwNjIwMDAiLCJwcmVmZXJyZWRfdXNlcm5hbWUiOiJhc2FlcHVkaW4iLCJnaXZlbl9uYW1lIjoiQWd1cyBTYWVwdWRpbiIsImZhbWlseV9uYW1lIjoiIiwiZW1haWwiOiJhZ3VzLnNhZXB1ZGluQGRobC5jb20ifQ.BgQGy46Mx5KoTMbEyY50qlE-fPd2ZY4RJBmRUVNM0YBaoq1jhcFeoHbiqR_mNxE9No3coZfiL9QqaI9x8XYSCS-kqK7rGc0QbqRNQN-6Q9CmBwVFhSKBxWPBKpgx1nZ6zk8S2RfApcN4nUJuAZplBwE1BENxMfqvQq2lAeOPTWU1pRYVTLCdiOaJ1qplj58IWfUfKFPUFsQReyPRLWzN1HmWsltTpziuuiasX3zKV7ZlVRfxpftHomAUpFk1TYm4bnU5i4pqsKWTrbX4HJkN-uxP2896exDCCt4Kv73ufBBRZDKDRhvXFjq6Q6csSPJgvbCqg5qzPQe3-Mbga6VdLA
[11:29:40] Token ID: eyJhbGciOiJSUzI1NiIsInR5cCIgOiAiSldUIiwia2lkIiA6ICIzbXo1OTYwdE9MbkhhT0JLTHRQSG15N2VmT0plQVo5UmVZdkJMOGxVZDhFIn0.eyJleHAiOjE3MDMxNDM3MzAsImlhdCI6MTcwMzEzMjkzMCwiYXV0aF90aW1lIjowLCJqdGkiOiIxNTU5NTZhNS1lMjNmLTQ2YzYtYjQzZi02OWZmOTMyMGQ2YWUiLCJpc3MiOiJodHRwczovL3Nzby1zc28tcG9ydGFsLmFwcHMucHJvZGRjLmN1c3RvbXMuZ28uaWQvYXV0aC9yZWFsbXMvcG9ydGFsX2gyaCIsImF1ZCI6InBvcnRhbF9oMmhfY2xpZW50Iiwic3ViIjoiOWIyODllNDEtNThjOS00YTQ1LWI3ZDItYWUyODkxMmY2NjVlIiwidHlwIjoiSUQiLCJhenAiOiJwb3J0YWxfaDJoX2NsaWVudCIsInNlc3Npb25fc3RhdGUiOiIzZTk2N2I0ZC1iMmU0LTRiOTEtOTllYS1iOTczMmMzOTMzZGUiLCJhdF9oYXNoIjoiSlRJYlpsX0NFSXNPN0JHMWN3VkRYQSIsImFjciI6IjEiLCJzaWQiOiIzZTk2N2I0ZC1iMmU0LTRiOTEtOTllYS1iOTczMmMzOTMzZGUiLCJlbWFpbF92ZXJpZmllZCI6ZmFsc2UsIm5hbWUiOiJBZ3VzIFNhZXB1ZGluIiwiaWRlbnRpdGFzIjoiMDEzMTA3NzQzMDYyMDAwIiwicHJlZmVycmVkX3VzZXJuYW1lIjoiYXNhZXB1ZGluIiwiZ2l2ZW5fbmFtZSI6IkFndXMgU2FlcHVkaW4iLCJmYW1pbHlfbmFtZSI6IiIsImVtYWlsIjoiYWd1cy5zYWVwdWRpbkBkaGwuY29tIn0.Xuh62s04qSZIOVkBEV982m_RQtLLaxvF37hKBe0fqtIYdHLpPqF5amL9Hv3IOb2fdLQpHqPVcR4TpqXlXj70r9u4OAGqPTZeHUv6e4VML3hjmesNP7unj5DwtUdwof41grJUJrudAo5JU8MNT77KElZBVok2oc-goqKjf-SRryvVF6lWA1dDfhIFGl_fBJy8uZrXZ5M0pDq_980fZzw-xGIdm8WMMPYTYEETk2BHrjdMa6dFX5Ycc1SFdra8iryNM4ZiZEt33PvlEdoSR5vR_1op-1PrXMTik5VfKgNT55m3jYBdRt5XMSqiI6I--6R7f_RcskEH2tPKf6uXFfdGVQ
[11:29:41] sequence gateway JKT updated from 787 to 788..
[11:29:41] {"asalData":"S","asuransi":1.34,"bruto":1.85,"cif":268.6,"fob":259.56,"freight":7.7,"hargaPenyerahan":0,"jabatanTtd":"PPJK","jumlahKontainer":0,"kodeAsuransi":"LN","kodeDokumen":"23","kodeIncoterm":"FOB","kodeKantor":"061000","kodeKantorBongkar":"050100","kodePelBongkar":"IDCGK","kodePelMuat":"VNHAN","kodePelTransit":"HKHKG","kodeTps":"GJDC","kodeTujuanTpb":"1","kodeTutupPu":"11","kodeValuta":"USD","kotaTtd":"JAKARTA","namaTtd":"BARTOLOMEUS EKO VATAR","ndpbm":15574.0,"netto":1.665,"nik":"0018/KA-A5/111 TAHUN 2019","nilaiBarang":259.56,"nomorAju":"00002303006520231221000786","nomorBc11":"048501","posBc11":"0004","seri":0,"subposBc11":"08890000","tanggalBc11":"2023-12-21","tanggalTiba":"2023-12-21","tanggalTtd":"2023-12-21","biayaTambahan":0,"biayaPengurang":0,"kodeKenaPajak":"1","barang":[{"idBarang":"1","asuransi":1.039,"cif":208.908,"diskon":0,"fob":201.88,"freight":5.989,"hargaEkspor":0,"hargaPenyerahan":0,"hargaSatuan":190.0,"isiPerKemasan":0,"jumlahKemasan":1,"jumlahSatuan":5047.0,"kodeBarang":"B4BASZ5CNT","kodeDokumen":"23","kodeKategoriBarang":"11","kodeJenisKemasan":"PK","kodeNegaraAsal":"VN","kodePerhitungan":"0","kodeSatuanBarang":"PCE","merk":"-","netto":0.6267,"nilaiBarang":201.88,"nilaiTambah":0,"posTarif":"58071000","seriBarang":1,"spesifikasiLain":"-","tipe":"-","ukuran":"-","uraian":"5 COUNTRIES SIZE LABEL NEW SMALL","ndpbm":15574.0,"cifRupiah":3253536.83,"hargaPerolehan":0,"kodeAsalBahanBaku":"0","barangTarif":[{"kodeJenisTarif":"1","jumlahSatuan":5047.0,"kodeFasilitasTarif":"3","kodeSatuanBarang":"PCE","kodeJenisPungutan":"BM","nilaiBayar":0.0,"nilaiFasilitas":325000.0,"nilaiSudahDilunasi":0.0,"seriBarang":1,"tarif":10.0,"tarifFasilitas":100},{"kodeJenisTarif":"1","jumlahSatuan":5047.0,"kodeFasilitasTarif":"6","kodeSatuanBarang":"PCE","kodeJenisPungutan":"PPH","nilaiBayar":0.0,"nilaiFasilitas":89000.0,"nilaiSudahDilunasi":0.0,"seriBarang":1,"tarif":2.5,"tarifFasilitas":100},{"kodeJenisTarif":"1","jumlahSatuan":5047.0,"kodeFasilitasTarif":"6","kodeSatuanBarang":"PCE","kodeJenisPungutan":"PPN","nilaiBayar":0.0,"nilaiFasilitas":394000.0,"nilaiSudahDilunasi":0.0,"seriBarang":1,"tarif":11.0,"tarifFasilitas":100}],"barangDokumen":[{"seriDokumen":"1"}]},{"idBarang":"2","asuransi":0.297,"cif":59.688,"diskon":0,"fob":57.68,"freight":1.711,"hargaEkspor":0,"hargaPenyerahan":0,"hargaSatuan":0.0,"isiPerKemasan":0,"jumlahKemasan":0,"jumlahSatuan":8240.0,"kodeBarang":"B4ZETSZ002","kodeDokumen":"23","kodeKategoriBarang":"11","kodeJenisKemasan":"PK","kodeNegaraAsal":"VN","kodePerhitungan":"0","kodeSatuanBarang":"PCE","merk":"-","netto":1.0233,"nilaiBarang":57.68,"nilaiTambah":0,"posTarif":"58071000","seriBarang":2,"spesifikasiLain":"-","tipe":"-","ukuran":"-","uraian":"SIZE WOVEN LABEL ZENITH","ndpbm":15574.0,"cifRupiah":929581.95,"hargaPerolehan":0,"kodeAsalBahanBaku":"0","barangTarif":[{"kodeJenisTarif":"1","jumlahSatuan":8240.0,"kodeFasilitasTarif":"3","kodeSatuanBarang":"PCE","kodeJenisPungutan":"BM","nilaiBayar":0.0,"nilaiFasilitas":93000.0,"nilaiSudahDilunasi":0.0,"seriBarang":2,"tarif":10.0,"tarifFasilitas":100},{"kodeJenisTarif":"1","jumlahSatuan":8240.0,"kodeFasilitasTarif":"6","kodeSatuanBarang":"PCE","kodeJenisPungutan":"PPH","nilaiBayar":0.0,"nilaiFasilitas":26000.0,"nilaiSudahDilunasi":0.0,"seriBarang":2,"tarif":2.5,"tarifFasilitas":100},{"kodeJenisTarif":"1","jumlahSatuan":8240.0,"kodeFasilitasTarif":"6","kodeSatuanBarang":"PCE","kodeJenisPungutan":"PPN","nilaiBayar":0.0,"nilaiFasilitas":112000.0,"nilaiSudahDilunasi":0.0,"seriBarang":2,"tarif":11.0,"tarifFasilitas":100}],"barangDokumen":[{"seriDokumen":"1"}]}],"entitas":[{"alamatEntitas":"JL RAYA CIMOHONG, KEL. CIMOHONG KEC. BULUKAMBA KAB. BREBES, JAWA TENGAH","kodeEntitas":"3","kodeJenisIdentitas":"5","namaEntitas":"PT KIDO MULIA INDONESIA","nibEntitas":"8120210042625","nomorIdentitas":"830674792501000","tanggalIjinEntitas":"2023-12-12","nomorIjinEntitas":"47/WBC.10/2019","seriEntitas":1},{"alamatEntitas":"Di Su Ward,My Hao Town,Hung Yen Province VIETNAM","kodeEntitas":"5","kodeNegara":"VN","namaEntitas":"GLORY LABEL VINA CO.,LTD","seriEntitas":2},{"alamatEntitas":"JL RAYA CIMOHONG, KEL. CIMOHONG KEC. BULUKAMBA KAB. BREBES, JAWA TENGAH","kodeEntitas":"7","kodeJenisApi":"7","kodeJenisIdentitas":"5","kodeStatus":"5","namaEntitas":"PT KIDO MULIA INDONESIA","nomorIdentitas":"830674792501000","nomorIjinEntitas":"47/WBC.10/2019","tanggalIjinEntitas":"2023-12-12","seriEntitas":3},{"alamatEntitas":"MULIA BUSINESS PARK BUILDING F JL. MT. HARYONO KAV 58-60, JAKARTA","kodeEntitas":"4","kodeJenisIdentitas":"5","kodeStatus":"1","namaEntitas":"PT. BIROTIKA SEMESTA","nomorIdentitas":"013107743062000","seriEntitas":4}],"kemasan":[{"jumlahKemasan":1,"kodeJenisKemasan":"PK","seriKemasan":1,"merkKemasan":"DHL"}],"dokumen":[{"idDokumen":"1","kodeDokumen":"380","nomorDokumen":"NN","seriDokumen":1,"tanggalDokumen":"2023-12-20"},{"idDokumen":"1","kodeDokumen":"740","nomorDokumen":"5517675424","seriDokumen":2,"tanggalDokumen":"2023-12-20"},{"idDokumen":"1","kodeDokumen":"741","nomorDokumen":"53906376204","seriDokumen":3,"tanggalDokumen":"2023-12-21"}],"pengangkut":[{"kodeBendera":"MY","namaPengangkut":"Raya Airways","nomorPengangkut":"TH1021","kodeCaraAngkut":"4","seriPengangkut":1}]}
[11:30:03] response [kirim dokumen tpb - 00002303006520231221000786]
{"status":"OK","message":"Sukses, Data Berhasil Ditambahkan","idHeader":"9e72a173-a78b-4944-9e77-73a24c854653"}
[11:30:07] Send data success, 1 nomor aju created
