[15:58:29] LOAD DATA BARANG '7919560585','5964622731' : 2 Rows..
[15:58:30] LOAD DATA HEADER '7919560585','5964622731' : 1 Rows..
[15:58:30] LOAD DATA BARANG '7919560585','5964622731' : 2 Rows..
[15:58:31] LOAD DATA HEADER '7919560585','5964622731' : 1 Rows..
[15:58:32] LOAD DATA TARIF '7919560585','5964622731' : 2 Rows..
[15:58:32] LOAD DATA ENTITAS '7919560585','5964622731' : 2 Rows..
[15:58:33] LOAD DATA KEMASAN '7919560585','5964622731' : 2 Rows..
[15:58:34] LOAD DATA PENGANGKUT '7919560585','5964622731' : 2 Rows..
[15:58:39] insert into dhl_cs_tpb_barang values (
                                        '5964622731',
                                        '2023-11-14',
                                        '1',
                                        '0.610000000000000',                                        
                                        '122.700',
                                        '1916942.100000',
                                        '0',
                                        '117.600',
                                        '4.490',
                                        '0',
                                        '0',
                                        '117.600',
                                        '0',
                                        '1',
                                        '1.00',
                                        '',
                                        '23',
                                        '11',
                                        'PK',
                                        'AE',
                                        '0',
                                        'PCE',
                                        '-',
                                        '15623.0000',
                                        '0.2970',
                                        '117.600',
                                        '0',
                                        '62046200',
                                        '1',
                                        '',
                                        '-',
                                        '',
                                        'Womens Woven Shorts of Cotton: Cotton \(93%\), Elastomultiester \(6%\), Spa',
                                        '0',
                                        '0'
                                        )

[15:58:39] insert into dhl_cs_tpb_barang values (
                                        '7919560585',
                                        '2023-11-11',
                                        '1',
                                        '0.020000000000000',                                        
                                        '3.240',
                                        '50618.520000',
                                        '0',
                                        '0.500',
                                        '2.720',
                                        '0',
                                        '0',
                                        '0.500',
                                        '0',
                                        '0',
                                        '2.00',
                                        '',
                                        '23',
                                        '11',
                                        'PK',
                                        'US',
                                        '0',
                                        'PCE',
                                        '-',
                                        '15623.0000',
                                        '0.1800',
                                        '0.500',
                                        '0',
                                        '54073000',
                                        '1',
                                        '',
                                        '-',
                                        '',
                                        'WOVENFABRICSOFSYNTHETICFILAMENTYARNSPECIFICALLYBONDEDINLAYERS',
                                        '0',
                                        '0'
                                        )

[15:58:39] insert into dhl_cs_tpb_header values (
                                        'JKT',
                                        '7919560585',
                                        '2023-11-11',
                                        'S',
                                        '0.63',
                                        '0.2000',
                                        '125.94',
                                        '118.1',
                                        '7.21',
                                        '0',
                                        'PPJK',
                                        '0',
                                        'LN',
                                        '23',
                                        'FOB',
                                        '050500',
                                        '050100',
                                        'IDCGK',
                                        'USSTL',
                                        'SGSIN',
                                        'GJDC',
                                        '1',
                                        '11',
                                        'USD',
                                        'JAKARTA',
                                        'BARTOLOMEUS EKO VATAR',
                                        '15623.0000',
                                        '0.477',
                                        '0018/KA-A5/111 TAHUN 2019',
                                        '118.1000',
                                        '00002303006520231116001523',                                      
                                        '043085',
                                        '0003',
                                        '0',
                                        '0049',
                                        '11/16/2023 12:00:00 AM',
                                        '11/16/2023 12:00:00 AM',
                                        '2023-11-16',
                                        '0',
                                        '0',
                                        '2',
                                        'farifin',
                                        '2023-11-16 15:58:30.447'
                                        )

[15:58:39] insert into dhl_cs_tpb_barang values (
                                        '5964622731',
                                        '2023-11-14',
                                        '1',
                                        '0.610000000000000',                                        
                                        '122.700',
                                        '1916942.100000',
                                        '0',
                                        '117.600',
                                        '4.490',
                                        '0',
                                        '0',
                                        '117.600',
                                        '0',
                                        '1',
                                        '1.00',
                                        '',
                                        '23',
                                        '11',
                                        'PK',
                                        'AE',
                                        '0',
                                        'PCE',
                                        '-',
                                        '15623.0000',
                                        '0.2970',
                                        '117.600',
                                        '0',
                                        '62046200',
                                        '1',
                                        '',
                                        '-',
                                        '',
                                        'Womens Woven Shorts of Cotton: Cotton \(93%\), Elastomultiester \(6%\), Spa',
                                        '0',
                                        '0'
                                        )

[15:58:39] insert into dhl_cs_tpb_barang values (
                                        '7919560585',
                                        '2023-11-11',
                                        '1',
                                        '0.020000000000000',                                        
                                        '3.240',
                                        '50618.520000',
                                        '0',
                                        '0.500',
                                        '2.720',
                                        '0',
                                        '0',
                                        '0.500',
                                        '0',
                                        '0',
                                        '2.00',
                                        '',
                                        '23',
                                        '11',
                                        'PK',
                                        'US',
                                        '0',
                                        'PCE',
                                        '-',
                                        '15623.0000',
                                        '0.1800',
                                        '0.500',
                                        '0',
                                        '54073000',
                                        '1',
                                        '',
                                        '-',
                                        '',
                                        'WOVENFABRICSOFSYNTHETICFILAMENTYARNSPECIFICALLYBONDEDINLAYERS',
                                        '0',
                                        '0'
                                        )

[15:58:39] insert into dhl_cs_tpb_header values (
                                        'JKT',
                                        '5964622731',
                                        '2023-11-14',
                                        'S',
                                        '0.63',
                                        '0.3300',
                                        '125.94',
                                        '118.1',
                                        '7.21',
                                        '0',
                                        'PPJK',
                                        '0',
                                        'LN',
                                        '23',
                                        'FOB',
                                        '050500',
                                        '050100',
                                        'IDCGK',
                                        'USMKE',
                                        'SGSIN',
                                        'GJDC',
                                        '1',
                                        '11',
                                        'USD',
                                        'JAKARTA',
                                        'BARTOLOMEUS EKO VATAR',
                                        '15623.0000',
                                        '0.477',
                                        '0018/KA-A5/111 TAHUN 2019',
                                        '118.1000',
                                        '00002303006520231116001522',                                      
                                        '043085',
                                        '0003',
                                        '0',
                                        '0382',
                                        '11/16/2023 12:00:00 AM',
                                        '11/16/2023 12:00:00 AM',
                                        '2023-11-16',
                                        '0',
                                        '0',
                                        '2',
                                        'farifin',
                                        '2023-11-16 15:58:31.530'
                                        )

[15:58:39] insert into dhl_cs_tpb_barang_tarif values (
                                        '7919560585',
                                        '2023-11-11',
                                        '1',
                                        '2.00',
                                        '3',
                                        'PCE',
                                        'BM',
                                        '7592.8500',
                                        '0',
                                        '7592.8500',
                                        '1',
                                        '15',
                                        '100'                                        
                                        )

[15:58:39] insert into dhl_cs_tpb_barang_tarif values (
                                        '7919560585',
                                        '2023-11-11',
                                        '1',
                                        '2.00',
                                        '3',
                                        'PCE',
                                        'PPH',
                                        '1455.2963',
                                        '0',
                                        '1455.2963',
                                        '1',
                                        '2.5',
                                        '100'                                        
                                        )

[15:58:39] insert into dhl_cs_tpb_barang_tarif values (
                                        '7919560585',
                                        '2023-11-11',
                                        '1',
                                        '2.00',
                                        '3',
                                        'PCE',
                                        'PPN',
                                        '6403.3035',
                                        '0',
                                        '6403.3035',
                                        '1',
                                        '11',
                                        '100'                                        
                                        )

[15:58:39] insert into dhl_cs_tpb_barang_tarif values (
                                        '5964622731',
                                        '2023-11-14',
                                        '1',
                                        '1.00',
                                        '3',
                                        'PCE',
                                        'BM',
                                        '479235.5000',
                                        '0',
                                        '479235.5000',
                                        '1',
                                        '25',
                                        '100'                                        
                                        )

[15:58:39] insert into dhl_cs_tpb_barang_tarif values (
                                        '5964622731',
                                        '2023-11-14',
                                        '1',
                                        '1.00',
                                        '3',
                                        'PCE',
                                        'PPH',
                                        '59904.4375',
                                        '0',
                                        '59904.4375',
                                        '1',
                                        '7.5',
                                        '100'                                        
                                        )

[15:58:39] insert into dhl_cs_tpb_barang_tarif values (
                                        '5964622731',
                                        '2023-11-14',
                                        '1',
                                        '1.00',
                                        '3',
                                        'PCE',
                                        'PPN',
                                        '263579.5250',
                                        '0',
                                        '263579.5250',
                                        '1',
                                        '11',
                                        '100'                                        
                                        )

[15:58:39] insert into dhl_cs_tpb_entitas values (
                                        '5964622731',
                                        '2023-11-14',
                                        'JL MENGGER NO 97,MOCH.TOHA, DAYEUHKOLOT,DAYEUHKOLOT,KABUPATEN BANDUNG JAWA BARAT,40256',
                                        '3',
                                        '',
                                        '5',
                                        '',
                                        'PT LEADING GARMENT INDUSTRIES',
                                        '8120217141454',
                                        '011047164441000',
                                        '838/WBC.09/2021',
                                        '',
                                        '1',
                                        '1900-01-01')

[15:58:39] insert into dhl_cs_tpb_entitas values (
                                        '5964622731',
                                        '2023-11-14',
                                        '4718 Helgesen Drive,4718 Helgesen Drive,MADISON UNITED STATES OF AMERICA UNITED STATE',
                                        '5',
                                        '',
                                        '',
                                        '',
                                        'SHOPBOP.COM',
                                        '',
                                        '',
                                        '',
                                        'US',
                                        '2',
                                        '')

[15:58:39] insert into dhl_cs_tpb_entitas values (
                                        '5964622731',
                                        '2023-11-14',
                                        'JL MENGGER NO 97,MOCH.TOHA, DAYEUHKOLOT,DAYEUHKOLOT,KABUPATEN BANDUNG JAWA BARAT,40256',
                                        '7',
                                        '7',
                                        '5',
                                        '5',
                                        'PT LEADING GARMENT INDUSTRIES',
                                        '',
                                        '011047164441000',
                                        '838/WBC.09/2021',
                                        '',
                                        '3',
                                        '1900-01-01')

[15:58:39] insert into dhl_cs_tpb_entitas values (
                                        '5964622731',
                                        '2023-11-14',
                                        'MULIA BUSINESS PARK BUILDING F JL. MT. HARYONO KAV 58-60, JAKARTA',
                                        '4',
                                        '',
                                        '5',
                                        '1',
                                        'PT. BIROTIKA SEMESTA',
                                        '',
                                        '013107743062000',
                                        '',
                                        '',
                                        '4',
                                        '')

[15:58:39] insert into dhl_cs_tpb_entitas values (
                                        '7919560585',
                                        '2023-11-11',
                                        'JL MENGGER NO 97,MOCH.TOHA, DAYEUHKOLOT,DAYEUHKOLOT,KABUPATEN BANDUNG JAWA BARAT,40256',
                                        '3',
                                        '',
                                        '5',
                                        '',
                                        'PT LEADING GARMENT INDUSTRIES',
                                        '8120217141454',
                                        '011047164441000',
                                        '838/WBC.09/2021',
                                        '',
                                        '1',
                                        '1900-01-01')

[15:58:39] insert into dhl_cs_tpb_entitas values (
                                        '7919560585',
                                        '2023-11-11',
                                        '8430 Valcour Avenue,Missouri MO,SAINT LOUIS UNITED STATES OF AMERICA UNITED S',
                                        '5',
                                        '',
                                        '',
                                        '',
                                        'MISS ELAINE',
                                        '',
                                        '',
                                        '',
                                        'US',
                                        '2',
                                        '')

[15:58:39] insert into dhl_cs_tpb_entitas values (
                                        '7919560585',
                                        '2023-11-11',
                                        'JL MENGGER NO 97,MOCH.TOHA, DAYEUHKOLOT,DAYEUHKOLOT,KABUPATEN BANDUNG JAWA BARAT,40256',
                                        '7',
                                        '7',
                                        '5',
                                        '5',
                                        'PT LEADING GARMENT INDUSTRIES',
                                        '',
                                        '011047164441000',
                                        '838/WBC.09/2021',
                                        '',
                                        '3',
                                        '1900-01-01')

[15:58:39] insert into dhl_cs_tpb_entitas values (
                                        '7919560585',
                                        '2023-11-11',
                                        'MULIA BUSINESS PARK BUILDING F JL. MT. HARYONO KAV 58-60, JAKARTA',
                                        '4',
                                        '',
                                        '5',
                                        '1',
                                        'PT. BIROTIKA SEMESTA',
                                        '',
                                        '013107743062000',
                                        '',
                                        '',
                                        '4',
                                        '')

[15:58:39] insert into dhl_cs_tpb_kemasan values (
                                        '5964622731',
                                        '2023-11-14',
                                        '1',
                                        'PK',
                                        '1',
                                        'DHL'
                                        )

[15:58:39] insert into dhl_cs_tpb_kemasan values (
                                        '7919560585',
                                        '2023-11-11',
                                        '1',
                                        'PK',
                                        '1',
                                        'DHL'
                                        )

[15:58:39] insert into dhl_cs_tpb_dokumen values (
                                        '7919560585', '2023-11-11', '1',
                                        '380', 
                                        'NN', '1',
                                        '2023-11-10'
                                        )

[15:58:39] insert into dhl_cs_tpb_dokumen values (
                                        '7919560585', '2023-11-11', '1',
                                        '740',
                                        '7919560585', '2',
                                        '2023-11-11'
                                        )

[15:58:39] insert into dhl_cs_tpb_dokumen values (
                                        '7919560585', '2023-11-11', '1',
                                        '741',
                                        '11901177245', '3',
                                        '2023-11-16'
                                        )

[15:58:39] insert into dhl_cs_tpb_dokumen values (
                                        '5964622731', '2023-11-14', '1',
                                        '380', 
                                        'TQdvpdL3m_1', '1',
                                        '2023-11-15'
                                        )

[15:58:39] insert into dhl_cs_tpb_dokumen values (
                                        '5964622731', '2023-11-14', '1',
                                        '740',
                                        '5964622731', '2',
                                        '2023-11-14'
                                        )

[15:58:39] insert into dhl_cs_tpb_dokumen values (
                                        '5964622731', '2023-11-14', '1',
                                        '741',
                                        '11901177245', '3',
                                        '2023-11-16'
                                        )

[15:58:39] insert into dhl_cs_tpb_pengangkut values (
                                        '5964622731', '2023-11-14',
                                        'TH',
                                        'K MILE AIR',
                                        '8K0804',
                                        '4',
                                        '1'
                                        )

[15:58:39] insert into dhl_cs_tpb_pengangkut values (
                                        '7919560585', '2023-11-11',
                                        'TH',
                                        'K MILE AIR',
                                        '8K0804',
                                        '4',
                                        '1'
                                        )

[16:20:14] Reload data DCI..
Clean duplicate AWB :
'5964622731'
'7919560585'
[16:20:17] LOAD DATA BARANG '5964622731','7919560585' : 1 Rows..
[16:20:17] LOAD DATA HEADER '5964622731','7919560585' : 1 Rows..
[16:20:18] LOAD DATA BARANG '5964622731','7919560585' : 1 Rows..
[16:20:18] LOAD DATA HEADER '5964622731','7919560585' : 1 Rows..
[16:20:19] LOAD DATA TARIF '5964622731','7919560585' : 2 Rows..
[16:20:19] LOAD DATA ENTITAS '5964622731','7919560585' : 2 Rows..
[16:20:19] LOAD DATA KEMASAN '5964622731','7919560585' : 2 Rows..
[16:20:21] LOAD DATA PENGANGKUT '5964622731','7919560585' : 2 Rows..
[16:20:23] insert into dhl_cs_tpb_barang values (
                                        '5964622731',
                                        '2023-11-14',
                                        '1',
                                        '0.610000000000000',                                        
                                        '122.700',
                                        '1916942.100000',
                                        '0',
                                        '117.600',
                                        '4.490',
                                        '0',
                                        '0',
                                        '117.600',
                                        '0',
                                        '1',
                                        '1.00',
                                        '',
                                        '23',
                                        '11',
                                        'PK',
                                        'AE',
                                        '0',
                                        'PCE',
                                        '-',
                                        '15623.0000',
                                        '0.2970',
                                        '117.600',
                                        '0',
                                        '62046200',
                                        '1',
                                        '',
                                        '-',
                                        '',
                                        'Womens Woven Shorts of Cotton: Cotton \(93%\), Elastomultiester \(6%\), Spa',
                                        '0',
                                        '0'
                                        )

[16:20:23] insert into dhl_cs_tpb_header values (
                                        'JKT',
                                        '5964622731',
                                        '2023-11-14',
                                        'S',
                                        '0.61',
                                        '0.3300',
                                        '122.7',
                                        '117.6',
                                        '4.49',
                                        '0',
                                        'PPJK',
                                        '0',
                                        'LN',
                                        '23',
                                        'FOB',
                                        '050500',
                                        '050100',
                                        'IDCGK',
                                        'USMKE',
                                        'SGSIN',
                                        'GJDC',
                                        '1',
                                        '11',
                                        'USD',
                                        'JAKARTA',
                                        'BARTOLOMEUS EKO VATAR',
                                        '15623.0000',
                                        '0.297',
                                        '0018/KA-A5/111 TAHUN 2019',
                                        '117.6000',
                                        '00002303006520231116001522',                                      
                                        '043085',
                                        '0003',
                                        '0',
                                        '0382',
                                        '11/16/2023 12:00:00 AM',
                                        '11/16/2023 12:00:00 AM',
                                        '2023-11-16',
                                        '0',
                                        '0',
                                        '2',
                                        'farifin',
                                        '2023-11-16 16:20:17.690'
                                        )

[16:20:23] insert into dhl_cs_tpb_barang values (
                                        '7919560585',
                                        '2023-11-11',
                                        '1',
                                        '0.020000000000000',                                        
                                        '3.240',
                                        '50618.520000',
                                        '0',
                                        '0.500',
                                        '2.720',
                                        '0',
                                        '0',
                                        '0.500',
                                        '0',
                                        '1',
                                        '2.00',
                                        '',
                                        '23',
                                        '11',
                                        'PK',
                                        'US',
                                        '0',
                                        'PCE',
                                        '-',
                                        '15623.0000',
                                        '0.1800',
                                        '0.500',
                                        '0',
                                        '54073000',
                                        '1',
                                        '',
                                        '-',
                                        '',
                                        'WOVENFABRICSOFSYNTHETICFILAMENTYARNSPECIFICALLYBONDEDINLAYERS',
                                        '0',
                                        '0'
                                        )

[16:20:23] insert into dhl_cs_tpb_header values (
                                        'JKT',
                                        '7919560585',
                                        '2023-11-11',
                                        'S',
                                        '0.02',
                                        '0.2000',
                                        '3.24',
                                        '0.5',
                                        '2.72',
                                        '0',
                                        'PPJK',
                                        '0',
                                        'LN',
                                        '23',
                                        'FOB',
                                        '050500',
                                        '050100',
                                        'IDCGK',
                                        'USSTL',
                                        'SGSIN',
                                        'GJDC',
                                        '1',
                                        '11',
                                        'USD',
                                        'JAKARTA',
                                        'BARTOLOMEUS EKO VATAR',
                                        '15623.0000',
                                        '0.18',
                                        '0018/KA-A5/111 TAHUN 2019',
                                        '0.5000',
                                        '00002303006520231116001523',                                      
                                        '043085',
                                        '0003',
                                        '0',
                                        '0049',
                                        '11/16/2023 12:00:00 AM',
                                        '11/16/2023 12:00:00 AM',
                                        '2023-11-16',
                                        '0',
                                        '0',
                                        '2',
                                        'farifin',
                                        '2023-11-16 16:20:18.661'
                                        )

[16:20:23] insert into dhl_cs_tpb_barang_tarif values (
                                        '5964622731',
                                        '2023-11-14',
                                        '1',
                                        '1.00',
                                        '3',
                                        'PCE',
                                        'BM',
                                        '479235.5000',
                                        '0',
                                        '479235.5000',
                                        '1',
                                        '25',
                                        '100'                                        
                                        )

[16:20:23] insert into dhl_cs_tpb_barang_tarif values (
                                        '5964622731',
                                        '2023-11-14',
                                        '1',
                                        '1.00',
                                        '3',
                                        'PCE',
                                        'PPH',
                                        '59904.4375',
                                        '0',
                                        '59904.4375',
                                        '1',
                                        '7.5',
                                        '100'                                        
                                        )

[16:20:23] insert into dhl_cs_tpb_barang_tarif values (
                                        '5964622731',
                                        '2023-11-14',
                                        '1',
                                        '1.00',
                                        '3',
                                        'PCE',
                                        'PPN',
                                        '263579.5250',
                                        '0',
                                        '263579.5250',
                                        '1',
                                        '11',
                                        '100'                                        
                                        )

[16:20:23] insert into dhl_cs_tpb_barang_tarif values (
                                        '7919560585',
                                        '2023-11-11',
                                        '1',
                                        '2.00',
                                        '3',
                                        'PCE',
                                        'BM',
                                        '7592.8500',
                                        '0',
                                        '7592.8500',
                                        '1',
                                        '15',
                                        '100'                                        
                                        )

[16:20:23] insert into dhl_cs_tpb_barang_tarif values (
                                        '7919560585',
                                        '2023-11-11',
                                        '1',
                                        '2.00',
                                        '3',
                                        'PCE',
                                        'PPH',
                                        '1455.2963',
                                        '0',
                                        '1455.2963',
                                        '1',
                                        '2.5',
                                        '100'                                        
                                        )

[16:20:23] insert into dhl_cs_tpb_barang_tarif values (
                                        '7919560585',
                                        '2023-11-11',
                                        '1',
                                        '2.00',
                                        '3',
                                        'PCE',
                                        'PPN',
                                        '6403.3035',
                                        '0',
                                        '6403.3035',
                                        '1',
                                        '11',
                                        '100'                                        
                                        )

[16:20:23] insert into dhl_cs_tpb_entitas values (
                                        '5964622731',
                                        '2023-11-14',
                                        'JL MENGGER NO 97,MOCH.TOHA, DAYEUHKOLOT,DAYEUHKOLOT,KABUPATEN BANDUNG JAWA BARAT,40256',
                                        '3',
                                        '',
                                        '5',
                                        '',
                                        'PT LEADING GARMENT INDUSTRIES',
                                        '8120217141454',
                                        '011047164441000',
                                        '838/WBC.09/2021',
                                        '',
                                        '1',
                                        '1900-01-01')

[16:20:23] insert into dhl_cs_tpb_entitas values (
                                        '5964622731',
                                        '2023-11-14',
                                        '4718 Helgesen Drive,4718 Helgesen Drive,MADISON UNITED STATES OF AMERICA UNITED STATE',
                                        '5',
                                        '',
                                        '',
                                        '',
                                        'SHOPBOP.COM',
                                        '',
                                        '',
                                        '',
                                        'US',
                                        '2',
                                        '')

[16:20:23] insert into dhl_cs_tpb_entitas values (
                                        '5964622731',
                                        '2023-11-14',
                                        'JL MENGGER NO 97,MOCH.TOHA, DAYEUHKOLOT,DAYEUHKOLOT,KABUPATEN BANDUNG JAWA BARAT,40256',
                                        '7',
                                        '7',
                                        '5',
                                        '5',
                                        'PT LEADING GARMENT INDUSTRIES',
                                        '',
                                        '011047164441000',
                                        '838/WBC.09/2021',
                                        '',
                                        '3',
                                        '1900-01-01')

[16:20:23] insert into dhl_cs_tpb_entitas values (
                                        '5964622731',
                                        '2023-11-14',
                                        'MULIA BUSINESS PARK BUILDING F JL. MT. HARYONO KAV 58-60, JAKARTA',
                                        '4',
                                        '',
                                        '5',
                                        '1',
                                        'PT. BIROTIKA SEMESTA',
                                        '',
                                        '013107743062000',
                                        '',
                                        '',
                                        '4',
                                        '')

[16:20:23] insert into dhl_cs_tpb_entitas values (
                                        '7919560585',
                                        '2023-11-11',
                                        'JL MENGGER NO 97,MOCH.TOHA, DAYEUHKOLOT,DAYEUHKOLOT,KABUPATEN BANDUNG JAWA BARAT,40256',
                                        '3',
                                        '',
                                        '5',
                                        '',
                                        'PT LEADING GARMENT INDUSTRIES',
                                        '8120217141454',
                                        '011047164441000',
                                        '838/WBC.09/2021',
                                        '',
                                        '1',
                                        '1900-01-01')

[16:20:23] insert into dhl_cs_tpb_entitas values (
                                        '7919560585',
                                        '2023-11-11',
                                        '8430 Valcour Avenue,Missouri MO,SAINT LOUIS UNITED STATES OF AMERICA UNITED S',
                                        '5',
                                        '',
                                        '',
                                        '',
                                        'MISS ELAINE',
                                        '',
                                        '',
                                        '',
                                        'US',
                                        '2',
                                        '')

[16:20:23] insert into dhl_cs_tpb_entitas values (
                                        '7919560585',
                                        '2023-11-11',
                                        'JL MENGGER NO 97,MOCH.TOHA, DAYEUHKOLOT,DAYEUHKOLOT,KABUPATEN BANDUNG JAWA BARAT,40256',
                                        '7',
                                        '7',
                                        '5',
                                        '5',
                                        'PT LEADING GARMENT INDUSTRIES',
                                        '',
                                        '011047164441000',
                                        '838/WBC.09/2021',
                                        '',
                                        '3',
                                        '1900-01-01')

[16:20:23] insert into dhl_cs_tpb_entitas values (
                                        '7919560585',
                                        '2023-11-11',
                                        'MULIA BUSINESS PARK BUILDING F JL. MT. HARYONO KAV 58-60, JAKARTA',
                                        '4',
                                        '',
                                        '5',
                                        '1',
                                        'PT. BIROTIKA SEMESTA',
                                        '',
                                        '013107743062000',
                                        '',
                                        '',
                                        '4',
                                        '')

[16:20:23] insert into dhl_cs_tpb_kemasan values (
                                        '5964622731',
                                        '2023-11-14',
                                        '1',
                                        'PK',
                                        '1',
                                        'DHL'
                                        )

[16:20:23] insert into dhl_cs_tpb_kemasan values (
                                        '7919560585',
                                        '2023-11-11',
                                        '1',
                                        'PK',
                                        '1',
                                        'DHL'
                                        )

[16:20:23] insert into dhl_cs_tpb_dokumen values (
                                        '5964622731', '2023-11-14', '1',
                                        '380', 
                                        'TQdvpdL3m_1', '1',
                                        '2023-11-15'
                                        )

[16:20:23] insert into dhl_cs_tpb_dokumen values (
                                        '5964622731', '2023-11-14', '1',
                                        '740',
                                        '5964622731', '2',
                                        '2023-11-14'
                                        )

[16:20:23] insert into dhl_cs_tpb_dokumen values (
                                        '5964622731', '2023-11-14', '1',
                                        '741',
                                        '11901177245', '3',
                                        '2023-11-16'
                                        )

[16:20:23] insert into dhl_cs_tpb_dokumen values (
                                        '7919560585', '2023-11-11', '1',
                                        '380', 
                                        'NN', '1',
                                        '2023-11-10'
                                        )

[16:20:23] insert into dhl_cs_tpb_dokumen values (
                                        '7919560585', '2023-11-11', '1',
                                        '740',
                                        '7919560585', '2',
                                        '2023-11-11'
                                        )

[16:20:23] insert into dhl_cs_tpb_dokumen values (
                                        '7919560585', '2023-11-11', '1',
                                        '741',
                                        '11901177245', '3',
                                        '2023-11-16'
                                        )

[16:20:23] insert into dhl_cs_tpb_pengangkut values (
                                        '5964622731', '2023-11-14',
                                        'TH',
                                        'K MILE AIR',
                                        '8K0804',
                                        '4',
                                        '1'
                                        )

[16:20:23] insert into dhl_cs_tpb_pengangkut values (
                                        '7919560585', '2023-11-11',
                                        'TH',
                                        'K MILE AIR',
                                        '8K0804',
                                        '4',
                                        '1'
                                        )

