[11:05:24] row item excel ke-2, column ke-0
[11:05:24] row item excel ke-2, column ke-1
[11:05:24] row item excel ke-2, column ke-2
[11:05:24] row item excel ke-2, column ke-3
[11:05:24] row item excel ke-2, column ke-4
[11:05:24] row item excel ke-2, column ke-5
[11:05:24] row item excel ke-2, column ke-6
[11:05:24] row item excel ke-2, column ke-7
[11:05:24] row item excel ke-2, column ke-8
[11:05:24] row item excel ke-2, column ke-9
[11:05:24] row item excel ke-2, column ke-10
[11:05:24] row item excel ke-2, column ke-11
[11:05:24] row item excel ke-2, column ke-12
[11:05:24] row item excel ke-2, column ke-13
[11:05:24] row item excel ke-2, column ke-14
[11:05:24] row item excel ke-2, column ke-15
[11:05:24] row item excel ke-2, column ke-16
[11:05:24] row item excel ke-2, column ke-17
[11:05:24] row item excel ke-2, column ke-18
[11:05:24] row item excel ke-2, column ke-19
[11:05:24] row item excel ke-2, column ke-20
[11:05:24] row item excel ke-2, column ke-21
[11:05:24] row item excel ke-2, column ke-22
[11:05:24] row item excel ke-2, column ke-23
[11:05:24] row item excel ke-2, column ke-24
[11:05:24] row item excel ke-2, column ke-25
[11:05:24] row item excel ke-2, column ke-26
[11:06:24] success update data entitas.. Updated By farifin
[11:06:24] update dhl_cs_tpb_entitas set
                                        nomorIdentitas = '769849761451000',
                                        namaEntitas = 'PT SHOETOWN LIGUNG INDONESIA',
                                        alamatEntitas = 'JL LANUD SUKANI BUNTU LIGUNG KAB MAJALENGKA JAWA BARAT 45456',
                                        nomorIjinEntitas = 'KEP-602/WBC.09/2018',
                                        tanggalIjinEntitas = '2018-07-12',
                                        nibEntitas = '8120002981383'
                                        where HAWB = '1448127693' and TGL_HAWB = '2024-01-05' and kodeEntitas in ('3','7') 
[11:06:24] ----------------------------------------------------
[11:09:06] Token Access: eyJhbGciOiJSUzI1NiIsInR5cCIgOiAiSldUIiwia2lkIiA6ICIzbXo1OTYwdE9MbkhhT0JLTHRQSG15N2VmT0plQVo5UmVZdkJMOGxVZDhFIn0.eyJleHAiOjE3MDQ4NzA1NDQsImlhdCI6MTcwNDg1OTc0NCwianRpIjoiZWI4YzdkY2YtNWUxZS00MmEwLWE3ZTktY2IxNjg3NDRiZmZiIiwiaXNzIjoiaHR0cHM6Ly9zc28tc3NvLXBvcnRhbC5hcHBzLnByb2RkYy5jdXN0b21zLmdvLmlkL2F1dGgvcmVhbG1zL3BvcnRhbF9oMmgiLCJzdWIiOiI5YjI4OWU0MS01OGM5LTRhNDUtYjdkMi1hZTI4OTEyZjY2NWUiLCJ0eXAiOiJCZWFyZXIiLCJhenAiOiJwb3J0YWxfaDJoX2NsaWVudCIsInNlc3Npb25fc3RhdGUiOiJjZWIzMzg2Mi0wNzgzLTRkM2MtOGRmMC05OGU1NDk5MGFhOTgiLCJhY3IiOiIxIiwic2NvcGUiOiJvcGVuaWQgZW1haWwgcHJvZmlsZSIsInNpZCI6ImNlYjMzODYyLTA3ODMtNGQzYy04ZGYwLTk4ZTU0OTkwYWE5OCIsImVtYWlsX3ZlcmlmaWVkIjpmYWxzZSwibmFtZSI6IkFndXMgU2FlcHVkaW4iLCJpZGVudGl0YXMiOiIwMTMxMDc3NDMwNjIwMDAiLCJwcmVmZXJyZWRfdXNlcm5hbWUiOiJhc2FlcHVkaW4iLCJnaXZlbl9uYW1lIjoiQWd1cyBTYWVwdWRpbiIsImZhbWlseV9uYW1lIjoiIiwiZW1haWwiOiJhZ3VzLnNhZXB1ZGluQGRobC5jb20ifQ.i0svtyvLxFhHQJ8wkVDKHYaQ0nNzY-WaAjkcmE9RH2xH8taVCdp6J5GhwCF3wK3hmoDT_QhKpiufsuT5aL1gObykqfPOxKrGdWjBJksWCJZ3M9Cgq8BhGoE1OuEbq5dDgYNsaROMZczVsKvkD4kOeHMmSAxisQITfRCzqWgRtXMrxPu7uaC_tMLr6yPM5lLXn9XaOyQ_6Ctnrk5CYHuxcWg4zXPszHQ6jl4Gqhr0eo4PgYiODqw5KVOzoQyQFdXniZvheQTb0AZoKzt1jgRJPRtZtnPrPxMZ0Vnmi3i9gJaipvnGYBCIcQVxPaNPhyMcWepelAKc8qbwig6LUgQJhQ
[11:09:06] Token ID: eyJhbGciOiJSUzI1NiIsInR5cCIgOiAiSldUIiwia2lkIiA6ICIzbXo1OTYwdE9MbkhhT0JLTHRQSG15N2VmT0plQVo5UmVZdkJMOGxVZDhFIn0.eyJleHAiOjE3MDQ4NzA1NDQsImlhdCI6MTcwNDg1OTc0NCwiYXV0aF90aW1lIjowLCJqdGkiOiI4ZjYzZDU0Zi1hNTFiLTRmNmQtYmM2Yi0wNjBmYjNkMjhiZTIiLCJpc3MiOiJodHRwczovL3Nzby1zc28tcG9ydGFsLmFwcHMucHJvZGRjLmN1c3RvbXMuZ28uaWQvYXV0aC9yZWFsbXMvcG9ydGFsX2gyaCIsImF1ZCI6InBvcnRhbF9oMmhfY2xpZW50Iiwic3ViIjoiOWIyODllNDEtNThjOS00YTQ1LWI3ZDItYWUyODkxMmY2NjVlIiwidHlwIjoiSUQiLCJhenAiOiJwb3J0YWxfaDJoX2NsaWVudCIsInNlc3Npb25fc3RhdGUiOiJjZWIzMzg2Mi0wNzgzLTRkM2MtOGRmMC05OGU1NDk5MGFhOTgiLCJhdF9oYXNoIjoiV2JqMl9PX3MwTjJHeGNVLTIyTkZCdyIsImFjciI6IjEiLCJzaWQiOiJjZWIzMzg2Mi0wNzgzLTRkM2MtOGRmMC05OGU1NDk5MGFhOTgiLCJlbWFpbF92ZXJpZmllZCI6ZmFsc2UsIm5hbWUiOiJBZ3VzIFNhZXB1ZGluIiwiaWRlbnRpdGFzIjoiMDEzMTA3NzQzMDYyMDAwIiwicHJlZmVycmVkX3VzZXJuYW1lIjoiYXNhZXB1ZGluIiwiZ2l2ZW5fbmFtZSI6IkFndXMgU2FlcHVkaW4iLCJmYW1pbHlfbmFtZSI6IiIsImVtYWlsIjoiYWd1cy5zYWVwdWRpbkBkaGwuY29tIn0.biCplUUpJInlKEM26GHA3UunZWOr2M_aUJgZ8YGgf0CywHUdsWFoeBxJly0VFGgJ7S57UcleF7IDxlGiDvjKXVnH0feRFeAekIMDtpNySeTSyrdttXrUmhHIv5fY8550tzBgV8g_7d9Z7yQftoTaxSDyVQxxuiPdsQjmYvglnpRt8x2jHQZ95L9cLGQSqFYHO1YDLxPUIyN2y2SWkDCX5BCVp8A_mJO2C0fnmhRi8DUvppKMvEVeXs3x3mM-JYSvYoJPNXbFb7L9qwpoXqyBgBzA_vxp6z1knq808Q6L_zKnotko2EXGz2qWyi2GeQACBOUmLaQ7oGFggcf0O0z7Sg
[11:09:09] sequence gateway JKT updated from 3935 to 3936..
[11:09:11] {"asalData":"S","asuransi":0.34,"bruto":3.0,"cif":68.32,"fob":61.91,"freight":6.07,"hargaPenyerahan":0,"jabatanTtd":"PPJK","jumlahKontainer":0,"kodeAsuransi":"LN","kodeDokumen":"23","kodeIncoterm":"FOB","kodeKantor":"050700","kodeKantorBongkar":"050100","kodePelBongkar":"IDCGK","kodePelMuat":"THBKK","kodePelTransit":"SGSIN","kodeTps":"GJDC","kodeTujuanTpb":"1","kodeTutupPu":"11","kodeValuta":"USD","kotaTtd":"JAKARTA","namaTtd":"BARTOLOMEUS EKO VATAR","ndpbm":15423.0,"netto":2.7,"nik":"0018/KA-A5/111 TAHUN 2019","nilaiBarang":61.91,"nomorAju":"00002303006520240110003934","nomorBc11":"000963","posBc11":"0004","seri":0,"subposBc11":"00850000","tanggalBc11":"2024-01-07","tanggalTiba":"2024-01-07","tanggalTtd":"2024-01-10","biayaTambahan":0,"biayaPengurang":0,"kodeKenaPajak":"1","barang":[{"idBarang":"1","asuransi":0.34,"cif":68.32,"diskon":0,"fob":61.91,"freight":6.07,"hargaEkspor":0,"hargaPenyerahan":0,"hargaSatuan":61.28,"isiPerKemasan":0,"jumlahKemasan":1,"jumlahSatuan":31.75,"kodeBarang":"977565","kodeDokumen":"23","kodeKategoriBarang":"11","kodeJenisKemasan":"PK","kodeNegaraAsal":"TH","kodePerhitungan":"0","kodeSatuanBarang":"FTK","merk":"-","netto":2.7,"nilaiBarang":61.91,"nilaiTambah":0,"posTarif":"41079900","seriBarang":1,"spesifikasiLain":"-","tipe":"-","ukuran":"-","uraian":"10LCSI Pale Ivory 1.4-1.6MM (PM) PIGMENTED SOFT (COLOR PILOT)[PP/L/TG 0515]","ndpbm":15423.0,"cifRupiah":1053697.82,"hargaPerolehan":0,"kodeAsalBahanBaku":"0","barangTarif":[{"kodeJenisTarif":"1","jumlahSatuan":31.75,"kodeFasilitasTarif":"3","kodeSatuanBarang":"FTK","kodeJenisPungutan":"BM","nilaiBayar":0.0,"nilaiFasilitas":0.0,"nilaiSudahDilunasi":0.0,"seriBarang":1,"tarif":0.0,"tarifFasilitas":100},{"kodeJenisTarif":"1","jumlahSatuan":31.75,"kodeFasilitasTarif":"6","kodeSatuanBarang":"FTK","kodeJenisPungutan":"PPH","nilaiBayar":0.0,"nilaiFasilitas":26342.48,"nilaiSudahDilunasi":0.0,"seriBarang":1,"tarif":2.5,"tarifFasilitas":100},{"kodeJenisTarif":"1","jumlahSatuan":31.75,"kodeFasilitasTarif":"6","kodeSatuanBarang":"FTK","kodeJenisPungutan":"PPN","nilaiBayar":0.0,"nilaiFasilitas":115906.93,"nilaiSudahDilunasi":0.0,"seriBarang":1,"tarif":11.0,"tarifFasilitas":100}],"barangDokumen":[{"seriDokumen":"1"}]}],"entitas":[{"alamatEntitas":"JL LANUD SUKANI BUNTU LIGUNG KAB MAJALENGKA JAWA BARAT 45456","kodeEntitas":"3","kodeJenisIdentitas":"5","namaEntitas":"PT SHOETOWN LIGUNG INDONESIA","nibEntitas":"8120002981383","nomorIdentitas":"769849761451000","tanggalIjinEntitas":"2018-07-12","nomorIjinEntitas":"KEP-602/WBC.09/2018","seriEntitas":1},{"alamatEntitas":"DE MACAU SOCIEDADE UNIPESSOAL LIMITADA,89 MOO 11 SAMKOK SENA ROAD,BANGNOMKO SENA AYUTTHAYA THAILAND THAILAND","kodeEntitas":"5","kodeNegara":"TH","namaEntitas":"SADESA (THAILAND)CO LTD O/B SADESA COMMERCIAL","seriEntitas":2},{"alamatEntitas":"JL LANUD SUKANI BUNTU LIGUNG KAB MAJALENGKA JAWA BARAT 45456","kodeEntitas":"7","kodeJenisApi":"7","kodeJenisIdentitas":"5","kodeStatus":"5","namaEntitas":"PT SHOETOWN LIGUNG INDONESIA","nomorIdentitas":"769849761451000","nomorIjinEntitas":"KEP-602/WBC.09/2018","tanggalIjinEntitas":"2018-07-12","seriEntitas":3},{"alamatEntitas":"MULIA BUSINESS PARK BUILDING F JL. MT. HARYONO KAV 58-60, JAKARTA","kodeEntitas":"4","kodeJenisIdentitas":"5","kodeStatus":"1","namaEntitas":"PT. BIROTIKA SEMESTA","nomorIdentitas":"013107743062000","seriEntitas":4}],"kemasan":[{"jumlahKemasan":1,"kodeJenisKemasan":"PK","seriKemasan":1,"merkKemasan":"DHL"}],"dokumen":[{"idDokumen":"1","kodeDokumen":"380","nomorDokumen":"3709875","seriDokumen":1,"tanggalDokumen":"2024-01-05"},{"idDokumen":"1","kodeDokumen":"740","nomorDokumen":"1448127693","seriDokumen":2,"tanggalDokumen":"2024-01-05"},{"idDokumen":"1","kodeDokumen":"741","nomorDokumen":"11901217145","seriDokumen":3,"tanggalDokumen":"2024-01-06"}],"pengangkut":[{"kodeBendera":"SG","namaPengangkut":"K MILE AIR","nomorPengangkut":"8K0804","kodeCaraAngkut":"4","seriPengangkut":1}]}
[11:09:14] response [kirim dokumen tpb - 00002303006520240110003934]
{"status":"OK","message":"Sukses, Data Berhasil Ditambahkan","idHeader":"e22c48a5-d89a-4678-8f41-c6834b024b84"}
[11:09:14] Send data success, 1 nomor aju created
[11:12:55] Token Access: eyJhbGciOiJSUzI1NiIsInR5cCIgOiAiSldUIiwia2lkIiA6ICIzbXo1OTYwdE9MbkhhT0JLTHRQSG15N2VmT0plQVo5UmVZdkJMOGxVZDhFIn0.eyJleHAiOjE3MDQ4NzA2NzIsImlhdCI6MTcwNDg1OTg3MiwianRpIjoiZDdlNTM1ZDctN2E1YS00NTA3LTgxNTgtYjUxMDc4NTBmMGMwIiwiaXNzIjoiaHR0cHM6Ly9zc28tc3NvLXBvcnRhbC5hcHBzLnByb2RkYy5jdXN0b21zLmdvLmlkL2F1dGgvcmVhbG1zL3BvcnRhbF9oMmgiLCJzdWIiOiI5YjI4OWU0MS01OGM5LTRhNDUtYjdkMi1hZTI4OTEyZjY2NWUiLCJ0eXAiOiJCZWFyZXIiLCJhenAiOiJwb3J0YWxfaDJoX2NsaWVudCIsInNlc3Npb25fc3RhdGUiOiJjZWIzMzg2Mi0wNzgzLTRkM2MtOGRmMC05OGU1NDk5MGFhOTgiLCJhY3IiOiIxIiwic2NvcGUiOiJvcGVuaWQgZW1haWwgcHJvZmlsZSIsInNpZCI6ImNlYjMzODYyLTA3ODMtNGQzYy04ZGYwLTk4ZTU0OTkwYWE5OCIsImVtYWlsX3ZlcmlmaWVkIjpmYWxzZSwibmFtZSI6IkFndXMgU2FlcHVkaW4iLCJpZGVudGl0YXMiOiIwMTMxMDc3NDMwNjIwMDAiLCJwcmVmZXJyZWRfdXNlcm5hbWUiOiJhc2FlcHVkaW4iLCJnaXZlbl9uYW1lIjoiQWd1cyBTYWVwdWRpbiIsImZhbWlseV9uYW1lIjoiIiwiZW1haWwiOiJhZ3VzLnNhZXB1ZGluQGRobC5jb20ifQ.H5n9-PH1cZon9QSwDKdbAPQsy1LROs3nS4Bu0HfquhZxczzUp2FT-NcLwsUhdx79HtIoWoJLj-JeQgB2Nrz14gClu8Qx_Jj647DoU_IkZW8bVcpwI2bvT9ondU4ABMx0UA8uBX9lE3SPDja5xKyxUynrsuFme4vp5Tym2_D3KWsu0eAQLx4ZJwCjivyqgLAqmBcz1HnFOdcL0oNUW6e6dzLNNrHkFhHYGgcWK_R0RMFrn-JBzrRZukDTUrlcfW7MfhmywfqFtxbdMA4igJ5GYVkld4fNUT3B84Z7zGPZvkB-zkJn6T192XngdSrfYecNo2rn1SgSQ4Kok15i1KiRpA
[11:12:56] response aju 00002303006520240110003934
{"dataStatus":[{"nomorAju":"00002303006520240110003934","nomorDaftar":null,"tanggalDaftar":null,"kodeProses":"110","waktuStatus":"2024-01-10 11:09:11","keterangan":"Validasi","kodeDokumen":"23"},{"nomorAju":"00002303006520240110003934","nomorDaftar":null,"tanggalDaftar":null,"kodeProses":"120","waktuStatus":"2024-01-10 11:09:23.533","keterangan":"Reject","kodeDokumen":"23"}],"dataRespon":[{"nomorAju":"00002303006520240110003934","kodeRespon":"2301","nomorDaftar":null,"tanggalDaftar":null,"nomorRespon":null,"tanggalRespon":null,"waktuRespon":"2024-01-10 11:09:23.576","keterangan":"REJECT","pesan":["KURS TIDAK SESUAI"],"pdf":"respon/2024/1/10/11/39524147-4f40-4540-a265-2960345ef0bb-responAwal-7767cab1-f36a-42ef-927a-f2338f192974.pdf","kodeDokumen":"23","billingPungutans":null}],"status":"Success","message":"Data Ditemukan"}
[11:12:56] insert data status success
[11:12:57] insert data response success
[11:12:57] insert latest response success
[11:14:15] row item excel ke-2, column ke-0
[11:14:15] row item excel ke-2, column ke-1
[11:14:15] row item excel ke-2, column ke-2
[11:14:15] row item excel ke-2, column ke-3
[11:14:15] row item excel ke-2, column ke-4
[11:14:15] row item excel ke-2, column ke-5
[11:14:15] row item excel ke-2, column ke-6
[11:14:15] row item excel ke-2, column ke-7
[11:14:15] row item excel ke-2, column ke-8
[11:14:15] row item excel ke-2, column ke-9
[11:14:15] row item excel ke-2, column ke-10
[11:14:15] row item excel ke-2, column ke-11
[11:14:15] row item excel ke-2, column ke-12
[11:14:15] row item excel ke-2, column ke-13
[11:14:15] row item excel ke-2, column ke-14
[11:14:15] row item excel ke-2, column ke-15
[11:14:15] row item excel ke-2, column ke-16
[11:14:15] row item excel ke-2, column ke-17
[11:14:15] row item excel ke-2, column ke-18
[11:14:15] row item excel ke-2, column ke-19
[11:14:15] row item excel ke-2, column ke-20
[11:14:15] row item excel ke-2, column ke-21
[11:14:15] row item excel ke-2, column ke-22
[11:14:15] row item excel ke-2, column ke-23
[11:14:15] row item excel ke-2, column ke-24
[11:14:15] row item excel ke-2, column ke-25
[11:14:15] row item excel ke-2, column ke-26
[11:24:30] Token Access: eyJhbGciOiJSUzI1NiIsInR5cCIgOiAiSldUIiwia2lkIiA6ICIzbXo1OTYwdE9MbkhhT0JLTHRQSG15N2VmT0plQVo5UmVZdkJMOGxVZDhFIn0.eyJleHAiOjE3MDQ4NzE0MzIsImlhdCI6MTcwNDg2MDYzMiwianRpIjoiZmM1YjU0NWYtZjkyYy00YTJmLTliN2EtMDVmMmY0MGVmYzMwIiwiaXNzIjoiaHR0cHM6Ly9zc28tc3NvLXBvcnRhbC5hcHBzLnByb2RkYy5jdXN0b21zLmdvLmlkL2F1dGgvcmVhbG1zL3BvcnRhbF9oMmgiLCJzdWIiOiI5YjI4OWU0MS01OGM5LTRhNDUtYjdkMi1hZTI4OTEyZjY2NWUiLCJ0eXAiOiJCZWFyZXIiLCJhenAiOiJwb3J0YWxfaDJoX2NsaWVudCIsInNlc3Npb25fc3RhdGUiOiJjZWIzMzg2Mi0wNzgzLTRkM2MtOGRmMC05OGU1NDk5MGFhOTgiLCJhY3IiOiIxIiwic2NvcGUiOiJvcGVuaWQgZW1haWwgcHJvZmlsZSIsInNpZCI6ImNlYjMzODYyLTA3ODMtNGQzYy04ZGYwLTk4ZTU0OTkwYWE5OCIsImVtYWlsX3ZlcmlmaWVkIjpmYWxzZSwibmFtZSI6IkFndXMgU2FlcHVkaW4iLCJpZGVudGl0YXMiOiIwMTMxMDc3NDMwNjIwMDAiLCJwcmVmZXJyZWRfdXNlcm5hbWUiOiJhc2FlcHVkaW4iLCJnaXZlbl9uYW1lIjoiQWd1cyBTYWVwdWRpbiIsImZhbWlseV9uYW1lIjoiIiwiZW1haWwiOiJhZ3VzLnNhZXB1ZGluQGRobC5jb20ifQ.cZfVpxBc0G6VvV3MUEOhOuQxOugj_vzXErur8LJp3AWK-zrLmZ_XQUFIMRgVtempkdqsgz6TBP-lER-SUYoTUhASGIn8lhhLmFpQIXxU8YLrUiA0GBaLZYW20RZGVM89aak0bMIdrOBq9NgSDFKrIG82O5a5pJC-Nvbye8RFDfp_9CECrVRoro15OM_8vyR03IY8FGRIKBohTGqO8QiAqQYhht0T2Mhvcbsptu0Ru7Y-8VUDRvRPtVxBeDF2eot3d7PiiiGE64I9OSV4yUeJiznBSsiCkML2XFvSZAmDjOtoKilIcdPAWkXW4TNEGTmJRGJWPnIHaVX5NTEATpwD7g
[11:24:30] Token ID: eyJhbGciOiJSUzI1NiIsInR5cCIgOiAiSldUIiwia2lkIiA6ICIzbXo1OTYwdE9MbkhhT0JLTHRQSG15N2VmT0plQVo5UmVZdkJMOGxVZDhFIn0.eyJleHAiOjE3MDQ4NzE0MzIsImlhdCI6MTcwNDg2MDYzMiwiYXV0aF90aW1lIjowLCJqdGkiOiIwYzJkNzFmNS0wZmNmLTQxMjUtOWM0Ny0wNDNkMzE5YjJlNWUiLCJpc3MiOiJodHRwczovL3Nzby1zc28tcG9ydGFsLmFwcHMucHJvZGRjLmN1c3RvbXMuZ28uaWQvYXV0aC9yZWFsbXMvcG9ydGFsX2gyaCIsImF1ZCI6InBvcnRhbF9oMmhfY2xpZW50Iiwic3ViIjoiOWIyODllNDEtNThjOS00YTQ1LWI3ZDItYWUyODkxMmY2NjVlIiwidHlwIjoiSUQiLCJhenAiOiJwb3J0YWxfaDJoX2NsaWVudCIsInNlc3Npb25fc3RhdGUiOiJjZWIzMzg2Mi0wNzgzLTRkM2MtOGRmMC05OGU1NDk5MGFhOTgiLCJhdF9oYXNoIjoic3Rsa1dwTUpnY0pGZlBhdTdLMGJkZyIsImFjciI6IjEiLCJzaWQiOiJjZWIzMzg2Mi0wNzgzLTRkM2MtOGRmMC05OGU1NDk5MGFhOTgiLCJlbWFpbF92ZXJpZmllZCI6ZmFsc2UsIm5hbWUiOiJBZ3VzIFNhZXB1ZGluIiwiaWRlbnRpdGFzIjoiMDEzMTA3NzQzMDYyMDAwIiwicHJlZmVycmVkX3VzZXJuYW1lIjoiYXNhZXB1ZGluIiwiZ2l2ZW5fbmFtZSI6IkFndXMgU2FlcHVkaW4iLCJmYW1pbHlfbmFtZSI6IiIsImVtYWlsIjoiYWd1cy5zYWVwdWRpbkBkaGwuY29tIn0.N9JI-qTivEvouEBMopgNdeq-N5_otjf4m4Id8VqvswV6cBaV8b1lB4lq2SpySGB0tyrIF0O_y29zq0u-Gu_BLAibsWKnKvtZjNpekxv3a88plqlT2AIpDUvGRqXYWf_s5c2H-iPjghO-4e7BHsZISNi1IahaRxE6U1cMs__3ZY9RIPEDUWeWTOh0jTWdsw0W6Nnj5TRkjMsjYCS89CFwM9mlCra7px4xQbTpcUUPgFK99tNqTwlG2s8ElOXegoD13AFPi7hbApPsyk_scf6eXcsOZSp7-eSYh0AotV9quudfHgQFjl8qHi-nHRSjPfdZBtNDKWDXT2osmkSCDlJJqw
[11:24:33] {"asalData":"S","asuransi":0.34,"bruto":3.0,"cif":68.32,"fob":61.91,"freight":6.07,"hargaPenyerahan":0,"jabatanTtd":"PPJK","jumlahKontainer":0,"kodeAsuransi":"LN","kodeDokumen":"23","kodeIncoterm":"FOB","kodeKantor":"050700","kodeKantorBongkar":"050100","kodePelBongkar":"IDCGK","kodePelMuat":"THBKK","kodePelTransit":"SGSIN","kodeTps":"GJDC","kodeTujuanTpb":"1","kodeTutupPu":"11","kodeValuta":"USD","kotaTtd":"JAKARTA","namaTtd":"BARTOLOMEUS EKO VATAR","ndpbm":15423.0,"netto":2.7,"nik":"0018/KA-A5/111 TAHUN 2019","nilaiBarang":61.91,"nomorAju":"00002303006520240110003934","nomorBc11":"000963","posBc11":"0004","seri":0,"subposBc11":"00850000","tanggalBc11":"2024-01-07","tanggalTiba":"2024-01-07","tanggalTtd":"2024-01-10","biayaTambahan":0,"biayaPengurang":0,"kodeKenaPajak":"1","barang":[{"idBarang":"1","asuransi":0.34,"cif":68.32,"diskon":0,"fob":61.91,"freight":6.07,"hargaEkspor":0,"hargaPenyerahan":0,"hargaSatuan":61.28,"isiPerKemasan":0,"jumlahKemasan":1,"jumlahSatuan":31.75,"kodeBarang":"977565","kodeDokumen":"23","kodeKategoriBarang":"11","kodeJenisKemasan":"PK","kodeNegaraAsal":"TH","kodePerhitungan":"0","kodeSatuanBarang":"FTK","merk":"-","netto":2.7,"nilaiBarang":61.91,"nilaiTambah":0,"posTarif":"41079900","seriBarang":1,"spesifikasiLain":"-","tipe":"-","ukuran":"-","uraian":"10LCSI Pale Ivory 1.4-1.6MM (PM) PIGMENTED SOFT (COLOR PILOT)[PP/L/TG 0515]","ndpbm":15503.0,"cifRupiah":1059163.41,"hargaPerolehan":0,"kodeAsalBahanBaku":"0","barangTarif":[{"kodeJenisTarif":"1","jumlahSatuan":31.75,"kodeFasilitasTarif":"3","kodeSatuanBarang":"FTK","kodeJenisPungutan":"BM","nilaiBayar":0.0,"nilaiFasilitas":0.0,"nilaiSudahDilunasi":0.0,"seriBarang":1,"tarif":0.0,"tarifFasilitas":100},{"kodeJenisTarif":"1","jumlahSatuan":31.75,"kodeFasilitasTarif":"6","kodeSatuanBarang":"FTK","kodeJenisPungutan":"PPH","nilaiBayar":0.0,"nilaiFasilitas":26479.12,"nilaiSudahDilunasi":0.0,"seriBarang":1,"tarif":2.5,"tarifFasilitas":100},{"kodeJenisTarif":"1","jumlahSatuan":31.75,"kodeFasilitasTarif":"6","kodeSatuanBarang":"FTK","kodeJenisPungutan":"PPN","nilaiBayar":0.0,"nilaiFasilitas":116508.15,"nilaiSudahDilunasi":0.0,"seriBarang":1,"tarif":11.0,"tarifFasilitas":100}],"barangDokumen":[{"seriDokumen":"1"}]}],"entitas":[{"alamatEntitas":"JL LANUD SUKANI BUNTU LIGUNG KAB MAJALENGKA JAWA BARAT 45456","kodeEntitas":"3","kodeJenisIdentitas":"5","namaEntitas":"PT SHOETOWN LIGUNG INDONESIA","nibEntitas":"8120002981383","nomorIdentitas":"769849761451000","tanggalIjinEntitas":"2018-07-12","nomorIjinEntitas":"KEP-602/WBC.09/2018","seriEntitas":1},{"alamatEntitas":"DE MACAU SOCIEDADE UNIPESSOAL LIMITADA,89 MOO 11 SAMKOK SENA ROAD,BANGNOMKO SENA AYUTTHAYA THAILAND THAILAND","kodeEntitas":"5","kodeNegara":"TH","namaEntitas":"SADESA (THAILAND)CO LTD O/B SADESA COMMERCIAL","seriEntitas":2},{"alamatEntitas":"JL LANUD SUKANI BUNTU LIGUNG KAB MAJALENGKA JAWA BARAT 45456","kodeEntitas":"7","kodeJenisApi":"7","kodeJenisIdentitas":"5","kodeStatus":"5","namaEntitas":"PT SHOETOWN LIGUNG INDONESIA","nomorIdentitas":"769849761451000","nomorIjinEntitas":"KEP-602/WBC.09/2018","tanggalIjinEntitas":"2018-07-12","seriEntitas":3},{"alamatEntitas":"MULIA BUSINESS PARK BUILDING F JL. MT. HARYONO KAV 58-60, JAKARTA","kodeEntitas":"4","kodeJenisIdentitas":"5","kodeStatus":"1","namaEntitas":"PT. BIROTIKA SEMESTA","nomorIdentitas":"013107743062000","seriEntitas":4}],"kemasan":[{"jumlahKemasan":1,"kodeJenisKemasan":"PK","seriKemasan":1,"merkKemasan":"DHL"}],"dokumen":[{"idDokumen":"1","kodeDokumen":"380","nomorDokumen":"3709875","seriDokumen":1,"tanggalDokumen":"2024-01-05"},{"idDokumen":"1","kodeDokumen":"740","nomorDokumen":"1448127693","seriDokumen":2,"tanggalDokumen":"2024-01-05"},{"idDokumen":"1","kodeDokumen":"741","nomorDokumen":"11901217145","seriDokumen":3,"tanggalDokumen":"2024-01-06"}],"pengangkut":[{"kodeBendera":"SG","namaPengangkut":"K MILE AIR","nomorPengangkut":"8K0804","kodeCaraAngkut":"4","seriPengangkut":1}]}
[11:24:36] response [kirim dokumen tpb - 00002303006520240110003934]
{"status":"OK","message":"Sukses, Data Berhasil Ditambahkan","idHeader":"e22c48a5-d89a-4678-8f41-c6834b024b84"}
[11:24:36] Resend data 1 nomor aju success!
[11:32:52] row item excel ke-2, column ke-0
[11:32:52] row item excel ke-2, column ke-1
[11:32:52] row item excel ke-2, column ke-2
[11:32:52] row item excel ke-2, column ke-3
[11:32:52] row item excel ke-2, column ke-4
[11:32:52] row item excel ke-2, column ke-5
[11:32:52] row item excel ke-2, column ke-6
[11:32:52] row item excel ke-2, column ke-7
[11:32:52] row item excel ke-2, column ke-8
[11:32:52] row item excel ke-2, column ke-9
[11:32:52] row item excel ke-2, column ke-10
[11:32:52] row item excel ke-2, column ke-11
[11:32:52] row item excel ke-2, column ke-12
[11:32:52] row item excel ke-2, column ke-13
[11:32:52] row item excel ke-2, column ke-14
[11:32:52] row item excel ke-2, column ke-15
[11:32:52] row item excel ke-2, column ke-16
[11:32:52] row item excel ke-2, column ke-17
[11:32:52] row item excel ke-2, column ke-18
[11:32:52] row item excel ke-2, column ke-19
[11:32:52] row item excel ke-2, column ke-20
[11:32:52] row item excel ke-2, column ke-21
[11:32:52] row item excel ke-2, column ke-22
[11:32:52] row item excel ke-2, column ke-23
[11:32:52] row item excel ke-2, column ke-24
[11:32:52] row item excel ke-2, column ke-25
[11:32:52] row item excel ke-2, column ke-26
[11:33:20] Token Access: eyJhbGciOiJSUzI1NiIsInR5cCIgOiAiSldUIiwia2lkIiA6ICIzbXo1OTYwdE9MbkhhT0JLTHRQSG15N2VmT0plQVo5UmVZdkJMOGxVZDhFIn0.eyJleHAiOjE3MDQ4NzE5MjksImlhdCI6MTcwNDg2MTEyOSwianRpIjoiYmE2NjgyZGYtODJiYi00ZmRhLWI4ZGMtNDJjYmJiMzUwYTVmIiwiaXNzIjoiaHR0cHM6Ly9zc28tc3NvLXBvcnRhbC5hcHBzLnByb2RkYy5jdXN0b21zLmdvLmlkL2F1dGgvcmVhbG1zL3BvcnRhbF9oMmgiLCJzdWIiOiI5YjI4OWU0MS01OGM5LTRhNDUtYjdkMi1hZTI4OTEyZjY2NWUiLCJ0eXAiOiJCZWFyZXIiLCJhenAiOiJwb3J0YWxfaDJoX2NsaWVudCIsInNlc3Npb25fc3RhdGUiOiJjZWIzMzg2Mi0wNzgzLTRkM2MtOGRmMC05OGU1NDk5MGFhOTgiLCJhY3IiOiIxIiwic2NvcGUiOiJvcGVuaWQgZW1haWwgcHJvZmlsZSIsInNpZCI6ImNlYjMzODYyLTA3ODMtNGQzYy04ZGYwLTk4ZTU0OTkwYWE5OCIsImVtYWlsX3ZlcmlmaWVkIjpmYWxzZSwibmFtZSI6IkFndXMgU2FlcHVkaW4iLCJpZGVudGl0YXMiOiIwMTMxMDc3NDMwNjIwMDAiLCJwcmVmZXJyZWRfdXNlcm5hbWUiOiJhc2FlcHVkaW4iLCJnaXZlbl9uYW1lIjoiQWd1cyBTYWVwdWRpbiIsImZhbWlseV9uYW1lIjoiIiwiZW1haWwiOiJhZ3VzLnNhZXB1ZGluQGRobC5jb20ifQ.Os4u9KWR-TMpVKtHYWDfM10Xw-zoliZ6QU56tvmn7pinVlHcdwj9epFys37USyCa-yZOu05el0X-CPxKjRpMa8_wig-IzRNoDFQQEYnxld8w7hCh0mKypd_BMaY4bw9YuYoyQhJLLkggcsgEMiH_YOZbqORFEEowUaZ5mp4t-pU75jxQGys-OalhFSwLVyKgUtPwmrq5rBxrl5EefTOEB5k-I90r_kPvV3oWF6MWA6y01Wl6kEUZXyCtXElRyrxOCnRc6aoushUxBOKKWbjlXbYcjhJWIfpVo8AWo_jtZSWU5e0yMzh0FYbBCLzQuATtpIDTIOFK1nXbJi9Oyk7fWQ
[11:33:20] Token ID: eyJhbGciOiJSUzI1NiIsInR5cCIgOiAiSldUIiwia2lkIiA6ICIzbXo1OTYwdE9MbkhhT0JLTHRQSG15N2VmT0plQVo5UmVZdkJMOGxVZDhFIn0.eyJleHAiOjE3MDQ4NzE5MjksImlhdCI6MTcwNDg2MTEyOSwiYXV0aF90aW1lIjowLCJqdGkiOiJiNGYxMjVkMS0zYzcxLTQ0Y2MtYjliNi00NmE0MTVhNWI2M2IiLCJpc3MiOiJodHRwczovL3Nzby1zc28tcG9ydGFsLmFwcHMucHJvZGRjLmN1c3RvbXMuZ28uaWQvYXV0aC9yZWFsbXMvcG9ydGFsX2gyaCIsImF1ZCI6InBvcnRhbF9oMmhfY2xpZW50Iiwic3ViIjoiOWIyODllNDEtNThjOS00YTQ1LWI3ZDItYWUyODkxMmY2NjVlIiwidHlwIjoiSUQiLCJhenAiOiJwb3J0YWxfaDJoX2NsaWVudCIsInNlc3Npb25fc3RhdGUiOiJjZWIzMzg2Mi0wNzgzLTRkM2MtOGRmMC05OGU1NDk5MGFhOTgiLCJhdF9oYXNoIjoieVYxQndyYjF2NU5IUk1IMXFHZ01IZyIsImFjciI6IjEiLCJzaWQiOiJjZWIzMzg2Mi0wNzgzLTRkM2MtOGRmMC05OGU1NDk5MGFhOTgiLCJlbWFpbF92ZXJpZmllZCI6ZmFsc2UsIm5hbWUiOiJBZ3VzIFNhZXB1ZGluIiwiaWRlbnRpdGFzIjoiMDEzMTA3NzQzMDYyMDAwIiwicHJlZmVycmVkX3VzZXJuYW1lIjoiYXNhZXB1ZGluIiwiZ2l2ZW5fbmFtZSI6IkFndXMgU2FlcHVkaW4iLCJmYW1pbHlfbmFtZSI6IiIsImVtYWlsIjoiYWd1cy5zYWVwdWRpbkBkaGwuY29tIn0.RNf064RVi1133G1VeerFm8NnchvKwcuY8eZaKWnftyYA90NGVUQRtlvvgQK3JWAAvo5ZqCbxpeWqSK8u740nKRzyyyAVS3I0oRZzcj97vpx8e66QwE9fCvZBXyeiAN7GVSpjLUFA_76gvGLWcPI8vXag3CPgky21aCw8E21Y0w1j9n7eo7zS6QQBlgU3WbLQYVzOUsy33Naxu9gSFIsT84LCUoEdK0zsQXaM6AL95RS5Xv2tlcjyRdNkq599c0TLn6vo4ZJRtkvizJuD8yS4_cFX8z2_dM1qZqPmXCgev7uYTOLPjHH5LznmiadEt40LeMiAQfycqfI6YI_f2Oqtrw
[11:33:23] {"asalData":"S","asuransi":0.34,"bruto":3.0,"cif":68.32,"fob":61.91,"freight":6.07,"hargaPenyerahan":0,"jabatanTtd":"PPJK","jumlahKontainer":0,"kodeAsuransi":"LN","kodeDokumen":"23","kodeIncoterm":"FOB","kodeKantor":"050700","kodeKantorBongkar":"050100","kodePelBongkar":"IDCGK","kodePelMuat":"THBKK","kodePelTransit":"SGSIN","kodeTps":"GJDC","kodeTujuanTpb":"1","kodeTutupPu":"11","kodeValuta":"USD","kotaTtd":"JAKARTA","namaTtd":"BARTOLOMEUS EKO VATAR","ndpbm":15503.0,"netto":2.7,"nik":"0018/KA-A5/111 TAHUN 2019","nilaiBarang":61.91,"nomorAju":"00002303006520240110003934","nomorBc11":"000963","posBc11":"0004","seri":0,"subposBc11":"00850000","tanggalBc11":"2024-01-07","tanggalTiba":"2024-01-07","tanggalTtd":"2024-01-10","biayaTambahan":0,"biayaPengurang":0,"kodeKenaPajak":"1","barang":[{"idBarang":"1","asuransi":0.34,"cif":68.32,"diskon":0,"fob":61.91,"freight":6.07,"hargaEkspor":0,"hargaPenyerahan":0,"hargaSatuan":61.28,"isiPerKemasan":0,"jumlahKemasan":1,"jumlahSatuan":31.75,"kodeBarang":"977565","kodeDokumen":"23","kodeKategoriBarang":"11","kodeJenisKemasan":"PK","kodeNegaraAsal":"TH","kodePerhitungan":"0","kodeSatuanBarang":"FTK","merk":"-","netto":2.7,"nilaiBarang":61.91,"nilaiTambah":0,"posTarif":"41079900","seriBarang":1,"spesifikasiLain":"-","tipe":"-","ukuran":"-","uraian":"10LCSI Pale Ivory 1.4-1.6MM (PM) PIGMENTED SOFT (COLOR PILOT)[PP/L/TG 0515]","ndpbm":15503.0,"cifRupiah":1059163.41,"hargaPerolehan":0,"kodeAsalBahanBaku":"0","barangTarif":[{"kodeJenisTarif":"1","jumlahSatuan":31.75,"kodeFasilitasTarif":"3","kodeSatuanBarang":"FTK","kodeJenisPungutan":"BM","nilaiBayar":0.0,"nilaiFasilitas":0.0,"nilaiSudahDilunasi":0.0,"seriBarang":1,"tarif":0.0,"tarifFasilitas":100},{"kodeJenisTarif":"1","jumlahSatuan":31.75,"kodeFasilitasTarif":"6","kodeSatuanBarang":"FTK","kodeJenisPungutan":"PPH","nilaiBayar":0.0,"nilaiFasilitas":26479.12,"nilaiSudahDilunasi":0.0,"seriBarang":1,"tarif":2.5,"tarifFasilitas":100},{"kodeJenisTarif":"1","jumlahSatuan":31.75,"kodeFasilitasTarif":"6","kodeSatuanBarang":"FTK","kodeJenisPungutan":"PPN","nilaiBayar":0.0,"nilaiFasilitas":116508.15,"nilaiSudahDilunasi":0.0,"seriBarang":1,"tarif":11.0,"tarifFasilitas":100}],"barangDokumen":[{"seriDokumen":"1"}]}],"entitas":[{"alamatEntitas":"JL LANUD SUKANI BUNTU LIGUNG KAB MAJALENGKA JAWA BARAT 45456","kodeEntitas":"3","kodeJenisIdentitas":"5","namaEntitas":"PT SHOETOWN LIGUNG INDONESIA","nibEntitas":"8120002981383","nomorIdentitas":"769849761451000","tanggalIjinEntitas":"2018-07-12","nomorIjinEntitas":"KEP-602/WBC.09/2018","seriEntitas":1},{"alamatEntitas":"DE MACAU SOCIEDADE UNIPESSOAL LIMITADA,89 MOO 11 SAMKOK SENA ROAD,BANGNOMKO SENA AYUTTHAYA THAILAND THAILAND","kodeEntitas":"5","kodeNegara":"TH","namaEntitas":"SADESA (THAILAND)CO LTD O/B SADESA COMMERCIAL","seriEntitas":2},{"alamatEntitas":"JL LANUD SUKANI BUNTU LIGUNG KAB MAJALENGKA JAWA BARAT 45456","kodeEntitas":"7","kodeJenisApi":"7","kodeJenisIdentitas":"5","kodeStatus":"5","namaEntitas":"PT SHOETOWN LIGUNG INDONESIA","nomorIdentitas":"769849761451000","nomorIjinEntitas":"KEP-602/WBC.09/2018","tanggalIjinEntitas":"2018-07-12","seriEntitas":3},{"alamatEntitas":"MULIA BUSINESS PARK BUILDING F JL. MT. HARYONO KAV 58-60, JAKARTA","kodeEntitas":"4","kodeJenisIdentitas":"5","kodeStatus":"1","namaEntitas":"PT. BIROTIKA SEMESTA","nomorIdentitas":"013107743062000","seriEntitas":4}],"kemasan":[{"jumlahKemasan":1,"kodeJenisKemasan":"PK","seriKemasan":1,"merkKemasan":"DHL"}],"dokumen":[{"idDokumen":"1","kodeDokumen":"380","nomorDokumen":"3709875","seriDokumen":1,"tanggalDokumen":"2024-01-05"},{"idDokumen":"1","kodeDokumen":"740","nomorDokumen":"1448127693","seriDokumen":2,"tanggalDokumen":"2024-01-05"},{"idDokumen":"1","kodeDokumen":"741","nomorDokumen":"11901217145","seriDokumen":3,"tanggalDokumen":"2024-01-06"}],"pengangkut":[{"kodeBendera":"SG","namaPengangkut":"K MILE AIR","nomorPengangkut":"8K0804","kodeCaraAngkut":"4","seriPengangkut":1}]}
[11:33:26] response [kirim dokumen tpb - 00002303006520240110003934]
{"status":"OK","message":"Sukses, Data Berhasil Ditambahkan","idHeader":"e22c48a5-d89a-4678-8f41-c6834b024b84"}
[11:33:26] Resend data 1 nomor aju success!
[11:34:40] Token Access: eyJhbGciOiJSUzI1NiIsInR5cCIgOiAiSldUIiwia2lkIiA6ICIzbXo1OTYwdE9MbkhhT0JLTHRQSG15N2VmT0plQVo5UmVZdkJMOGxVZDhFIn0.eyJleHAiOjE3MDQ4NzIwNTcsImlhdCI6MTcwNDg2MTI1NywianRpIjoiODllOGM3MGUtOGUzMC00NDY1LWJjY2UtZjc0YTUzNTJlMDJlIiwiaXNzIjoiaHR0cHM6Ly9zc28tc3NvLXBvcnRhbC5hcHBzLnByb2RkYy5jdXN0b21zLmdvLmlkL2F1dGgvcmVhbG1zL3BvcnRhbF9oMmgiLCJzdWIiOiI5YjI4OWU0MS01OGM5LTRhNDUtYjdkMi1hZTI4OTEyZjY2NWUiLCJ0eXAiOiJCZWFyZXIiLCJhenAiOiJwb3J0YWxfaDJoX2NsaWVudCIsInNlc3Npb25fc3RhdGUiOiJjZWIzMzg2Mi0wNzgzLTRkM2MtOGRmMC05OGU1NDk5MGFhOTgiLCJhY3IiOiIxIiwic2NvcGUiOiJvcGVuaWQgZW1haWwgcHJvZmlsZSIsInNpZCI6ImNlYjMzODYyLTA3ODMtNGQzYy04ZGYwLTk4ZTU0OTkwYWE5OCIsImVtYWlsX3ZlcmlmaWVkIjpmYWxzZSwibmFtZSI6IkFndXMgU2FlcHVkaW4iLCJpZGVudGl0YXMiOiIwMTMxMDc3NDMwNjIwMDAiLCJwcmVmZXJyZWRfdXNlcm5hbWUiOiJhc2FlcHVkaW4iLCJnaXZlbl9uYW1lIjoiQWd1cyBTYWVwdWRpbiIsImZhbWlseV9uYW1lIjoiIiwiZW1haWwiOiJhZ3VzLnNhZXB1ZGluQGRobC5jb20ifQ.N3-vnNK_gO0HG1Lw1iyQH_RVWXPWHAzW9pq0M54-oiIvK7GXFo_CsORjXfWxOFYsOPT3QH2-ZYqtQcuO9eJYh4hGtH_CirCuq9g4h3o4EEmsM-pM13Nav0xImVvY6zjzyodvcD5UELy5gymK6c2w2P-Rz1NbYIS6PmhKpZTcpvR4cSTP71feqKy4JrjcJ-W6Idkx7XxqFWPRuDLAKsFX6bchO5qBlWJkPomRo4ZJIsDFg63ozuywZA_bWJUOtAymxHHa6-QJvIaGdmmg0fo9NcFYK9EHJfi1geOIlHVuGnr_AXCf-H5BKp1PBXziZ2IwVSB368DJEPAoYln8j9klHg
[11:34:40] response aju 00002303006520240110003934
{"dataStatus":[{"nomorAju":"00002303006520240110003934","nomorDaftar":null,"tanggalDaftar":null,"kodeProses":"240","waktuStatus":"2024-01-10 11:34:30.131","keterangan":"Penjaluran","kodeDokumen":"23"},{"nomorAju":"00002303006520240110003934","nomorDaftar":null,"tanggalDaftar":null,"kodeProses":"110","waktuStatus":"2024-01-10 11:33:23","keterangan":"Validasi","kodeDokumen":"23"},{"nomorAju":"00002303006520240110003934","nomorDaftar":null,"tanggalDaftar":null,"kodeProses":"230","waktuStatus":"2024-01-10 11:34:13.107","keterangan":"Siap Jalur","kodeDokumen":"23"},{"nomorAju":"00002303006520240110003934","nomorDaftar":null,"tanggalDaftar":null,"kodeProses":"120","waktuStatus":"2024-01-10 11:25:16.2","keterangan":"Reject","kodeDokumen":"23"}],"dataRespon":[{"nomorAju":"00002303006520240110003934","kodeRespon":"2301","nomorDaftar":null,"tanggalDaftar":null,"nomorRespon":null,"tanggalRespon":null,"waktuRespon":"2024-01-10 11:25:16.245","keterangan":"REJECT","pesan":["KURS TIDAK SESUAI"],"pdf":"respon/2024/1/10/11/5af50419-7678-43c2-9a65-9b4cec7baed8-responAwal-a610d708-ff99-4faf-8d07-8138bbd383d1.pdf","kodeDokumen":"23","billingPungutans":null},{"nomorAju":"00002303006520240110003934","kodeRespon":"2301","nomorDaftar":null,"tanggalDaftar":null,"nomorRespon":null,"tanggalRespon":null,"waktuRespon":"2024-01-10 11:09:23.576","keterangan":"REJECT","pesan":["KURS TIDAK SESUAI"],"pdf":"respon/2024/1/10/11/39524147-4f40-4540-a265-2960345ef0bb-responAwal-7767cab1-f36a-42ef-927a-f2338f192974.pdf","kodeDokumen":"23","billingPungutans":null}],"status":"Success","message":"Data Ditemukan"}
[11:34:41] insert data status success
[11:34:41] insert data response success
[11:34:41] update latest response success
[11:35:47] Token Access: eyJhbGciOiJSUzI1NiIsInR5cCIgOiAiSldUIiwia2lkIiA6ICIzbXo1OTYwdE9MbkhhT0JLTHRQSG15N2VmT0plQVo5UmVZdkJMOGxVZDhFIn0.eyJleHAiOjE3MDQ4NzIwNTcsImlhdCI6MTcwNDg2MTI1NywianRpIjoiODllOGM3MGUtOGUzMC00NDY1LWJjY2UtZjc0YTUzNTJlMDJlIiwiaXNzIjoiaHR0cHM6Ly9zc28tc3NvLXBvcnRhbC5hcHBzLnByb2RkYy5jdXN0b21zLmdvLmlkL2F1dGgvcmVhbG1zL3BvcnRhbF9oMmgiLCJzdWIiOiI5YjI4OWU0MS01OGM5LTRhNDUtYjdkMi1hZTI4OTEyZjY2NWUiLCJ0eXAiOiJCZWFyZXIiLCJhenAiOiJwb3J0YWxfaDJoX2NsaWVudCIsInNlc3Npb25fc3RhdGUiOiJjZWIzMzg2Mi0wNzgzLTRkM2MtOGRmMC05OGU1NDk5MGFhOTgiLCJhY3IiOiIxIiwic2NvcGUiOiJvcGVuaWQgZW1haWwgcHJvZmlsZSIsInNpZCI6ImNlYjMzODYyLTA3ODMtNGQzYy04ZGYwLTk4ZTU0OTkwYWE5OCIsImVtYWlsX3ZlcmlmaWVkIjpmYWxzZSwibmFtZSI6IkFndXMgU2FlcHVkaW4iLCJpZGVudGl0YXMiOiIwMTMxMDc3NDMwNjIwMDAiLCJwcmVmZXJyZWRfdXNlcm5hbWUiOiJhc2FlcHVkaW4iLCJnaXZlbl9uYW1lIjoiQWd1cyBTYWVwdWRpbiIsImZhbWlseV9uYW1lIjoiIiwiZW1haWwiOiJhZ3VzLnNhZXB1ZGluQGRobC5jb20ifQ.N3-vnNK_gO0HG1Lw1iyQH_RVWXPWHAzW9pq0M54-oiIvK7GXFo_CsORjXfWxOFYsOPT3QH2-ZYqtQcuO9eJYh4hGtH_CirCuq9g4h3o4EEmsM-pM13Nav0xImVvY6zjzyodvcD5UELy5gymK6c2w2P-Rz1NbYIS6PmhKpZTcpvR4cSTP71feqKy4JrjcJ-W6Idkx7XxqFWPRuDLAKsFX6bchO5qBlWJkPomRo4ZJIsDFg63ozuywZA_bWJUOtAymxHHa6-QJvIaGdmmg0fo9NcFYK9EHJfi1geOIlHVuGnr_AXCf-H5BKp1PBXziZ2IwVSB368DJEPAoYln8j9klHg
[11:35:48] response aju 00002303006520240110003934
{"dataStatus":[{"nomorAju":"00002303006520240110003934","nomorDaftar":"600652","tanggalDaftar":"10-01-2024","kodeProses":"230","waktuStatus":"2024-01-10 11:34:13.107","keterangan":"Siap Jalur","kodeDokumen":"23"},{"nomorAju":"00002303006520240110003934","nomorDaftar":"600652","tanggalDaftar":"10-01-2024","kodeProses":"501","waktuStatus":"2024-01-10 11:35:00.596","keterangan":"Gate Out TPS","kodeDokumen":"23"},{"nomorAju":"00002303006520240110003934","nomorDaftar":"600652","tanggalDaftar":"10-01-2024","kodeProses":"120","waktuStatus":"2024-01-10 11:25:16.2","keterangan":"Reject","kodeDokumen":"23"},{"nomorAju":"00002303006520240110003934","nomorDaftar":"600652","tanggalDaftar":"10-01-2024","kodeProses":"110","waktuStatus":"2024-01-10 11:33:23","keterangan":"Validasi","kodeDokumen":"23"},{"nomorAju":"00002303006520240110003934","nomorDaftar":"600652","tanggalDaftar":"10-01-2024","kodeProses":"240","waktuStatus":"2024-01-10 11:34:30.131","keterangan":"Penjaluran","kodeDokumen":"23"}],"dataRespon":[{"nomorAju":"00002303006520240110003934","kodeRespon":"2303","nomorDaftar":"600652","tanggalDaftar":"2024-01-10 11:35:00","nomorRespon":"600652/KBC.0904/2024","tanggalRespon":"2024-01-10 11:35:00","waktuRespon":"2024-01-10 11:35:00","keterangan":"SPPB","pesan":[],"pdf":null,"kodeDokumen":"23","billingPungutans":null},{"nomorAju":"00002303006520240110003934","kodeRespon":"2301","nomorDaftar":"600652","tanggalDaftar":"2024-01-10 11:35:00","nomorRespon":null,"tanggalRespon":null,"waktuRespon":"2024-01-10 11:25:16.245","keterangan":"REJECT","pesan":["KURS TIDAK SESUAI"],"pdf":"respon/2024/1/10/11/5af50419-7678-43c2-9a65-9b4cec7baed8-responAwal-a610d708-ff99-4faf-8d07-8138bbd383d1.pdf","kodeDokumen":"23","billingPungutans":null},{"nomorAju":"00002303006520240110003934","kodeRespon":"2301","nomorDaftar":"600652","tanggalDaftar":"2024-01-10 11:35:00","nomorRespon":null,"tanggalRespon":null,"waktuRespon":"2024-01-10 11:09:23.576","keterangan":"REJECT","pesan":["KURS TIDAK SESUAI"],"pdf":"respon/2024/1/10/11/39524147-4f40-4540-a265-2960345ef0bb-responAwal-7767cab1-f36a-42ef-927a-f2338f192974.pdf","kodeDokumen":"23","billingPungutans":null}],"status":"Success","message":"Data Ditemukan"}
[11:35:48] insert data status success
[11:35:53] insert data response success
[11:35:53] update latest response success
