[16:35:45] LOAD DATA BARANG '6834244266' : 1 Rows..
[16:35:45] Token Access: eyJhbGciOiJSUzI1NiIsInR5cCIgOiAiSldUIiwia2lkIiA6ICIzbXo1OTYwdE9MbkhhT0JLTHRQSG15N2VmT0plQVo5UmVZdkJMOGxVZDhFIn0.eyJleHAiOjE3MTMzNTAwOTcsImlhdCI6MTcxMzM0NjQ5NywianRpIjoiOGRmOWI2ZjUtNjhhNS00YmM2LTlmNGUtYWQyNjVjNDI3NzgwIiwiaXNzIjoiaHR0cHM6Ly9zc28tc3NvLXBvcnRhbC5hcHBzLnByb2RkYy5jdXN0b21zLmdvLmlkL2F1dGgvcmVhbG1zL3BvcnRhbF9oMmgiLCJzdWIiOiI5YjI4OWU0MS01OGM5LTRhNDUtYjdkMi1hZTI4OTEyZjY2NWUiLCJ0eXAiOiJCZWFyZXIiLCJhenAiOiJwb3J0YWxfaDJoX2NsaWVudCIsInNlc3Npb25fc3RhdGUiOiI3NTU1NDczYy1iNzMyLTQ1ZmQtYjE4My1lOTliYjUyMmUyMGMiLCJhY3IiOiIxIiwic2NvcGUiOiJvcGVuaWQgZW1haWwgcHJvZmlsZSIsInNpZCI6Ijc1NTU0NzNjLWI3MzItNDVmZC1iMTgzLWU5OWJiNTIyZTIwYyIsImVtYWlsX3ZlcmlmaWVkIjpmYWxzZSwibmFtZSI6IkFndXMgU2FlcHVkaW4iLCJpZGVudGl0YXMiOiIwMTMxMDc3NDMwNjIwMDAiLCJwcmVmZXJyZWRfdXNlcm5hbWUiOiJhc2FlcHVkaW4iLCJnaXZlbl9uYW1lIjoiQWd1cyBTYWVwdWRpbiIsImZhbWlseV9uYW1lIjoiIiwiZW1haWwiOiJhZ3VzLnNhZXB1ZGluQGRobC5jb20ifQ.YpdygSJ-nNnNS697WJ51Jo85xGkYtRZQcOfvV2chjFQHgj6j5h50mD89zuETjlwGVAJT3-cAFkWQHX2AuKfim3bG2b12eRaU-yvpaSyXnaHyI4ujvAMHI3GdGulInKpzv9MWj3jaYV1qsqdN2pxZLajoE4_DbHRlclVe5rm7h9LftIRmq92HJTYLanMXGVn26a5P3GLaGu43qBMDbP6PhoMliYIWSnDarFgpjn4v88V0QxjZL9UNVXDjXY8pP4mgi8st7jkQESo0TXnK4qdW_iRpvc6fxvhdh4-R07HUIt6YUcTwAqoI4ph94XOMVWoLn2J53F6xACbmOkRV2Bx7zw
[16:35:46] response kurs HKD
{"status":"true","message":"success","data":[{"nilaiKurs":"2030.6"}]}
[16:35:48] LOAD DATA HEADER '6834244266' : 1 Rows..
[16:35:48] LOAD DATA TARIF '6834244266' : 1 Rows..
[16:35:48] LOAD DATA ENTITAS '6834244266' : 1 Rows..
[16:35:48] LOAD DATA KEMASAN '6834244266' : 1 Rows..
[16:35:49] LOAD DATA PENGANGKUT '6834244266' : 1 Rows..
[16:36:03] row item excel ke-2, column ke-0
[16:36:03] row item excel ke-2, column ke-1
[16:36:03] row item excel ke-2, column ke-2
[16:36:03] row item excel ke-2, column ke-3
[16:36:03] row item excel ke-2, column ke-4
[16:36:03] row item excel ke-2, column ke-5
[16:36:03] row item excel ke-2, column ke-6
[16:36:03] row item excel ke-2, column ke-7
[16:36:03] row item excel ke-2, column ke-8
[16:36:03] row item excel ke-2, column ke-9
[16:36:03] row item excel ke-2, column ke-10
[16:36:03] row item excel ke-2, column ke-11
[16:36:03] row item excel ke-2, column ke-12
[16:36:03] row item excel ke-2, column ke-13
[16:36:03] row item excel ke-2, column ke-14
[16:36:03] row item excel ke-2, column ke-15
[16:36:03] row item excel ke-2, column ke-16
[16:36:03] row item excel ke-2, column ke-17
[16:36:03] row item excel ke-2, column ke-18
[16:36:03] row item excel ke-2, column ke-19
[16:36:03] row item excel ke-2, column ke-20
[16:36:03] row item excel ke-2, column ke-21
[16:36:03] row item excel ke-2, column ke-22
[16:36:03] row item excel ke-2, column ke-23
[16:36:03] row item excel ke-2, column ke-24
[16:36:03] row item excel ke-2, column ke-25
[16:36:03] row item excel ke-2, column ke-26
[16:36:03] row item excel ke-3, column ke-0
[16:36:03] row item excel ke-3, column ke-1
[16:36:03] row item excel ke-3, column ke-2
[16:36:03] row item excel ke-3, column ke-3
[16:36:03] row item excel ke-3, column ke-4
[16:36:03] row item excel ke-3, column ke-5
[16:36:03] row item excel ke-3, column ke-6
[16:36:03] row item excel ke-3, column ke-7
[16:36:03] row item excel ke-3, column ke-8
[16:36:03] row item excel ke-3, column ke-9
[16:36:03] row item excel ke-3, column ke-10
[16:36:03] row item excel ke-3, column ke-11
[16:36:03] row item excel ke-3, column ke-12
[16:36:03] row item excel ke-3, column ke-13
[16:36:03] row item excel ke-3, column ke-14
[16:36:03] row item excel ke-3, column ke-15
[16:36:03] row item excel ke-3, column ke-16
[16:36:03] row item excel ke-3, column ke-17
[16:36:03] row item excel ke-3, column ke-18
[16:36:03] row item excel ke-3, column ke-19
[16:36:03] row item excel ke-3, column ke-20
[16:36:03] row item excel ke-3, column ke-21
[16:36:03] row item excel ke-3, column ke-22
[16:36:03] row item excel ke-3, column ke-23
[16:36:03] row item excel ke-3, column ke-24
[16:36:03] row item excel ke-3, column ke-25
[16:36:03] row item excel ke-3, column ke-26
[16:36:03] row item excel ke-4, column ke-0
[16:36:03] row item excel ke-4, column ke-1
[16:36:03] row item excel ke-4, column ke-2
[16:36:03] row item excel ke-4, column ke-3
[16:36:03] row item excel ke-4, column ke-4
[16:36:03] row item excel ke-4, column ke-5
[16:36:03] row item excel ke-4, column ke-6
[16:36:03] row item excel ke-4, column ke-7
[16:36:03] row item excel ke-4, column ke-8
[16:36:03] row item excel ke-4, column ke-9
[16:36:03] row item excel ke-4, column ke-10
[16:36:03] row item excel ke-4, column ke-11
[16:36:03] row item excel ke-4, column ke-12
[16:36:03] row item excel ke-4, column ke-13
[16:36:03] row item excel ke-4, column ke-14
[16:36:03] row item excel ke-4, column ke-15
[16:36:03] row item excel ke-4, column ke-16
[16:36:03] row item excel ke-4, column ke-17
[16:36:03] row item excel ke-4, column ke-18
[16:36:03] row item excel ke-4, column ke-19
[16:36:03] row item excel ke-4, column ke-20
[16:36:03] row item excel ke-4, column ke-21
[16:36:03] row item excel ke-4, column ke-22
[16:36:03] row item excel ke-4, column ke-23
[16:36:03] row item excel ke-4, column ke-24
[16:36:03] row item excel ke-4, column ke-25
[16:36:03] row item excel ke-4, column ke-26
[16:36:03] row item excel ke-5, column ke-0
[16:36:03] row item excel ke-5, column ke-1
[16:36:03] row item excel ke-5, column ke-2
[16:36:03] row item excel ke-5, column ke-3
[16:36:03] row item excel ke-5, column ke-4
[16:36:03] row item excel ke-5, column ke-5
[16:36:03] row item excel ke-5, column ke-6
[16:36:03] row item excel ke-5, column ke-7
[16:36:03] row item excel ke-5, column ke-8
[16:36:03] row item excel ke-5, column ke-9
[16:36:03] row item excel ke-5, column ke-10
[16:36:03] row item excel ke-5, column ke-11
[16:36:03] row item excel ke-5, column ke-12
[16:36:03] row item excel ke-5, column ke-13
[16:36:03] row item excel ke-5, column ke-14
[16:36:03] row item excel ke-5, column ke-15
[16:36:03] row item excel ke-5, column ke-16
[16:36:03] row item excel ke-5, column ke-17
[16:36:03] row item excel ke-5, column ke-18
[16:36:03] row item excel ke-5, column ke-19
[16:36:03] row item excel ke-5, column ke-20
[16:36:03] row item excel ke-5, column ke-21
[16:36:03] row item excel ke-5, column ke-22
[16:36:03] row item excel ke-5, column ke-23
[16:36:03] row item excel ke-5, column ke-24
[16:36:03] row item excel ke-5, column ke-25
[16:36:03] row item excel ke-5, column ke-26
[16:36:03] row item excel ke-6, column ke-0
[16:36:03] row item excel ke-6, column ke-1
[16:36:03] row item excel ke-6, column ke-2
[16:36:03] row item excel ke-6, column ke-3
[16:36:03] row item excel ke-6, column ke-4
[16:36:03] row item excel ke-6, column ke-5
[16:36:03] row item excel ke-6, column ke-6
[16:36:03] row item excel ke-6, column ke-7
[16:36:03] row item excel ke-6, column ke-8
[16:36:03] row item excel ke-6, column ke-9
[16:36:03] row item excel ke-6, column ke-10
[16:36:03] row item excel ke-6, column ke-11
[16:36:03] row item excel ke-6, column ke-12
[16:36:03] row item excel ke-6, column ke-13
[16:36:03] row item excel ke-6, column ke-14
[16:36:03] row item excel ke-6, column ke-15
[16:36:03] row item excel ke-6, column ke-16
[16:36:03] row item excel ke-6, column ke-17
[16:36:03] row item excel ke-6, column ke-18
[16:36:03] row item excel ke-6, column ke-19
[16:36:03] row item excel ke-6, column ke-20
[16:36:03] row item excel ke-6, column ke-21
[16:36:03] row item excel ke-6, column ke-22
[16:36:03] row item excel ke-6, column ke-23
[16:36:03] row item excel ke-6, column ke-24
[16:36:03] row item excel ke-6, column ke-25
[16:36:03] row item excel ke-6, column ke-26
[16:36:03] row item excel ke-7, column ke-0
[16:36:03] row item excel ke-7, column ke-1
[16:36:03] row item excel ke-7, column ke-2
[16:36:03] row item excel ke-7, column ke-3
[16:36:03] row item excel ke-7, column ke-4
[16:36:03] row item excel ke-7, column ke-5
[16:36:03] row item excel ke-7, column ke-6
[16:36:03] row item excel ke-7, column ke-7
[16:36:03] row item excel ke-7, column ke-8
[16:36:03] row item excel ke-7, column ke-9
[16:36:03] row item excel ke-7, column ke-10
[16:36:03] row item excel ke-7, column ke-11
[16:36:03] row item excel ke-7, column ke-12
[16:36:03] row item excel ke-7, column ke-13
[16:36:03] row item excel ke-7, column ke-14
[16:36:03] row item excel ke-7, column ke-15
[16:36:03] row item excel ke-7, column ke-16
[16:36:03] row item excel ke-7, column ke-17
[16:36:03] row item excel ke-7, column ke-18
[16:36:03] row item excel ke-7, column ke-19
[16:36:03] row item excel ke-7, column ke-20
[16:36:03] row item excel ke-7, column ke-21
[16:36:03] row item excel ke-7, column ke-22
[16:36:03] row item excel ke-7, column ke-23
[16:36:03] row item excel ke-7, column ke-24
[16:36:03] row item excel ke-7, column ke-25
[16:36:03] row item excel ke-7, column ke-26
[16:36:03] row item excel ke-8, column ke-0
[16:36:03] row item excel ke-8, column ke-1
[16:36:03] row item excel ke-8, column ke-2
[16:36:03] row item excel ke-8, column ke-3
[16:36:03] row item excel ke-8, column ke-4
[16:36:03] row item excel ke-8, column ke-5
[16:36:03] row item excel ke-8, column ke-6
[16:36:03] row item excel ke-8, column ke-7
[16:36:03] row item excel ke-8, column ke-8
[16:36:03] row item excel ke-8, column ke-9
[16:36:03] row item excel ke-8, column ke-10
[16:36:03] row item excel ke-8, column ke-11
[16:36:03] row item excel ke-8, column ke-12
[16:36:03] row item excel ke-8, column ke-13
[16:36:03] row item excel ke-8, column ke-14
[16:36:03] row item excel ke-8, column ke-15
[16:36:03] row item excel ke-8, column ke-16
[16:36:03] row item excel ke-8, column ke-17
[16:36:03] row item excel ke-8, column ke-18
[16:36:03] row item excel ke-8, column ke-19
[16:36:03] row item excel ke-8, column ke-20
[16:36:03] row item excel ke-8, column ke-21
[16:36:03] row item excel ke-8, column ke-22
[16:36:03] row item excel ke-8, column ke-23
[16:36:03] row item excel ke-8, column ke-24
[16:36:03] row item excel ke-8, column ke-25
[16:36:03] row item excel ke-8, column ke-26
[16:36:03] row item excel ke-9, column ke-0
[16:36:03] row item excel ke-9, column ke-1
[16:36:03] row item excel ke-9, column ke-2
[16:36:03] row item excel ke-9, column ke-3
[16:36:03] row item excel ke-9, column ke-4
[16:36:03] row item excel ke-9, column ke-5
[16:36:03] row item excel ke-9, column ke-6
[16:36:03] row item excel ke-9, column ke-7
[16:36:03] row item excel ke-9, column ke-8
[16:36:03] row item excel ke-9, column ke-9
[16:36:03] row item excel ke-9, column ke-10
[16:36:03] row item excel ke-9, column ke-11
[16:36:03] row item excel ke-9, column ke-12
[16:36:03] row item excel ke-9, column ke-13
[16:36:03] row item excel ke-9, column ke-14
[16:36:03] row item excel ke-9, column ke-15
[16:36:03] row item excel ke-9, column ke-16
[16:36:03] row item excel ke-9, column ke-17
[16:36:03] row item excel ke-9, column ke-18
[16:36:03] row item excel ke-9, column ke-19
[16:36:03] row item excel ke-9, column ke-20
[16:36:03] row item excel ke-9, column ke-21
[16:36:03] row item excel ke-9, column ke-22
[16:36:03] row item excel ke-9, column ke-23
[16:36:03] row item excel ke-9, column ke-24
[16:36:03] row item excel ke-9, column ke-25
[16:36:03] row item excel ke-9, column ke-26
[16:36:22] Input string was not in a correct format.
[16:38:07] row item excel ke-2, column ke-0
[16:38:07] row item excel ke-2, column ke-1
[16:38:07] row item excel ke-2, column ke-2
[16:38:07] row item excel ke-2, column ke-3
[16:38:07] row item excel ke-2, column ke-4
[16:38:07] row item excel ke-2, column ke-5
[16:38:07] row item excel ke-2, column ke-6
[16:38:07] row item excel ke-2, column ke-7
[16:38:07] row item excel ke-2, column ke-8
[16:38:07] row item excel ke-2, column ke-9
[16:38:07] row item excel ke-2, column ke-10
[16:38:07] row item excel ke-2, column ke-11
[16:38:07] row item excel ke-2, column ke-12
[16:38:07] row item excel ke-2, column ke-13
[16:38:07] row item excel ke-2, column ke-14
[16:38:07] row item excel ke-2, column ke-15
[16:38:07] row item excel ke-2, column ke-16
[16:38:07] row item excel ke-2, column ke-17
[16:38:07] row item excel ke-2, column ke-18
[16:38:07] row item excel ke-2, column ke-19
[16:38:07] row item excel ke-2, column ke-20
[16:38:07] row item excel ke-2, column ke-21
[16:38:07] row item excel ke-2, column ke-22
[16:38:07] row item excel ke-2, column ke-23
[16:38:07] row item excel ke-2, column ke-24
[16:38:07] row item excel ke-2, column ke-25
[16:38:07] row item excel ke-2, column ke-26
[16:38:07] row item excel ke-3, column ke-0
[16:38:07] row item excel ke-3, column ke-1
[16:38:07] row item excel ke-3, column ke-2
[16:38:07] row item excel ke-3, column ke-3
[16:38:07] row item excel ke-3, column ke-4
[16:38:07] row item excel ke-3, column ke-5
[16:38:07] row item excel ke-3, column ke-6
[16:38:07] row item excel ke-3, column ke-7
[16:38:07] row item excel ke-3, column ke-8
[16:38:07] row item excel ke-3, column ke-9
[16:38:07] row item excel ke-3, column ke-10
[16:38:07] row item excel ke-3, column ke-11
[16:38:07] row item excel ke-3, column ke-12
[16:38:07] row item excel ke-3, column ke-13
[16:38:07] row item excel ke-3, column ke-14
[16:38:07] row item excel ke-3, column ke-15
[16:38:07] row item excel ke-3, column ke-16
[16:38:07] row item excel ke-3, column ke-17
[16:38:07] row item excel ke-3, column ke-18
[16:38:07] row item excel ke-3, column ke-19
[16:38:07] row item excel ke-3, column ke-20
[16:38:07] row item excel ke-3, column ke-21
[16:38:07] row item excel ke-3, column ke-22
[16:38:07] row item excel ke-3, column ke-23
[16:38:07] row item excel ke-3, column ke-24
[16:38:07] row item excel ke-3, column ke-25
[16:38:07] row item excel ke-3, column ke-26
[16:38:07] row item excel ke-4, column ke-0
[16:38:07] row item excel ke-4, column ke-1
[16:38:07] row item excel ke-4, column ke-2
[16:38:07] row item excel ke-4, column ke-3
[16:38:07] row item excel ke-4, column ke-4
[16:38:07] row item excel ke-4, column ke-5
[16:38:07] row item excel ke-4, column ke-6
[16:38:07] row item excel ke-4, column ke-7
[16:38:07] row item excel ke-4, column ke-8
[16:38:07] row item excel ke-4, column ke-9
[16:38:07] row item excel ke-4, column ke-10
[16:38:07] row item excel ke-4, column ke-11
[16:38:07] row item excel ke-4, column ke-12
[16:38:07] row item excel ke-4, column ke-13
[16:38:07] row item excel ke-4, column ke-14
[16:38:07] row item excel ke-4, column ke-15
[16:38:07] row item excel ke-4, column ke-16
[16:38:07] row item excel ke-4, column ke-17
[16:38:07] row item excel ke-4, column ke-18
[16:38:07] row item excel ke-4, column ke-19
[16:38:07] row item excel ke-4, column ke-20
[16:38:07] row item excel ke-4, column ke-21
[16:38:07] row item excel ke-4, column ke-22
[16:38:07] row item excel ke-4, column ke-23
[16:38:07] row item excel ke-4, column ke-24
[16:38:07] row item excel ke-4, column ke-25
[16:38:07] row item excel ke-4, column ke-26
[16:38:07] row item excel ke-5, column ke-0
[16:38:07] row item excel ke-5, column ke-1
[16:38:07] row item excel ke-5, column ke-2
[16:38:07] row item excel ke-5, column ke-3
[16:38:07] row item excel ke-5, column ke-4
[16:38:07] row item excel ke-5, column ke-5
[16:38:07] row item excel ke-5, column ke-6
[16:38:07] row item excel ke-5, column ke-7
[16:38:07] row item excel ke-5, column ke-8
[16:38:07] row item excel ke-5, column ke-9
[16:38:07] row item excel ke-5, column ke-10
[16:38:07] row item excel ke-5, column ke-11
[16:38:07] row item excel ke-5, column ke-12
[16:38:07] row item excel ke-5, column ke-13
[16:38:07] row item excel ke-5, column ke-14
[16:38:07] row item excel ke-5, column ke-15
[16:38:07] row item excel ke-5, column ke-16
[16:38:07] row item excel ke-5, column ke-17
[16:38:07] row item excel ke-5, column ke-18
[16:38:07] row item excel ke-5, column ke-19
[16:38:07] row item excel ke-5, column ke-20
[16:38:07] row item excel ke-5, column ke-21
[16:38:07] row item excel ke-5, column ke-22
[16:38:07] row item excel ke-5, column ke-23
[16:38:07] row item excel ke-5, column ke-24
[16:38:07] row item excel ke-5, column ke-25
[16:38:07] row item excel ke-5, column ke-26
[16:38:07] row item excel ke-6, column ke-0
[16:38:07] row item excel ke-6, column ke-1
[16:38:07] row item excel ke-6, column ke-2
[16:38:07] row item excel ke-6, column ke-3
[16:38:07] row item excel ke-6, column ke-4
[16:38:07] row item excel ke-6, column ke-5
[16:38:07] row item excel ke-6, column ke-6
[16:38:07] row item excel ke-6, column ke-7
[16:38:07] row item excel ke-6, column ke-8
[16:38:07] row item excel ke-6, column ke-9
[16:38:07] row item excel ke-6, column ke-10
[16:38:07] row item excel ke-6, column ke-11
[16:38:07] row item excel ke-6, column ke-12
[16:38:07] row item excel ke-6, column ke-13
[16:38:07] row item excel ke-6, column ke-14
[16:38:07] row item excel ke-6, column ke-15
[16:38:07] row item excel ke-6, column ke-16
[16:38:07] row item excel ke-6, column ke-17
[16:38:07] row item excel ke-6, column ke-18
[16:38:07] row item excel ke-6, column ke-19
[16:38:07] row item excel ke-6, column ke-20
[16:38:07] row item excel ke-6, column ke-21
[16:38:07] row item excel ke-6, column ke-22
[16:38:07] row item excel ke-6, column ke-23
[16:38:07] row item excel ke-6, column ke-24
[16:38:07] row item excel ke-6, column ke-25
[16:38:07] row item excel ke-6, column ke-26
[16:38:07] row item excel ke-7, column ke-0
[16:38:07] row item excel ke-7, column ke-1
[16:38:07] row item excel ke-7, column ke-2
[16:38:07] row item excel ke-7, column ke-3
[16:38:07] row item excel ke-7, column ke-4
[16:38:07] row item excel ke-7, column ke-5
[16:38:07] row item excel ke-7, column ke-6
[16:38:07] row item excel ke-7, column ke-7
[16:38:07] row item excel ke-7, column ke-8
[16:38:07] row item excel ke-7, column ke-9
[16:38:07] row item excel ke-7, column ke-10
[16:38:07] row item excel ke-7, column ke-11
[16:38:07] row item excel ke-7, column ke-12
[16:38:07] row item excel ke-7, column ke-13
[16:38:07] row item excel ke-7, column ke-14
[16:38:07] row item excel ke-7, column ke-15
[16:38:07] row item excel ke-7, column ke-16
[16:38:07] row item excel ke-7, column ke-17
[16:38:07] row item excel ke-7, column ke-18
[16:38:07] row item excel ke-7, column ke-19
[16:38:07] row item excel ke-7, column ke-20
[16:38:07] row item excel ke-7, column ke-21
[16:38:07] row item excel ke-7, column ke-22
[16:38:07] row item excel ke-7, column ke-23
[16:38:07] row item excel ke-7, column ke-24
[16:38:07] row item excel ke-7, column ke-25
[16:38:07] row item excel ke-7, column ke-26
[16:38:07] row item excel ke-8, column ke-0
[16:38:07] row item excel ke-8, column ke-1
[16:38:07] row item excel ke-8, column ke-2
[16:38:07] row item excel ke-8, column ke-3
[16:38:07] row item excel ke-8, column ke-4
[16:38:07] row item excel ke-8, column ke-5
[16:38:07] row item excel ke-8, column ke-6
[16:38:07] row item excel ke-8, column ke-7
[16:38:07] row item excel ke-8, column ke-8
[16:38:07] row item excel ke-8, column ke-9
[16:38:07] row item excel ke-8, column ke-10
[16:38:07] row item excel ke-8, column ke-11
[16:38:07] row item excel ke-8, column ke-12
[16:38:07] row item excel ke-8, column ke-13
[16:38:07] row item excel ke-8, column ke-14
[16:38:07] row item excel ke-8, column ke-15
[16:38:07] row item excel ke-8, column ke-16
[16:38:07] row item excel ke-8, column ke-17
[16:38:07] row item excel ke-8, column ke-18
[16:38:07] row item excel ke-8, column ke-19
[16:38:07] row item excel ke-8, column ke-20
[16:38:07] row item excel ke-8, column ke-21
[16:38:07] row item excel ke-8, column ke-22
[16:38:07] row item excel ke-8, column ke-23
[16:38:07] row item excel ke-8, column ke-24
[16:38:07] row item excel ke-8, column ke-25
[16:38:07] row item excel ke-8, column ke-26
[16:38:07] row item excel ke-9, column ke-0
[16:38:07] row item excel ke-9, column ke-1
[16:38:07] row item excel ke-9, column ke-2
[16:38:07] row item excel ke-9, column ke-3
[16:38:07] row item excel ke-9, column ke-4
[16:38:07] row item excel ke-9, column ke-5
[16:38:07] row item excel ke-9, column ke-6
[16:38:07] row item excel ke-9, column ke-7
[16:38:07] row item excel ke-9, column ke-8
[16:38:07] row item excel ke-9, column ke-9
[16:38:07] row item excel ke-9, column ke-10
[16:38:07] row item excel ke-9, column ke-11
[16:38:07] row item excel ke-9, column ke-12
[16:38:07] row item excel ke-9, column ke-13
[16:38:07] row item excel ke-9, column ke-14
[16:38:07] row item excel ke-9, column ke-15
[16:38:07] row item excel ke-9, column ke-16
[16:38:07] row item excel ke-9, column ke-17
[16:38:07] row item excel ke-9, column ke-18
[16:38:07] row item excel ke-9, column ke-19
[16:38:07] row item excel ke-9, column ke-20
[16:38:07] row item excel ke-9, column ke-21
[16:38:07] row item excel ke-9, column ke-22
[16:38:07] row item excel ke-9, column ke-23
[16:38:07] row item excel ke-9, column ke-24
[16:38:07] row item excel ke-9, column ke-25
[16:38:07] row item excel ke-9, column ke-26
[16:38:08] err InsertToDb: Input string was not in a correct format.,    at System.Number.ParseDouble(String value, NumberStyles options, NumberFormatInfo numfmt)
   at System.String.System.IConvertible.ToDouble(IFormatProvider provider)
   at OfficialCeisaLite.Views.RequestTPB.InsertToDb(DataTable tbl, String type) in C:\Users\farifin\OneDrive - DPDHL\Documents\Projects\E-Ceisa\Views\RequestTPB.aspx.cs:line 5220
[16:39:32] row item excel ke-2, column ke-0
[16:39:32] row item excel ke-2, column ke-1
[16:39:32] row item excel ke-2, column ke-2
[16:39:32] row item excel ke-2, column ke-3
[16:39:32] row item excel ke-2, column ke-4
[16:39:32] row item excel ke-2, column ke-5
[16:39:32] row item excel ke-2, column ke-6
[16:39:32] row item excel ke-2, column ke-7
[16:39:32] row item excel ke-2, column ke-8
[16:39:32] row item excel ke-2, column ke-9
[16:39:32] row item excel ke-2, column ke-10
[16:39:32] row item excel ke-2, column ke-11
[16:39:32] row item excel ke-2, column ke-12
[16:39:32] row item excel ke-2, column ke-13
[16:39:32] row item excel ke-2, column ke-14
[16:39:32] row item excel ke-2, column ke-15
[16:39:32] row item excel ke-2, column ke-16
[16:39:32] row item excel ke-2, column ke-17
[16:39:32] row item excel ke-2, column ke-18
[16:39:32] row item excel ke-2, column ke-19
[16:39:32] row item excel ke-2, column ke-20
[16:39:32] row item excel ke-2, column ke-21
[16:39:32] row item excel ke-2, column ke-22
[16:39:32] row item excel ke-2, column ke-23
[16:39:32] row item excel ke-2, column ke-24
[16:39:32] row item excel ke-2, column ke-25
[16:39:32] row item excel ke-2, column ke-26
[16:39:32] row item excel ke-3, column ke-0
[16:39:32] row item excel ke-3, column ke-1
[16:39:32] row item excel ke-3, column ke-2
[16:39:32] row item excel ke-3, column ke-3
[16:39:32] row item excel ke-3, column ke-4
[16:39:32] row item excel ke-3, column ke-5
[16:39:32] row item excel ke-3, column ke-6
[16:39:32] row item excel ke-3, column ke-7
[16:39:32] row item excel ke-3, column ke-8
[16:39:32] row item excel ke-3, column ke-9
[16:39:32] row item excel ke-3, column ke-10
[16:39:32] row item excel ke-3, column ke-11
[16:39:32] row item excel ke-3, column ke-12
[16:39:32] row item excel ke-3, column ke-13
[16:39:32] row item excel ke-3, column ke-14
[16:39:32] row item excel ke-3, column ke-15
[16:39:32] row item excel ke-3, column ke-16
[16:39:32] row item excel ke-3, column ke-17
[16:39:32] row item excel ke-3, column ke-18
[16:39:32] row item excel ke-3, column ke-19
[16:39:32] row item excel ke-3, column ke-20
[16:39:32] row item excel ke-3, column ke-21
[16:39:32] row item excel ke-3, column ke-22
[16:39:32] row item excel ke-3, column ke-23
[16:39:32] row item excel ke-3, column ke-24
[16:39:32] row item excel ke-3, column ke-25
[16:39:32] row item excel ke-3, column ke-26
[16:39:32] row item excel ke-4, column ke-0
[16:39:32] row item excel ke-4, column ke-1
[16:39:32] row item excel ke-4, column ke-2
[16:39:32] row item excel ke-4, column ke-3
[16:39:32] row item excel ke-4, column ke-4
[16:39:32] row item excel ke-4, column ke-5
[16:39:32] row item excel ke-4, column ke-6
[16:39:32] row item excel ke-4, column ke-7
[16:39:32] row item excel ke-4, column ke-8
[16:39:32] row item excel ke-4, column ke-9
[16:39:32] row item excel ke-4, column ke-10
[16:39:32] row item excel ke-4, column ke-11
[16:39:32] row item excel ke-4, column ke-12
[16:39:32] row item excel ke-4, column ke-13
[16:39:32] row item excel ke-4, column ke-14
[16:39:32] row item excel ke-4, column ke-15
[16:39:32] row item excel ke-4, column ke-16
[16:39:32] row item excel ke-4, column ke-17
[16:39:32] row item excel ke-4, column ke-18
[16:39:32] row item excel ke-4, column ke-19
[16:39:32] row item excel ke-4, column ke-20
[16:39:32] row item excel ke-4, column ke-21
[16:39:32] row item excel ke-4, column ke-22
[16:39:32] row item excel ke-4, column ke-23
[16:39:32] row item excel ke-4, column ke-24
[16:39:32] row item excel ke-4, column ke-25
[16:39:32] row item excel ke-4, column ke-26
[16:39:32] row item excel ke-5, column ke-0
[16:39:32] row item excel ke-5, column ke-1
[16:39:32] row item excel ke-5, column ke-2
[16:39:32] row item excel ke-5, column ke-3
[16:39:32] row item excel ke-5, column ke-4
[16:39:32] row item excel ke-5, column ke-5
[16:39:32] row item excel ke-5, column ke-6
[16:39:32] row item excel ke-5, column ke-7
[16:39:32] row item excel ke-5, column ke-8
[16:39:32] row item excel ke-5, column ke-9
[16:39:32] row item excel ke-5, column ke-10
[16:39:32] row item excel ke-5, column ke-11
[16:39:32] row item excel ke-5, column ke-12
[16:39:32] row item excel ke-5, column ke-13
[16:39:32] row item excel ke-5, column ke-14
[16:39:32] row item excel ke-5, column ke-15
[16:39:32] row item excel ke-5, column ke-16
[16:39:32] row item excel ke-5, column ke-17
[16:39:32] row item excel ke-5, column ke-18
[16:39:32] row item excel ke-5, column ke-19
[16:39:32] row item excel ke-5, column ke-20
[16:39:32] row item excel ke-5, column ke-21
[16:39:32] row item excel ke-5, column ke-22
[16:39:32] row item excel ke-5, column ke-23
[16:39:32] row item excel ke-5, column ke-24
[16:39:32] row item excel ke-5, column ke-25
[16:39:32] row item excel ke-5, column ke-26
[16:39:32] row item excel ke-6, column ke-0
[16:39:32] row item excel ke-6, column ke-1
[16:39:32] row item excel ke-6, column ke-2
[16:39:32] row item excel ke-6, column ke-3
[16:39:32] row item excel ke-6, column ke-4
[16:39:32] row item excel ke-6, column ke-5
[16:39:32] row item excel ke-6, column ke-6
[16:39:32] row item excel ke-6, column ke-7
[16:39:32] row item excel ke-6, column ke-8
[16:39:32] row item excel ke-6, column ke-9
[16:39:32] row item excel ke-6, column ke-10
[16:39:32] row item excel ke-6, column ke-11
[16:39:32] row item excel ke-6, column ke-12
[16:39:32] row item excel ke-6, column ke-13
[16:39:32] row item excel ke-6, column ke-14
[16:39:32] row item excel ke-6, column ke-15
[16:39:32] row item excel ke-6, column ke-16
[16:39:32] row item excel ke-6, column ke-17
[16:39:32] row item excel ke-6, column ke-18
[16:39:32] row item excel ke-6, column ke-19
[16:39:32] row item excel ke-6, column ke-20
[16:39:32] row item excel ke-6, column ke-21
[16:39:32] row item excel ke-6, column ke-22
[16:39:32] row item excel ke-6, column ke-23
[16:39:32] row item excel ke-6, column ke-24
[16:39:32] row item excel ke-6, column ke-25
[16:39:32] row item excel ke-6, column ke-26
[16:39:32] row item excel ke-7, column ke-0
[16:39:32] row item excel ke-7, column ke-1
[16:39:32] row item excel ke-7, column ke-2
[16:39:32] row item excel ke-7, column ke-3
[16:39:32] row item excel ke-7, column ke-4
[16:39:32] row item excel ke-7, column ke-5
[16:39:32] row item excel ke-7, column ke-6
[16:39:32] row item excel ke-7, column ke-7
[16:39:32] row item excel ke-7, column ke-8
[16:39:32] row item excel ke-7, column ke-9
[16:39:32] row item excel ke-7, column ke-10
[16:39:32] row item excel ke-7, column ke-11
[16:39:32] row item excel ke-7, column ke-12
[16:39:32] row item excel ke-7, column ke-13
[16:39:32] row item excel ke-7, column ke-14
[16:39:32] row item excel ke-7, column ke-15
[16:39:32] row item excel ke-7, column ke-16
[16:39:32] row item excel ke-7, column ke-17
[16:39:32] row item excel ke-7, column ke-18
[16:39:32] row item excel ke-7, column ke-19
[16:39:32] row item excel ke-7, column ke-20
[16:39:32] row item excel ke-7, column ke-21
[16:39:32] row item excel ke-7, column ke-22
[16:39:32] row item excel ke-7, column ke-23
[16:39:32] row item excel ke-7, column ke-24
[16:39:32] row item excel ke-7, column ke-25
[16:39:32] row item excel ke-7, column ke-26
[16:39:32] row item excel ke-8, column ke-0
[16:39:32] row item excel ke-8, column ke-1
[16:39:32] row item excel ke-8, column ke-2
[16:39:32] row item excel ke-8, column ke-3
[16:39:32] row item excel ke-8, column ke-4
[16:39:32] row item excel ke-8, column ke-5
[16:39:32] row item excel ke-8, column ke-6
[16:39:32] row item excel ke-8, column ke-7
[16:39:32] row item excel ke-8, column ke-8
[16:39:32] row item excel ke-8, column ke-9
[16:39:32] row item excel ke-8, column ke-10
[16:39:32] row item excel ke-8, column ke-11
[16:39:32] row item excel ke-8, column ke-12
[16:39:32] row item excel ke-8, column ke-13
[16:39:32] row item excel ke-8, column ke-14
[16:39:32] row item excel ke-8, column ke-15
[16:39:32] row item excel ke-8, column ke-16
[16:39:32] row item excel ke-8, column ke-17
[16:39:32] row item excel ke-8, column ke-18
[16:39:32] row item excel ke-8, column ke-19
[16:39:32] row item excel ke-8, column ke-20
[16:39:32] row item excel ke-8, column ke-21
[16:39:32] row item excel ke-8, column ke-22
[16:39:32] row item excel ke-8, column ke-23
[16:39:32] row item excel ke-8, column ke-24
[16:39:32] row item excel ke-8, column ke-25
[16:39:32] row item excel ke-8, column ke-26
[16:39:32] row item excel ke-9, column ke-0
[16:39:32] row item excel ke-9, column ke-1
[16:39:32] row item excel ke-9, column ke-2
[16:39:32] row item excel ke-9, column ke-3
[16:39:32] row item excel ke-9, column ke-4
[16:39:32] row item excel ke-9, column ke-5
[16:39:32] row item excel ke-9, column ke-6
[16:39:32] row item excel ke-9, column ke-7
[16:39:32] row item excel ke-9, column ke-8
[16:39:32] row item excel ke-9, column ke-9
[16:39:32] row item excel ke-9, column ke-10
[16:39:32] row item excel ke-9, column ke-11
[16:39:32] row item excel ke-9, column ke-12
[16:39:32] row item excel ke-9, column ke-13
[16:39:32] row item excel ke-9, column ke-14
[16:39:32] row item excel ke-9, column ke-15
[16:39:32] row item excel ke-9, column ke-16
[16:39:32] row item excel ke-9, column ke-17
[16:39:32] row item excel ke-9, column ke-18
[16:39:32] row item excel ke-9, column ke-19
[16:39:32] row item excel ke-9, column ke-20
[16:39:32] row item excel ke-9, column ke-21
[16:39:32] row item excel ke-9, column ke-22
[16:39:32] row item excel ke-9, column ke-23
[16:39:32] row item excel ke-9, column ke-24
[16:39:32] row item excel ke-9, column ke-25
[16:39:32] row item excel ke-9, column ke-26
[16:40:13] err InsertToDb: Input string was not in a correct format.,    at System.Number.ParseDouble(String value, NumberStyles options, NumberFormatInfo numfmt)
   at System.String.System.IConvertible.ToDouble(IFormatProvider provider)
   at OfficialCeisaLite.Views.RequestTPB.InsertToDb(DataTable tbl, String type) in C:\Users\farifin\OneDrive - DPDHL\Documents\Projects\E-Ceisa\Views\RequestTPB.aspx.cs:line 5220
[16:40:24] row item excel ke-2, column ke-0
[16:40:24] row item excel ke-2, column ke-1
[16:40:24] row item excel ke-2, column ke-2
[16:40:24] row item excel ke-2, column ke-3
[16:40:24] row item excel ke-2, column ke-4
[16:40:24] row item excel ke-2, column ke-5
[16:40:24] row item excel ke-2, column ke-6
[16:40:24] row item excel ke-2, column ke-7
[16:40:24] row item excel ke-2, column ke-8
[16:40:24] row item excel ke-2, column ke-9
[16:40:24] row item excel ke-2, column ke-10
[16:40:24] row item excel ke-2, column ke-11
[16:40:24] row item excel ke-2, column ke-12
[16:40:24] row item excel ke-2, column ke-13
[16:40:24] row item excel ke-2, column ke-14
[16:40:24] row item excel ke-2, column ke-15
[16:40:24] row item excel ke-2, column ke-16
[16:40:24] row item excel ke-2, column ke-17
[16:40:24] row item excel ke-2, column ke-18
[16:40:24] row item excel ke-2, column ke-19
[16:40:24] row item excel ke-2, column ke-20
[16:40:24] row item excel ke-2, column ke-21
[16:40:24] row item excel ke-2, column ke-22
[16:40:24] row item excel ke-2, column ke-23
[16:40:24] row item excel ke-2, column ke-24
[16:40:24] row item excel ke-2, column ke-25
[16:40:24] row item excel ke-2, column ke-26
[16:40:24] row item excel ke-3, column ke-0
[16:40:24] row item excel ke-3, column ke-1
[16:40:24] row item excel ke-3, column ke-2
[16:40:24] row item excel ke-3, column ke-3
[16:40:24] row item excel ke-3, column ke-4
[16:40:24] row item excel ke-3, column ke-5
[16:40:24] row item excel ke-3, column ke-6
[16:40:24] row item excel ke-3, column ke-7
[16:40:24] row item excel ke-3, column ke-8
[16:40:24] row item excel ke-3, column ke-9
[16:40:24] row item excel ke-3, column ke-10
[16:40:24] row item excel ke-3, column ke-11
[16:40:24] row item excel ke-3, column ke-12
[16:40:24] row item excel ke-3, column ke-13
[16:40:24] row item excel ke-3, column ke-14
[16:40:24] row item excel ke-3, column ke-15
[16:40:24] row item excel ke-3, column ke-16
[16:40:24] row item excel ke-3, column ke-17
[16:40:24] row item excel ke-3, column ke-18
[16:40:24] row item excel ke-3, column ke-19
[16:40:24] row item excel ke-3, column ke-20
[16:40:24] row item excel ke-3, column ke-21
[16:40:24] row item excel ke-3, column ke-22
[16:40:24] row item excel ke-3, column ke-23
[16:40:24] row item excel ke-3, column ke-24
[16:40:24] row item excel ke-3, column ke-25
[16:40:24] row item excel ke-3, column ke-26
[16:40:24] row item excel ke-4, column ke-0
[16:40:24] row item excel ke-4, column ke-1
[16:40:24] row item excel ke-4, column ke-2
[16:40:24] row item excel ke-4, column ke-3
[16:40:24] row item excel ke-4, column ke-4
[16:40:24] row item excel ke-4, column ke-5
[16:40:24] row item excel ke-4, column ke-6
[16:40:24] row item excel ke-4, column ke-7
[16:40:24] row item excel ke-4, column ke-8
[16:40:24] row item excel ke-4, column ke-9
[16:40:24] row item excel ke-4, column ke-10
[16:40:24] row item excel ke-4, column ke-11
[16:40:24] row item excel ke-4, column ke-12
[16:40:24] row item excel ke-4, column ke-13
[16:40:24] row item excel ke-4, column ke-14
[16:40:24] row item excel ke-4, column ke-15
[16:40:24] row item excel ke-4, column ke-16
[16:40:24] row item excel ke-4, column ke-17
[16:40:24] row item excel ke-4, column ke-18
[16:40:24] row item excel ke-4, column ke-19
[16:40:24] row item excel ke-4, column ke-20
[16:40:24] row item excel ke-4, column ke-21
[16:40:24] row item excel ke-4, column ke-22
[16:40:24] row item excel ke-4, column ke-23
[16:40:24] row item excel ke-4, column ke-24
[16:40:24] row item excel ke-4, column ke-25
[16:40:24] row item excel ke-4, column ke-26
[16:40:24] row item excel ke-5, column ke-0
[16:40:24] row item excel ke-5, column ke-1
[16:40:24] row item excel ke-5, column ke-2
[16:40:24] row item excel ke-5, column ke-3
[16:40:24] row item excel ke-5, column ke-4
[16:40:24] row item excel ke-5, column ke-5
[16:40:24] row item excel ke-5, column ke-6
[16:40:24] row item excel ke-5, column ke-7
[16:40:24] row item excel ke-5, column ke-8
[16:40:24] row item excel ke-5, column ke-9
[16:40:24] row item excel ke-5, column ke-10
[16:40:24] row item excel ke-5, column ke-11
[16:40:24] row item excel ke-5, column ke-12
[16:40:24] row item excel ke-5, column ke-13
[16:40:24] row item excel ke-5, column ke-14
[16:40:24] row item excel ke-5, column ke-15
[16:40:24] row item excel ke-5, column ke-16
[16:40:24] row item excel ke-5, column ke-17
[16:40:24] row item excel ke-5, column ke-18
[16:40:24] row item excel ke-5, column ke-19
[16:40:24] row item excel ke-5, column ke-20
[16:40:24] row item excel ke-5, column ke-21
[16:40:24] row item excel ke-5, column ke-22
[16:40:24] row item excel ke-5, column ke-23
[16:40:24] row item excel ke-5, column ke-24
[16:40:24] row item excel ke-5, column ke-25
[16:40:24] row item excel ke-5, column ke-26
[16:40:24] row item excel ke-6, column ke-0
[16:40:24] row item excel ke-6, column ke-1
[16:40:24] row item excel ke-6, column ke-2
[16:40:24] row item excel ke-6, column ke-3
[16:40:24] row item excel ke-6, column ke-4
[16:40:24] row item excel ke-6, column ke-5
[16:40:24] row item excel ke-6, column ke-6
[16:40:24] row item excel ke-6, column ke-7
[16:40:24] row item excel ke-6, column ke-8
[16:40:24] row item excel ke-6, column ke-9
[16:40:24] row item excel ke-6, column ke-10
[16:40:24] row item excel ke-6, column ke-11
[16:40:24] row item excel ke-6, column ke-12
[16:40:24] row item excel ke-6, column ke-13
[16:40:24] row item excel ke-6, column ke-14
[16:40:24] row item excel ke-6, column ke-15
[16:40:24] row item excel ke-6, column ke-16
[16:40:24] row item excel ke-6, column ke-17
[16:40:24] row item excel ke-6, column ke-18
[16:40:24] row item excel ke-6, column ke-19
[16:40:24] row item excel ke-6, column ke-20
[16:40:24] row item excel ke-6, column ke-21
[16:40:24] row item excel ke-6, column ke-22
[16:40:24] row item excel ke-6, column ke-23
[16:40:24] row item excel ke-6, column ke-24
[16:40:24] row item excel ke-6, column ke-25
[16:40:24] row item excel ke-6, column ke-26
[16:40:24] row item excel ke-7, column ke-0
[16:40:24] row item excel ke-7, column ke-1
[16:40:24] row item excel ke-7, column ke-2
[16:40:24] row item excel ke-7, column ke-3
[16:40:24] row item excel ke-7, column ke-4
[16:40:24] row item excel ke-7, column ke-5
[16:40:24] row item excel ke-7, column ke-6
[16:40:24] row item excel ke-7, column ke-7
[16:40:24] row item excel ke-7, column ke-8
[16:40:24] row item excel ke-7, column ke-9
[16:40:24] row item excel ke-7, column ke-10
[16:40:24] row item excel ke-7, column ke-11
[16:40:24] row item excel ke-7, column ke-12
[16:40:24] row item excel ke-7, column ke-13
[16:40:24] row item excel ke-7, column ke-14
[16:40:24] row item excel ke-7, column ke-15
[16:40:24] row item excel ke-7, column ke-16
[16:40:24] row item excel ke-7, column ke-17
[16:40:24] row item excel ke-7, column ke-18
[16:40:24] row item excel ke-7, column ke-19
[16:40:24] row item excel ke-7, column ke-20
[16:40:24] row item excel ke-7, column ke-21
[16:40:24] row item excel ke-7, column ke-22
[16:40:24] row item excel ke-7, column ke-23
[16:40:24] row item excel ke-7, column ke-24
[16:40:24] row item excel ke-7, column ke-25
[16:40:24] row item excel ke-7, column ke-26
[16:40:24] row item excel ke-8, column ke-0
[16:40:24] row item excel ke-8, column ke-1
[16:40:24] row item excel ke-8, column ke-2
[16:40:24] row item excel ke-8, column ke-3
[16:40:24] row item excel ke-8, column ke-4
[16:40:24] row item excel ke-8, column ke-5
[16:40:24] row item excel ke-8, column ke-6
[16:40:24] row item excel ke-8, column ke-7
[16:40:24] row item excel ke-8, column ke-8
[16:40:24] row item excel ke-8, column ke-9
[16:40:24] row item excel ke-8, column ke-10
[16:40:24] row item excel ke-8, column ke-11
[16:40:24] row item excel ke-8, column ke-12
[16:40:24] row item excel ke-8, column ke-13
[16:40:24] row item excel ke-8, column ke-14
[16:40:24] row item excel ke-8, column ke-15
[16:40:24] row item excel ke-8, column ke-16
[16:40:24] row item excel ke-8, column ke-17
[16:40:24] row item excel ke-8, column ke-18
[16:40:24] row item excel ke-8, column ke-19
[16:40:24] row item excel ke-8, column ke-20
[16:40:24] row item excel ke-8, column ke-21
[16:40:24] row item excel ke-8, column ke-22
[16:40:24] row item excel ke-8, column ke-23
[16:40:24] row item excel ke-8, column ke-24
[16:40:24] row item excel ke-8, column ke-25
[16:40:24] row item excel ke-8, column ke-26
[16:40:24] row item excel ke-9, column ke-0
[16:40:24] row item excel ke-9, column ke-1
[16:40:24] row item excel ke-9, column ke-2
[16:40:24] row item excel ke-9, column ke-3
[16:40:24] row item excel ke-9, column ke-4
[16:40:25] row item excel ke-9, column ke-5
[16:40:25] row item excel ke-9, column ke-6
[16:40:25] row item excel ke-9, column ke-7
[16:40:25] row item excel ke-9, column ke-8
[16:40:25] row item excel ke-9, column ke-9
[16:40:25] row item excel ke-9, column ke-10
[16:40:25] row item excel ke-9, column ke-11
[16:40:25] row item excel ke-9, column ke-12
[16:40:25] row item excel ke-9, column ke-13
[16:40:25] row item excel ke-9, column ke-14
[16:40:25] row item excel ke-9, column ke-15
[16:40:25] row item excel ke-9, column ke-16
[16:40:25] row item excel ke-9, column ke-17
[16:40:25] row item excel ke-9, column ke-18
[16:40:25] row item excel ke-9, column ke-19
[16:40:25] row item excel ke-9, column ke-20
[16:40:25] row item excel ke-9, column ke-21
[16:40:25] row item excel ke-9, column ke-22
[16:40:25] row item excel ke-9, column ke-23
[16:40:25] row item excel ke-9, column ke-24
[16:40:25] row item excel ke-9, column ke-25
[16:40:25] row item excel ke-9, column ke-26
[16:41:54] err InsertToDb: Input string was not in a correct format.,    at System.Number.ParseDouble(String value, NumberStyles options, NumberFormatInfo numfmt)
   at System.String.System.IConvertible.ToDouble(IFormatProvider provider)
   at OfficialCeisaLite.Views.RequestTPB.InsertToDb(DataTable tbl, String type) in C:\Users\farifin\OneDrive - DPDHL\Documents\Projects\E-Ceisa\Views\RequestTPB.aspx.cs:line 5220
[16:42:31] row item excel ke-2, column ke-0
[16:42:31] row item excel ke-2, column ke-1
[16:42:31] row item excel ke-2, column ke-2
[16:42:31] row item excel ke-2, column ke-3
[16:42:31] row item excel ke-2, column ke-4
[16:42:31] row item excel ke-2, column ke-5
[16:42:31] row item excel ke-2, column ke-6
[16:42:31] row item excel ke-2, column ke-7
[16:42:31] row item excel ke-2, column ke-8
[16:42:31] row item excel ke-2, column ke-9
[16:42:31] row item excel ke-2, column ke-10
[16:42:31] row item excel ke-2, column ke-11
[16:42:31] row item excel ke-2, column ke-12
[16:42:31] row item excel ke-2, column ke-13
[16:42:31] row item excel ke-2, column ke-14
[16:42:31] row item excel ke-2, column ke-15
[16:42:31] row item excel ke-2, column ke-16
[16:42:31] row item excel ke-2, column ke-17
[16:42:31] row item excel ke-2, column ke-18
[16:42:31] row item excel ke-2, column ke-19
[16:42:31] row item excel ke-2, column ke-20
[16:42:31] row item excel ke-2, column ke-21
[16:42:31] row item excel ke-2, column ke-22
[16:42:31] row item excel ke-2, column ke-23
[16:42:31] row item excel ke-2, column ke-24
[16:42:31] row item excel ke-2, column ke-25
[16:42:31] row item excel ke-2, column ke-26
[16:42:31] row item excel ke-3, column ke-0
[16:42:31] row item excel ke-3, column ke-1
[16:42:31] row item excel ke-3, column ke-2
[16:42:31] row item excel ke-3, column ke-3
[16:42:31] row item excel ke-3, column ke-4
[16:42:31] row item excel ke-3, column ke-5
[16:42:31] row item excel ke-3, column ke-6
[16:42:31] row item excel ke-3, column ke-7
[16:42:31] row item excel ke-3, column ke-8
[16:42:31] row item excel ke-3, column ke-9
[16:42:31] row item excel ke-3, column ke-10
[16:42:31] row item excel ke-3, column ke-11
[16:42:31] row item excel ke-3, column ke-12
[16:42:31] row item excel ke-3, column ke-13
[16:42:31] row item excel ke-3, column ke-14
[16:42:31] row item excel ke-3, column ke-15
[16:42:31] row item excel ke-3, column ke-16
[16:42:31] row item excel ke-3, column ke-17
[16:42:31] row item excel ke-3, column ke-18
[16:42:31] row item excel ke-3, column ke-19
[16:42:31] row item excel ke-3, column ke-20
[16:42:31] row item excel ke-3, column ke-21
[16:42:31] row item excel ke-3, column ke-22
[16:42:31] row item excel ke-3, column ke-23
[16:42:31] row item excel ke-3, column ke-24
[16:42:31] row item excel ke-3, column ke-25
[16:42:31] row item excel ke-3, column ke-26
[16:42:31] row item excel ke-4, column ke-0
[16:42:31] row item excel ke-4, column ke-1
[16:42:31] row item excel ke-4, column ke-2
[16:42:31] row item excel ke-4, column ke-3
[16:42:31] row item excel ke-4, column ke-4
[16:42:31] row item excel ke-4, column ke-5
[16:42:31] row item excel ke-4, column ke-6
[16:42:31] row item excel ke-4, column ke-7
[16:42:31] row item excel ke-4, column ke-8
[16:42:31] row item excel ke-4, column ke-9
[16:42:31] row item excel ke-4, column ke-10
[16:42:31] row item excel ke-4, column ke-11
[16:42:31] row item excel ke-4, column ke-12
[16:42:31] row item excel ke-4, column ke-13
[16:42:31] row item excel ke-4, column ke-14
[16:42:31] row item excel ke-4, column ke-15
[16:42:31] row item excel ke-4, column ke-16
[16:42:31] row item excel ke-4, column ke-17
[16:42:31] row item excel ke-4, column ke-18
[16:42:31] row item excel ke-4, column ke-19
[16:42:31] row item excel ke-4, column ke-20
[16:42:31] row item excel ke-4, column ke-21
[16:42:31] row item excel ke-4, column ke-22
[16:42:31] row item excel ke-4, column ke-23
[16:42:31] row item excel ke-4, column ke-24
[16:42:31] row item excel ke-4, column ke-25
[16:42:31] row item excel ke-4, column ke-26
[16:42:31] row item excel ke-5, column ke-0
[16:42:31] row item excel ke-5, column ke-1
[16:42:31] row item excel ke-5, column ke-2
[16:42:31] row item excel ke-5, column ke-3
[16:42:31] row item excel ke-5, column ke-4
[16:42:31] row item excel ke-5, column ke-5
[16:42:31] row item excel ke-5, column ke-6
[16:42:31] row item excel ke-5, column ke-7
[16:42:31] row item excel ke-5, column ke-8
[16:42:31] row item excel ke-5, column ke-9
[16:42:31] row item excel ke-5, column ke-10
[16:42:31] row item excel ke-5, column ke-11
[16:42:31] row item excel ke-5, column ke-12
[16:42:31] row item excel ke-5, column ke-13
[16:42:31] row item excel ke-5, column ke-14
[16:42:31] row item excel ke-5, column ke-15
[16:42:31] row item excel ke-5, column ke-16
[16:42:31] row item excel ke-5, column ke-17
[16:42:31] row item excel ke-5, column ke-18
[16:42:31] row item excel ke-5, column ke-19
[16:42:31] row item excel ke-5, column ke-20
[16:42:31] row item excel ke-5, column ke-21
[16:42:31] row item excel ke-5, column ke-22
[16:42:31] row item excel ke-5, column ke-23
[16:42:31] row item excel ke-5, column ke-24
[16:42:31] row item excel ke-5, column ke-25
[16:42:31] row item excel ke-5, column ke-26
[16:42:31] row item excel ke-6, column ke-0
[16:42:31] row item excel ke-6, column ke-1
[16:42:31] row item excel ke-6, column ke-2
[16:42:31] row item excel ke-6, column ke-3
[16:42:31] row item excel ke-6, column ke-4
[16:42:31] row item excel ke-6, column ke-5
[16:42:31] row item excel ke-6, column ke-6
[16:42:31] row item excel ke-6, column ke-7
[16:42:31] row item excel ke-6, column ke-8
[16:42:31] row item excel ke-6, column ke-9
[16:42:31] row item excel ke-6, column ke-10
[16:42:31] row item excel ke-6, column ke-11
[16:42:31] row item excel ke-6, column ke-12
[16:42:31] row item excel ke-6, column ke-13
[16:42:31] row item excel ke-6, column ke-14
[16:42:31] row item excel ke-6, column ke-15
[16:42:31] row item excel ke-6, column ke-16
[16:42:31] row item excel ke-6, column ke-17
[16:42:31] row item excel ke-6, column ke-18
[16:42:31] row item excel ke-6, column ke-19
[16:42:31] row item excel ke-6, column ke-20
[16:42:31] row item excel ke-6, column ke-21
[16:42:31] row item excel ke-6, column ke-22
[16:42:31] row item excel ke-6, column ke-23
[16:42:31] row item excel ke-6, column ke-24
[16:42:31] row item excel ke-6, column ke-25
[16:42:31] row item excel ke-6, column ke-26
[16:42:31] row item excel ke-7, column ke-0
[16:42:31] row item excel ke-7, column ke-1
[16:42:31] row item excel ke-7, column ke-2
[16:42:31] row item excel ke-7, column ke-3
[16:42:31] row item excel ke-7, column ke-4
[16:42:31] row item excel ke-7, column ke-5
[16:42:31] row item excel ke-7, column ke-6
[16:42:31] row item excel ke-7, column ke-7
[16:42:31] row item excel ke-7, column ke-8
[16:42:31] row item excel ke-7, column ke-9
[16:42:31] row item excel ke-7, column ke-10
[16:42:31] row item excel ke-7, column ke-11
[16:42:31] row item excel ke-7, column ke-12
[16:42:31] row item excel ke-7, column ke-13
[16:42:31] row item excel ke-7, column ke-14
[16:42:31] row item excel ke-7, column ke-15
[16:42:31] row item excel ke-7, column ke-16
[16:42:31] row item excel ke-7, column ke-17
[16:42:31] row item excel ke-7, column ke-18
[16:42:31] row item excel ke-7, column ke-19
[16:42:31] row item excel ke-7, column ke-20
[16:42:31] row item excel ke-7, column ke-21
[16:42:31] row item excel ke-7, column ke-22
[16:42:31] row item excel ke-7, column ke-23
[16:42:31] row item excel ke-7, column ke-24
[16:42:31] row item excel ke-7, column ke-25
[16:42:31] row item excel ke-7, column ke-26
[16:42:31] row item excel ke-8, column ke-0
[16:42:31] row item excel ke-8, column ke-1
[16:42:31] row item excel ke-8, column ke-2
[16:42:31] row item excel ke-8, column ke-3
[16:42:31] row item excel ke-8, column ke-4
[16:42:31] row item excel ke-8, column ke-5
[16:42:31] row item excel ke-8, column ke-6
[16:42:31] row item excel ke-8, column ke-7
[16:42:31] row item excel ke-8, column ke-8
[16:42:31] row item excel ke-8, column ke-9
[16:42:31] row item excel ke-8, column ke-10
[16:42:31] row item excel ke-8, column ke-11
[16:42:31] row item excel ke-8, column ke-12
[16:42:31] row item excel ke-8, column ke-13
[16:42:31] row item excel ke-8, column ke-14
[16:42:31] row item excel ke-8, column ke-15
[16:42:31] row item excel ke-8, column ke-16
[16:42:31] row item excel ke-8, column ke-17
[16:42:31] row item excel ke-8, column ke-18
[16:42:31] row item excel ke-8, column ke-19
[16:42:31] row item excel ke-8, column ke-20
[16:42:31] row item excel ke-8, column ke-21
[16:42:31] row item excel ke-8, column ke-22
[16:42:31] row item excel ke-8, column ke-23
[16:42:31] row item excel ke-8, column ke-24
[16:42:31] row item excel ke-8, column ke-25
[16:42:31] row item excel ke-8, column ke-26
[16:42:31] row item excel ke-9, column ke-0
[16:42:31] row item excel ke-9, column ke-1
[16:42:31] row item excel ke-9, column ke-2
[16:42:31] row item excel ke-9, column ke-3
[16:42:31] row item excel ke-9, column ke-4
[16:42:31] row item excel ke-9, column ke-5
[16:42:31] row item excel ke-9, column ke-6
[16:42:31] row item excel ke-9, column ke-7
[16:42:31] row item excel ke-9, column ke-8
[16:42:31] row item excel ke-9, column ke-9
[16:42:31] row item excel ke-9, column ke-10
[16:42:31] row item excel ke-9, column ke-11
[16:42:31] row item excel ke-9, column ke-12
[16:42:31] row item excel ke-9, column ke-13
[16:42:31] row item excel ke-9, column ke-14
[16:42:31] row item excel ke-9, column ke-15
[16:42:31] row item excel ke-9, column ke-16
[16:42:31] row item excel ke-9, column ke-17
[16:42:31] row item excel ke-9, column ke-18
[16:42:31] row item excel ke-9, column ke-19
[16:42:31] row item excel ke-9, column ke-20
[16:42:31] row item excel ke-9, column ke-21
[16:42:31] row item excel ke-9, column ke-22
[16:42:31] row item excel ke-9, column ke-23
[16:42:31] row item excel ke-9, column ke-24
[16:42:31] row item excel ke-9, column ke-25
[16:42:31] row item excel ke-9, column ke-26
[16:42:36] err InsertToDb: Input string was not in a correct format.,    at System.Number.ParseDouble(String value, NumberStyles options, NumberFormatInfo numfmt)
   at System.String.System.IConvertible.ToDouble(IFormatProvider provider)
   at OfficialCeisaLite.Views.RequestTPB.InsertToDb(DataTable tbl, String type) in C:\Users\farifin\OneDrive - DPDHL\Documents\Projects\E-Ceisa\Views\RequestTPB.aspx.cs:line 5220
