[14:52:11] LOAD DATA BARANG '7144662652' : 9 Rows..
[14:52:22] LOAD DATA HEADER '7144662652' : 1 Rows..
[14:52:23] LOAD DATA TARIF '7144662652' : 9 Rows..
[14:52:23] LOAD DATA ENTITAS '7144662652' : 1 Rows..
[14:52:23] LOAD DATA KEMASAN '7144662652' : 1 Rows..
[14:52:24] LOAD DATA PENGANGKUT '7144662652' : 1 Rows..
[14:52:53] row item excel ke-2, column ke-0
[14:52:53] row item excel ke-2, column ke-1
[14:52:53] row item excel ke-2, column ke-2
[14:52:53] row item excel ke-2, column ke-3
[14:52:53] row item excel ke-2, column ke-4
[14:52:53] row item excel ke-2, column ke-5
[14:52:53] row item excel ke-2, column ke-6
[14:52:53] row item excel ke-2, column ke-7
[14:52:53] row item excel ke-2, column ke-8
[14:52:53] row item excel ke-2, column ke-9
[14:52:53] row item excel ke-2, column ke-10
[14:52:53] row item excel ke-2, column ke-11
[14:52:53] row item excel ke-2, column ke-12
[14:52:53] row item excel ke-2, column ke-13
[14:52:53] row item excel ke-2, column ke-14
[14:52:53] row item excel ke-2, column ke-15
[14:52:53] row item excel ke-2, column ke-16
[14:52:53] row item excel ke-2, column ke-17
[14:52:53] row item excel ke-2, column ke-18
[14:52:53] row item excel ke-2, column ke-19
[14:52:53] row item excel ke-2, column ke-20
[14:52:53] row item excel ke-2, column ke-21
[14:52:53] row item excel ke-2, column ke-22
[14:52:53] row item excel ke-2, column ke-23
[14:52:53] row item excel ke-2, column ke-24
[14:52:53] row item excel ke-2, column ke-25
[14:52:53] row item excel ke-2, column ke-26
[14:52:53] row item excel ke-2, column ke-27
[14:52:53] row item excel ke-2, column ke-28
[14:52:53] row item excel ke-2, column ke-29
[14:52:53] row item excel ke-2, column ke-30
[14:52:53] row item excel ke-3, column ke-0
[14:52:53] row item excel ke-3, column ke-1
[14:52:53] row item excel ke-3, column ke-2
[14:52:53] row item excel ke-3, column ke-3
[14:52:53] row item excel ke-3, column ke-4
[14:52:53] row item excel ke-3, column ke-5
[14:52:53] row item excel ke-3, column ke-6
[14:52:53] row item excel ke-3, column ke-7
[14:52:53] row item excel ke-3, column ke-8
[14:52:53] row item excel ke-3, column ke-9
[14:52:53] row item excel ke-3, column ke-10
[14:52:53] row item excel ke-3, column ke-11
[14:52:53] row item excel ke-3, column ke-12
[14:52:53] row item excel ke-3, column ke-13
[14:52:53] row item excel ke-3, column ke-14
[14:52:53] row item excel ke-3, column ke-15
[14:52:53] row item excel ke-3, column ke-16
[14:52:53] row item excel ke-3, column ke-17
[14:52:53] row item excel ke-3, column ke-18
[14:52:53] row item excel ke-3, column ke-19
[14:52:53] row item excel ke-3, column ke-20
[14:52:53] row item excel ke-3, column ke-21
[14:52:53] row item excel ke-3, column ke-22
[14:52:53] row item excel ke-3, column ke-23
[14:52:53] row item excel ke-3, column ke-24
[14:52:53] row item excel ke-3, column ke-25
[14:52:53] row item excel ke-3, column ke-26
[14:52:53] row item excel ke-3, column ke-27
[14:52:53] row item excel ke-3, column ke-28
[14:52:53] row item excel ke-3, column ke-29
[14:52:53] row item excel ke-3, column ke-30
[14:52:53] row item excel ke-4, column ke-0
[14:52:53] row item excel ke-4, column ke-1
[14:52:53] row item excel ke-4, column ke-2
[14:52:53] row item excel ke-4, column ke-3
[14:52:53] row item excel ke-4, column ke-4
[14:52:53] row item excel ke-4, column ke-5
[14:52:53] row item excel ke-4, column ke-6
[14:52:53] row item excel ke-4, column ke-7
[14:52:53] row item excel ke-4, column ke-8
[14:52:53] row item excel ke-4, column ke-9
[14:52:53] row item excel ke-4, column ke-10
[14:52:53] row item excel ke-4, column ke-11
[14:52:53] row item excel ke-4, column ke-12
[14:52:53] row item excel ke-4, column ke-13
[14:52:53] row item excel ke-4, column ke-14
[14:52:53] row item excel ke-4, column ke-15
[14:52:53] row item excel ke-4, column ke-16
[14:52:53] row item excel ke-4, column ke-17
[14:52:53] row item excel ke-4, column ke-18
[14:52:53] row item excel ke-4, column ke-19
[14:52:53] row item excel ke-4, column ke-20
[14:52:53] row item excel ke-4, column ke-21
[14:52:53] row item excel ke-4, column ke-22
[14:52:53] row item excel ke-4, column ke-23
[14:52:53] row item excel ke-4, column ke-24
[14:52:53] row item excel ke-4, column ke-25
[14:52:53] row item excel ke-4, column ke-26
[14:52:53] row item excel ke-4, column ke-27
[14:52:53] row item excel ke-4, column ke-28
[14:52:53] row item excel ke-4, column ke-29
[14:52:53] row item excel ke-4, column ke-30
[14:52:53] row item excel ke-5, column ke-0
[14:52:53] row item excel ke-5, column ke-1
[14:52:53] row item excel ke-5, column ke-2
[14:52:53] row item excel ke-5, column ke-3
[14:52:53] row item excel ke-5, column ke-4
[14:52:53] row item excel ke-5, column ke-5
[14:52:53] row item excel ke-5, column ke-6
[14:52:53] row item excel ke-5, column ke-7
[14:52:53] row item excel ke-5, column ke-8
[14:52:53] row item excel ke-5, column ke-9
[14:52:53] row item excel ke-5, column ke-10
[14:52:53] row item excel ke-5, column ke-11
[14:52:53] row item excel ke-5, column ke-12
[14:52:53] row item excel ke-5, column ke-13
[14:52:53] row item excel ke-5, column ke-14
[14:52:53] row item excel ke-5, column ke-15
[14:52:53] row item excel ke-5, column ke-16
[14:52:53] row item excel ke-5, column ke-17
[14:52:53] row item excel ke-5, column ke-18
[14:52:53] row item excel ke-5, column ke-19
[14:52:53] row item excel ke-5, column ke-20
[14:52:53] row item excel ke-5, column ke-21
[14:52:53] row item excel ke-5, column ke-22
[14:52:53] row item excel ke-5, column ke-23
[14:52:53] row item excel ke-5, column ke-24
[14:52:53] row item excel ke-5, column ke-25
[14:52:53] row item excel ke-5, column ke-26
[14:52:53] row item excel ke-5, column ke-27
[14:52:53] row item excel ke-5, column ke-28
[14:52:53] row item excel ke-5, column ke-29
[14:52:53] row item excel ke-5, column ke-30
[14:52:53] row item excel ke-6, column ke-0
[14:52:53] row item excel ke-6, column ke-1
[14:52:53] row item excel ke-6, column ke-2
[14:52:53] row item excel ke-6, column ke-3
[14:52:53] row item excel ke-6, column ke-4
[14:52:53] row item excel ke-6, column ke-5
[14:52:53] row item excel ke-6, column ke-6
[14:52:53] row item excel ke-6, column ke-7
[14:52:53] row item excel ke-6, column ke-8
[14:52:53] row item excel ke-6, column ke-9
[14:52:53] row item excel ke-6, column ke-10
[14:52:53] row item excel ke-6, column ke-11
[14:52:53] row item excel ke-6, column ke-12
[14:52:53] row item excel ke-6, column ke-13
[14:52:53] row item excel ke-6, column ke-14
[14:52:53] row item excel ke-6, column ke-15
[14:52:53] row item excel ke-6, column ke-16
[14:52:53] row item excel ke-6, column ke-17
[14:52:53] row item excel ke-6, column ke-18
[14:52:53] row item excel ke-6, column ke-19
[14:52:53] row item excel ke-6, column ke-20
[14:52:53] row item excel ke-6, column ke-21
[14:52:53] row item excel ke-6, column ke-22
[14:52:53] row item excel ke-6, column ke-23
[14:52:53] row item excel ke-6, column ke-24
[14:52:53] row item excel ke-6, column ke-25
[14:52:53] row item excel ke-6, column ke-26
[14:52:53] row item excel ke-6, column ke-27
[14:52:53] row item excel ke-6, column ke-28
[14:52:53] row item excel ke-6, column ke-29
[14:52:53] row item excel ke-6, column ke-30
[14:52:53] row item excel ke-7, column ke-0
[14:52:53] row item excel ke-7, column ke-1
[14:52:53] row item excel ke-7, column ke-2
[14:52:53] row item excel ke-7, column ke-3
[14:52:53] row item excel ke-7, column ke-4
[14:52:53] row item excel ke-7, column ke-5
[14:52:53] row item excel ke-7, column ke-6
[14:52:53] row item excel ke-7, column ke-7
[14:52:53] row item excel ke-7, column ke-8
[14:52:53] row item excel ke-7, column ke-9
[14:52:53] row item excel ke-7, column ke-10
[14:52:53] row item excel ke-7, column ke-11
[14:52:53] row item excel ke-7, column ke-12
[14:52:53] row item excel ke-7, column ke-13
[14:52:53] row item excel ke-7, column ke-14
[14:52:53] row item excel ke-7, column ke-15
[14:52:53] row item excel ke-7, column ke-16
[14:52:53] row item excel ke-7, column ke-17
[14:52:53] row item excel ke-7, column ke-18
[14:52:53] row item excel ke-7, column ke-19
[14:52:53] row item excel ke-7, column ke-20
[14:52:53] row item excel ke-7, column ke-21
[14:52:53] row item excel ke-7, column ke-22
[14:52:53] row item excel ke-7, column ke-23
[14:52:53] row item excel ke-7, column ke-24
[14:52:53] row item excel ke-7, column ke-25
[14:52:53] row item excel ke-7, column ke-26
[14:52:53] row item excel ke-7, column ke-27
[14:52:53] row item excel ke-7, column ke-28
[14:52:53] row item excel ke-7, column ke-29
[14:52:53] row item excel ke-7, column ke-30
[14:52:53] row item excel ke-8, column ke-0
[14:52:53] row item excel ke-8, column ke-1
[14:52:53] row item excel ke-8, column ke-2
[14:52:53] row item excel ke-8, column ke-3
[14:52:53] row item excel ke-8, column ke-4
[14:52:53] row item excel ke-8, column ke-5
[14:52:53] row item excel ke-8, column ke-6
[14:52:53] row item excel ke-8, column ke-7
[14:52:53] row item excel ke-8, column ke-8
[14:52:53] row item excel ke-8, column ke-9
[14:52:53] row item excel ke-8, column ke-10
[14:52:53] row item excel ke-8, column ke-11
[14:52:53] row item excel ke-8, column ke-12
[14:52:53] row item excel ke-8, column ke-13
[14:52:53] row item excel ke-8, column ke-14
[14:52:53] row item excel ke-8, column ke-15
[14:52:53] row item excel ke-8, column ke-16
[14:52:53] row item excel ke-8, column ke-17
[14:52:53] row item excel ke-8, column ke-18
[14:52:53] row item excel ke-8, column ke-19
[14:52:53] row item excel ke-8, column ke-20
[14:52:53] row item excel ke-8, column ke-21
[14:52:53] row item excel ke-8, column ke-22
[14:52:53] row item excel ke-8, column ke-23
[14:52:53] row item excel ke-8, column ke-24
[14:52:53] row item excel ke-8, column ke-25
[14:52:53] row item excel ke-8, column ke-26
[14:52:53] row item excel ke-8, column ke-27
[14:52:53] row item excel ke-8, column ke-28
[14:52:53] row item excel ke-8, column ke-29
[14:52:53] row item excel ke-8, column ke-30
[14:52:53] row item excel ke-9, column ke-0
[14:52:53] row item excel ke-9, column ke-1
[14:52:53] row item excel ke-9, column ke-2
[14:52:53] row item excel ke-9, column ke-3
[14:52:53] row item excel ke-9, column ke-4
[14:52:53] row item excel ke-9, column ke-5
[14:52:53] row item excel ke-9, column ke-6
[14:52:53] row item excel ke-9, column ke-7
[14:52:53] row item excel ke-9, column ke-8
[14:52:53] row item excel ke-9, column ke-9
[14:52:53] row item excel ke-9, column ke-10
[14:52:53] row item excel ke-9, column ke-11
[14:52:53] row item excel ke-9, column ke-12
[14:52:53] row item excel ke-9, column ke-13
[14:52:53] row item excel ke-9, column ke-14
[14:52:53] row item excel ke-9, column ke-15
[14:52:53] row item excel ke-9, column ke-16
[14:52:53] row item excel ke-9, column ke-17
[14:52:53] row item excel ke-9, column ke-18
[14:52:53] row item excel ke-9, column ke-19
[14:52:53] row item excel ke-9, column ke-20
[14:52:53] row item excel ke-9, column ke-21
[14:52:53] row item excel ke-9, column ke-22
[14:52:53] row item excel ke-9, column ke-23
[14:52:53] row item excel ke-9, column ke-24
[14:52:53] row item excel ke-9, column ke-25
[14:52:53] row item excel ke-9, column ke-26
[14:52:53] row item excel ke-9, column ke-27
[14:52:53] row item excel ke-9, column ke-28
[14:52:53] row item excel ke-9, column ke-29
[14:52:53] row item excel ke-9, column ke-30
[14:52:53] row item excel ke-10, column ke-0
[14:52:53] row item excel ke-10, column ke-1
[14:52:53] row item excel ke-10, column ke-2
[14:52:53] row item excel ke-10, column ke-3
[14:52:53] row item excel ke-10, column ke-4
[14:52:53] row item excel ke-10, column ke-5
[14:52:53] row item excel ke-10, column ke-6
[14:52:53] row item excel ke-10, column ke-7
[14:52:53] row item excel ke-10, column ke-8
[14:52:53] row item excel ke-10, column ke-9
[14:52:53] row item excel ke-10, column ke-10
[14:52:53] row item excel ke-10, column ke-11
[14:52:53] row item excel ke-10, column ke-12
[14:52:53] row item excel ke-10, column ke-13
[14:52:53] row item excel ke-10, column ke-14
[14:52:53] row item excel ke-10, column ke-15
[14:52:53] row item excel ke-10, column ke-16
[14:52:53] row item excel ke-10, column ke-17
[14:52:53] row item excel ke-10, column ke-18
[14:52:53] row item excel ke-10, column ke-19
[14:52:53] row item excel ke-10, column ke-20
[14:52:53] row item excel ke-10, column ke-21
[14:52:53] row item excel ke-10, column ke-22
[14:52:53] row item excel ke-10, column ke-23
[14:52:53] row item excel ke-10, column ke-24
[14:52:53] row item excel ke-10, column ke-25
[14:52:53] row item excel ke-10, column ke-26
[14:52:53] row item excel ke-10, column ke-27
[14:52:53] row item excel ke-10, column ke-28
[14:52:53] row item excel ke-10, column ke-29
[14:52:53] row item excel ke-10, column ke-30
[14:53:09] err InsertToDb: Input string was not in a correct format.,    at System.Number.StringToNumber(String str, NumberStyles options, NumberBuffer& number, NumberFormatInfo info, Boolean parseDecimal)
   at System.Number.ParseInt32(String s, NumberStyles style, NumberFormatInfo info)
   at System.String.System.IConvertible.ToInt32(IFormatProvider provider)
   at OfficialCeisaLite.Views.RequestTPB.InsertToDb(DataTable tbl, String type) in C:\Users\farifin\OneDrive - DPDHL\Documents\Projects\E-Ceisa\Views\RequestTPB.aspx.cs:line 5535
[14:53:45] row item excel ke-2, column ke-0
[14:53:45] row item excel ke-2, column ke-1
[14:53:45] row item excel ke-2, column ke-2
[14:53:45] row item excel ke-2, column ke-3
[14:53:45] row item excel ke-2, column ke-4
[14:53:45] row item excel ke-2, column ke-5
[14:53:45] row item excel ke-2, column ke-6
[14:53:45] row item excel ke-2, column ke-7
[14:53:45] row item excel ke-2, column ke-8
[14:53:45] row item excel ke-2, column ke-9
[14:53:45] row item excel ke-2, column ke-10
[14:53:45] row item excel ke-2, column ke-11
[14:53:45] row item excel ke-2, column ke-12
[14:53:45] row item excel ke-2, column ke-13
[14:53:45] row item excel ke-2, column ke-14
[14:53:45] row item excel ke-2, column ke-15
[14:53:45] row item excel ke-2, column ke-16
[14:53:45] row item excel ke-2, column ke-17
[14:53:45] row item excel ke-2, column ke-18
[14:53:45] row item excel ke-2, column ke-19
[14:53:45] row item excel ke-2, column ke-20
[14:53:45] row item excel ke-2, column ke-21
[14:53:45] row item excel ke-2, column ke-22
[14:53:45] row item excel ke-2, column ke-23
[14:53:45] row item excel ke-2, column ke-24
[14:53:45] row item excel ke-2, column ke-25
[14:53:45] row item excel ke-2, column ke-26
[14:53:45] row item excel ke-2, column ke-27
[14:53:45] row item excel ke-2, column ke-28
[14:53:45] row item excel ke-2, column ke-29
[14:53:45] row item excel ke-2, column ke-30
[14:53:45] row item excel ke-3, column ke-0
[14:53:45] row item excel ke-3, column ke-1
[14:53:45] row item excel ke-3, column ke-2
[14:53:45] row item excel ke-3, column ke-3
[14:53:45] row item excel ke-3, column ke-4
[14:53:45] row item excel ke-3, column ke-5
[14:53:45] row item excel ke-3, column ke-6
[14:53:45] row item excel ke-3, column ke-7
[14:53:45] row item excel ke-3, column ke-8
[14:53:45] row item excel ke-3, column ke-9
[14:53:45] row item excel ke-3, column ke-10
[14:53:45] row item excel ke-3, column ke-11
[14:53:45] row item excel ke-3, column ke-12
[14:53:45] row item excel ke-3, column ke-13
[14:53:45] row item excel ke-3, column ke-14
[14:53:45] row item excel ke-3, column ke-15
[14:53:45] row item excel ke-3, column ke-16
[14:53:45] row item excel ke-3, column ke-17
[14:53:45] row item excel ke-3, column ke-18
[14:53:45] row item excel ke-3, column ke-19
[14:53:45] row item excel ke-3, column ke-20
[14:53:45] row item excel ke-3, column ke-21
[14:53:45] row item excel ke-3, column ke-22
[14:53:45] row item excel ke-3, column ke-23
[14:53:45] row item excel ke-3, column ke-24
[14:53:45] row item excel ke-3, column ke-25
[14:53:45] row item excel ke-3, column ke-26
[14:53:45] row item excel ke-3, column ke-27
[14:53:45] row item excel ke-3, column ke-28
[14:53:45] row item excel ke-3, column ke-29
[14:53:45] row item excel ke-3, column ke-30
[14:53:45] row item excel ke-4, column ke-0
[14:53:45] row item excel ke-4, column ke-1
[14:53:45] row item excel ke-4, column ke-2
[14:53:45] row item excel ke-4, column ke-3
[14:53:45] row item excel ke-4, column ke-4
[14:53:45] row item excel ke-4, column ke-5
[14:53:45] row item excel ke-4, column ke-6
[14:53:45] row item excel ke-4, column ke-7
[14:53:45] row item excel ke-4, column ke-8
[14:53:45] row item excel ke-4, column ke-9
[14:53:45] row item excel ke-4, column ke-10
[14:53:45] row item excel ke-4, column ke-11
[14:53:45] row item excel ke-4, column ke-12
[14:53:45] row item excel ke-4, column ke-13
[14:53:45] row item excel ke-4, column ke-14
[14:53:45] row item excel ke-4, column ke-15
[14:53:45] row item excel ke-4, column ke-16
[14:53:45] row item excel ke-4, column ke-17
[14:53:45] row item excel ke-4, column ke-18
[14:53:45] row item excel ke-4, column ke-19
[14:53:45] row item excel ke-4, column ke-20
[14:53:45] row item excel ke-4, column ke-21
[14:53:45] row item excel ke-4, column ke-22
[14:53:45] row item excel ke-4, column ke-23
[14:53:45] row item excel ke-4, column ke-24
[14:53:45] row item excel ke-4, column ke-25
[14:53:45] row item excel ke-4, column ke-26
[14:53:45] row item excel ke-4, column ke-27
[14:53:45] row item excel ke-4, column ke-28
[14:53:45] row item excel ke-4, column ke-29
[14:53:45] row item excel ke-4, column ke-30
[14:53:45] row item excel ke-5, column ke-0
[14:53:45] row item excel ke-5, column ke-1
[14:53:45] row item excel ke-5, column ke-2
[14:53:45] row item excel ke-5, column ke-3
[14:53:45] row item excel ke-5, column ke-4
[14:53:45] row item excel ke-5, column ke-5
[14:53:45] row item excel ke-5, column ke-6
[14:53:45] row item excel ke-5, column ke-7
[14:53:45] row item excel ke-5, column ke-8
[14:53:45] row item excel ke-5, column ke-9
[14:53:45] row item excel ke-5, column ke-10
[14:53:45] row item excel ke-5, column ke-11
[14:53:45] row item excel ke-5, column ke-12
[14:53:45] row item excel ke-5, column ke-13
[14:53:45] row item excel ke-5, column ke-14
[14:53:45] row item excel ke-5, column ke-15
[14:53:45] row item excel ke-5, column ke-16
[14:53:45] row item excel ke-5, column ke-17
[14:53:45] row item excel ke-5, column ke-18
[14:53:45] row item excel ke-5, column ke-19
[14:53:45] row item excel ke-5, column ke-20
[14:53:45] row item excel ke-5, column ke-21
[14:53:45] row item excel ke-5, column ke-22
[14:53:45] row item excel ke-5, column ke-23
[14:53:45] row item excel ke-5, column ke-24
[14:53:45] row item excel ke-5, column ke-25
[14:53:45] row item excel ke-5, column ke-26
[14:53:45] row item excel ke-5, column ke-27
[14:53:45] row item excel ke-5, column ke-28
[14:53:45] row item excel ke-5, column ke-29
[14:53:45] row item excel ke-5, column ke-30
[14:53:45] row item excel ke-6, column ke-0
[14:53:45] row item excel ke-6, column ke-1
[14:53:45] row item excel ke-6, column ke-2
[14:53:45] row item excel ke-6, column ke-3
[14:53:45] row item excel ke-6, column ke-4
[14:53:45] row item excel ke-6, column ke-5
[14:53:45] row item excel ke-6, column ke-6
[14:53:45] row item excel ke-6, column ke-7
[14:53:45] row item excel ke-6, column ke-8
[14:53:45] row item excel ke-6, column ke-9
[14:53:45] row item excel ke-6, column ke-10
[14:53:45] row item excel ke-6, column ke-11
[14:53:45] row item excel ke-6, column ke-12
[14:53:45] row item excel ke-6, column ke-13
[14:53:45] row item excel ke-6, column ke-14
[14:53:45] row item excel ke-6, column ke-15
[14:53:45] row item excel ke-6, column ke-16
[14:53:45] row item excel ke-6, column ke-17
[14:53:45] row item excel ke-6, column ke-18
[14:53:45] row item excel ke-6, column ke-19
[14:53:45] row item excel ke-6, column ke-20
[14:53:45] row item excel ke-6, column ke-21
[14:53:45] row item excel ke-6, column ke-22
[14:53:45] row item excel ke-6, column ke-23
[14:53:45] row item excel ke-6, column ke-24
[14:53:45] row item excel ke-6, column ke-25
[14:53:45] row item excel ke-6, column ke-26
[14:53:45] row item excel ke-6, column ke-27
[14:53:45] row item excel ke-6, column ke-28
[14:53:45] row item excel ke-6, column ke-29
[14:53:45] row item excel ke-6, column ke-30
[14:53:45] row item excel ke-7, column ke-0
[14:53:45] row item excel ke-7, column ke-1
[14:53:45] row item excel ke-7, column ke-2
[14:53:45] row item excel ke-7, column ke-3
[14:53:45] row item excel ke-7, column ke-4
[14:53:45] row item excel ke-7, column ke-5
[14:53:45] row item excel ke-7, column ke-6
[14:53:45] row item excel ke-7, column ke-7
[14:53:45] row item excel ke-7, column ke-8
[14:53:45] row item excel ke-7, column ke-9
[14:53:45] row item excel ke-7, column ke-10
[14:53:45] row item excel ke-7, column ke-11
[14:53:45] row item excel ke-7, column ke-12
[14:53:45] row item excel ke-7, column ke-13
[14:53:45] row item excel ke-7, column ke-14
[14:53:45] row item excel ke-7, column ke-15
[14:53:45] row item excel ke-7, column ke-16
[14:53:45] row item excel ke-7, column ke-17
[14:53:45] row item excel ke-7, column ke-18
[14:53:45] row item excel ke-7, column ke-19
[14:53:45] row item excel ke-7, column ke-20
[14:53:45] row item excel ke-7, column ke-21
[14:53:45] row item excel ke-7, column ke-22
[14:53:45] row item excel ke-7, column ke-23
[14:53:45] row item excel ke-7, column ke-24
[14:53:45] row item excel ke-7, column ke-25
[14:53:45] row item excel ke-7, column ke-26
[14:53:45] row item excel ke-7, column ke-27
[14:53:45] row item excel ke-7, column ke-28
[14:53:45] row item excel ke-7, column ke-29
[14:53:45] row item excel ke-7, column ke-30
[14:53:45] row item excel ke-8, column ke-0
[14:53:45] row item excel ke-8, column ke-1
[14:53:45] row item excel ke-8, column ke-2
[14:53:45] row item excel ke-8, column ke-3
[14:53:45] row item excel ke-8, column ke-4
[14:53:45] row item excel ke-8, column ke-5
[14:53:45] row item excel ke-8, column ke-6
[14:53:45] row item excel ke-8, column ke-7
[14:53:45] row item excel ke-8, column ke-8
[14:53:45] row item excel ke-8, column ke-9
[14:53:46] row item excel ke-8, column ke-10
[14:53:46] row item excel ke-8, column ke-11
[14:53:46] row item excel ke-8, column ke-12
[14:53:46] row item excel ke-8, column ke-13
[14:53:46] row item excel ke-8, column ke-14
[14:53:46] row item excel ke-8, column ke-15
[14:53:46] row item excel ke-8, column ke-16
[14:53:46] row item excel ke-8, column ke-17
[14:53:46] row item excel ke-8, column ke-18
[14:53:46] row item excel ke-8, column ke-19
[14:53:46] row item excel ke-8, column ke-20
[14:53:46] row item excel ke-8, column ke-21
[14:53:46] row item excel ke-8, column ke-22
[14:53:46] row item excel ke-8, column ke-23
[14:53:46] row item excel ke-8, column ke-24
[14:53:46] row item excel ke-8, column ke-25
[14:53:46] row item excel ke-8, column ke-26
[14:53:46] row item excel ke-8, column ke-27
[14:53:46] row item excel ke-8, column ke-28
[14:53:46] row item excel ke-8, column ke-29
[14:53:46] row item excel ke-8, column ke-30
[14:53:46] row item excel ke-9, column ke-0
[14:53:46] row item excel ke-9, column ke-1
[14:53:46] row item excel ke-9, column ke-2
[14:53:46] row item excel ke-9, column ke-3
[14:53:46] row item excel ke-9, column ke-4
[14:53:46] row item excel ke-9, column ke-5
[14:53:46] row item excel ke-9, column ke-6
[14:53:46] row item excel ke-9, column ke-7
[14:53:46] row item excel ke-9, column ke-8
[14:53:46] row item excel ke-9, column ke-9
[14:53:46] row item excel ke-9, column ke-10
[14:53:46] row item excel ke-9, column ke-11
[14:53:46] row item excel ke-9, column ke-12
[14:53:46] row item excel ke-9, column ke-13
[14:53:46] row item excel ke-9, column ke-14
[14:53:46] row item excel ke-9, column ke-15
[14:53:46] row item excel ke-9, column ke-16
[14:53:46] row item excel ke-9, column ke-17
[14:53:46] row item excel ke-9, column ke-18
[14:53:46] row item excel ke-9, column ke-19
[14:53:46] row item excel ke-9, column ke-20
[14:53:46] row item excel ke-9, column ke-21
[14:53:46] row item excel ke-9, column ke-22
[14:53:46] row item excel ke-9, column ke-23
[14:53:46] row item excel ke-9, column ke-24
[14:53:46] row item excel ke-9, column ke-25
[14:53:46] row item excel ke-9, column ke-26
[14:53:46] row item excel ke-9, column ke-27
[14:53:46] row item excel ke-9, column ke-28
[14:53:46] row item excel ke-9, column ke-29
[14:53:46] row item excel ke-9, column ke-30
[14:53:46] row item excel ke-10, column ke-0
[14:53:46] row item excel ke-10, column ke-1
[14:53:46] row item excel ke-10, column ke-2
[14:53:46] row item excel ke-10, column ke-3
[14:53:46] row item excel ke-10, column ke-4
[14:53:46] row item excel ke-10, column ke-5
[14:53:46] row item excel ke-10, column ke-6
[14:53:46] row item excel ke-10, column ke-7
[14:53:46] row item excel ke-10, column ke-8
[14:53:46] row item excel ke-10, column ke-9
[14:53:46] row item excel ke-10, column ke-10
[14:53:46] row item excel ke-10, column ke-11
[14:53:46] row item excel ke-10, column ke-12
[14:53:46] row item excel ke-10, column ke-13
[14:53:46] row item excel ke-10, column ke-14
[14:53:46] row item excel ke-10, column ke-15
[14:53:46] row item excel ke-10, column ke-16
[14:53:46] row item excel ke-10, column ke-17
[14:53:46] row item excel ke-10, column ke-18
[14:53:46] row item excel ke-10, column ke-19
[14:53:46] row item excel ke-10, column ke-20
[14:53:46] row item excel ke-10, column ke-21
[14:53:46] row item excel ke-10, column ke-22
[14:53:46] row item excel ke-10, column ke-23
[14:53:46] row item excel ke-10, column ke-24
[14:53:46] row item excel ke-10, column ke-25
[14:53:46] row item excel ke-10, column ke-26
[14:53:46] row item excel ke-10, column ke-27
[14:53:46] row item excel ke-10, column ke-28
[14:53:46] row item excel ke-10, column ke-29
[14:53:46] row item excel ke-10, column ke-30
[14:54:02] err InsertToDb: Input string was not in a correct format.,    at System.Number.StringToNumber(String str, NumberStyles options, NumberBuffer& number, NumberFormatInfo info, Boolean parseDecimal)
   at System.Number.ParseInt32(String s, NumberStyles style, NumberFormatInfo info)
   at System.String.System.IConvertible.ToInt32(IFormatProvider provider)
   at OfficialCeisaLite.Views.RequestTPB.InsertToDb(DataTable tbl, String type) in C:\Users\farifin\OneDrive - DPDHL\Documents\Projects\E-Ceisa\Views\RequestTPB.aspx.cs:line 5535
[14:54:34] row item excel ke-2, column ke-0
[14:54:34] row item excel ke-2, column ke-1
[14:54:34] row item excel ke-2, column ke-2
[14:54:34] row item excel ke-2, column ke-3
[14:54:35] row item excel ke-2, column ke-4
[14:54:35] row item excel ke-2, column ke-5
[14:54:35] row item excel ke-2, column ke-6
[14:54:35] row item excel ke-2, column ke-7
[14:54:35] row item excel ke-2, column ke-8
[14:54:35] row item excel ke-2, column ke-9
[14:54:35] row item excel ke-2, column ke-10
[14:54:35] row item excel ke-2, column ke-11
[14:54:35] row item excel ke-2, column ke-12
[14:54:35] row item excel ke-2, column ke-13
[14:54:35] row item excel ke-2, column ke-14
[14:54:35] row item excel ke-2, column ke-15
[14:54:35] row item excel ke-2, column ke-16
[14:54:35] row item excel ke-2, column ke-17
[14:54:35] row item excel ke-2, column ke-18
[14:54:35] row item excel ke-2, column ke-19
[14:54:35] row item excel ke-2, column ke-20
[14:54:35] row item excel ke-2, column ke-21
[14:54:35] row item excel ke-2, column ke-22
[14:54:35] row item excel ke-2, column ke-23
[14:54:35] row item excel ke-2, column ke-24
[14:54:35] row item excel ke-2, column ke-25
[14:54:35] row item excel ke-2, column ke-26
[14:54:35] row item excel ke-2, column ke-27
[14:54:35] row item excel ke-2, column ke-28
[14:54:35] row item excel ke-2, column ke-29
[14:54:35] row item excel ke-2, column ke-30
[14:54:35] row item excel ke-3, column ke-0
[14:54:35] row item excel ke-3, column ke-1
[14:54:35] row item excel ke-3, column ke-2
[14:54:35] row item excel ke-3, column ke-3
[14:54:35] row item excel ke-3, column ke-4
[14:54:35] row item excel ke-3, column ke-5
[14:54:35] row item excel ke-3, column ke-6
[14:54:35] row item excel ke-3, column ke-7
[14:54:35] row item excel ke-3, column ke-8
[14:54:35] row item excel ke-3, column ke-9
[14:54:35] row item excel ke-3, column ke-10
[14:54:35] row item excel ke-3, column ke-11
[14:54:35] row item excel ke-3, column ke-12
[14:54:35] row item excel ke-3, column ke-13
[14:54:35] row item excel ke-3, column ke-14
[14:54:35] row item excel ke-3, column ke-15
[14:54:35] row item excel ke-3, column ke-16
[14:54:35] row item excel ke-3, column ke-17
[14:54:35] row item excel ke-3, column ke-18
[14:54:35] row item excel ke-3, column ke-19
[14:54:35] row item excel ke-3, column ke-20
[14:54:35] row item excel ke-3, column ke-21
[14:54:35] row item excel ke-3, column ke-22
[14:54:35] row item excel ke-3, column ke-23
[14:54:35] row item excel ke-3, column ke-24
[14:54:35] row item excel ke-3, column ke-25
[14:54:35] row item excel ke-3, column ke-26
[14:54:35] row item excel ke-3, column ke-27
[14:54:35] row item excel ke-3, column ke-28
[14:54:35] row item excel ke-3, column ke-29
[14:54:35] row item excel ke-3, column ke-30
[14:54:35] row item excel ke-4, column ke-0
[14:54:35] row item excel ke-4, column ke-1
[14:54:35] row item excel ke-4, column ke-2
[14:54:35] row item excel ke-4, column ke-3
[14:54:35] row item excel ke-4, column ke-4
[14:54:35] row item excel ke-4, column ke-5
[14:54:35] row item excel ke-4, column ke-6
[14:54:35] row item excel ke-4, column ke-7
[14:54:35] row item excel ke-4, column ke-8
[14:54:35] row item excel ke-4, column ke-9
[14:54:35] row item excel ke-4, column ke-10
[14:54:35] row item excel ke-4, column ke-11
[14:54:35] row item excel ke-4, column ke-12
[14:54:35] row item excel ke-4, column ke-13
[14:54:35] row item excel ke-4, column ke-14
[14:54:35] row item excel ke-4, column ke-15
[14:54:35] row item excel ke-4, column ke-16
[14:54:35] row item excel ke-4, column ke-17
[14:54:35] row item excel ke-4, column ke-18
[14:54:35] row item excel ke-4, column ke-19
[14:54:35] row item excel ke-4, column ke-20
[14:54:35] row item excel ke-4, column ke-21
[14:54:35] row item excel ke-4, column ke-22
[14:54:35] row item excel ke-4, column ke-23
[14:54:35] row item excel ke-4, column ke-24
[14:54:35] row item excel ke-4, column ke-25
[14:54:35] row item excel ke-4, column ke-26
[14:54:35] row item excel ke-4, column ke-27
[14:54:35] row item excel ke-4, column ke-28
[14:54:35] row item excel ke-4, column ke-29
[14:54:35] row item excel ke-4, column ke-30
[14:54:35] row item excel ke-5, column ke-0
[14:54:35] row item excel ke-5, column ke-1
[14:54:35] row item excel ke-5, column ke-2
[14:54:35] row item excel ke-5, column ke-3
[14:54:35] row item excel ke-5, column ke-4
[14:54:35] row item excel ke-5, column ke-5
[14:54:35] row item excel ke-5, column ke-6
[14:54:35] row item excel ke-5, column ke-7
[14:54:35] row item excel ke-5, column ke-8
[14:54:35] row item excel ke-5, column ke-9
[14:54:35] row item excel ke-5, column ke-10
[14:54:35] row item excel ke-5, column ke-11
[14:54:35] row item excel ke-5, column ke-12
[14:54:35] row item excel ke-5, column ke-13
[14:54:35] row item excel ke-5, column ke-14
[14:54:35] row item excel ke-5, column ke-15
[14:54:35] row item excel ke-5, column ke-16
[14:54:35] row item excel ke-5, column ke-17
[14:54:35] row item excel ke-5, column ke-18
[14:54:35] row item excel ke-5, column ke-19
[14:54:35] row item excel ke-5, column ke-20
[14:54:35] row item excel ke-5, column ke-21
[14:54:35] row item excel ke-5, column ke-22
[14:54:35] row item excel ke-5, column ke-23
[14:54:35] row item excel ke-5, column ke-24
[14:54:35] row item excel ke-5, column ke-25
[14:54:35] row item excel ke-5, column ke-26
[14:54:35] row item excel ke-5, column ke-27
[14:54:35] row item excel ke-5, column ke-28
[14:54:35] row item excel ke-5, column ke-29
[14:54:35] row item excel ke-5, column ke-30
[14:54:35] row item excel ke-6, column ke-0
[14:54:35] row item excel ke-6, column ke-1
[14:54:35] row item excel ke-6, column ke-2
[14:54:35] row item excel ke-6, column ke-3
[14:54:35] row item excel ke-6, column ke-4
[14:54:35] row item excel ke-6, column ke-5
[14:54:35] row item excel ke-6, column ke-6
[14:54:35] row item excel ke-6, column ke-7
[14:54:35] row item excel ke-6, column ke-8
[14:54:35] row item excel ke-6, column ke-9
[14:54:35] row item excel ke-6, column ke-10
[14:54:35] row item excel ke-6, column ke-11
[14:54:35] row item excel ke-6, column ke-12
[14:54:35] row item excel ke-6, column ke-13
[14:54:35] row item excel ke-6, column ke-14
[14:54:35] row item excel ke-6, column ke-15
[14:54:35] row item excel ke-6, column ke-16
[14:54:35] row item excel ke-6, column ke-17
[14:54:35] row item excel ke-6, column ke-18
[14:54:35] row item excel ke-6, column ke-19
[14:54:35] row item excel ke-6, column ke-20
[14:54:35] row item excel ke-6, column ke-21
[14:54:35] row item excel ke-6, column ke-22
[14:54:35] row item excel ke-6, column ke-23
[14:54:35] row item excel ke-6, column ke-24
[14:54:35] row item excel ke-6, column ke-25
[14:54:35] row item excel ke-6, column ke-26
[14:54:35] row item excel ke-6, column ke-27
[14:54:35] row item excel ke-6, column ke-28
[14:54:35] row item excel ke-6, column ke-29
[14:54:35] row item excel ke-6, column ke-30
[14:54:35] row item excel ke-7, column ke-0
[14:54:35] row item excel ke-7, column ke-1
[14:54:35] row item excel ke-7, column ke-2
[14:54:35] row item excel ke-7, column ke-3
[14:54:35] row item excel ke-7, column ke-4
[14:54:35] row item excel ke-7, column ke-5
[14:54:35] row item excel ke-7, column ke-6
[14:54:35] row item excel ke-7, column ke-7
[14:54:35] row item excel ke-7, column ke-8
[14:54:35] row item excel ke-7, column ke-9
[14:54:35] row item excel ke-7, column ke-10
[14:54:35] row item excel ke-7, column ke-11
[14:54:35] row item excel ke-7, column ke-12
[14:54:35] row item excel ke-7, column ke-13
[14:54:35] row item excel ke-7, column ke-14
[14:54:35] row item excel ke-7, column ke-15
[14:54:35] row item excel ke-7, column ke-16
[14:54:35] row item excel ke-7, column ke-17
[14:54:35] row item excel ke-7, column ke-18
[14:54:35] row item excel ke-7, column ke-19
[14:54:35] row item excel ke-7, column ke-20
[14:54:35] row item excel ke-7, column ke-21
[14:54:35] row item excel ke-7, column ke-22
[14:54:35] row item excel ke-7, column ke-23
[14:54:35] row item excel ke-7, column ke-24
[14:54:35] row item excel ke-7, column ke-25
[14:54:35] row item excel ke-7, column ke-26
[14:54:35] row item excel ke-7, column ke-27
[14:54:35] row item excel ke-7, column ke-28
[14:54:35] row item excel ke-7, column ke-29
[14:54:35] row item excel ke-7, column ke-30
[14:54:35] row item excel ke-8, column ke-0
[14:54:35] row item excel ke-8, column ke-1
[14:54:35] row item excel ke-8, column ke-2
[14:54:35] row item excel ke-8, column ke-3
[14:54:35] row item excel ke-8, column ke-4
[14:54:35] row item excel ke-8, column ke-5
[14:54:35] row item excel ke-8, column ke-6
[14:54:35] row item excel ke-8, column ke-7
[14:54:35] row item excel ke-8, column ke-8
[14:54:35] row item excel ke-8, column ke-9
[14:54:35] row item excel ke-8, column ke-10
[14:54:35] row item excel ke-8, column ke-11
[14:54:35] row item excel ke-8, column ke-12
[14:54:35] row item excel ke-8, column ke-13
[14:54:35] row item excel ke-8, column ke-14
[14:54:35] row item excel ke-8, column ke-15
[14:54:35] row item excel ke-8, column ke-16
[14:54:35] row item excel ke-8, column ke-17
[14:54:35] row item excel ke-8, column ke-18
[14:54:35] row item excel ke-8, column ke-19
[14:54:35] row item excel ke-8, column ke-20
[14:54:35] row item excel ke-8, column ke-21
[14:54:35] row item excel ke-8, column ke-22
[14:54:35] row item excel ke-8, column ke-23
[14:54:35] row item excel ke-8, column ke-24
[14:54:35] row item excel ke-8, column ke-25
[14:54:35] row item excel ke-8, column ke-26
[14:54:35] row item excel ke-8, column ke-27
[14:54:35] row item excel ke-8, column ke-28
[14:54:35] row item excel ke-8, column ke-29
[14:54:35] row item excel ke-8, column ke-30
[14:54:35] row item excel ke-9, column ke-0
[14:54:35] row item excel ke-9, column ke-1
[14:54:35] row item excel ke-9, column ke-2
[14:54:35] row item excel ke-9, column ke-3
[14:54:35] row item excel ke-9, column ke-4
[14:54:35] row item excel ke-9, column ke-5
[14:54:35] row item excel ke-9, column ke-6
[14:54:35] row item excel ke-9, column ke-7
[14:54:35] row item excel ke-9, column ke-8
[14:54:35] row item excel ke-9, column ke-9
[14:54:35] row item excel ke-9, column ke-10
[14:54:35] row item excel ke-9, column ke-11
[14:54:35] row item excel ke-9, column ke-12
[14:54:35] row item excel ke-9, column ke-13
[14:54:35] row item excel ke-9, column ke-14
[14:54:35] row item excel ke-9, column ke-15
[14:54:35] row item excel ke-9, column ke-16
[14:54:35] row item excel ke-9, column ke-17
[14:54:35] row item excel ke-9, column ke-18
[14:54:35] row item excel ke-9, column ke-19
[14:54:35] row item excel ke-9, column ke-20
[14:54:35] row item excel ke-9, column ke-21
[14:54:35] row item excel ke-9, column ke-22
[14:54:35] row item excel ke-9, column ke-23
[14:54:35] row item excel ke-9, column ke-24
[14:54:35] row item excel ke-9, column ke-25
[14:54:35] row item excel ke-9, column ke-26
[14:54:35] row item excel ke-9, column ke-27
[14:54:35] row item excel ke-9, column ke-28
[14:54:35] row item excel ke-9, column ke-29
[14:54:35] row item excel ke-9, column ke-30
[14:54:35] row item excel ke-10, column ke-0
[14:54:35] row item excel ke-10, column ke-1
[14:54:35] row item excel ke-10, column ke-2
[14:54:35] row item excel ke-10, column ke-3
[14:54:35] row item excel ke-10, column ke-4
[14:54:35] row item excel ke-10, column ke-5
[14:54:35] row item excel ke-10, column ke-6
[14:54:35] row item excel ke-10, column ke-7
[14:54:35] row item excel ke-10, column ke-8
[14:54:35] row item excel ke-10, column ke-9
[14:54:35] row item excel ke-10, column ke-10
[14:54:35] row item excel ke-10, column ke-11
[14:54:35] row item excel ke-10, column ke-12
[14:54:35] row item excel ke-10, column ke-13
[14:54:35] row item excel ke-10, column ke-14
[14:54:35] row item excel ke-10, column ke-15
[14:54:35] row item excel ke-10, column ke-16
[14:54:35] row item excel ke-10, column ke-17
[14:54:35] row item excel ke-10, column ke-18
[14:54:35] row item excel ke-10, column ke-19
[14:54:35] row item excel ke-10, column ke-20
[14:54:35] row item excel ke-10, column ke-21
[14:54:35] row item excel ke-10, column ke-22
[14:54:35] row item excel ke-10, column ke-23
[14:54:35] row item excel ke-10, column ke-24
[14:54:35] row item excel ke-10, column ke-25
[14:54:35] row item excel ke-10, column ke-26
[14:54:35] row item excel ke-10, column ke-27
[14:54:35] row item excel ke-10, column ke-28
[14:54:35] row item excel ke-10, column ke-29
[14:54:35] row item excel ke-10, column ke-30
[14:56:17] err InsertToDb: Input string was not in a correct format.,    at System.Number.StringToNumber(String str, NumberStyles options, NumberBuffer& number, NumberFormatInfo info, Boolean parseDecimal)
   at System.Number.ParseInt32(String s, NumberStyles style, NumberFormatInfo info)
   at System.String.System.IConvertible.ToInt32(IFormatProvider provider)
   at OfficialCeisaLite.Views.RequestTPB.InsertToDb(DataTable tbl, String type) in C:\Users\farifin\OneDrive - DPDHL\Documents\Projects\E-Ceisa\Views\RequestTPB.aspx.cs:line 5535
[14:57:49] row item excel ke-2, column ke-0
[14:57:49] row item excel ke-2, column ke-1
[14:57:49] row item excel ke-2, column ke-2
[14:57:49] row item excel ke-2, column ke-3
[14:57:49] row item excel ke-2, column ke-4
[14:57:49] row item excel ke-2, column ke-5
[14:57:49] row item excel ke-2, column ke-6
[14:57:49] row item excel ke-2, column ke-7
[14:57:49] row item excel ke-2, column ke-8
[14:57:49] row item excel ke-2, column ke-9
[14:57:49] row item excel ke-2, column ke-10
[14:57:49] row item excel ke-2, column ke-11
[14:57:49] row item excel ke-2, column ke-12
[14:57:49] row item excel ke-2, column ke-13
[14:57:49] row item excel ke-2, column ke-14
[14:57:49] row item excel ke-2, column ke-15
[14:57:49] row item excel ke-2, column ke-16
[14:57:49] row item excel ke-2, column ke-17
[14:57:49] row item excel ke-2, column ke-18
[14:57:49] row item excel ke-2, column ke-19
[14:57:49] row item excel ke-2, column ke-20
[14:57:49] row item excel ke-2, column ke-21
[14:57:49] row item excel ke-2, column ke-22
[14:57:49] row item excel ke-2, column ke-23
[14:57:49] row item excel ke-2, column ke-24
[14:57:49] row item excel ke-2, column ke-25
[14:57:49] row item excel ke-2, column ke-26
[14:57:49] row item excel ke-2, column ke-27
[14:57:49] row item excel ke-2, column ke-28
[14:57:49] row item excel ke-2, column ke-29
[14:57:49] row item excel ke-2, column ke-30
[14:57:49] row item excel ke-3, column ke-0
[14:57:49] row item excel ke-3, column ke-1
[14:57:49] row item excel ke-3, column ke-2
[14:57:49] row item excel ke-3, column ke-3
[14:57:49] row item excel ke-3, column ke-4
[14:57:49] row item excel ke-3, column ke-5
[14:57:49] row item excel ke-3, column ke-6
[14:57:49] row item excel ke-3, column ke-7
[14:57:49] row item excel ke-3, column ke-8
[14:57:49] row item excel ke-3, column ke-9
[14:57:49] row item excel ke-3, column ke-10
[14:57:49] row item excel ke-3, column ke-11
[14:57:49] row item excel ke-3, column ke-12
[14:57:49] row item excel ke-3, column ke-13
[14:57:49] row item excel ke-3, column ke-14
[14:57:49] row item excel ke-3, column ke-15
[14:57:49] row item excel ke-3, column ke-16
[14:57:49] row item excel ke-3, column ke-17
[14:57:49] row item excel ke-3, column ke-18
[14:57:49] row item excel ke-3, column ke-19
[14:57:49] row item excel ke-3, column ke-20
[14:57:49] row item excel ke-3, column ke-21
[14:57:49] row item excel ke-3, column ke-22
[14:57:49] row item excel ke-3, column ke-23
[14:57:49] row item excel ke-3, column ke-24
[14:57:49] row item excel ke-3, column ke-25
[14:57:49] row item excel ke-3, column ke-26
[14:57:49] row item excel ke-3, column ke-27
[14:57:49] row item excel ke-3, column ke-28
[14:57:49] row item excel ke-3, column ke-29
[14:57:49] row item excel ke-3, column ke-30
[14:57:49] row item excel ke-4, column ke-0
[14:57:49] row item excel ke-4, column ke-1
[14:57:49] row item excel ke-4, column ke-2
[14:57:49] row item excel ke-4, column ke-3
[14:57:49] row item excel ke-4, column ke-4
[14:57:49] row item excel ke-4, column ke-5
[14:57:49] row item excel ke-4, column ke-6
[14:57:49] row item excel ke-4, column ke-7
[14:57:49] row item excel ke-4, column ke-8
[14:57:49] row item excel ke-4, column ke-9
[14:57:49] row item excel ke-4, column ke-10
[14:57:49] row item excel ke-4, column ke-11
[14:57:49] row item excel ke-4, column ke-12
[14:57:49] row item excel ke-4, column ke-13
[14:57:49] row item excel ke-4, column ke-14
[14:57:49] row item excel ke-4, column ke-15
[14:57:49] row item excel ke-4, column ke-16
[14:57:49] row item excel ke-4, column ke-17
[14:57:49] row item excel ke-4, column ke-18
[14:57:49] row item excel ke-4, column ke-19
[14:57:49] row item excel ke-4, column ke-20
[14:57:49] row item excel ke-4, column ke-21
[14:57:49] row item excel ke-4, column ke-22
[14:57:49] row item excel ke-4, column ke-23
[14:57:49] row item excel ke-4, column ke-24
[14:57:49] row item excel ke-4, column ke-25
[14:57:49] row item excel ke-4, column ke-26
[14:57:49] row item excel ke-4, column ke-27
[14:57:49] row item excel ke-4, column ke-28
[14:57:49] row item excel ke-4, column ke-29
[14:57:49] row item excel ke-4, column ke-30
[14:57:49] row item excel ke-5, column ke-0
[14:57:49] row item excel ke-5, column ke-1
[14:57:49] row item excel ke-5, column ke-2
[14:57:49] row item excel ke-5, column ke-3
[14:57:49] row item excel ke-5, column ke-4
[14:57:49] row item excel ke-5, column ke-5
[14:57:49] row item excel ke-5, column ke-6
[14:57:49] row item excel ke-5, column ke-7
[14:57:49] row item excel ke-5, column ke-8
[14:57:49] row item excel ke-5, column ke-9
[14:57:49] row item excel ke-5, column ke-10
[14:57:49] row item excel ke-5, column ke-11
[14:57:49] row item excel ke-5, column ke-12
[14:57:49] row item excel ke-5, column ke-13
[14:57:49] row item excel ke-5, column ke-14
[14:57:49] row item excel ke-5, column ke-15
[14:57:49] row item excel ke-5, column ke-16
[14:57:49] row item excel ke-5, column ke-17
[14:57:49] row item excel ke-5, column ke-18
[14:57:49] row item excel ke-5, column ke-19
[14:57:49] row item excel ke-5, column ke-20
[14:57:49] row item excel ke-5, column ke-21
[14:57:49] row item excel ke-5, column ke-22
[14:57:49] row item excel ke-5, column ke-23
[14:57:49] row item excel ke-5, column ke-24
[14:57:49] row item excel ke-5, column ke-25
[14:57:49] row item excel ke-5, column ke-26
[14:57:49] row item excel ke-5, column ke-27
[14:57:49] row item excel ke-5, column ke-28
[14:57:49] row item excel ke-5, column ke-29
[14:57:49] row item excel ke-5, column ke-30
[14:57:49] row item excel ke-6, column ke-0
[14:57:49] row item excel ke-6, column ke-1
[14:57:49] row item excel ke-6, column ke-2
[14:57:49] row item excel ke-6, column ke-3
[14:57:49] row item excel ke-6, column ke-4
[14:57:49] row item excel ke-6, column ke-5
[14:57:49] row item excel ke-6, column ke-6
[14:57:49] row item excel ke-6, column ke-7
[14:57:49] row item excel ke-6, column ke-8
[14:57:49] row item excel ke-6, column ke-9
[14:57:49] row item excel ke-6, column ke-10
[14:57:49] row item excel ke-6, column ke-11
[14:57:49] row item excel ke-6, column ke-12
[14:57:49] row item excel ke-6, column ke-13
[14:57:49] row item excel ke-6, column ke-14
[14:57:49] row item excel ke-6, column ke-15
[14:57:49] row item excel ke-6, column ke-16
[14:57:49] row item excel ke-6, column ke-17
[14:57:49] row item excel ke-6, column ke-18
[14:57:49] row item excel ke-6, column ke-19
[14:57:49] row item excel ke-6, column ke-20
[14:57:49] row item excel ke-6, column ke-21
[14:57:49] row item excel ke-6, column ke-22
[14:57:49] row item excel ke-6, column ke-23
[14:57:49] row item excel ke-6, column ke-24
[14:57:49] row item excel ke-6, column ke-25
[14:57:49] row item excel ke-6, column ke-26
[14:57:49] row item excel ke-6, column ke-27
[14:57:49] row item excel ke-6, column ke-28
[14:57:49] row item excel ke-6, column ke-29
[14:57:49] row item excel ke-6, column ke-30
[14:57:49] row item excel ke-7, column ke-0
[14:57:49] row item excel ke-7, column ke-1
[14:57:49] row item excel ke-7, column ke-2
[14:57:49] row item excel ke-7, column ke-3
[14:57:49] row item excel ke-7, column ke-4
[14:57:49] row item excel ke-7, column ke-5
[14:57:49] row item excel ke-7, column ke-6
[14:57:49] row item excel ke-7, column ke-7
[14:57:49] row item excel ke-7, column ke-8
[14:57:49] row item excel ke-7, column ke-9
[14:57:49] row item excel ke-7, column ke-10
[14:57:49] row item excel ke-7, column ke-11
[14:57:49] row item excel ke-7, column ke-12
[14:57:49] row item excel ke-7, column ke-13
[14:57:49] row item excel ke-7, column ke-14
[14:57:49] row item excel ke-7, column ke-15
[14:57:49] row item excel ke-7, column ke-16
[14:57:49] row item excel ke-7, column ke-17
[14:57:49] row item excel ke-7, column ke-18
[14:57:49] row item excel ke-7, column ke-19
[14:57:49] row item excel ke-7, column ke-20
[14:57:49] row item excel ke-7, column ke-21
[14:57:49] row item excel ke-7, column ke-22
[14:57:49] row item excel ke-7, column ke-23
[14:57:49] row item excel ke-7, column ke-24
[14:57:49] row item excel ke-7, column ke-25
[14:57:49] row item excel ke-7, column ke-26
[14:57:49] row item excel ke-7, column ke-27
[14:57:49] row item excel ke-7, column ke-28
[14:57:49] row item excel ke-7, column ke-29
[14:57:49] row item excel ke-7, column ke-30
[14:57:49] row item excel ke-8, column ke-0
[14:57:49] row item excel ke-8, column ke-1
[14:57:49] row item excel ke-8, column ke-2
[14:57:49] row item excel ke-8, column ke-3
[14:57:49] row item excel ke-8, column ke-4
[14:57:49] row item excel ke-8, column ke-5
[14:57:49] row item excel ke-8, column ke-6
[14:57:49] row item excel ke-8, column ke-7
[14:57:49] row item excel ke-8, column ke-8
[14:57:49] row item excel ke-8, column ke-9
[14:57:49] row item excel ke-8, column ke-10
[14:57:49] row item excel ke-8, column ke-11
[14:57:49] row item excel ke-8, column ke-12
[14:57:49] row item excel ke-8, column ke-13
[14:57:49] row item excel ke-8, column ke-14
[14:57:49] row item excel ke-8, column ke-15
[14:57:49] row item excel ke-8, column ke-16
[14:57:49] row item excel ke-8, column ke-17
[14:57:49] row item excel ke-8, column ke-18
[14:57:49] row item excel ke-8, column ke-19
[14:57:49] row item excel ke-8, column ke-20
[14:57:49] row item excel ke-8, column ke-21
[14:57:49] row item excel ke-8, column ke-22
[14:57:49] row item excel ke-8, column ke-23
[14:57:49] row item excel ke-8, column ke-24
[14:57:49] row item excel ke-8, column ke-25
[14:57:49] row item excel ke-8, column ke-26
[14:57:49] row item excel ke-8, column ke-27
[14:57:49] row item excel ke-8, column ke-28
[14:57:49] row item excel ke-8, column ke-29
[14:57:49] row item excel ke-8, column ke-30
[14:57:49] row item excel ke-9, column ke-0
[14:57:49] row item excel ke-9, column ke-1
[14:57:49] row item excel ke-9, column ke-2
[14:57:49] row item excel ke-9, column ke-3
[14:57:49] row item excel ke-9, column ke-4
[14:57:49] row item excel ke-9, column ke-5
[14:57:49] row item excel ke-9, column ke-6
[14:57:49] row item excel ke-9, column ke-7
[14:57:49] row item excel ke-9, column ke-8
[14:57:49] row item excel ke-9, column ke-9
[14:57:49] row item excel ke-9, column ke-10
[14:57:49] row item excel ke-9, column ke-11
[14:57:49] row item excel ke-9, column ke-12
[14:57:49] row item excel ke-9, column ke-13
[14:57:49] row item excel ke-9, column ke-14
[14:57:49] row item excel ke-9, column ke-15
[14:57:49] row item excel ke-9, column ke-16
[14:57:49] row item excel ke-9, column ke-17
[14:57:49] row item excel ke-9, column ke-18
[14:57:49] row item excel ke-9, column ke-19
[14:57:49] row item excel ke-9, column ke-20
[14:57:49] row item excel ke-9, column ke-21
[14:57:49] row item excel ke-9, column ke-22
[14:57:49] row item excel ke-9, column ke-23
[14:57:49] row item excel ke-9, column ke-24
[14:57:49] row item excel ke-9, column ke-25
[14:57:49] row item excel ke-9, column ke-26
[14:57:49] row item excel ke-9, column ke-27
[14:57:49] row item excel ke-9, column ke-28
[14:57:49] row item excel ke-9, column ke-29
[14:57:49] row item excel ke-9, column ke-30
[14:57:49] row item excel ke-10, column ke-0
[14:57:49] row item excel ke-10, column ke-1
[14:57:49] row item excel ke-10, column ke-2
[14:57:49] row item excel ke-10, column ke-3
[14:57:49] row item excel ke-10, column ke-4
[14:57:49] row item excel ke-10, column ke-5
[14:57:49] row item excel ke-10, column ke-6
[14:57:49] row item excel ke-10, column ke-7
[14:57:49] row item excel ke-10, column ke-8
[14:57:49] row item excel ke-10, column ke-9
[14:57:49] row item excel ke-10, column ke-10
[14:57:49] row item excel ke-10, column ke-11
[14:57:49] row item excel ke-10, column ke-12
[14:57:49] row item excel ke-10, column ke-13
[14:57:49] row item excel ke-10, column ke-14
[14:57:49] row item excel ke-10, column ke-15
[14:57:49] row item excel ke-10, column ke-16
[14:57:49] row item excel ke-10, column ke-17
[14:57:49] row item excel ke-10, column ke-18
[14:57:49] row item excel ke-10, column ke-19
[14:57:49] row item excel ke-10, column ke-20
[14:57:49] row item excel ke-10, column ke-21
[14:57:49] row item excel ke-10, column ke-22
[14:57:49] row item excel ke-10, column ke-23
[14:57:49] row item excel ke-10, column ke-24
[14:57:49] row item excel ke-10, column ke-25
[14:57:49] row item excel ke-10, column ke-26
[14:57:49] row item excel ke-10, column ke-27
[14:57:49] row item excel ke-10, column ke-28
[14:57:49] row item excel ke-10, column ke-29
[14:57:49] row item excel ke-10, column ke-30
[16:57:16] LOAD DATA BARANG '3495025240' : 1 Rows..
[16:57:18] LOAD DATA HEADER '3495025240' : 1 Rows..
[16:57:18] LOAD DATA TARIF '3495025240' : 1 Rows..
[16:57:18] LOAD DATA ENTITAS '3495025240' : 1 Rows..
[16:57:18] LOAD DATA KEMASAN '3495025240' : 1 Rows..
[16:57:19] LOAD DATA PENGANGKUT '3495025240' : 1 Rows..
