[14:38:26] LOAD DATA BARANG '1744194723' : 4 Rows..
[14:38:26] LOAD DATA HEADER '1744194723' : 1 Rows..
[14:38:27] LOAD DATA TARIF '1744194723' : 4 Rows..
[14:38:27] LOAD DATA ENTITAS '1744194723' : 1 Rows..
[14:38:27] LOAD DATA KEMASAN '1744194723' : 1 Rows..
[14:38:28] LOAD DATA PENGANGKUT '1744194723' : 1 Rows..
[15:03:23] LOAD DATA BARANG '8223492502' : 8 Rows..
[15:03:27] LOAD DATA HEADER '8223492502' : 1 Rows..
[15:03:28] LOAD DATA TARIF '8223492502' : 8 Rows..
[15:03:28] LOAD DATA ENTITAS '8223492502' : 1 Rows..
[15:03:28] LOAD DATA KEMASAN '8223492502' : 1 Rows..
[15:03:29] LOAD DATA PENGANGKUT '8223492502' : 1 Rows..
[15:05:25] Reload data DCI..
Clean duplicate AWB :
'4364127504'
[15:05:25] LOAD DATA BARANG '4364127504' : 8 Rows..
[15:05:25] Token Access: eyJhbGciOiJSUzI1NiIsInR5cCIgOiAiSldUIiwia2lkIiA6ICIzbXo1OTYwdE9MbkhhT0JLTHRQSG15N2VmT0plQVo5UmVZdkJMOGxVZDhFIn0.eyJleHAiOjE3MTE1MzAyNjIsImlhdCI6MTcxMTUyNjY2MiwianRpIjoiZmJmY2Q4NDYtOTg2MS00OWZhLThkMGEtMmEzNjMwMDRlNThlIiwiaXNzIjoiaHR0cHM6Ly9zc28tc3NvLXBvcnRhbC5hcHBzLnByb2RkYy5jdXN0b21zLmdvLmlkL2F1dGgvcmVhbG1zL3BvcnRhbF9oMmgiLCJzdWIiOiI5YjI4OWU0MS01OGM5LTRhNDUtYjdkMi1hZTI4OTEyZjY2NWUiLCJ0eXAiOiJCZWFyZXIiLCJhenAiOiJwb3J0YWxfaDJoX2NsaWVudCIsInNlc3Npb25fc3RhdGUiOiJhNWU3MDViZS1iMWJkLTRhN2YtODE2NS1iMWNkZmNhYzkyNGIiLCJhY3IiOiIxIiwic2NvcGUiOiJvcGVuaWQgZW1haWwgcHJvZmlsZSIsInNpZCI6ImE1ZTcwNWJlLWIxYmQtNGE3Zi04MTY1LWIxY2RmY2FjOTI0YiIsImVtYWlsX3ZlcmlmaWVkIjpmYWxzZSwibmFtZSI6IkFndXMgU2FlcHVkaW4iLCJpZGVudGl0YXMiOiIwMTMxMDc3NDMwNjIwMDAiLCJwcmVmZXJyZWRfdXNlcm5hbWUiOiJhc2FlcHVkaW4iLCJnaXZlbl9uYW1lIjoiQWd1cyBTYWVwdWRpbiIsImZhbWlseV9uYW1lIjoiIiwiZW1haWwiOiJhZ3VzLnNhZXB1ZGluQGRobC5jb20ifQ.etkpeQC33eT56qXub6IdGC-9sRPnamAiqGIbETPHWqavke5qYFWwwA3YwLIjU1jUDk8YMA_T9POAvC2PIvK4_KSX3mtIgO-jvKUKhW2qi8e_tcn6sdIcWcJ_LnJDz9koWEp5DlHPK7oFqqQHSLXie1yjFNpVMOt83BPU9MvvChqzPTScOE_WEktX5faoPuSHYbiFvbAU6CCJDu9onA0ElisvP6Umlp4bt05wXX8jCkVOfQ9SBzvZL0QWmYQC7oBSWs0QdCur-I8uFRj7Lsl60zI7ivJh-hSQtiovoeSzxTaeLTOaMIvE8CTs08N1V0aQV0AYSN7YxOjDHwAwXMv8JA
[15:05:28] response kurs JPY
{"status":"true","message":"success","data":[{"nilaiKurs":"104.131"}]}
[15:05:29] Token Access: eyJhbGciOiJSUzI1NiIsInR5cCIgOiAiSldUIiwia2lkIiA6ICIzbXo1OTYwdE9MbkhhT0JLTHRQSG15N2VmT0plQVo5UmVZdkJMOGxVZDhFIn0.eyJleHAiOjE3MTE1MzAyNjIsImlhdCI6MTcxMTUyNjY2MiwianRpIjoiZmJmY2Q4NDYtOTg2MS00OWZhLThkMGEtMmEzNjMwMDRlNThlIiwiaXNzIjoiaHR0cHM6Ly9zc28tc3NvLXBvcnRhbC5hcHBzLnByb2RkYy5jdXN0b21zLmdvLmlkL2F1dGgvcmVhbG1zL3BvcnRhbF9oMmgiLCJzdWIiOiI5YjI4OWU0MS01OGM5LTRhNDUtYjdkMi1hZTI4OTEyZjY2NWUiLCJ0eXAiOiJCZWFyZXIiLCJhenAiOiJwb3J0YWxfaDJoX2NsaWVudCIsInNlc3Npb25fc3RhdGUiOiJhNWU3MDViZS1iMWJkLTRhN2YtODE2NS1iMWNkZmNhYzkyNGIiLCJhY3IiOiIxIiwic2NvcGUiOiJvcGVuaWQgZW1haWwgcHJvZmlsZSIsInNpZCI6ImE1ZTcwNWJlLWIxYmQtNGE3Zi04MTY1LWIxY2RmY2FjOTI0YiIsImVtYWlsX3ZlcmlmaWVkIjpmYWxzZSwibmFtZSI6IkFndXMgU2FlcHVkaW4iLCJpZGVudGl0YXMiOiIwMTMxMDc3NDMwNjIwMDAiLCJwcmVmZXJyZWRfdXNlcm5hbWUiOiJhc2FlcHVkaW4iLCJnaXZlbl9uYW1lIjoiQWd1cyBTYWVwdWRpbiIsImZhbWlseV9uYW1lIjoiIiwiZW1haWwiOiJhZ3VzLnNhZXB1ZGluQGRobC5jb20ifQ.etkpeQC33eT56qXub6IdGC-9sRPnamAiqGIbETPHWqavke5qYFWwwA3YwLIjU1jUDk8YMA_T9POAvC2PIvK4_KSX3mtIgO-jvKUKhW2qi8e_tcn6sdIcWcJ_LnJDz9koWEp5DlHPK7oFqqQHSLXie1yjFNpVMOt83BPU9MvvChqzPTScOE_WEktX5faoPuSHYbiFvbAU6CCJDu9onA0ElisvP6Umlp4bt05wXX8jCkVOfQ9SBzvZL0QWmYQC7oBSWs0QdCur-I8uFRj7Lsl60zI7ivJh-hSQtiovoeSzxTaeLTOaMIvE8CTs08N1V0aQV0AYSN7YxOjDHwAwXMv8JA
[15:05:30] response kurs JPY
{"status":"true","message":"success","data":[{"nilaiKurs":"104.131"}]}
[15:05:31] Token Access: eyJhbGciOiJSUzI1NiIsInR5cCIgOiAiSldUIiwia2lkIiA6ICIzbXo1OTYwdE9MbkhhT0JLTHRQSG15N2VmT0plQVo5UmVZdkJMOGxVZDhFIn0.eyJleHAiOjE3MTE1MzAyNjIsImlhdCI6MTcxMTUyNjY2MiwianRpIjoiZmJmY2Q4NDYtOTg2MS00OWZhLThkMGEtMmEzNjMwMDRlNThlIiwiaXNzIjoiaHR0cHM6Ly9zc28tc3NvLXBvcnRhbC5hcHBzLnByb2RkYy5jdXN0b21zLmdvLmlkL2F1dGgvcmVhbG1zL3BvcnRhbF9oMmgiLCJzdWIiOiI5YjI4OWU0MS01OGM5LTRhNDUtYjdkMi1hZTI4OTEyZjY2NWUiLCJ0eXAiOiJCZWFyZXIiLCJhenAiOiJwb3J0YWxfaDJoX2NsaWVudCIsInNlc3Npb25fc3RhdGUiOiJhNWU3MDViZS1iMWJkLTRhN2YtODE2NS1iMWNkZmNhYzkyNGIiLCJhY3IiOiIxIiwic2NvcGUiOiJvcGVuaWQgZW1haWwgcHJvZmlsZSIsInNpZCI6ImE1ZTcwNWJlLWIxYmQtNGE3Zi04MTY1LWIxY2RmY2FjOTI0YiIsImVtYWlsX3ZlcmlmaWVkIjpmYWxzZSwibmFtZSI6IkFndXMgU2FlcHVkaW4iLCJpZGVudGl0YXMiOiIwMTMxMDc3NDMwNjIwMDAiLCJwcmVmZXJyZWRfdXNlcm5hbWUiOiJhc2FlcHVkaW4iLCJnaXZlbl9uYW1lIjoiQWd1cyBTYWVwdWRpbiIsImZhbWlseV9uYW1lIjoiIiwiZW1haWwiOiJhZ3VzLnNhZXB1ZGluQGRobC5jb20ifQ.etkpeQC33eT56qXub6IdGC-9sRPnamAiqGIbETPHWqavke5qYFWwwA3YwLIjU1jUDk8YMA_T9POAvC2PIvK4_KSX3mtIgO-jvKUKhW2qi8e_tcn6sdIcWcJ_LnJDz9koWEp5DlHPK7oFqqQHSLXie1yjFNpVMOt83BPU9MvvChqzPTScOE_WEktX5faoPuSHYbiFvbAU6CCJDu9onA0ElisvP6Umlp4bt05wXX8jCkVOfQ9SBzvZL0QWmYQC7oBSWs0QdCur-I8uFRj7Lsl60zI7ivJh-hSQtiovoeSzxTaeLTOaMIvE8CTs08N1V0aQV0AYSN7YxOjDHwAwXMv8JA
[15:05:31] response kurs JPY
{"status":"true","message":"success","data":[{"nilaiKurs":"104.131"}]}
[15:05:31] Token Access: eyJhbGciOiJSUzI1NiIsInR5cCIgOiAiSldUIiwia2lkIiA6ICIzbXo1OTYwdE9MbkhhT0JLTHRQSG15N2VmT0plQVo5UmVZdkJMOGxVZDhFIn0.eyJleHAiOjE3MTE1MzAyNjIsImlhdCI6MTcxMTUyNjY2MiwianRpIjoiZmJmY2Q4NDYtOTg2MS00OWZhLThkMGEtMmEzNjMwMDRlNThlIiwiaXNzIjoiaHR0cHM6Ly9zc28tc3NvLXBvcnRhbC5hcHBzLnByb2RkYy5jdXN0b21zLmdvLmlkL2F1dGgvcmVhbG1zL3BvcnRhbF9oMmgiLCJzdWIiOiI5YjI4OWU0MS01OGM5LTRhNDUtYjdkMi1hZTI4OTEyZjY2NWUiLCJ0eXAiOiJCZWFyZXIiLCJhenAiOiJwb3J0YWxfaDJoX2NsaWVudCIsInNlc3Npb25fc3RhdGUiOiJhNWU3MDViZS1iMWJkLTRhN2YtODE2NS1iMWNkZmNhYzkyNGIiLCJhY3IiOiIxIiwic2NvcGUiOiJvcGVuaWQgZW1haWwgcHJvZmlsZSIsInNpZCI6ImE1ZTcwNWJlLWIxYmQtNGE3Zi04MTY1LWIxY2RmY2FjOTI0YiIsImVtYWlsX3ZlcmlmaWVkIjpmYWxzZSwibmFtZSI6IkFndXMgU2FlcHVkaW4iLCJpZGVudGl0YXMiOiIwMTMxMDc3NDMwNjIwMDAiLCJwcmVmZXJyZWRfdXNlcm5hbWUiOiJhc2FlcHVkaW4iLCJnaXZlbl9uYW1lIjoiQWd1cyBTYWVwdWRpbiIsImZhbWlseV9uYW1lIjoiIiwiZW1haWwiOiJhZ3VzLnNhZXB1ZGluQGRobC5jb20ifQ.etkpeQC33eT56qXub6IdGC-9sRPnamAiqGIbETPHWqavke5qYFWwwA3YwLIjU1jUDk8YMA_T9POAvC2PIvK4_KSX3mtIgO-jvKUKhW2qi8e_tcn6sdIcWcJ_LnJDz9koWEp5DlHPK7oFqqQHSLXie1yjFNpVMOt83BPU9MvvChqzPTScOE_WEktX5faoPuSHYbiFvbAU6CCJDu9onA0ElisvP6Umlp4bt05wXX8jCkVOfQ9SBzvZL0QWmYQC7oBSWs0QdCur-I8uFRj7Lsl60zI7ivJh-hSQtiovoeSzxTaeLTOaMIvE8CTs08N1V0aQV0AYSN7YxOjDHwAwXMv8JA
[15:05:32] response kurs JPY
{"status":"true","message":"success","data":[{"nilaiKurs":"104.131"}]}
[15:05:32] Token Access: eyJhbGciOiJSUzI1NiIsInR5cCIgOiAiSldUIiwia2lkIiA6ICIzbXo1OTYwdE9MbkhhT0JLTHRQSG15N2VmT0plQVo5UmVZdkJMOGxVZDhFIn0.eyJleHAiOjE3MTE1MzAyNjIsImlhdCI6MTcxMTUyNjY2MiwianRpIjoiZmJmY2Q4NDYtOTg2MS00OWZhLThkMGEtMmEzNjMwMDRlNThlIiwiaXNzIjoiaHR0cHM6Ly9zc28tc3NvLXBvcnRhbC5hcHBzLnByb2RkYy5jdXN0b21zLmdvLmlkL2F1dGgvcmVhbG1zL3BvcnRhbF9oMmgiLCJzdWIiOiI5YjI4OWU0MS01OGM5LTRhNDUtYjdkMi1hZTI4OTEyZjY2NWUiLCJ0eXAiOiJCZWFyZXIiLCJhenAiOiJwb3J0YWxfaDJoX2NsaWVudCIsInNlc3Npb25fc3RhdGUiOiJhNWU3MDViZS1iMWJkLTRhN2YtODE2NS1iMWNkZmNhYzkyNGIiLCJhY3IiOiIxIiwic2NvcGUiOiJvcGVuaWQgZW1haWwgcHJvZmlsZSIsInNpZCI6ImE1ZTcwNWJlLWIxYmQtNGE3Zi04MTY1LWIxY2RmY2FjOTI0YiIsImVtYWlsX3ZlcmlmaWVkIjpmYWxzZSwibmFtZSI6IkFndXMgU2FlcHVkaW4iLCJpZGVudGl0YXMiOiIwMTMxMDc3NDMwNjIwMDAiLCJwcmVmZXJyZWRfdXNlcm5hbWUiOiJhc2FlcHVkaW4iLCJnaXZlbl9uYW1lIjoiQWd1cyBTYWVwdWRpbiIsImZhbWlseV9uYW1lIjoiIiwiZW1haWwiOiJhZ3VzLnNhZXB1ZGluQGRobC5jb20ifQ.etkpeQC33eT56qXub6IdGC-9sRPnamAiqGIbETPHWqavke5qYFWwwA3YwLIjU1jUDk8YMA_T9POAvC2PIvK4_KSX3mtIgO-jvKUKhW2qi8e_tcn6sdIcWcJ_LnJDz9koWEp5DlHPK7oFqqQHSLXie1yjFNpVMOt83BPU9MvvChqzPTScOE_WEktX5faoPuSHYbiFvbAU6CCJDu9onA0ElisvP6Umlp4bt05wXX8jCkVOfQ9SBzvZL0QWmYQC7oBSWs0QdCur-I8uFRj7Lsl60zI7ivJh-hSQtiovoeSzxTaeLTOaMIvE8CTs08N1V0aQV0AYSN7YxOjDHwAwXMv8JA
[15:05:32] response kurs JPY
{"status":"true","message":"success","data":[{"nilaiKurs":"104.131"}]}
[15:05:33] Token Access: eyJhbGciOiJSUzI1NiIsInR5cCIgOiAiSldUIiwia2lkIiA6ICIzbXo1OTYwdE9MbkhhT0JLTHRQSG15N2VmT0plQVo5UmVZdkJMOGxVZDhFIn0.eyJleHAiOjE3MTE1MzAyNjIsImlhdCI6MTcxMTUyNjY2MiwianRpIjoiZmJmY2Q4NDYtOTg2MS00OWZhLThkMGEtMmEzNjMwMDRlNThlIiwiaXNzIjoiaHR0cHM6Ly9zc28tc3NvLXBvcnRhbC5hcHBzLnByb2RkYy5jdXN0b21zLmdvLmlkL2F1dGgvcmVhbG1zL3BvcnRhbF9oMmgiLCJzdWIiOiI5YjI4OWU0MS01OGM5LTRhNDUtYjdkMi1hZTI4OTEyZjY2NWUiLCJ0eXAiOiJCZWFyZXIiLCJhenAiOiJwb3J0YWxfaDJoX2NsaWVudCIsInNlc3Npb25fc3RhdGUiOiJhNWU3MDViZS1iMWJkLTRhN2YtODE2NS1iMWNkZmNhYzkyNGIiLCJhY3IiOiIxIiwic2NvcGUiOiJvcGVuaWQgZW1haWwgcHJvZmlsZSIsInNpZCI6ImE1ZTcwNWJlLWIxYmQtNGE3Zi04MTY1LWIxY2RmY2FjOTI0YiIsImVtYWlsX3ZlcmlmaWVkIjpmYWxzZSwibmFtZSI6IkFndXMgU2FlcHVkaW4iLCJpZGVudGl0YXMiOiIwMTMxMDc3NDMwNjIwMDAiLCJwcmVmZXJyZWRfdXNlcm5hbWUiOiJhc2FlcHVkaW4iLCJnaXZlbl9uYW1lIjoiQWd1cyBTYWVwdWRpbiIsImZhbWlseV9uYW1lIjoiIiwiZW1haWwiOiJhZ3VzLnNhZXB1ZGluQGRobC5jb20ifQ.etkpeQC33eT56qXub6IdGC-9sRPnamAiqGIbETPHWqavke5qYFWwwA3YwLIjU1jUDk8YMA_T9POAvC2PIvK4_KSX3mtIgO-jvKUKhW2qi8e_tcn6sdIcWcJ_LnJDz9koWEp5DlHPK7oFqqQHSLXie1yjFNpVMOt83BPU9MvvChqzPTScOE_WEktX5faoPuSHYbiFvbAU6CCJDu9onA0ElisvP6Umlp4bt05wXX8jCkVOfQ9SBzvZL0QWmYQC7oBSWs0QdCur-I8uFRj7Lsl60zI7ivJh-hSQtiovoeSzxTaeLTOaMIvE8CTs08N1V0aQV0AYSN7YxOjDHwAwXMv8JA
[15:05:33] response kurs JPY
{"status":"true","message":"success","data":[{"nilaiKurs":"104.131"}]}
[15:05:34] Token Access: eyJhbGciOiJSUzI1NiIsInR5cCIgOiAiSldUIiwia2lkIiA6ICIzbXo1OTYwdE9MbkhhT0JLTHRQSG15N2VmT0plQVo5UmVZdkJMOGxVZDhFIn0.eyJleHAiOjE3MTE1MzAyNjIsImlhdCI6MTcxMTUyNjY2MiwianRpIjoiZmJmY2Q4NDYtOTg2MS00OWZhLThkMGEtMmEzNjMwMDRlNThlIiwiaXNzIjoiaHR0cHM6Ly9zc28tc3NvLXBvcnRhbC5hcHBzLnByb2RkYy5jdXN0b21zLmdvLmlkL2F1dGgvcmVhbG1zL3BvcnRhbF9oMmgiLCJzdWIiOiI5YjI4OWU0MS01OGM5LTRhNDUtYjdkMi1hZTI4OTEyZjY2NWUiLCJ0eXAiOiJCZWFyZXIiLCJhenAiOiJwb3J0YWxfaDJoX2NsaWVudCIsInNlc3Npb25fc3RhdGUiOiJhNWU3MDViZS1iMWJkLTRhN2YtODE2NS1iMWNkZmNhYzkyNGIiLCJhY3IiOiIxIiwic2NvcGUiOiJvcGVuaWQgZW1haWwgcHJvZmlsZSIsInNpZCI6ImE1ZTcwNWJlLWIxYmQtNGE3Zi04MTY1LWIxY2RmY2FjOTI0YiIsImVtYWlsX3ZlcmlmaWVkIjpmYWxzZSwibmFtZSI6IkFndXMgU2FlcHVkaW4iLCJpZGVudGl0YXMiOiIwMTMxMDc3NDMwNjIwMDAiLCJwcmVmZXJyZWRfdXNlcm5hbWUiOiJhc2FlcHVkaW4iLCJnaXZlbl9uYW1lIjoiQWd1cyBTYWVwdWRpbiIsImZhbWlseV9uYW1lIjoiIiwiZW1haWwiOiJhZ3VzLnNhZXB1ZGluQGRobC5jb20ifQ.etkpeQC33eT56qXub6IdGC-9sRPnamAiqGIbETPHWqavke5qYFWwwA3YwLIjU1jUDk8YMA_T9POAvC2PIvK4_KSX3mtIgO-jvKUKhW2qi8e_tcn6sdIcWcJ_LnJDz9koWEp5DlHPK7oFqqQHSLXie1yjFNpVMOt83BPU9MvvChqzPTScOE_WEktX5faoPuSHYbiFvbAU6CCJDu9onA0ElisvP6Umlp4bt05wXX8jCkVOfQ9SBzvZL0QWmYQC7oBSWs0QdCur-I8uFRj7Lsl60zI7ivJh-hSQtiovoeSzxTaeLTOaMIvE8CTs08N1V0aQV0AYSN7YxOjDHwAwXMv8JA
[15:05:34] response kurs JPY
{"status":"true","message":"success","data":[{"nilaiKurs":"104.131"}]}
[15:05:34] Token Access: eyJhbGciOiJSUzI1NiIsInR5cCIgOiAiSldUIiwia2lkIiA6ICIzbXo1OTYwdE9MbkhhT0JLTHRQSG15N2VmT0plQVo5UmVZdkJMOGxVZDhFIn0.eyJleHAiOjE3MTE1MzAyNjIsImlhdCI6MTcxMTUyNjY2MiwianRpIjoiZmJmY2Q4NDYtOTg2MS00OWZhLThkMGEtMmEzNjMwMDRlNThlIiwiaXNzIjoiaHR0cHM6Ly9zc28tc3NvLXBvcnRhbC5hcHBzLnByb2RkYy5jdXN0b21zLmdvLmlkL2F1dGgvcmVhbG1zL3BvcnRhbF9oMmgiLCJzdWIiOiI5YjI4OWU0MS01OGM5LTRhNDUtYjdkMi1hZTI4OTEyZjY2NWUiLCJ0eXAiOiJCZWFyZXIiLCJhenAiOiJwb3J0YWxfaDJoX2NsaWVudCIsInNlc3Npb25fc3RhdGUiOiJhNWU3MDViZS1iMWJkLTRhN2YtODE2NS1iMWNkZmNhYzkyNGIiLCJhY3IiOiIxIiwic2NvcGUiOiJvcGVuaWQgZW1haWwgcHJvZmlsZSIsInNpZCI6ImE1ZTcwNWJlLWIxYmQtNGE3Zi04MTY1LWIxY2RmY2FjOTI0YiIsImVtYWlsX3ZlcmlmaWVkIjpmYWxzZSwibmFtZSI6IkFndXMgU2FlcHVkaW4iLCJpZGVudGl0YXMiOiIwMTMxMDc3NDMwNjIwMDAiLCJwcmVmZXJyZWRfdXNlcm5hbWUiOiJhc2FlcHVkaW4iLCJnaXZlbl9uYW1lIjoiQWd1cyBTYWVwdWRpbiIsImZhbWlseV9uYW1lIjoiIiwiZW1haWwiOiJhZ3VzLnNhZXB1ZGluQGRobC5jb20ifQ.etkpeQC33eT56qXub6IdGC-9sRPnamAiqGIbETPHWqavke5qYFWwwA3YwLIjU1jUDk8YMA_T9POAvC2PIvK4_KSX3mtIgO-jvKUKhW2qi8e_tcn6sdIcWcJ_LnJDz9koWEp5DlHPK7oFqqQHSLXie1yjFNpVMOt83BPU9MvvChqzPTScOE_WEktX5faoPuSHYbiFvbAU6CCJDu9onA0ElisvP6Umlp4bt05wXX8jCkVOfQ9SBzvZL0QWmYQC7oBSWs0QdCur-I8uFRj7Lsl60zI7ivJh-hSQtiovoeSzxTaeLTOaMIvE8CTs08N1V0aQV0AYSN7YxOjDHwAwXMv8JA
[15:05:35] response kurs JPY
{"status":"true","message":"success","data":[{"nilaiKurs":"104.131"}]}
[15:05:36] LOAD DATA HEADER '4364127504' : 1 Rows..
[15:05:36] LOAD DATA TARIF '4364127504' : 8 Rows..
[15:05:36] LOAD DATA ENTITAS '4364127504' : 1 Rows..
[15:05:37] LOAD DATA KEMASAN '4364127504' : 1 Rows..
[15:05:38] LOAD DATA PENGANGKUT '4364127504' : 1 Rows..
[15:07:36] LOAD DATA BARANG '1744133915' : 1 Rows..
[15:07:39] LOAD DATA HEADER '1744133915' : 1 Rows..
[15:07:39] LOAD DATA TARIF '1744133915' : 1 Rows..
[15:07:40] LOAD DATA ENTITAS '1744133915' : 1 Rows..
[15:07:40] LOAD DATA KEMASAN '1744133915' : 1 Rows..
[15:07:41] LOAD DATA PENGANGKUT '1744133915' : 1 Rows..
[15:08:27] row item excel ke-2, column ke-0
[15:08:27] row item excel ke-2, column ke-1
[15:08:27] row item excel ke-2, column ke-2
[15:08:27] row item excel ke-2, column ke-3
[15:08:27] row item excel ke-2, column ke-4
[15:08:27] row item excel ke-2, column ke-5
[15:08:27] row item excel ke-2, column ke-6
[15:08:27] row item excel ke-2, column ke-7
[15:08:27] row item excel ke-2, column ke-8
[15:08:27] row item excel ke-2, column ke-9
[15:08:27] row item excel ke-2, column ke-10
[15:08:27] row item excel ke-2, column ke-11
[15:08:27] row item excel ke-2, column ke-12
[15:08:27] row item excel ke-2, column ke-13
[15:08:27] row item excel ke-2, column ke-14
[15:08:27] row item excel ke-2, column ke-15
[15:08:27] row item excel ke-2, column ke-16
[15:08:27] row item excel ke-2, column ke-17
[15:08:27] row item excel ke-2, column ke-18
[15:08:27] row item excel ke-2, column ke-19
[15:08:27] row item excel ke-2, column ke-20
[15:08:27] row item excel ke-2, column ke-21
[15:08:27] row item excel ke-2, column ke-22
[15:08:27] row item excel ke-2, column ke-23
[15:08:27] row item excel ke-2, column ke-24
[15:08:27] row item excel ke-2, column ke-25
[15:08:27] row item excel ke-2, column ke-26
[15:08:27] row item excel ke-3, column ke-0
[15:08:27] row item excel ke-3, column ke-1
[15:08:27] row item excel ke-3, column ke-2
[15:08:27] row item excel ke-3, column ke-3
[15:08:27] row item excel ke-3, column ke-4
[15:08:27] row item excel ke-3, column ke-5
[15:08:27] row item excel ke-3, column ke-6
[15:08:27] row item excel ke-3, column ke-7
[15:08:27] row item excel ke-3, column ke-8
[15:08:27] row item excel ke-3, column ke-9
[15:08:27] row item excel ke-3, column ke-10
[15:08:27] row item excel ke-3, column ke-11
[15:08:27] row item excel ke-3, column ke-12
[15:08:27] row item excel ke-3, column ke-13
[15:08:27] row item excel ke-3, column ke-14
[15:08:27] row item excel ke-3, column ke-15
[15:08:27] row item excel ke-3, column ke-16
[15:08:27] row item excel ke-3, column ke-17
[15:08:27] row item excel ke-3, column ke-18
[15:08:27] row item excel ke-3, column ke-19
[15:08:27] row item excel ke-3, column ke-20
[15:08:27] row item excel ke-3, column ke-21
[15:08:27] row item excel ke-3, column ke-22
[15:08:27] row item excel ke-3, column ke-23
[15:08:27] row item excel ke-3, column ke-24
[15:08:27] row item excel ke-3, column ke-25
[15:08:27] row item excel ke-3, column ke-26
[15:08:27] row item excel ke-4, column ke-0
[15:08:27] row item excel ke-4, column ke-1
[15:08:27] row item excel ke-4, column ke-2
[15:08:27] row item excel ke-4, column ke-3
[15:08:27] row item excel ke-4, column ke-4
[15:08:27] row item excel ke-4, column ke-5
[15:08:27] row item excel ke-4, column ke-6
[15:08:27] row item excel ke-4, column ke-7
[15:08:27] row item excel ke-4, column ke-8
[15:08:27] row item excel ke-4, column ke-9
[15:08:27] row item excel ke-4, column ke-10
[15:08:27] row item excel ke-4, column ke-11
[15:08:27] row item excel ke-4, column ke-12
[15:08:27] row item excel ke-4, column ke-13
[15:08:27] row item excel ke-4, column ke-14
[15:08:27] row item excel ke-4, column ke-15
[15:08:27] row item excel ke-4, column ke-16
[15:08:27] row item excel ke-4, column ke-17
[15:08:27] row item excel ke-4, column ke-18
[15:08:27] row item excel ke-4, column ke-19
[15:08:27] row item excel ke-4, column ke-20
[15:08:27] row item excel ke-4, column ke-21
[15:08:27] row item excel ke-4, column ke-22
[15:08:27] row item excel ke-4, column ke-23
[15:08:27] row item excel ke-4, column ke-24
[15:08:27] row item excel ke-4, column ke-25
[15:08:27] row item excel ke-4, column ke-26
[15:08:27] row item excel ke-5, column ke-0
[15:08:27] row item excel ke-5, column ke-1
[15:08:27] row item excel ke-5, column ke-2
[15:08:27] row item excel ke-5, column ke-3
[15:08:27] row item excel ke-5, column ke-4
[15:08:27] row item excel ke-5, column ke-5
[15:08:27] row item excel ke-5, column ke-6
[15:08:27] row item excel ke-5, column ke-7
[15:08:27] row item excel ke-5, column ke-8
[15:08:27] row item excel ke-5, column ke-9
[15:08:27] row item excel ke-5, column ke-10
[15:08:27] row item excel ke-5, column ke-11
[15:08:27] row item excel ke-5, column ke-12
[15:08:27] row item excel ke-5, column ke-13
[15:08:27] row item excel ke-5, column ke-14
[15:08:27] row item excel ke-5, column ke-15
[15:08:27] row item excel ke-5, column ke-16
[15:08:27] row item excel ke-5, column ke-17
[15:08:27] row item excel ke-5, column ke-18
[15:08:27] row item excel ke-5, column ke-19
[15:08:27] row item excel ke-5, column ke-20
[15:08:27] row item excel ke-5, column ke-21
[15:08:27] row item excel ke-5, column ke-22
[15:08:27] row item excel ke-5, column ke-23
[15:08:27] row item excel ke-5, column ke-24
[15:08:27] row item excel ke-5, column ke-25
[15:08:27] row item excel ke-5, column ke-26
