[14:09:54] Object reference not set to an instance of an object.
[14:19:39] LOAD DATA BARANG '1130906011' : 5 Rows..
[14:20:07] response kurs USD
{"status":"true","message":"success","data":[{"kodeValuta":"USD","nilaiKurs":"15469","tglAwalBerlaku":"2023-10-04","tglAkhirBerlaku":"2023-10-10","namaValuta":null,"gambar":null}]}
[14:20:21] response kurs USD
{"status":"true","message":"success","data":[{"kodeValuta":"USD","nilaiKurs":"15469","tglAwalBerlaku":"2023-10-04","tglAkhirBerlaku":"2023-10-10","namaValuta":null,"gambar":null}]}
[14:21:01] response kurs USD
{"status":"true","message":"success","data":[{"kodeValuta":"USD","nilaiKurs":"15469","tglAwalBerlaku":"2023-10-04","tglAkhirBerlaku":"2023-10-10","namaValuta":null,"gambar":null}]}
[14:21:14] response kurs USD
{"status":"true","message":"success","data":[{"kodeValuta":"USD","nilaiKurs":"15469","tglAwalBerlaku":"2023-10-04","tglAkhirBerlaku":"2023-10-10","namaValuta":null,"gambar":null}]}
[14:21:24] response kurs USD
{"status":"true","message":"success","data":[{"kodeValuta":"USD","nilaiKurs":"15469","tglAwalBerlaku":"2023-10-04","tglAkhirBerlaku":"2023-10-10","namaValuta":null,"gambar":null}]}
[14:21:33] LOAD DATA HEADER '1130906011' : 1 Rows..
[14:21:34] LOAD DATA TARIF '1130906011' : 5 Rows..
[14:21:34] Index was outside the bounds of the array.
[14:21:37] LOAD DATA BARANG '1130906011' : 5 Rows..
[14:22:44] LOAD DATA BARANG '1130906011' : 5 Rows..
[14:22:52] response kurs USD
{"status":"true","message":"success","data":[{"kodeValuta":"USD","nilaiKurs":"15469","tglAwalBerlaku":"2023-10-04","tglAkhirBerlaku":"2023-10-10","namaValuta":null,"gambar":null}]}
[14:23:38] LOAD DATA BARANG '1130906011' : 5 Rows..
[14:26:04] response kurs USD
{"status":"true","message":"success","data":[{"kodeValuta":"USD","nilaiKurs":"15469","tglAwalBerlaku":"2023-10-04","tglAkhirBerlaku":"2023-10-10","namaValuta":null,"gambar":null}]}
[14:26:51] response kurs USD
{"status":"true","message":"success","data":[{"kodeValuta":"USD","nilaiKurs":"15469","tglAwalBerlaku":"2023-10-04","tglAkhirBerlaku":"2023-10-10","namaValuta":null,"gambar":null}]}
[14:27:18] response kurs USD
{"status":"true","message":"success","data":[{"kodeValuta":"USD","nilaiKurs":"15469","tglAwalBerlaku":"2023-10-04","tglAkhirBerlaku":"2023-10-10","namaValuta":null,"gambar":null}]}
[14:28:03] response kurs USD
{"status":"true","message":"success","data":[{"kodeValuta":"USD","nilaiKurs":"15469","tglAwalBerlaku":"2023-10-04","tglAkhirBerlaku":"2023-10-10","namaValuta":null,"gambar":null}]}
[14:28:21] response kurs USD
{"status":"true","message":"success","data":[{"kodeValuta":"USD","nilaiKurs":"15469","tglAwalBerlaku":"2023-10-04","tglAkhirBerlaku":"2023-10-10","namaValuta":null,"gambar":null}]}
[14:28:26] LOAD DATA HEADER '1130906011' : 1 Rows..
[14:28:26] LOAD DATA TARIF '1130906011' : 5 Rows..
[14:28:26] Index was outside the bounds of the array.
[14:36:55] LOAD DATA BARANG '1130906011' : 5 Rows..
[14:44:35] LOAD DATA BARANG '1130906011' : 5 Rows..
[14:45:03] LOAD DATA HEADER '1130906011' : 1 Rows..
[14:45:04] LOAD DATA TARIF '1130906011' : 5 Rows..
[14:45:04] Index was outside the bounds of the array.
[14:45:25] LOAD DATA BARANG '1130906011' : 5 Rows..
[14:45:34] LOAD DATA HEADER '1130906011' : 1 Rows..
[14:45:38] LOAD DATA TARIF '1130906011' : 5 Rows..
[14:45:38] Index was outside the bounds of the array.
[14:45:44] LOAD DATA BARANG '1130906011' : 5 Rows..
[14:45:48] LOAD DATA HEADER '1130906011' : 1 Rows..
[14:52:54] LOAD DATA BARANG '1130906011' : 5 Rows..
[14:52:55] LOAD DATA HEADER '1130906011' : 1 Rows..
[14:52:56] LOAD DATA TARIF '1130906011' : 5 Rows..
[14:53:01] insert into dhl_cs_tpb_barang values (
                                        '1130906011',
                                        '2023-09-25',
                                        '1',
                                        '1.096000000000000',                                        
                                        '220.368',
                                        '3408872.592000',
                                        '0',
                                        '108.000',
                                        '111.272',
                                        '0',
                                        '0',
                                        '108.000',
                                        '0',
                                        '1',
                                        '1800.00',
                                        '',
                                        '23',
                                        '11',
                                        'PK',
                                        'CN',
                                        '0',
                                        'NPR',
                                        '-',
                                        '15469.0000',
                                        '15.8760',
                                        '108.000',
                                        '0',
                                        '58042190',
                                        '1',
                                        '',
                                        '-',
                                        '',
                                        '6 MM PLAIN COTTON FLAT LACE USE FOR SAMPLE',
                                        '0',
                                        '0'
                                        )

[14:53:01] insert into dhl_cs_tpb_barang values (
                                        '1130906011',
                                        '2023-09-25',
                                        '2',
                                        '1.218000000000000',                                        
                                        '244.853',
                                        '3787631.057000',
                                        '0',
                                        '120.000',
                                        '123.635',
                                        '0',
                                        '0',
                                        '120.000',
                                        '0',
                                        '1',
                                        '2000.00',
                                        '',
                                        '23',
                                        '11',
                                        'PK',
                                        'CN',
                                        '0',
                                        'NPR',
                                        '-',
                                        '15469.0000',
                                        '15.8760',
                                        '120.000',
                                        '0',
                                        '58042190',
                                        '2',
                                        '',
                                        '-',
                                        '',
                                        '6 MM PLAIN COTTON FLAT LACE USE FOR SAMPLE',
                                        '0',
                                        '0'
                                        )

[14:53:01] insert into dhl_cs_tpb_barang values (
                                        '1130906011',
                                        '2023-09-25',
                                        '3',
                                        '1.223000000000000',                                        
                                        '245.955',
                                        '3804677.895000',
                                        '0',
                                        '120.540',
                                        '124.192',
                                        '0',
                                        '0',
                                        '120.540',
                                        '0',
                                        '1',
                                        '2009.00',
                                        '',
                                        '23',
                                        '11',
                                        'PK',
                                        'CN',
                                        '0',
                                        'NPR',
                                        '-',
                                        '15469.0000',
                                        '15.8760',
                                        '120.540',
                                        '0',
                                        '58042190',
                                        '3',
                                        '',
                                        '-',
                                        '',
                                        '6 MM PLAIN COTTON FLAT LACE USE FOR SAMPLE',
                                        '0',
                                        '0'
                                        )

[14:53:01] insert into dhl_cs_tpb_barang values (
                                        '1130906011',
                                        '2023-09-25',
                                        '4',
                                        '0.636000000000000',                                        
                                        '127.936',
                                        '1979026.515000',
                                        '0',
                                        '62.700',
                                        '64.599',
                                        '0',
                                        '0',
                                        '62.700',
                                        '0',
                                        '1',
                                        '1045.00',
                                        '',
                                        '23',
                                        '11',
                                        'PK',
                                        'CN',
                                        '0',
                                        'NPR',
                                        '-',
                                        '15469.0000',
                                        '15.8760',
                                        '62.700',
                                        '0',
                                        '58042190',
                                        '4',
                                        '',
                                        '-',
                                        '',
                                        '6 MM PLAIN COTTON FLAT LACE USE FOR SAMPLE',
                                        '0',
                                        '0'
                                        )

[14:53:01] insert into dhl_cs_tpb_barang values (
                                        '1130906011',
                                        '2023-09-25',
                                        '5',
                                        '0.366000000000000',                                        
                                        '73.578',
                                        '1138178.082000',
                                        '0',
                                        '36.060',
                                        '37.152',
                                        '0',
                                        '0',
                                        '36.060',
                                        '0',
                                        '1',
                                        '601.00',
                                        '',
                                        '23',
                                        '11',
                                        'PK',
                                        'CN',
                                        '0',
                                        'NPR',
                                        '-',
                                        '15469.0000',
                                        '15.8760',
                                        '36.060',
                                        '0',
                                        '58042190',
                                        '5',
                                        '',
                                        '-',
                                        '',
                                        '6 MM PLAIN COTTON FLAT LACE USE FOR SAMPLE',
                                        '0',
                                        '0'
                                        )

[14:53:01] insert into dhl_cs_tpb_header values (
                                        'SRG',
                                        '1130906011',
                                        '2023-09-25',
                                        'S',
                                        '4.539',
                                        '88.2000',
                                        '912.69',
                                        '447.3',
                                        '460.85',
                                        '0',
                                        'PPJK',
                                        '0',
                                        'LN',
                                        '23',
                                        'FOB',
                                        '061100',
                                        '060100',
                                        'IDSRG',
                                        'CNDGM',
                                        'SGSIN',
                                        'GDHL',
                                        '1',
                                        '11',
                                        'USD',
                                        'SEMARANG',
                                        'ZETRO TAMPUBOLON',
                                        '15469.0000',
                                        '79.38',
                                        '0018/KA-A5/111 TAHUN 2019',
                                        '447.3000',
                                        '',                                      
                                        '001303',
                                        '0002',
                                        '0',
                                        '0346',
                                        '9/28/2023 12:00:00 AM',
                                        '9/28/2023 12:00:00 AM',
                                        '2023-10-09',
                                        '0',
                                        '0',
                                        '2',
                                        'farifin',
                                        '2023-10-09 14:52:55.751'
                                        )

[14:53:01] insert into dhl_cs_tpb_barang_tarif values (
                                        '1130906011',
                                        '2023-09-25',
                                        '1',
                                        '1800.00',
                                        '3',
                                        'NPR',
                                        'BM',
                                        '1022661.0000',
                                        '0',
                                        '1022661.0000',
                                        '1',
                                        '10',
                                        '100'                                        
                                        )

[14:53:01] insert into dhl_cs_tpb_barang_tarif values (
                                        '1130906011',
                                        '2023-09-25',
                                        '1',
                                        '1800.00',
                                        '3',
                                        'NPR',
                                        'PPH',
                                        '110788.2750',
                                        '0',
                                        '110788.2750',
                                        '1',
                                        '2.5',
                                        '100'                                        
                                        )

[14:53:01] insert into dhl_cs_tpb_barang_tarif values (
                                        '1130906011',
                                        '2023-09-25',
                                        '1',
                                        '1800.00',
                                        '3',
                                        'NPR',
                                        'PPN',
                                        '487468.4100',
                                        '0',
                                        '487468.4100',
                                        '1',
                                        '11',
                                        '100'                                        
                                        )

[14:53:01] insert into dhl_cs_tpb_barang_tarif values (
                                        '1130906011',
                                        '2023-09-25',
                                        '1',
                                        '2000.00',
                                        '3',
                                        'NPR',
                                        'BM',
                                        '0.0000',
                                        '0',
                                        '0.0000',
                                        '2',
                                        '10',
                                        '100'                                        
                                        )

[14:53:01] insert into dhl_cs_tpb_barang_tarif values (
                                        '1130906011',
                                        '2023-09-25',
                                        '1',
                                        '2000.00',
                                        '3',
                                        'NPR',
                                        'PPH',
                                        '94690.8250',
                                        '0',
                                        '94690.8250',
                                        '2',
                                        '2.5',
                                        '100'                                        
                                        )

[14:53:01] insert into dhl_cs_tpb_barang_tarif values (
                                        '1130906011',
                                        '2023-09-25',
                                        '1',
                                        '2000.00',
                                        '3',
                                        'NPR',
                                        'PPN',
                                        '0.0000',
                                        '0',
                                        '0.0000',
                                        '2',
                                        '11',
                                        '100'                                        
                                        )

[14:53:01] insert into dhl_cs_tpb_barang_tarif values (
                                        '1130906011',
                                        '2023-09-25',
                                        '1',
                                        '2009.00',
                                        '3',
                                        'NPR',
                                        'BM',
                                        '0.0000',
                                        '0',
                                        '0.0000',
                                        '3',
                                        '10',
                                        '100'                                        
                                        )

[14:53:01] insert into dhl_cs_tpb_barang_tarif values (
                                        '1130906011',
                                        '2023-09-25',
                                        '1',
                                        '2009.00',
                                        '3',
                                        'NPR',
                                        'PPH',
                                        '95116.9250',
                                        '0',
                                        '95116.9250',
                                        '3',
                                        '2.5',
                                        '100'                                        
                                        )

[14:53:01] insert into dhl_cs_tpb_barang_tarif values (
                                        '1130906011',
                                        '2023-09-25',
                                        '1',
                                        '2009.00',
                                        '3',
                                        'NPR',
                                        'PPN',
                                        '0.0000',
                                        '0',
                                        '0.0000',
                                        '3',
                                        '11',
                                        '100'                                        
                                        )

[14:53:01] insert into dhl_cs_tpb_barang_tarif values (
                                        '1130906011',
                                        '2023-09-25',
                                        '1',
                                        '1045.00',
                                        '3',
                                        'NPR',
                                        'BM',
                                        '0.0000',
                                        '0',
                                        '0.0000',
                                        '4',
                                        '10',
                                        '100'                                        
                                        )

[14:53:01] insert into dhl_cs_tpb_barang_tarif values (
                                        '1130906011',
                                        '2023-09-25',
                                        '1',
                                        '1045.00',
                                        '3',
                                        'NPR',
                                        'PPH',
                                        '49475.9500',
                                        '0',
                                        '49475.9500',
                                        '4',
                                        '2.5',
                                        '100'                                        
                                        )

[14:53:01] insert into dhl_cs_tpb_barang_tarif values (
                                        '1130906011',
                                        '2023-09-25',
                                        '1',
                                        '1045.00',
                                        '3',
                                        'NPR',
                                        'PPN',
                                        '0.0000',
                                        '0',
                                        '0.0000',
                                        '4',
                                        '11',
                                        '100'                                        
                                        )

[14:53:01] insert into dhl_cs_tpb_barang_tarif values (
                                        '1130906011',
                                        '2023-09-25',
                                        '1',
                                        '601.00',
                                        '3',
                                        'NPR',
                                        'BM',
                                        '0.0000',
                                        '0',
                                        '0.0000',
                                        '5',
                                        '10',
                                        '100'                                        
                                        )

[14:53:01] insert into dhl_cs_tpb_barang_tarif values (
                                        '1130906011',
                                        '2023-09-25',
                                        '1',
                                        '601.00',
                                        '3',
                                        'NPR',
                                        'PPH',
                                        '28454.6000',
                                        '0',
                                        '28454.6000',
                                        '5',
                                        '2.5',
                                        '100'                                        
                                        )

[14:53:01] insert into dhl_cs_tpb_barang_tarif values (
                                        '1130906011',
                                        '2023-09-25',
                                        '1',
                                        '601.00',
                                        '3',
                                        'NPR',
                                        'PPN',
                                        '0.0000',
                                        '0',
                                        '0.0000',
                                        '5',
                                        '11',
                                        '100'                                        
                                        )

[14:53:01] insert into dhl_cs_tpb_entitas values (
                                        '1130906011',
                                        '2023-09-25',
                                        'JL RAYA TEMANGGUNG-SECANG KM. 8 KAV. 8,RT 002 RW 006, DESA BADRAN, KEC. KRANGGAN,KAB. TEMANGGUNG JAWA TENGAH,56271',
                                        '3',
                                        '',
                                        '5',
                                        '',
                                        'PT SHOENARY JAVANESIA INC',
                                        '',
                                        '803198399452000',
                                        '52/WBC.10/2020',
                                        '',
                                        '1',
                                        '1900-01-01')

[14:53:01] insert into dhl_cs_tpb_entitas values (
                                        '1130906011',
                                        '2023-09-25',
                                        'NO.3, THE FIFTH LANE OF LIYUAN,HETIAN ROAD HOUJIE TOWN,DONGGUAN CHINA CHINA',
                                        '5',
                                        '',
                                        '',
                                        '',
                                        'DONGGUAN ZHUOSHENG TEXTILE CO., LIM',
                                        '',
                                        '',
                                        '',
                                        'CN',
                                        '2',
                                        '')

[14:53:01] insert into dhl_cs_tpb_entitas values (
                                        '1130906011',
                                        '2023-09-25',
                                        'JL RAYA TEMANGGUNG-SECANG KM. 8 KAV. 8,RT 002 RW 006, DESA BADRAN, KEC. KRANGGAN,KAB. TEMANGGUNG JAWA TENGAH,56271',
                                        '7',
                                        '7',
                                        '5',
                                        '5',
                                        'PT SHOENARY JAVANESIA INC',
                                        '',
                                        '803198399452000',
                                        '52/WBC.10/2020',
                                        '',
                                        '3',
                                        '1900-01-01')

[14:53:01] insert into dhl_cs_tpb_entitas values (
                                        '1130906011',
                                        '2023-09-25',
                                        'MULIA BUSINESS PARK BUILDING F JL. MT. HARYONO KAV 58-60, JAKARTA',
                                        '4',
                                        '',
                                        '5',
                                        '1',
                                        'PT. BIROTIKA SEMESTA',
                                        '',
                                        '013107743062000',
                                        '',
                                        '',
                                        '4',
                                        '')

[14:53:01] insert into dhl_cs_tpb_kemasan values (
                                        '1130906011',
                                        '2023-09-25',
                                        '4',
                                        'PK',
                                        '1',
                                        'DHL'
                                        )

[14:53:01] insert into dhl_cs_tpb_dokumen values (
                                        '1130906011', '2023-09-25', '1',
                                        '380', 
                                        'NN', '1',
                                        ''
                                        )

[14:53:01] insert into dhl_cs_tpb_dokumen values (
                                        '1130906011', '2023-09-25', '1',
                                        '740',
                                        '1130906011', '2',
                                        '2023-09-25'
                                        )

[14:53:01] insert into dhl_cs_tpb_dokumen values (
                                        '1130906011', '2023-09-25', '1',
                                        '741',
                                        '58510004411', '3',
                                        '2023-09-28'
                                        )

[14:53:01] insert into dhl_cs_tpb_pengangkut values (
                                        '1130906011', '2023-09-25',
                                        'ID',
                                        'My Indo Airlines',
                                        '2Y-935',
                                        '4',
                                        '1'
                                        )

