[10:43:58] success update data entitas.. Updated By farifin
[10:43:58] update dhl_cs_tpb_entitas set
                                        nomorIdentitas = '012802641441000',
                                        namaEntitas = 'PT MASTERINDO JAYA ABADI',
                                        alamatEntitas = 'JL.SOEKARNO HATTA NO.24 CIBUNTU, BANDUNG KULON,',
                                        nomorIjinEntitas = '77/WBC.09/2022',
                                        tanggalIjinEntitas = '2022-01-31',
                                        nibEntitas = '8120016221246'
                                        where HAWB = '8235100252' and TGL_HAWB = '2023-12-28' and kodeEntitas in ('3','7') 
[10:43:58] ----------------------------------------------------
[10:45:22] row item excel ke-2, column ke-0
[10:45:22] row item excel ke-2, column ke-1
[10:45:22] row item excel ke-2, column ke-2
[10:45:22] row item excel ke-2, column ke-3
[10:45:22] row item excel ke-2, column ke-4
[10:45:22] row item excel ke-2, column ke-5
[10:45:22] row item excel ke-2, column ke-6
[10:45:22] row item excel ke-2, column ke-7
[10:45:22] row item excel ke-2, column ke-8
[10:45:22] row item excel ke-2, column ke-9
[10:45:22] row item excel ke-2, column ke-10
[10:45:22] row item excel ke-2, column ke-11
[10:45:22] row item excel ke-2, column ke-12
[10:45:22] row item excel ke-2, column ke-13
[10:45:22] row item excel ke-2, column ke-14
[10:45:22] row item excel ke-2, column ke-15
[10:45:22] row item excel ke-2, column ke-16
[10:45:22] row item excel ke-2, column ke-17
[10:45:22] row item excel ke-2, column ke-18
[10:45:22] row item excel ke-2, column ke-19
[10:45:22] row item excel ke-2, column ke-20
[10:45:22] row item excel ke-2, column ke-21
[10:45:22] row item excel ke-2, column ke-22
[10:45:22] row item excel ke-2, column ke-23
[10:45:22] row item excel ke-2, column ke-24
[10:45:22] row item excel ke-2, column ke-25
[10:45:22] row item excel ke-2, column ke-26
[10:45:22] row item excel ke-3, column ke-0
[10:45:22] row item excel ke-3, column ke-1
[10:45:22] row item excel ke-3, column ke-2
[10:45:22] row item excel ke-3, column ke-3
[10:45:22] row item excel ke-3, column ke-4
[10:45:22] row item excel ke-3, column ke-5
[10:45:22] row item excel ke-3, column ke-6
[10:45:22] row item excel ke-3, column ke-7
[10:45:22] row item excel ke-3, column ke-8
[10:45:22] row item excel ke-3, column ke-9
[10:45:22] row item excel ke-3, column ke-10
[10:45:22] row item excel ke-3, column ke-11
[10:45:22] row item excel ke-3, column ke-12
[10:45:22] row item excel ke-3, column ke-13
[10:45:22] row item excel ke-3, column ke-14
[10:45:22] row item excel ke-3, column ke-15
[10:45:22] row item excel ke-3, column ke-16
[10:45:22] row item excel ke-3, column ke-17
[10:45:22] row item excel ke-3, column ke-18
[10:45:22] row item excel ke-3, column ke-19
[10:45:22] row item excel ke-3, column ke-20
[10:45:22] row item excel ke-3, column ke-21
[10:45:22] row item excel ke-3, column ke-22
[10:45:22] row item excel ke-3, column ke-23
[10:45:22] row item excel ke-3, column ke-24
[10:45:22] row item excel ke-3, column ke-25
[10:45:22] row item excel ke-3, column ke-26
[10:47:29] row item excel ke-2, column ke-0
[10:47:29] row item excel ke-2, column ke-1
[10:47:29] row item excel ke-2, column ke-2
[10:47:29] row item excel ke-2, column ke-3
[10:47:29] row item excel ke-2, column ke-4
[10:47:29] row item excel ke-2, column ke-5
[10:47:29] row item excel ke-2, column ke-6
[10:47:29] row item excel ke-2, column ke-7
[10:47:29] row item excel ke-2, column ke-8
[10:47:29] row item excel ke-2, column ke-9
[10:47:29] row item excel ke-2, column ke-10
[10:47:29] row item excel ke-2, column ke-11
[10:47:29] row item excel ke-2, column ke-12
[10:47:29] row item excel ke-2, column ke-13
[10:47:29] row item excel ke-2, column ke-14
[10:47:29] row item excel ke-2, column ke-15
[10:47:29] row item excel ke-2, column ke-16
[10:47:29] row item excel ke-2, column ke-17
[10:47:29] row item excel ke-2, column ke-18
[10:47:29] row item excel ke-2, column ke-19
[10:47:29] row item excel ke-2, column ke-20
[10:47:29] row item excel ke-2, column ke-21
[10:47:29] row item excel ke-2, column ke-22
[10:47:29] row item excel ke-2, column ke-23
[10:47:29] row item excel ke-2, column ke-24
[10:47:29] row item excel ke-2, column ke-25
[10:47:29] row item excel ke-2, column ke-26
[10:47:29] row item excel ke-3, column ke-0
[10:47:29] row item excel ke-3, column ke-1
[10:47:29] row item excel ke-3, column ke-2
[10:47:29] row item excel ke-3, column ke-3
[10:47:29] row item excel ke-3, column ke-4
[10:47:29] row item excel ke-3, column ke-5
[10:47:29] row item excel ke-3, column ke-6
[10:47:29] row item excel ke-3, column ke-7
[10:47:29] row item excel ke-3, column ke-8
[10:47:29] row item excel ke-3, column ke-9
[10:47:29] row item excel ke-3, column ke-10
[10:47:29] row item excel ke-3, column ke-11
[10:47:29] row item excel ke-3, column ke-12
[10:47:29] row item excel ke-3, column ke-13
[10:47:29] row item excel ke-3, column ke-14
[10:47:29] row item excel ke-3, column ke-15
[10:47:29] row item excel ke-3, column ke-16
[10:47:29] row item excel ke-3, column ke-17
[10:47:29] row item excel ke-3, column ke-18
[10:47:29] row item excel ke-3, column ke-19
[10:47:29] row item excel ke-3, column ke-20
[10:47:29] row item excel ke-3, column ke-21
[10:47:29] row item excel ke-3, column ke-22
[10:47:29] row item excel ke-3, column ke-23
[10:47:29] row item excel ke-3, column ke-24
[10:47:29] row item excel ke-3, column ke-25
[10:47:29] row item excel ke-3, column ke-26
[10:48:13] Token Access: eyJhbGciOiJSUzI1NiIsInR5cCIgOiAiSldUIiwia2lkIiA6ICIzbXo1OTYwdE9MbkhhT0JLTHRQSG15N2VmT0plQVo5UmVZdkJMOGxVZDhFIn0.eyJleHAiOjE3MDM5OTU0MTAsImlhdCI6MTcwMzk5NDQyMSwianRpIjoiODdhMzQ0NWUtZjliOS00YmMzLWIyYjktNzhlZDBlOTIxNTEwIiwiaXNzIjoiaHR0cHM6Ly9zc28tc3NvLXBvcnRhbC5hcHBzLnByb2RkYy5jdXN0b21zLmdvLmlkL2F1dGgvcmVhbG1zL3BvcnRhbF9oMmgiLCJzdWIiOiI5YjI4OWU0MS01OGM5LTRhNDUtYjdkMi1hZTI4OTEyZjY2NWUiLCJ0eXAiOiJCZWFyZXIiLCJhenAiOiJwb3J0YWxfaDJoX2NsaWVudCIsInNlc3Npb25fc3RhdGUiOiI1MDk2MTBiNS0wMzNjLTRlODQtOWVjYS02YWU1ODFjODY3NzQiLCJhY3IiOiIxIiwic2NvcGUiOiJvcGVuaWQgZW1haWwgcHJvZmlsZSIsInNpZCI6IjUwOTYxMGI1LTAzM2MtNGU4NC05ZWNhLTZhZTU4MWM4Njc3NCIsImVtYWlsX3ZlcmlmaWVkIjpmYWxzZSwibmFtZSI6IkFndXMgU2FlcHVkaW4iLCJpZGVudGl0YXMiOiIwMTMxMDc3NDMwNjIwMDAiLCJwcmVmZXJyZWRfdXNlcm5hbWUiOiJhc2FlcHVkaW4iLCJnaXZlbl9uYW1lIjoiQWd1cyBTYWVwdWRpbiIsImZhbWlseV9uYW1lIjoiIiwiZW1haWwiOiJhZ3VzLnNhZXB1ZGluQGRobC5jb20ifQ.fwQ-BjPC-gYSHWqJpyMJP5q0d0ro-c6FrWxyu3A3Gn_BpCithksl598TtDC4V3ELa7m6DtPfTgwincseOK51RAR10J4i81eBHsmWejl37Kb6O9jdPEOCuM8dwLpvHaOc3mqKcEyB7Cqim7shv_gEnONVDFzcA8SORpm0e_7KikmLg-In_hLiaO3aWUp3pY8kxTBnHbxgkLbyNSKO2wmkRyfCCbIE4Xubsi3t8wtvW-xDhmyztYt0ecTKduwYxLfQoZwElKX89y4-Ob6toMui_v2UbviWam-7q5QfzlPnyMy_Bj317hRoIWS3v3hPTVg9d5tA4z2UjgrXCJAr6Wd9rw
[10:48:13] Token ID: eyJhbGciOiJSUzI1NiIsInR5cCIgOiAiSldUIiwia2lkIiA6ICIzbXo1OTYwdE9MbkhhT0JLTHRQSG15N2VmT0plQVo5UmVZdkJMOGxVZDhFIn0.eyJleHAiOjE3MDM5OTU0MTAsImlhdCI6MTcwMzk5NDQyMSwiYXV0aF90aW1lIjowLCJqdGkiOiJmMDBlMzdkYi04MmU3LTRkYmEtOTRiNS02ZTllMTVlOWQ4ZjEiLCJpc3MiOiJodHRwczovL3Nzby1zc28tcG9ydGFsLmFwcHMucHJvZGRjLmN1c3RvbXMuZ28uaWQvYXV0aC9yZWFsbXMvcG9ydGFsX2gyaCIsImF1ZCI6InBvcnRhbF9oMmhfY2xpZW50Iiwic3ViIjoiOWIyODllNDEtNThjOS00YTQ1LWI3ZDItYWUyODkxMmY2NjVlIiwidHlwIjoiSUQiLCJhenAiOiJwb3J0YWxfaDJoX2NsaWVudCIsInNlc3Npb25fc3RhdGUiOiI1MDk2MTBiNS0wMzNjLTRlODQtOWVjYS02YWU1ODFjODY3NzQiLCJhdF9oYXNoIjoiTFBhNUV6SUxQVXQ0dTlxYS1DajlQUSIsImFjciI6IjEiLCJzaWQiOiI1MDk2MTBiNS0wMzNjLTRlODQtOWVjYS02YWU1ODFjODY3NzQiLCJlbWFpbF92ZXJpZmllZCI6ZmFsc2UsIm5hbWUiOiJBZ3VzIFNhZXB1ZGluIiwiaWRlbnRpdGFzIjoiMDEzMTA3NzQzMDYyMDAwIiwicHJlZmVycmVkX3VzZXJuYW1lIjoiYXNhZXB1ZGluIiwiZ2l2ZW5fbmFtZSI6IkFndXMgU2FlcHVkaW4iLCJmYW1pbHlfbmFtZSI6IiIsImVtYWlsIjoiYWd1cy5zYWVwdWRpbkBkaGwuY29tIn0.RlKUjr_0U0K6BVZpB-4JPDtfAujnIjZTNIIJykThe8XZeaOUclSjmiNlhL3C5dO0TLfUyQ6gqYQR_1RtCQsm9p17bm_cg0t5gCBNgoGOdTvu3uhEAn0G7l4mpskHezJoVSeGlnGhoaW6xnexeaS1oVAzR2VaMOlSGvyHgoo1vvYpaoKlp-CQFQYnZmqEs5pz55ezcC-qV_i6nAk9qfn8Re6HPwyr_Wf-FkY5_p439kZGQd-B5DIhMQN5mFubkaHHpTQHy6esqgNtJ1VfkPdDigzCHTEUEO9ehGLzFhYNI95Uy-NXJ_um5Z7LkSPvkLh7OWQP1kRg33wQoJtD2iooRQ
[10:48:17] sequence gateway JKT updated from 3139 to 3140..
[10:59:10] {"asalData":"S","asuransi":0.85,"bruto":5.44,"cif":171.73,"fob":131.69,"freight":39.19,"hargaPenyerahan":0,"jabatanTtd":"PPJK","jumlahKontainer":0,"kodeAsuransi":"LN","kodeDokumen":"23","kodeIncoterm":"FOB","kodeKantor":"050500","kodeKantorBongkar":"050100","kodePelBongkar":"IDCGK","kodePelMuat":"CNSHA","kodePelTransit":"CNPVG","kodeTps":"GJDC","kodeTujuanTpb":"1","kodeTutupPu":"11","kodeValuta":"USD","kotaTtd":"JAKARTA","namaTtd":"BARTOLOMEUS EKO VATAR","ndpbm":15512.0,"netto":4.896,"nik":"0018/KA-A5/111 TAHUN 2019","nilaiBarang":131.69,"nomorAju":"00002303006520231231003138","nomorBc11":"050091","posBc11":"0016","seri":0,"subposBc11":"00350000","tanggalBc11":"2023-12-30","tanggalTiba":"2023-12-30","tanggalTtd":"2023-12-31","biayaTambahan":0,"biayaPengurang":0,"kodeKenaPajak":"1","barang":[{"idBarang":"1","asuransi":0.303,"cif":60.914,"diskon":0,"fob":46.71,"freight":13.901,"hargaEkspor":0,"hargaPenyerahan":0,"hargaSatuan":46.71,"isiPerKemasan":0,"jumlahKemasan":1,"jumlahSatuan":2700.0,"kodeBarang":"-","kodeDokumen":"23","kodeKategoriBarang":"11","kodeJenisKemasan":"PK","kodeNegaraAsal":"CN","kodePerhitungan":"0","kodeSatuanBarang":"PCE","merk":"-","netto":2.448,"nilaiBarang":46.71,"nilaiTambah":0,"posTarif":"48211090","seriBarang":1,"spesifikasiLain":"-","tipe":"-","ukuran":"-","uraian":"HRT3014 HANGTAG","ndpbm":15512.0,"cifRupiah":944891.98,"hargaPerolehan":0,"kodeAsalBahanBaku":"0","barangTarif":[{"kodeJenisTarif":"1","jumlahSatuan":2700.0,"kodeFasilitasTarif":"3","kodeSatuanBarang":"PCE","kodeJenisPungutan":"BM","nilaiBayar":0.0,"nilaiFasilitas":47241.8,"nilaiSudahDilunasi":0.0,"seriBarang":1,"tarif":5.0,"tarifFasilitas":100},{"kodeJenisTarif":"1","jumlahSatuan":2700.0,"kodeFasilitasTarif":"6","kodeSatuanBarang":"PCE","kodeJenisPungutan":"PPH","nilaiBayar":0.0,"nilaiFasilitas":24801.94,"nilaiSudahDilunasi":0.0,"seriBarang":1,"tarif":2.5,"tarifFasilitas":100},{"kodeJenisTarif":"1","jumlahSatuan":2700.0,"kodeFasilitasTarif":"6","kodeSatuanBarang":"PCE","kodeJenisPungutan":"PPN","nilaiBayar":0.0,"nilaiFasilitas":109128.55,"nilaiSudahDilunasi":0.0,"seriBarang":1,"tarif":11.0,"tarifFasilitas":100}],"barangDokumen":[{"seriDokumen":"1"}]},{"idBarang":"2","asuransi":0.551,"cif":110.82,"diskon":0,"fob":84.98,"freight":25.289,"hargaEkspor":0,"hargaPenyerahan":0,"hargaSatuan":84.98,"isiPerKemasan":0,"jumlahKemasan":0,"jumlahSatuan":3090.0,"kodeBarang":"-","kodeDokumen":"23","kodeKategoriBarang":"11","kodeJenisKemasan":"PK","kodeNegaraAsal":"CN","kodePerhitungan":"0","kodeSatuanBarang":"PCE","merk":"-","netto":2.448,"nilaiBarang":84.98,"nilaiTambah":0,"posTarif":"48211090","seriBarang":2,"spesifikasiLain":"-","tipe":"-","ukuran":"-","uraian":"KL-1268 LABEL","ndpbm":15512.0,"cifRupiah":1719052.04,"hargaPerolehan":0,"kodeAsalBahanBaku":"0","barangTarif":[{"kodeJenisTarif":"1","jumlahSatuan":3090.0,"kodeFasilitasTarif":"3","kodeSatuanBarang":"PCE","kodeJenisPungutan":"BM","nilaiBayar":0.0,"nilaiFasilitas":85951.99,"nilaiSudahDilunasi":0.0,"seriBarang":2,"tarif":5.0,"tarifFasilitas":100},{"kodeJenisTarif":"1","jumlahSatuan":3090.0,"kodeFasilitasTarif":"6","kodeSatuanBarang":"PCE","kodeJenisPungutan":"PPH","nilaiBayar":0.0,"nilaiFasilitas":45124.8,"nilaiSudahDilunasi":0.0,"seriBarang":2,"tarif":2.5,"tarifFasilitas":100},{"kodeJenisTarif":"1","jumlahSatuan":3090.0,"kodeFasilitasTarif":"6","kodeSatuanBarang":"PCE","kodeJenisPungutan":"PPN","nilaiBayar":0.0,"nilaiFasilitas":198549.1,"nilaiSudahDilunasi":0.0,"seriBarang":2,"tarif":11.0,"tarifFasilitas":100}],"barangDokumen":[{"seriDokumen":"1"}]}],"entitas":[{"alamatEntitas":"JL.SOEKARNO HATTA NO.24 CIBUNTU, BANDUNG KULON,","kodeEntitas":"3","kodeJenisIdentitas":"5","namaEntitas":"PT MASTERINDO JAYA ABADI","nibEntitas":"8120016221246","nomorIdentitas":"012802641441000","tanggalIjinEntitas":"2022-01-31","nomorIjinEntitas":"77/WBC.09/2022","seriEntitas":1},{"alamatEntitas":"RM#903 BLDG B, NOBLE INTERNATIONAL CENTER,908 XIUWEN ROAD,MINHANG DISTRICT,SHANGHAI, CHINA 201199 CHINA CHINA","kodeEntitas":"5","kodeNegara":"CN","namaEntitas":"SHANGHAI HONGRUN CO.,LTD","seriEntitas":2},{"alamatEntitas":"JL.SOEKARNO HATTA NO.24 CIBUNTU, BANDUNG KULON,","kodeEntitas":"7","kodeJenisApi":"7","kodeJenisIdentitas":"5","kodeStatus":"5","namaEntitas":"PT MASTERINDO JAYA ABADI","nomorIdentitas":"012802641441000","nomorIjinEntitas":"77/WBC.09/2022","tanggalIjinEntitas":"2022-01-31","seriEntitas":3},{"alamatEntitas":"MULIA BUSINESS PARK BUILDING F JL. MT. HARYONO KAV 58-60, JAKARTA","kodeEntitas":"4","kodeJenisIdentitas":"5","kodeStatus":"1","namaEntitas":"PT. BIROTIKA SEMESTA","nomorIdentitas":"013107743062000","seriEntitas":4}],"kemasan":[{"jumlahKemasan":1,"kodeJenisKemasan":"PK","seriKemasan":1,"merkKemasan":"DHL"}],"dokumen":[{"idDokumen":"1","kodeDokumen":"380","nomorDokumen":"20231228","seriDokumen":1,"tanggalDokumen":"2023-12-28"},{"idDokumen":"1","kodeDokumen":"740","nomorDokumen":"8235100252","seriDokumen":2,"tanggalDokumen":"2023-12-28"},{"idDokumen":"1","kodeDokumen":"741","nomorDokumen":"16075200355","seriDokumen":3,"tanggalDokumen":"2023-12-30"}],"pengangkut":[{"kodeBendera":"HK","namaPengangkut":"CATHAY PACIFIC","nomorPengangkut":"CX0797","kodeCaraAngkut":"4","seriPengangkut":1}]}
[10:59:11] {"status":"FAILED","message":"Gagal, Nomor Aju Sudah Ada.","nomorAju":"00002303006520231231003138"}
[10:59:11] Send data failed, 0 nomor aju created
[11:00:31] delete record data.. AWB: 7397349234.. by farifin
[11:10:16] success update data entitas.. Updated By farifin
[11:10:16] update dhl_cs_tpb_entitas set
                                        nomorIdentitas = '016713240445000',
                                        namaEntitas = 'PT FENG TAY INDONESIA ENTERPRISES',
                                        alamatEntitas = 'JL.RAYA BANJARAN KM 14.6, BOJONG MANGGU, PAMEUNGPEUK,',
                                        nomorIjinEntitas = '2204/KM.4/2017',
                                        tanggalIjinEntitas = '2017-09-04',
                                        nibEntitas = ''
                                        where HAWB = '8349600906' and TGL_HAWB = '2023-12-29' and kodeEntitas in ('3','7') 
[11:10:16] ----------------------------------------------------
[11:14:11] success update data entitas.. Updated By farifin
[11:14:11] update dhl_cs_tpb_entitas set
                                        nomorIdentitas = '016713240445000',
                                        namaEntitas = 'PT FENG TAY INDONESIA ENTERPRISES',
                                        alamatEntitas = 'JL.RAYA BANJARAN KM 14.6, BOJONG MANGGU, PAMEUNGPEUK,',
                                        nomorIjinEntitas = '2204/KM.4/2017',
                                        tanggalIjinEntitas = '2017-09-04',
                                        nibEntitas = '8120200820123'
                                        where HAWB = '8349600906' and TGL_HAWB = '2023-12-29' and kodeEntitas in ('3','7') 
[11:14:11] ----------------------------------------------------
[11:14:44] Token Access: eyJhbGciOiJSUzI1NiIsInR5cCIgOiAiSldUIiwia2lkIiA6ICIzbXo1OTYwdE9MbkhhT0JLTHRQSG15N2VmT0plQVo5UmVZdkJMOGxVZDhFIn0.eyJleHAiOjE3MDQwMDY4NTEsImlhdCI6MTcwMzk5NjA1MSwianRpIjoiMTY0Zjc3YmQtOWJmZi00OGViLTg0YzktZTAzYWM4N2NiZDcxIiwiaXNzIjoiaHR0cHM6Ly9zc28tc3NvLXBvcnRhbC5hcHBzLnByb2RkYy5jdXN0b21zLmdvLmlkL2F1dGgvcmVhbG1zL3BvcnRhbF9oMmgiLCJzdWIiOiI5YjI4OWU0MS01OGM5LTRhNDUtYjdkMi1hZTI4OTEyZjY2NWUiLCJ0eXAiOiJCZWFyZXIiLCJhenAiOiJwb3J0YWxfaDJoX2NsaWVudCIsInNlc3Npb25fc3RhdGUiOiJlMDc3YTBmYi1mNzVhLTQzNjMtOTZlMy01N2NmYjAxYjhlNGQiLCJhY3IiOiIxIiwic2NvcGUiOiJvcGVuaWQgZW1haWwgcHJvZmlsZSIsInNpZCI6ImUwNzdhMGZiLWY3NWEtNDM2My05NmUzLTU3Y2ZiMDFiOGU0ZCIsImVtYWlsX3ZlcmlmaWVkIjpmYWxzZSwibmFtZSI6IkFndXMgU2FlcHVkaW4iLCJpZGVudGl0YXMiOiIwMTMxMDc3NDMwNjIwMDAiLCJwcmVmZXJyZWRfdXNlcm5hbWUiOiJhc2FlcHVkaW4iLCJnaXZlbl9uYW1lIjoiQWd1cyBTYWVwdWRpbiIsImZhbWlseV9uYW1lIjoiIiwiZW1haWwiOiJhZ3VzLnNhZXB1ZGluQGRobC5jb20ifQ.h0cLm1y9SF4XUnBQBCoX1mTs_0SE3yU1vLEnmxG0BdNsBlFgRbWYfdTy6lvRc67SIyEo8UV9YHATmiDTVeVkocvXe4NzlGEv_TO1lN5zHRVtsTnDnO4mLEBdhBR_ItnKoSWF2bCjKEggrHyPdXW5rr4p-OyZnaT7t6qCVFcQLvlKjFHQLCUQ97uYe7zde7Bfm3JJWux6f0nDlr8xik7gAUrDx8oyIBwGBvn_mqOdAJVNZghsU4ZNjBTRREs2YfofQwE0DJsweH9bxYGmPCcZnrXYw_CarBe5IhNsZgrEK8k2Uvrb8pxJ8KVplFjEK1F6d43PPIcL5SfUSZctH8HHeg
[11:14:44] Token ID: eyJhbGciOiJSUzI1NiIsInR5cCIgOiAiSldUIiwia2lkIiA6ICIzbXo1OTYwdE9MbkhhT0JLTHRQSG15N2VmT0plQVo5UmVZdkJMOGxVZDhFIn0.eyJleHAiOjE3MDQwMDY4NTEsImlhdCI6MTcwMzk5NjA1MSwiYXV0aF90aW1lIjowLCJqdGkiOiI3NjhhZjBjMy1hMDMwLTQxYzItOGIzOC1jNjc4ZjY5NDhhYTEiLCJpc3MiOiJodHRwczovL3Nzby1zc28tcG9ydGFsLmFwcHMucHJvZGRjLmN1c3RvbXMuZ28uaWQvYXV0aC9yZWFsbXMvcG9ydGFsX2gyaCIsImF1ZCI6InBvcnRhbF9oMmhfY2xpZW50Iiwic3ViIjoiOWIyODllNDEtNThjOS00YTQ1LWI3ZDItYWUyODkxMmY2NjVlIiwidHlwIjoiSUQiLCJhenAiOiJwb3J0YWxfaDJoX2NsaWVudCIsInNlc3Npb25fc3RhdGUiOiJlMDc3YTBmYi1mNzVhLTQzNjMtOTZlMy01N2NmYjAxYjhlNGQiLCJhdF9oYXNoIjoiWFU1OHowZDFwNm1pU21qQlhkWVJtUSIsImFjciI6IjEiLCJzaWQiOiJlMDc3YTBmYi1mNzVhLTQzNjMtOTZlMy01N2NmYjAxYjhlNGQiLCJlbWFpbF92ZXJpZmllZCI6ZmFsc2UsIm5hbWUiOiJBZ3VzIFNhZXB1ZGluIiwiaWRlbnRpdGFzIjoiMDEzMTA3NzQzMDYyMDAwIiwicHJlZmVycmVkX3VzZXJuYW1lIjoiYXNhZXB1ZGluIiwiZ2l2ZW5fbmFtZSI6IkFndXMgU2FlcHVkaW4iLCJmYW1pbHlfbmFtZSI6IiIsImVtYWlsIjoiYWd1cy5zYWVwdWRpbkBkaGwuY29tIn0.gBztCf72747CKjokenI3CCxG9sP08UBfoBlyTMqf3cmyJMQJOmRNqehAN1CxsecvfguvV8mBpVKBlKNTB5rOqKtC4AuNUtm9MF21Vp0OOcs2KKBTbWlQsGBxC8RhzSF3ZB9iugYxQc3oSlT6-3vg0bUK7GsSpVay0y7D5vif3FgZttF7msDjk-C9gBNeX4893I7tJKNqnmyMg1P7VbuY3UNGmvVFhbCGM--z6K-IPdcs0_Yj4AS3plwXMx1utls8wARnFcoOxPUi9nlZ7QzIX44dmYk0ScsY1WuiCGcCRItBx-UNyrEqLfCiPsU_4g8bMfRQV42KVITf3klQKH8RTQ
[11:14:45] sequence gateway JKT updated from 3145 to 3146..
