[13:50:39] Reload data DCI..
Clean duplicate AWB :
'2261315696'
[13:50:43] LOAD DATA BARANG '2261315696' : 5 Rows..
[13:50:45] LOAD DATA HEADER '2261315696' : 1 Rows..
[13:50:45] LOAD DATA TARIF '2261315696' : 5 Rows..
[13:50:51] LOAD DATA ENTITAS '2261315696' : 1 Rows..
[13:50:51] LOAD DATA KEMASAN '2261315696' : 1 Rows..
[13:50:52] LOAD DATA DOKUMEN '2261315696' : 2 Rows..
[13:50:52] LOAD DATA PENGANGKUT '2261315696' : 1 Rows..
[13:50:55] insert into dhl_cs_tpb_barang values (
                                        '2261315696',
                                        '2023-09-29',
                                        '1',
                                        '0.087000000000000',                                        
                                        '17.469',
                                        '268778.034000',
                                        '0',
                                        '13.600',
                                        '3.782',
                                        '0',
                                        '0',
                                        '13.600',
                                        '0',
                                        '1',
                                        '1700.00',
                                        '',
                                        '23',
                                        '11',
                                        'PK',
                                        'VN',
                                        '0',
                                        'PCE',
                                        '-',
                                        '15386.0000',
                                        '3.6306',
                                        '13.600',
                                        '0',
                                        '39199099',
                                        '1',
                                        '',
                                        '-',
                                        '',
                                        'STICKER GAP',
                                        '0',
                                        '0'
                                        )

[13:50:55] insert into dhl_cs_tpb_barang values (
                                        '2261315696',
                                        '2023-09-29',
                                        '2',
                                        '0.486000000000000',                                        
                                        '97.621',
                                        '1501996.706000',
                                        '0',
                                        '76.000',
                                        '21.135',
                                        '0',
                                        '0',
                                        '76.000',
                                        '0',
                                        '1',
                                        '9500.00',
                                        '',
                                        '23',
                                        '11',
                                        'PK',
                                        'VN',
                                        '0',
                                        'PCE',
                                        '-',
                                        '15386.0000',
                                        '3.6306',
                                        '76.000',
                                        '0',
                                        '48219090',
                                        '2',
                                        '',
                                        '-',
                                        '',
                                        'GAP ADULT / KIDS DIEMMSIZE STICKER',
                                        '0',
                                        '0'
                                        )

[13:50:55] insert into dhl_cs_tpb_barang values (
                                        '2261315696',
                                        '2023-09-29',
                                        '3',
                                        '0.131000000000000',                                        
                                        '26.306',
                                        '404744.116000',
                                        '0',
                                        '20.480',
                                        '5.695',
                                        '0',
                                        '0',
                                        '20.480',
                                        '0',
                                        '1',
                                        '1750.00',
                                        '',
                                        '23',
                                        '11',
                                        'PK',
                                        'VN',
                                        '0',
                                        'PCE',
                                        '-',
                                        '15386.0000',
                                        '3.6306',
                                        '20.480',
                                        '0',
                                        '48219090',
                                        '3',
                                        '',
                                        '-',
                                        '',
                                        'GAP  GENERIC SIZE STRIP STICKER',
                                        '0',
                                        '0'
                                        )

[13:50:55] insert into dhl_cs_tpb_barang values (
                                        '2261315696',
                                        '2023-09-29',
                                        '4',
                                        '0.610000000000000',                                        
                                        '122.489',
                                        '1884615.754000',
                                        '0',
                                        '95.360',
                                        '26.519',
                                        '0',
                                        '0',
                                        '95.360',
                                        '0',
                                        '1',
                                        '8150.00',
                                        '',
                                        '23',
                                        '11',
                                        'PK',
                                        'VN',
                                        '0',
                                        'PCE',
                                        '-',
                                        '15386.0000',
                                        '3.6306',
                                        '95.360',
                                        '0',
                                        '48219090',
                                        '4',
                                        '',
                                        '-',
                                        '',
                                        'GAP  GENERIC SIZE STRIP STICKER',
                                        '0',
                                        '0'
                                        )

[13:50:55] insert into dhl_cs_tpb_barang values (
                                        '2261315696',
                                        '2023-09-29',
                                        '5',
                                        '0.616000000000000',                                        
                                        '123.684',
                                        '1903002.024000',
                                        '0',
                                        '96.290',
                                        '26.778',
                                        '0',
                                        '0',
                                        '96.290',
                                        '0',
                                        '1',
                                        '3250.00',
                                        '',
                                        '23',
                                        '11',
                                        'PK',
                                        'VN',
                                        '0',
                                        'PCE',
                                        '-',
                                        '15386.0000',
                                        '3.6306',
                                        '96.290',
                                        '0',
                                        '39232990',
                                        '5',
                                        '',
                                        '-',
                                        '',
                                        'POLYBAG GAP',
                                        '0',
                                        '0'
                                        )

[13:50:55] insert into dhl_cs_tpb_header values (
                                        'SRG',
                                        '2261315696',
                                        '2023-09-29',
                                        'S',
                                        '1.93',
                                        '20.1700',
                                        '387.569',
                                        '301.73',
                                        '83.909',
                                        '0',
                                        'PPJK',
                                        '0',
                                        'LN',
                                        '23',
                                        'FOB',
                                        '061000',
                                        '060100',
                                        'IDSRG',
                                        'VNSGN',
                                        'SGSIN',
                                        'GDHL',
                                        '1',
                                        '11',
                                        'USD',
                                        'SEMARANG',
                                        'ZETRO TAMPUBOLON',
                                        '15386.0000',
                                        '18.153',
                                        '0018/KA-A5/111 TAHUN 2019',
                                        '301.7300',
                                        '00002303122520231003000054',                                      
                                        '001315',
                                        '0001',
                                        '0',
                                        '0711',
                                        '9/30/2023 12:00:00 AM',
                                        '9/30/2023 12:00:00 AM',
                                        '2023-10-11',
                                        '0',
                                        '0',
                                        '2',
                                        'farifin',
                                        '2023-10-11 13:50:45.407'
                                        )

[13:50:55] insert into dhl_cs_tpb_barang_tarif values (
                                        '2261315696',
                                        '2023-09-29',
                                        '1',
                                        '1700.00',
                                        '3',
                                        'PCE',
                                        'BM',
                                        '26878.0000',
                                        '0',
                                        '26878.0000',
                                        '1',
                                        '10',
                                        '100'                                        
                                        )

[13:50:55] insert into dhl_cs_tpb_barang_tarif values (
                                        '2261315696',
                                        '2023-09-29',
                                        '1',
                                        '1700.00',
                                        '3',
                                        'PCE',
                                        'PPH',
                                        '7391.4500',
                                        '0',
                                        '7391.4500',
                                        '1',
                                        '2.5',
                                        '100'                                        
                                        )

[13:50:55] insert into dhl_cs_tpb_barang_tarif values (
                                        '2261315696',
                                        '2023-09-29',
                                        '1',
                                        '1700.00',
                                        '3',
                                        'PCE',
                                        'PPN',
                                        '32522.3800',
                                        '0',
                                        '32522.3800',
                                        '1',
                                        '11',
                                        '100'                                        
                                        )

[13:50:55] insert into dhl_cs_tpb_barang_tarif values (
                                        '2261315696',
                                        '2023-09-29',
                                        '1',
                                        '3250.00',
                                        '3',
                                        'PCE',
                                        'BM',
                                        '190299.9000',
                                        '0',
                                        '190299.9000',
                                        '5',
                                        '10',
                                        '100'                                        
                                        )

[13:50:55] insert into dhl_cs_tpb_barang_tarif values (
                                        '2261315696',
                                        '2023-09-29',
                                        '1',
                                        '3250.00',
                                        '3',
                                        'PCE',
                                        'PPH',
                                        '52332.4725',
                                        '0',
                                        '52332.4725',
                                        '5',
                                        '2.5',
                                        '100'                                        
                                        )

[13:50:55] insert into dhl_cs_tpb_barang_tarif values (
                                        '2261315696',
                                        '2023-09-29',
                                        '1',
                                        '3250.00',
                                        '3',
                                        'PCE',
                                        'PPN',
                                        '230262.8790',
                                        '0',
                                        '230262.8790',
                                        '5',
                                        '11',
                                        '100'                                        
                                        )

[13:50:55] insert into dhl_cs_tpb_barang_tarif values (
                                        '2261315696',
                                        '2023-09-29',
                                        '1',
                                        '1750.00',
                                        '3',
                                        'PCE',
                                        'BM',
                                        '20237.5000',
                                        '0',
                                        '20237.5000',
                                        '3',
                                        '5',
                                        '100'                                        
                                        )

[13:50:55] insert into dhl_cs_tpb_barang_tarif values (
                                        '2261315696',
                                        '2023-09-29',
                                        '1',
                                        '1750.00',
                                        '3',
                                        'PCE',
                                        'PPH',
                                        '10624.6875',
                                        '0',
                                        '10624.6875',
                                        '3',
                                        '2.5',
                                        '100'                                        
                                        )

[13:50:55] insert into dhl_cs_tpb_barang_tarif values (
                                        '2261315696',
                                        '2023-09-29',
                                        '1',
                                        '1750.00',
                                        '3',
                                        'PCE',
                                        'PPN',
                                        '46748.6250',
                                        '0',
                                        '46748.6250',
                                        '3',
                                        '11',
                                        '100'                                        
                                        )

[13:50:55] insert into dhl_cs_tpb_barang_tarif values (
                                        '2261315696',
                                        '2023-09-29',
                                        '1',
                                        '8150.00',
                                        '3',
                                        'PCE',
                                        'BM',
                                        '94230.9500',
                                        '0',
                                        '94230.9500',
                                        '4',
                                        '5',
                                        '100'                                        
                                        )

[13:50:55] insert into dhl_cs_tpb_barang_tarif values (
                                        '2261315696',
                                        '2023-09-29',
                                        '1',
                                        '8150.00',
                                        '3',
                                        'PCE',
                                        'PPH',
                                        '49471.2488',
                                        '0',
                                        '49471.2488',
                                        '4',
                                        '2.5',
                                        '100'                                        
                                        )

[13:50:55] insert into dhl_cs_tpb_barang_tarif values (
                                        '2261315696',
                                        '2023-09-29',
                                        '1',
                                        '8150.00',
                                        '3',
                                        'PCE',
                                        'PPN',
                                        '217673.4945',
                                        '0',
                                        '217673.4945',
                                        '4',
                                        '11',
                                        '100'                                        
                                        )

[13:50:55] insert into dhl_cs_tpb_barang_tarif values (
                                        '2261315696',
                                        '2023-09-29',
                                        '1',
                                        '9500.00',
                                        '3',
                                        'PCE',
                                        'BM',
                                        '75100.2000',
                                        '0',
                                        '75100.2000',
                                        '2',
                                        '5',
                                        '100'                                        
                                        )

[13:50:55] insert into dhl_cs_tpb_barang_tarif values (
                                        '2261315696',
                                        '2023-09-29',
                                        '1',
                                        '9500.00',
                                        '3',
                                        'PCE',
                                        'PPH',
                                        '39427.6050',
                                        '0',
                                        '39427.6050',
                                        '2',
                                        '2.5',
                                        '100'                                        
                                        )

[13:50:55] insert into dhl_cs_tpb_barang_tarif values (
                                        '2261315696',
                                        '2023-09-29',
                                        '1',
                                        '9500.00',
                                        '3',
                                        'PCE',
                                        'PPN',
                                        '173481.4620',
                                        '0',
                                        '173481.4620',
                                        '2',
                                        '11',
                                        '100'                                        
                                        )

[13:50:55] insert into dhl_cs_tpb_entitas values (
                                        '2261315696',
                                        '2023-09-29',
                                        'JALAN RAYA MARGA AYU KM. 33,RT/RW 003/004, DESA MARGA AYU, KEC. MARGASARI,KAB. TEGAL JAWA TENGAH,52463',
                                        '3',
                                        '',
                                        '5',
                                        '',
                                        'PT WINNERS INTERNATIONAL...',
                                        '',
                                        '021929633057000',
                                        '160/WBC.10/2022',
                                        '',
                                        '1',
                                        '1900-01-01')

[13:50:55] insert into dhl_cs_tpb_entitas values (
                                        '2261315696',
                                        '2023-09-29',
                                        'NO 1-3 TIEN PHONG 5,MAPPLETREE,HOA PHU THU DAU MOT,BINH DUONG VIETNAM VIETNAM',
                                        '5',
                                        '',
                                        '',
                                        '',
                                        'R-PAC VIETNAM',
                                        '',
                                        '',
                                        '',
                                        'VN',
                                        '2',
                                        '')

[13:50:55] insert into dhl_cs_tpb_entitas values (
                                        '2261315696',
                                        '2023-09-29',
                                        'JALAN RAYA MARGA AYU KM. 33,RT/RW 003/004, DESA MARGA AYU, KEC. MARGASARI,KAB. TEGAL JAWA TENGAH,52463',
                                        '7',
                                        '7',
                                        '5',
                                        '5',
                                        'PT WINNERS INTERNATIONAL...',
                                        '',
                                        '021929633057000',
                                        '160/WBC.10/2022',
                                        '',
                                        '3',
                                        '1900-01-01')

[13:50:55] insert into dhl_cs_tpb_entitas values (
                                        '2261315696',
                                        '2023-09-29',
                                        'MULIA BUSINESS PARK BUILDING F JL. MT. HARYONO KAV 58-60, JAKARTA',
                                        '4',
                                        '',
                                        '5',
                                        '1',
                                        'PT. BIROTIKA SEMESTA',
                                        '',
                                        '013107743062000',
                                        '',
                                        '',
                                        '4',
                                        '')

[13:50:55] insert into dhl_cs_tpb_kemasan values (
                                        '2261315696',
                                        '2023-09-29',
                                        '6',
                                        'PK',
                                        '1',
                                        'DHL'
                                        )

[13:50:55] insert into dhl_cs_tpb_dokumen values (
                                        '2261315696', '2023-09-29', '1',
                                        '380', 
                                        '231039030', '1',
                                        ''
                                        )

[13:50:55] insert into dhl_cs_tpb_dokumen values (
                                        '2261315696', '2023-09-29', '1',
                                        '740',
                                        '2261315696', '2',
                                        '2023-09-29'
                                        )

[13:50:55] insert into dhl_cs_tpb_dokumen values (
                                        '2261315696', '2023-09-29', '1',
                                        '741',
                                        '58510004433', '3',
                                        '2023-09-30'
                                        )

[13:50:55] insert into dhl_cs_tpb_dokumen values (
                                        '2261315696', '2023-09-29', '1',
                                        '380', 
                                        '231039030', '1',
                                        ''
                                        )

[13:50:55] insert into dhl_cs_tpb_dokumen values (
                                        '2261315696', '2023-09-29', '1',
                                        '740',
                                        '2261315696', '2',
                                        '2023-09-29'
                                        )

[13:50:55] insert into dhl_cs_tpb_dokumen values (
                                        '2261315696', '2023-09-29', '1',
                                        '741',
                                        '58510004433', '3',
                                        '2023-10-01'
                                        )

[13:50:55] insert into dhl_cs_tpb_pengangkut values (
                                        '2261315696', '2023-09-29',
                                        'ID',
                                        'My Indo Airlines',
                                        '2Y-935',
                                        '4',
                                        '1'
                                        )

[14:13:10] Reload data DCI..
Clean duplicate AWB :
'2261315696'
[14:13:15] LOAD DATA BARANG '2261315696' : 5 Rows..
[14:13:16] LOAD DATA HEADER '2261315696' : 1 Rows..
[14:13:17] LOAD DATA TARIF '2261315696' : 5 Rows..
[14:13:17] LOAD DATA ENTITAS '2261315696' : 1 Rows..
[14:13:17] LOAD DATA KEMASAN '2261315696' : 1 Rows..
[14:13:34] LOAD DATA PENGANGKUT '2261315696' : 1 Rows..
[14:13:36] insert into dhl_cs_tpb_barang values (
                                        '2261315696',
                                        '2023-09-29',
                                        '1',
                                        '0.087000000000000',                                        
                                        '17.469',
                                        '268778.034000',
                                        '0',
                                        '13.600',
                                        '3.782',
                                        '0',
                                        '0',
                                        '13.600',
                                        '0',
                                        '1',
                                        '1700.00',
                                        '',
                                        '23',
                                        '11',
                                        'PK',
                                        'VN',
                                        '0',
                                        'PCE',
                                        '-',
                                        '15386.0000',
                                        '3.6306',
                                        '13.600',
                                        '0',
                                        '39199099',
                                        '1',
                                        '',
                                        '-',
                                        '',
                                        'STICKER GAP',
                                        '0',
                                        '0'
                                        )

[14:13:36] insert into dhl_cs_tpb_barang values (
                                        '2261315696',
                                        '2023-09-29',
                                        '2',
                                        '0.486000000000000',                                        
                                        '97.621',
                                        '1501996.706000',
                                        '0',
                                        '76.000',
                                        '21.135',
                                        '0',
                                        '0',
                                        '76.000',
                                        '0',
                                        '1',
                                        '9500.00',
                                        '',
                                        '23',
                                        '11',
                                        'PK',
                                        'VN',
                                        '0',
                                        'PCE',
                                        '-',
                                        '15386.0000',
                                        '3.6306',
                                        '76.000',
                                        '0',
                                        '48219090',
                                        '2',
                                        '',
                                        '-',
                                        '',
                                        'GAP ADULT / KIDS DIEMMSIZE STICKER',
                                        '0',
                                        '0'
                                        )

[14:13:36] insert into dhl_cs_tpb_barang values (
                                        '2261315696',
                                        '2023-09-29',
                                        '3',
                                        '0.131000000000000',                                        
                                        '26.306',
                                        '404744.116000',
                                        '0',
                                        '20.480',
                                        '5.695',
                                        '0',
                                        '0',
                                        '20.480',
                                        '0',
                                        '1',
                                        '1750.00',
                                        '',
                                        '23',
                                        '11',
                                        'PK',
                                        'VN',
                                        '0',
                                        'PCE',
                                        '-',
                                        '15386.0000',
                                        '3.6306',
                                        '20.480',
                                        '0',
                                        '48219090',
                                        '3',
                                        '',
                                        '-',
                                        '',
                                        'GAP  GENERIC SIZE STRIP STICKER',
                                        '0',
                                        '0'
                                        )

[14:13:36] insert into dhl_cs_tpb_barang values (
                                        '2261315696',
                                        '2023-09-29',
                                        '4',
                                        '0.610000000000000',                                        
                                        '122.489',
                                        '1884615.754000',
                                        '0',
                                        '95.360',
                                        '26.519',
                                        '0',
                                        '0',
                                        '95.360',
                                        '0',
                                        '1',
                                        '8150.00',
                                        '',
                                        '23',
                                        '11',
                                        'PK',
                                        'VN',
                                        '0',
                                        'PCE',
                                        '-',
                                        '15386.0000',
                                        '3.6306',
                                        '95.360',
                                        '0',
                                        '48219090',
                                        '4',
                                        '',
                                        '-',
                                        '',
                                        'GAP  GENERIC SIZE STRIP STICKER',
                                        '0',
                                        '0'
                                        )

[14:13:36] insert into dhl_cs_tpb_barang values (
                                        '2261315696',
                                        '2023-09-29',
                                        '5',
                                        '0.616000000000000',                                        
                                        '123.684',
                                        '1903002.024000',
                                        '0',
                                        '96.290',
                                        '26.778',
                                        '0',
                                        '0',
                                        '96.290',
                                        '0',
                                        '1',
                                        '3250.00',
                                        '',
                                        '23',
                                        '11',
                                        'PK',
                                        'VN',
                                        '0',
                                        'PCE',
                                        '-',
                                        '15386.0000',
                                        '3.6306',
                                        '96.290',
                                        '0',
                                        '39232990',
                                        '5',
                                        '',
                                        '-',
                                        '',
                                        'POLYBAG GAP',
                                        '0',
                                        '0'
                                        )

[14:13:36] insert into dhl_cs_tpb_header values (
                                        'SRG',
                                        '2261315696',
                                        '2023-09-29',
                                        'S',
                                        '1.93',
                                        '20.1700',
                                        '387.569',
                                        '301.73',
                                        '83.909',
                                        '0',
                                        'PPJK',
                                        '0',
                                        'LN',
                                        '23',
                                        'FOB',
                                        '061000',
                                        '060100',
                                        'IDSRG',
                                        'VNSGN',
                                        'SGSIN',
                                        'GDHL',
                                        '1',
                                        '11',
                                        'USD',
                                        'SEMARANG',
                                        'ZETRO TAMPUBOLON',
                                        '15386.0000',
                                        '18.153',
                                        '0018/KA-A5/111 TAHUN 2019',
                                        '301.7300',
                                        '00002303122520231003000054',                                      
                                        '001315',
                                        '0001',
                                        '0',
                                        '0711',
                                        '9/30/2023 12:00:00 AM',
                                        '9/30/2023 12:00:00 AM',
                                        '2023-10-11',
                                        '0',
                                        '0',
                                        '2',
                                        'farifin',
                                        '2023-10-11 14:13:16.947'
                                        )

[14:13:36] insert into dhl_cs_tpb_barang_tarif values (
                                        '2261315696',
                                        '2023-09-29',
                                        '1',
                                        '1700.00',
                                        '3',
                                        'PCE',
                                        'BM',
                                        '26878.0000',
                                        '0',
                                        '26878.0000',
                                        '1',
                                        '10',
                                        '100'                                        
                                        )

[14:13:36] insert into dhl_cs_tpb_barang_tarif values (
                                        '2261315696',
                                        '2023-09-29',
                                        '1',
                                        '1700.00',
                                        '3',
                                        'PCE',
                                        'PPH',
                                        '7391.4500',
                                        '0',
                                        '7391.4500',
                                        '1',
                                        '2.5',
                                        '100'                                        
                                        )

[14:13:36] insert into dhl_cs_tpb_barang_tarif values (
                                        '2261315696',
                                        '2023-09-29',
                                        '1',
                                        '1700.00',
                                        '3',
                                        'PCE',
                                        'PPN',
                                        '32522.3800',
                                        '0',
                                        '32522.3800',
                                        '1',
                                        '11',
                                        '100'                                        
                                        )

[14:13:36] insert into dhl_cs_tpb_barang_tarif values (
                                        '2261315696',
                                        '2023-09-29',
                                        '1',
                                        '3250.00',
                                        '3',
                                        'PCE',
                                        'BM',
                                        '190299.9000',
                                        '0',
                                        '190299.9000',
                                        '5',
                                        '10',
                                        '100'                                        
                                        )

[14:13:36] insert into dhl_cs_tpb_barang_tarif values (
                                        '2261315696',
                                        '2023-09-29',
                                        '1',
                                        '3250.00',
                                        '3',
                                        'PCE',
                                        'PPH',
                                        '52332.4725',
                                        '0',
                                        '52332.4725',
                                        '5',
                                        '2.5',
                                        '100'                                        
                                        )

[14:13:36] insert into dhl_cs_tpb_barang_tarif values (
                                        '2261315696',
                                        '2023-09-29',
                                        '1',
                                        '3250.00',
                                        '3',
                                        'PCE',
                                        'PPN',
                                        '230262.8790',
                                        '0',
                                        '230262.8790',
                                        '5',
                                        '11',
                                        '100'                                        
                                        )

[14:13:36] insert into dhl_cs_tpb_barang_tarif values (
                                        '2261315696',
                                        '2023-09-29',
                                        '1',
                                        '1750.00',
                                        '3',
                                        'PCE',
                                        'BM',
                                        '20237.5000',
                                        '0',
                                        '20237.5000',
                                        '3',
                                        '5',
                                        '100'                                        
                                        )

[14:13:36] insert into dhl_cs_tpb_barang_tarif values (
                                        '2261315696',
                                        '2023-09-29',
                                        '1',
                                        '1750.00',
                                        '3',
                                        'PCE',
                                        'PPH',
                                        '10624.6875',
                                        '0',
                                        '10624.6875',
                                        '3',
                                        '2.5',
                                        '100'                                        
                                        )

[14:13:36] insert into dhl_cs_tpb_barang_tarif values (
                                        '2261315696',
                                        '2023-09-29',
                                        '1',
                                        '1750.00',
                                        '3',
                                        'PCE',
                                        'PPN',
                                        '46748.6250',
                                        '0',
                                        '46748.6250',
                                        '3',
                                        '11',
                                        '100'                                        
                                        )

[14:13:36] insert into dhl_cs_tpb_barang_tarif values (
                                        '2261315696',
                                        '2023-09-29',
                                        '1',
                                        '8150.00',
                                        '3',
                                        'PCE',
                                        'BM',
                                        '94230.9500',
                                        '0',
                                        '94230.9500',
                                        '4',
                                        '5',
                                        '100'                                        
                                        )

[14:13:36] insert into dhl_cs_tpb_barang_tarif values (
                                        '2261315696',
                                        '2023-09-29',
                                        '1',
                                        '8150.00',
                                        '3',
                                        'PCE',
                                        'PPH',
                                        '49471.2488',
                                        '0',
                                        '49471.2488',
                                        '4',
                                        '2.5',
                                        '100'                                        
                                        )

[14:13:36] insert into dhl_cs_tpb_barang_tarif values (
                                        '2261315696',
                                        '2023-09-29',
                                        '1',
                                        '8150.00',
                                        '3',
                                        'PCE',
                                        'PPN',
                                        '217673.4945',
                                        '0',
                                        '217673.4945',
                                        '4',
                                        '11',
                                        '100'                                        
                                        )

[14:13:36] insert into dhl_cs_tpb_barang_tarif values (
                                        '2261315696',
                                        '2023-09-29',
                                        '1',
                                        '9500.00',
                                        '3',
                                        'PCE',
                                        'BM',
                                        '75100.2000',
                                        '0',
                                        '75100.2000',
                                        '2',
                                        '5',
                                        '100'                                        
                                        )

[14:13:36] insert into dhl_cs_tpb_barang_tarif values (
                                        '2261315696',
                                        '2023-09-29',
                                        '1',
                                        '9500.00',
                                        '3',
                                        'PCE',
                                        'PPH',
                                        '39427.6050',
                                        '0',
                                        '39427.6050',
                                        '2',
                                        '2.5',
                                        '100'                                        
                                        )

[14:13:36] insert into dhl_cs_tpb_barang_tarif values (
                                        '2261315696',
                                        '2023-09-29',
                                        '1',
                                        '9500.00',
                                        '3',
                                        'PCE',
                                        'PPN',
                                        '173481.4620',
                                        '0',
                                        '173481.4620',
                                        '2',
                                        '11',
                                        '100'                                        
                                        )

[14:13:36] insert into dhl_cs_tpb_entitas values (
                                        '2261315696',
                                        '2023-09-29',
                                        'JALAN RAYA MARGA AYU KM. 33,RT/RW 003/004, DESA MARGA AYU, KEC. MARGASARI,KAB. TEGAL JAWA TENGAH,52463',
                                        '3',
                                        '',
                                        '5',
                                        '',
                                        'PT WINNERS INTERNATIONAL...',
                                        '',
                                        '021929633057000',
                                        '160/WBC.10/2022',
                                        '',
                                        '1',
                                        '1900-01-01')

[14:13:36] insert into dhl_cs_tpb_entitas values (
                                        '2261315696',
                                        '2023-09-29',
                                        'NO 1-3 TIEN PHONG 5,MAPPLETREE,HOA PHU THU DAU MOT,BINH DUONG VIETNAM VIETNAM',
                                        '5',
                                        '',
                                        '',
                                        '',
                                        'R-PAC VIETNAM',
                                        '',
                                        '',
                                        '',
                                        'VN',
                                        '2',
                                        '')

[14:13:36] insert into dhl_cs_tpb_entitas values (
                                        '2261315696',
                                        '2023-09-29',
                                        'JALAN RAYA MARGA AYU KM. 33,RT/RW 003/004, DESA MARGA AYU, KEC. MARGASARI,KAB. TEGAL JAWA TENGAH,52463',
                                        '7',
                                        '7',
                                        '5',
                                        '5',
                                        'PT WINNERS INTERNATIONAL...',
                                        '',
                                        '021929633057000',
                                        '160/WBC.10/2022',
                                        '',
                                        '3',
                                        '1900-01-01')

[14:13:36] insert into dhl_cs_tpb_entitas values (
                                        '2261315696',
                                        '2023-09-29',
                                        'MULIA BUSINESS PARK BUILDING F JL. MT. HARYONO KAV 58-60, JAKARTA',
                                        '4',
                                        '',
                                        '5',
                                        '1',
                                        'PT. BIROTIKA SEMESTA',
                                        '',
                                        '013107743062000',
                                        '',
                                        '',
                                        '4',
                                        '')

[14:13:36] insert into dhl_cs_tpb_kemasan values (
                                        '2261315696',
                                        '2023-09-29',
                                        '6',
                                        'PK',
                                        '1',
                                        'DHL'
                                        )

[14:13:36] insert into dhl_cs_tpb_dokumen values (
                                        '2261315696', '2023-09-29', '1',
                                        '380', 
                                        '231039030', '1',
                                        ''
                                        )

[14:13:36] insert into dhl_cs_tpb_dokumen values (
                                        '2261315696', '2023-09-29', '1',
                                        '740',
                                        '2261315696', '2',
                                        '2023-09-29'
                                        )

[14:13:36] insert into dhl_cs_tpb_dokumen values (
                                        '2261315696', '2023-09-29', '1',
                                        '741',
                                        '58510004433', '3',
                                        '2023-09-30'
                                        )

[14:13:36] insert into dhl_cs_tpb_pengangkut values (
                                        '2261315696', '2023-09-29',
                                        'ID',
                                        'My Indo Airlines',
                                        '2Y-935',
                                        '4',
                                        '1'
                                        )

