[09:15:09] LOAD DATA BARANG '7355368344','9071867700','5396680144' : 1 Rows..
[09:15:10] LOAD DATA HEADER '7355368344','9071867700','5396680144' : 1 Rows..
[09:15:10] LOAD DATA BARANG '7355368344','9071867700','5396680144' : 2 Rows..
[09:15:12] LOAD DATA HEADER '7355368344','9071867700','5396680144' : 1 Rows..
[09:15:12] LOAD DATA BARANG '7355368344','9071867700','5396680144' : 1 Rows..
[09:15:13] LOAD DATA HEADER '7355368344','9071867700','5396680144' : 1 Rows..
[09:15:15] LOAD DATA TARIF '7355368344','9071867700','5396680144' : 4 Rows..
[09:15:15] LOAD DATA ENTITAS '7355368344','9071867700','5396680144' : 3 Rows..
[09:15:16] LOAD DATA KEMASAN '7355368344','9071867700','5396680144' : 3 Rows..
[09:15:16] Skip load data dokumen..[Early Draft TPB]
[09:15:16] LOAD DATA PENGANGKUT '7355368344','9071867700','5396680144' : 3 Rows..
[09:15:19] insert into dhl_cs_tpb_barang values (
                                        '7355368344',
                                        '2023-12-07',
                                        '1',
                                        '16.500000000000000',                                        
                                        '3316.740',
                                        '51323234.760000',
                                        '0',
                                        '3127.040',
                                        '173.200',
                                        '0',
                                        '0',
                                        '3127.040',
                                        '0',
                                        '20',
                                        '180400.00',
                                        '',
                                        '23',
                                        '11',
                                        'PK',
                                        'CN',
                                        '0',
                                        'PCE',
                                        '-',
                                        '15474.0000',
                                        '59.5620',
                                        '3127.040',
                                        '0',
                                        '49089000',
                                        '1',
                                        '',
                                        '-',
                                        '',
                                        'HEAT TRANSFER LABEL',
                                        '0',
                                        '0'
                                        )

[09:15:19] insert into dhl_cs_tpb_header values (
                                        'JKT',
                                        '7355368344',
                                        '2023-12-07',
                                        'S',
                                        '16.5',
                                        '66.1800',
                                        '3316.74',
                                        '3127.04',
                                        '173.2',
                                        '0',
                                        'PPJK',
                                        '0',
                                        'LN',
                                        '23',
                                        'FOB',
                                        '050600',
                                        '050100',
                                        'IDCGK',
                                        'HKHKG',
                                        'HKHKG',
                                        'GJDC',
                                        '1',
                                        '11',
                                        'USD',
                                        'JAKARTA',
                                        'BARTOLOMEUS EKO VATAR',
                                        '15474.0000',
                                        '59.562',
                                        '0018/KA-A5/111 TAHUN 2019',
                                        '3127.0400',
                                        '',                                      
                                        '046429',
                                        '0002',
                                        '0',
                                        '0038',
                                        '12/8/2023 12:00:00 AM',
                                        '12/8/2023 12:00:00 AM',
                                        '2023-12-08',
                                        '0',
                                        '0',
                                        '2',
                                        'farifin',
                                        '2023-12-08 09:15:10.588'
                                        )

[09:15:19] insert into dhl_cs_tpb_barang values (
                                        '9071867700',
                                        '2023-12-07',
                                        '1',
                                        '0.809000000000000',                                        
                                        '162.520',
                                        '2514834.480000',
                                        '0',
                                        '159.590',
                                        '2.121',
                                        '0',
                                        '0',
                                        '159.590',
                                        '0',
                                        '1',
                                        '1286.00',
                                        '',
                                        '23',
                                        '11',
                                        'PK',
                                        'TW',
                                        '0',
                                        'PCE',
                                        '-',
                                        '15474.0000',
                                        '3.9825',
                                        '159.590',
                                        '0',
                                        '49089000',
                                        '1',
                                        '',
                                        '-',
                                        '',
                                        'HEAT TRANSFER',
                                        '0',
                                        '0'
                                        )

[09:15:19] insert into dhl_cs_tpb_barang values (
                                        '9071867700',
                                        '2023-12-07',
                                        '2',
                                        '18.071000000000000',                                        
                                        '3632.160',
                                        '56204043.840000',
                                        '0',
                                        '3566.680',
                                        '47.409',
                                        '0',
                                        '0',
                                        '3566.680',
                                        '0',
                                        '0',
                                        '10481.00',
                                        '',
                                        '23',
                                        '11',
                                        'PK',
                                        'TW',
                                        '0',
                                        'PCE',
                                        '-',
                                        '15474.0000',
                                        '3.9825',
                                        '3566.680',
                                        '0',
                                        '49089000',
                                        '2',
                                        '',
                                        '-',
                                        '',
                                        'HEAT TRANSFER',
                                        '0',
                                        '0'
                                        )

[09:15:19] insert into dhl_cs_tpb_header values (
                                        'JKT',
                                        '9071867700',
                                        '2023-12-07',
                                        'S',
                                        '18.88',
                                        '8.8500',
                                        '3794.68',
                                        '3726.27',
                                        '49.53',
                                        '0',
                                        'PPJK',
                                        '0',
                                        'LN',
                                        '23',
                                        'FOB',
                                        '050600',
                                        '050100',
                                        'IDCGK',
                                        'TWTPE',
                                        'HKHKG',
                                        'GJDC',
                                        '1',
                                        '11',
                                        'USD',
                                        'JAKARTA',
                                        'BARTOLOMEUS EKO VATAR',
                                        '15474.0000',
                                        '7.965',
                                        '0018/KA-A5/111 TAHUN 2019',
                                        '3726.2700',
                                        '',                                      
                                        '046429',
                                        '0002',
                                        '0',
                                        '0021',
                                        '12/8/2023 12:00:00 AM',
                                        '12/8/2023 12:00:00 AM',
                                        '2023-12-08',
                                        '0',
                                        '0',
                                        '2',
                                        'farifin',
                                        '2023-12-08 09:15:12.149'
                                        )

[09:15:19] insert into dhl_cs_tpb_barang values (
                                        '5396680144',
                                        '2023-12-06',
                                        '1',
                                        '0.320000000000000',                                        
                                        '63.620',
                                        '984455.880000',
                                        '0',
                                        '28.940',
                                        '34.360',
                                        '0',
                                        '0',
                                        '28.940',
                                        '0',
                                        '5',
                                        '27.00',
                                        '',
                                        '23',
                                        '11',
                                        'PK',
                                        'TW',
                                        '0',
                                        'YRD',
                                        '-',
                                        '15474.0000',
                                        '5.5260',
                                        '28.940',
                                        '0',
                                        '60063290',
                                        '1',
                                        '',
                                        '-',
                                        '',
                                        'KNITTED FABRIC- 100% POLYESTER',
                                        '0',
                                        '0'
                                        )

[09:15:19] insert into dhl_cs_tpb_header values (
                                        'JKT',
                                        '5396680144',
                                        '2023-12-06',
                                        'S',
                                        '0.32',
                                        '6.1400',
                                        '63.62',
                                        '28.94',
                                        '34.36',
                                        '0',
                                        'PPJK',
                                        '0',
                                        'LN',
                                        '23',
                                        'FOB',
                                        '050600',
                                        '050100',
                                        'IDCGK',
                                        'TWTTT',
                                        'HKHKG',
                                        'GJDC',
                                        '1',
                                        '11',
                                        'USD',
                                        'JAKARTA',
                                        'BARTOLOMEUS EKO VATAR',
                                        '15474.0000',
                                        '5.526',
                                        '0018/KA-A5/111 TAHUN 2019',
                                        '28.9400',
                                        '',                                      
                                        '046429',
                                        '0003',
                                        '0',
                                        '0734',
                                        '12/8/2023 12:00:00 AM',
                                        '12/8/2023 12:00:00 AM',
                                        '2023-12-08',
                                        '0',
                                        '0',
                                        '2',
                                        'farifin',
                                        '2023-12-08 09:15:13.632'
                                        )

[09:15:19] insert into dhl_cs_tpb_barang_tarif values (
                                        '5396680144',
                                        '2023-12-06',
                                        '1',
                                        '27.00',
                                        '3',
                                        'YRD',
                                        'BM',
                                        '147668.4000',
                                        '0',
                                        '147668.4000',
                                        '1',
                                        '15',
                                        '100'                                        
                                        )

[09:15:19] insert into dhl_cs_tpb_barang_tarif values (
                                        '5396680144',
                                        '2023-12-06',
                                        '1',
                                        '27.00',
                                        '3',
                                        'YRD',
                                        'PPH',
                                        '28303.1100',
                                        '0',
                                        '28303.1100',
                                        '1',
                                        '2.5',
                                        '100'                                        
                                        )

[09:15:19] insert into dhl_cs_tpb_barang_tarif values (
                                        '5396680144',
                                        '2023-12-06',
                                        '1',
                                        '27.00',
                                        '3',
                                        'YRD',
                                        'PPN',
                                        '124533.6840',
                                        '0',
                                        '124533.6840',
                                        '1',
                                        '11',
                                        '100'                                        
                                        )

[09:15:19] insert into dhl_cs_tpb_barang_tarif values (
                                        '9071867700',
                                        '2023-12-07',
                                        '1',
                                        '10481.00',
                                        '3',
                                        'PCE',
                                        'BM',
                                        '2810202.3000',
                                        '0',
                                        '2810202.3000',
                                        '2',
                                        '5',
                                        '100'                                        
                                        )

[09:15:19] insert into dhl_cs_tpb_barang_tarif values (
                                        '9071867700',
                                        '2023-12-07',
                                        '1',
                                        '10481.00',
                                        '3',
                                        'PCE',
                                        'PPH',
                                        '1475356.2075',
                                        '0',
                                        '1475356.2075',
                                        '2',
                                        '2.5',
                                        '100'                                        
                                        )

[09:15:19] insert into dhl_cs_tpb_barang_tarif values (
                                        '9071867700',
                                        '2023-12-07',
                                        '1',
                                        '10481.00',
                                        '3',
                                        'PCE',
                                        'PPN',
                                        '6491567.3130',
                                        '0',
                                        '6491567.3130',
                                        '2',
                                        '11',
                                        '100'                                        
                                        )

[09:15:19] insert into dhl_cs_tpb_barang_tarif values (
                                        '9071867700',
                                        '2023-12-07',
                                        '1',
                                        '1286.00',
                                        '3',
                                        'PCE',
                                        'BM',
                                        '125741.6500',
                                        '0',
                                        '125741.6500',
                                        '1',
                                        '5',
                                        '100'                                        
                                        )

[09:15:19] insert into dhl_cs_tpb_barang_tarif values (
                                        '9071867700',
                                        '2023-12-07',
                                        '1',
                                        '1286.00',
                                        '3',
                                        'PCE',
                                        'PPH',
                                        '66014.3663',
                                        '0',
                                        '66014.3663',
                                        '1',
                                        '2.5',
                                        '100'                                        
                                        )

[09:15:19] insert into dhl_cs_tpb_barang_tarif values (
                                        '9071867700',
                                        '2023-12-07',
                                        '1',
                                        '1286.00',
                                        '3',
                                        'PCE',
                                        'PPN',
                                        '290463.2115',
                                        '0',
                                        '290463.2115',
                                        '1',
                                        '11',
                                        '100'                                        
                                        )

[09:15:19] insert into dhl_cs_tpb_barang_tarif values (
                                        '7355368344',
                                        '2023-12-07',
                                        '1',
                                        '180400.00',
                                        '3',
                                        'PCE',
                                        'BM',
                                        '2566161.7500',
                                        '0',
                                        '2566161.7500',
                                        '1',
                                        '5',
                                        '100'                                        
                                        )

[09:15:19] insert into dhl_cs_tpb_barang_tarif values (
                                        '7355368344',
                                        '2023-12-07',
                                        '1',
                                        '180400.00',
                                        '3',
                                        'PCE',
                                        'PPH',
                                        '1347234.9188',
                                        '0',
                                        '1347234.9188',
                                        '1',
                                        '2.5',
                                        '100'                                        
                                        )

[09:15:19] insert into dhl_cs_tpb_barang_tarif values (
                                        '7355368344',
                                        '2023-12-07',
                                        '1',
                                        '180400.00',
                                        '3',
                                        'PCE',
                                        'PPN',
                                        '5927833.6425',
                                        '0',
                                        '5927833.6425',
                                        '1',
                                        '11',
                                        '100'                                        
                                        )

[09:15:19] insert into dhl_cs_tpb_entitas values (
                                        '7355368344',
                                        '2023-12-07',
                                        'JL. RAYA LELES KM.13 KP TUTUGAN RT. 001 RW. 002  HARUMAN, LELES KAB. GARUT JAWA BARAT',
                                        '3',
                                        '',
                                        '5',
                                        '',
                                        'PT HOGA REKSA GARMENT',
                                        '8120216011583',
                                        '862587706443000',
                                        '302/WBC.09/2019',
                                        '',
                                        '1',
                                        '1900-01-01')

[09:15:19] insert into dhl_cs_tpb_entitas values (
                                        '7355368344',
                                        '2023-12-07',
                                        '19/F, WYLER CENTRE 2,192-200 TAI LIN PAI ROAD, KWAI CHUN,KWAI CHUNG HONG KONG',
                                        '5',
                                        '',
                                        '',
                                        '',
                                        'NEXGEN PACKAGING LTD',
                                        '',
                                        '',
                                        '',
                                        'HK',
                                        '2',
                                        '')

[09:15:19] insert into dhl_cs_tpb_entitas values (
                                        '7355368344',
                                        '2023-12-07',
                                        'JL. RAYA LELES KM.13 KP TUTUGAN RT. 001 RW. 002  HARUMAN, LELES KAB. GARUT JAWA BARAT',
                                        '7',
                                        '7',
                                        '5',
                                        '5',
                                        'PT HOGA REKSA GARMENT',
                                        '',
                                        '862587706443000',
                                        '302/WBC.09/2019',
                                        '',
                                        '3',
                                        '1900-01-01')

[09:15:19] insert into dhl_cs_tpb_entitas values (
                                        '7355368344',
                                        '2023-12-07',
                                        'MULIA BUSINESS PARK BUILDING F JL. MT. HARYONO KAV 58-60, JAKARTA',
                                        '4',
                                        '',
                                        '5',
                                        '1',
                                        'PT. BIROTIKA SEMESTA',
                                        '',
                                        '013107743062000',
                                        '',
                                        '',
                                        '4',
                                        '')

[09:15:19] insert into dhl_cs_tpb_entitas values (
                                        '9071867700',
                                        '2023-12-07',
                                        'JL. RAYA LELES KM.13 KP TUTUGAN RT. 001 RW. 002  HARUMAN, LELES KAB. GARUT JAWA BARAT',
                                        '3',
                                        '',
                                        '5',
                                        '',
                                        'PT HOGA REKSA GARMENT',
                                        '8120216011583',
                                        '862587706443000',
                                        '302/WBC.09/2019',
                                        '',
                                        '1',
                                        '1900-01-01')

[09:15:19] insert into dhl_cs_tpb_entitas values (
                                        '9071867700',
                                        '2023-12-07',
                                        'NO. 7, DINGAN RD., SU? AO TOWNSHIP,YILAN COUNTY 270008, TAIWAN AR YILAN COUNTY,SUAO TAIWAN TAIWAN',
                                        '5',
                                        '',
                                        '',
                                        '',
                                        'E.TEXTINT CORP.',
                                        '',
                                        '',
                                        '',
                                        'TW',
                                        '2',
                                        '')

[09:15:19] insert into dhl_cs_tpb_entitas values (
                                        '9071867700',
                                        '2023-12-07',
                                        'JL. RAYA LELES KM.13 KP TUTUGAN RT. 001 RW. 002  HARUMAN, LELES KAB. GARUT JAWA BARAT',
                                        '7',
                                        '7',
                                        '5',
                                        '5',
                                        'PT HOGA REKSA GARMENT',
                                        '',
                                        '862587706443000',
                                        '302/WBC.09/2019',
                                        '',
                                        '3',
                                        '1900-01-01')

[09:15:19] insert into dhl_cs_tpb_entitas values (
                                        '9071867700',
                                        '2023-12-07',
                                        'MULIA BUSINESS PARK BUILDING F JL. MT. HARYONO KAV 58-60, JAKARTA',
                                        '4',
                                        '',
                                        '5',
                                        '1',
                                        'PT. BIROTIKA SEMESTA',
                                        '',
                                        '013107743062000',
                                        '',
                                        '',
                                        '4',
                                        '')

[09:15:19] insert into dhl_cs_tpb_entitas values (
                                        '5396680144',
                                        '2023-12-06',
                                        'JL. RAYA LELES KM.13 KP TUTUGAN RT. 001 RW. 002  HARUMAN, LELES KAB. GARUT JAWA BARAT',
                                        '3',
                                        '',
                                        '5',
                                        '',
                                        'PT HOGA REKSA GARMENT',
                                        '8120216011583',
                                        '862587706443000',
                                        '302/WBC.09/2019',
                                        '',
                                        '1',
                                        '1900-01-01')

[09:15:19] insert into dhl_cs_tpb_entitas values (
                                        '5396680144',
                                        '2023-12-06',
                                        '12F.NO.156,SEC 1,ZHONGSHAN RD AP TAIPEI CITY 220,BANCHIAU TAIWAN TAIWAN',
                                        '5',
                                        '',
                                        '',
                                        '',
                                        'LITTLE KING GLOBAL CO., LTD.',
                                        '',
                                        '',
                                        '',
                                        'TW',
                                        '2',
                                        '')

[09:15:19] insert into dhl_cs_tpb_entitas values (
                                        '5396680144',
                                        '2023-12-06',
                                        'JL. RAYA LELES KM.13 KP TUTUGAN RT. 001 RW. 002  HARUMAN, LELES KAB. GARUT JAWA BARAT',
                                        '7',
                                        '7',
                                        '5',
                                        '5',
                                        'PT HOGA REKSA GARMENT',
                                        '',
                                        '862587706443000',
                                        '302/WBC.09/2019',
                                        '',
                                        '3',
                                        '1900-01-01')

[09:15:19] insert into dhl_cs_tpb_entitas values (
                                        '5396680144',
                                        '2023-12-06',
                                        'MULIA BUSINESS PARK BUILDING F JL. MT. HARYONO KAV 58-60, JAKARTA',
                                        '4',
                                        '',
                                        '5',
                                        '1',
                                        'PT. BIROTIKA SEMESTA',
                                        '',
                                        '013107743062000',
                                        '',
                                        '',
                                        '4',
                                        '')

[09:15:19] insert into dhl_cs_tpb_kemasan values (
                                        '7355368344',
                                        '2023-12-07',
                                        '20',
                                        'PK',
                                        '1',
                                        'DHL'
                                        )

[09:15:19] insert into dhl_cs_tpb_kemasan values (
                                        '9071867700',
                                        '2023-12-07',
                                        '1',
                                        'PK',
                                        '1',
                                        'DHL'
                                        )

[09:15:19] insert into dhl_cs_tpb_kemasan values (
                                        '5396680144',
                                        '2023-12-06',
                                        '5',
                                        'PK',
                                        '1',
                                        'DHL'
                                        )

[09:15:19] insert into dhl_cs_tpb_pengangkut values (
                                        '7355368344', '2023-12-07',
                                        'MY',
                                        'Raya Airways',
                                        'TH1021',
                                        '4',
                                        '1'
                                        )

[09:15:19] insert into dhl_cs_tpb_pengangkut values (
                                        '9071867700', '2023-12-07',
                                        'MY',
                                        'Raya Airways',
                                        'TH1021',
                                        '4',
                                        '1'
                                        )

[09:15:19] insert into dhl_cs_tpb_pengangkut values (
                                        '5396680144', '2023-12-06',
                                        'MY',
                                        'Raya Airways',
                                        'TH1021',
                                        '4',
                                        '1'
                                        )

[09:30:40] Reload data DCI..
Clean duplicate AWB :
'7355368344'
'9071867700'
'5396680144'
[09:30:43] LOAD DATA BARANG '7355368344','9071867700','5396680144' : 1 Rows..
[09:30:43] LOAD DATA HEADER '7355368344','9071867700','5396680144' : 1 Rows..
[09:30:44] LOAD DATA BARANG '7355368344','9071867700','5396680144' : 2 Rows..
[09:30:44] LOAD DATA HEADER '7355368344','9071867700','5396680144' : 1 Rows..
[09:30:45] LOAD DATA BARANG '7355368344','9071867700','5396680144' : 1 Rows..
[09:30:45] LOAD DATA HEADER '7355368344','9071867700','5396680144' : 1 Rows..
[09:30:47] LOAD DATA TARIF '7355368344','9071867700','5396680144' : 4 Rows..
[09:30:47] LOAD DATA ENTITAS '7355368344','9071867700','5396680144' : 3 Rows..
[09:30:48] LOAD DATA KEMASAN '7355368344','9071867700','5396680144' : 3 Rows..
[09:30:48] Skip load data dokumen..[Early Draft TPB]
[09:30:48] LOAD DATA PENGANGKUT '7355368344','9071867700','5396680144' : 3 Rows..
[09:30:50] insert into dhl_cs_tpb_barang values (
                                        '7355368344',
                                        '2023-12-07',
                                        '1',
                                        '16.500000000000000',                                        
                                        '3316.740',
                                        '51323234.760000',
                                        '0',
                                        '3127.040',
                                        '173.200',
                                        '0',
                                        '0',
                                        '3127.040',
                                        '0',
                                        '20',
                                        '180400.00',
                                        '',
                                        '23',
                                        '11',
                                        'PK',
                                        'CN',
                                        '0',
                                        'PCE',
                                        '-',
                                        '15474.0000',
                                        '59.5620',
                                        '3127.040',
                                        '0',
                                        '49089000',
                                        '1',
                                        '',
                                        '-',
                                        '',
                                        'HEAT TRANSFER LABEL',
                                        '0',
                                        '0'
                                        )

[09:30:50] insert into dhl_cs_tpb_header values (
                                        'JKT',
                                        '7355368344',
                                        '2023-12-07',
                                        'S',
                                        '16.5',
                                        '66.1800',
                                        '3316.74',
                                        '3127.04',
                                        '173.2',
                                        '0',
                                        'PPJK',
                                        '0',
                                        'LN',
                                        '23',
                                        'FOB',
                                        '050600',
                                        '050100',
                                        'IDCGK',
                                        'HKHKG',
                                        'HKHKG',
                                        'GJDC',
                                        '1',
                                        '11',
                                        'USD',
                                        'JAKARTA',
                                        'BARTOLOMEUS EKO VATAR',
                                        '15474.0000',
                                        '59.562',
                                        '0018/KA-A5/111 TAHUN 2019',
                                        '3127.0400',
                                        '',                                      
                                        '',
                                        '',
                                        '0',
                                        '',
                                        '1/1/1900 12:00:00 AM',
                                        '12/8/2023 12:00:00 AM',
                                        '2023-12-08',
                                        '0',
                                        '0',
                                        '2',
                                        'farifin',
                                        '2023-12-08 09:30:43.982'
                                        )

[09:30:50] insert into dhl_cs_tpb_barang values (
                                        '9071867700',
                                        '2023-12-07',
                                        '1',
                                        '0.809000000000000',                                        
                                        '162.520',
                                        '2514834.480000',
                                        '0',
                                        '159.590',
                                        '2.121',
                                        '0',
                                        '0',
                                        '159.590',
                                        '0',
                                        '1',
                                        '1286.00',
                                        '',
                                        '23',
                                        '11',
                                        'PK',
                                        'TW',
                                        '0',
                                        'PCE',
                                        '-',
                                        '15474.0000',
                                        '3.9825',
                                        '159.590',
                                        '0',
                                        '49089000',
                                        '1',
                                        '',
                                        '-',
                                        '',
                                        'HEAT TRANSFER',
                                        '0',
                                        '0'
                                        )

[09:30:50] insert into dhl_cs_tpb_barang values (
                                        '9071867700',
                                        '2023-12-07',
                                        '2',
                                        '18.071000000000000',                                        
                                        '3632.160',
                                        '56204043.840000',
                                        '0',
                                        '3566.680',
                                        '47.409',
                                        '0',
                                        '0',
                                        '3566.680',
                                        '0',
                                        '0',
                                        '10481.00',
                                        '',
                                        '23',
                                        '11',
                                        'PK',
                                        'TW',
                                        '0',
                                        'PCE',
                                        '-',
                                        '15474.0000',
                                        '3.9825',
                                        '3566.680',
                                        '0',
                                        '49089000',
                                        '2',
                                        '',
                                        '-',
                                        '',
                                        'HEAT TRANSFER',
                                        '0',
                                        '0'
                                        )

[09:30:50] insert into dhl_cs_tpb_header values (
                                        'JKT',
                                        '9071867700',
                                        '2023-12-07',
                                        'S',
                                        '18.88',
                                        '8.8500',
                                        '3794.68',
                                        '3726.27',
                                        '49.53',
                                        '0',
                                        'PPJK',
                                        '0',
                                        'LN',
                                        '23',
                                        'FOB',
                                        '050600',
                                        '050100',
                                        'IDCGK',
                                        'TWTPE',
                                        'HKHKG',
                                        'GJDC',
                                        '1',
                                        '11',
                                        'USD',
                                        'JAKARTA',
                                        'BARTOLOMEUS EKO VATAR',
                                        '15474.0000',
                                        '7.965',
                                        '0018/KA-A5/111 TAHUN 2019',
                                        '3726.2700',
                                        '',                                      
                                        '',
                                        '',
                                        '0',
                                        '',
                                        '1/1/1900 12:00:00 AM',
                                        '12/8/2023 12:00:00 AM',
                                        '2023-12-08',
                                        '0',
                                        '0',
                                        '2',
                                        'farifin',
                                        '2023-12-08 09:30:44.998'
                                        )

[09:30:50] insert into dhl_cs_tpb_barang values (
                                        '5396680144',
                                        '2023-12-06',
                                        '1',
                                        '0.320000000000000',                                        
                                        '63.620',
                                        '984455.880000',
                                        '0',
                                        '28.940',
                                        '34.360',
                                        '0',
                                        '0',
                                        '28.940',
                                        '0',
                                        '5',
                                        '27.00',
                                        '',
                                        '23',
                                        '11',
                                        'PK',
                                        'TW',
                                        '0',
                                        'YRD',
                                        '-',
                                        '15474.0000',
                                        '5.5260',
                                        '28.940',
                                        '0',
                                        '60063290',
                                        '1',
                                        '',
                                        '-',
                                        '',
                                        'KNITTED FABRIC- 100% POLYESTER',
                                        '0',
                                        '0'
                                        )

[09:30:50] insert into dhl_cs_tpb_header values (
                                        'JKT',
                                        '5396680144',
                                        '2023-12-06',
                                        'S',
                                        '0.32',
                                        '6.1400',
                                        '63.62',
                                        '28.94',
                                        '34.36',
                                        '0',
                                        'PPJK',
                                        '0',
                                        'LN',
                                        '23',
                                        'FOB',
                                        '050600',
                                        '050100',
                                        'IDCGK',
                                        'TWTTT',
                                        'HKHKG',
                                        'GJDC',
                                        '1',
                                        '11',
                                        'USD',
                                        'JAKARTA',
                                        'BARTOLOMEUS EKO VATAR',
                                        '15474.0000',
                                        '5.526',
                                        '0018/KA-A5/111 TAHUN 2019',
                                        '28.9400',
                                        '',                                      
                                        '',
                                        '',
                                        '0',
                                        '',
                                        '1/1/1900 12:00:00 AM',
                                        '12/8/2023 12:00:00 AM',
                                        '2023-12-08',
                                        '0',
                                        '0',
                                        '2',
                                        'farifin',
                                        '2023-12-08 09:30:45.850'
                                        )

[09:30:50] insert into dhl_cs_tpb_barang_tarif values (
                                        '5396680144',
                                        '2023-12-06',
                                        '1',
                                        '27.00',
                                        '3',
                                        'YRD',
                                        'BM',
                                        '147668.4000',
                                        '0',
                                        '147668.4000',
                                        '1',
                                        '15',
                                        '100'                                        
                                        )

[09:30:50] insert into dhl_cs_tpb_barang_tarif values (
                                        '5396680144',
                                        '2023-12-06',
                                        '1',
                                        '27.00',
                                        '3',
                                        'YRD',
                                        'PPH',
                                        '28303.1100',
                                        '0',
                                        '28303.1100',
                                        '1',
                                        '2.5',
                                        '100'                                        
                                        )

[09:30:50] insert into dhl_cs_tpb_barang_tarif values (
                                        '5396680144',
                                        '2023-12-06',
                                        '1',
                                        '27.00',
                                        '3',
                                        'YRD',
                                        'PPN',
                                        '124533.6840',
                                        '0',
                                        '124533.6840',
                                        '1',
                                        '11',
                                        '100'                                        
                                        )

[09:30:50] insert into dhl_cs_tpb_barang_tarif values (
                                        '9071867700',
                                        '2023-12-07',
                                        '1',
                                        '10481.00',
                                        '3',
                                        'PCE',
                                        'BM',
                                        '2810202.3000',
                                        '0',
                                        '2810202.3000',
                                        '2',
                                        '5',
                                        '100'                                        
                                        )

[09:30:50] insert into dhl_cs_tpb_barang_tarif values (
                                        '9071867700',
                                        '2023-12-07',
                                        '1',
                                        '10481.00',
                                        '3',
                                        'PCE',
                                        'PPH',
                                        '1475356.2075',
                                        '0',
                                        '1475356.2075',
                                        '2',
                                        '2.5',
                                        '100'                                        
                                        )

[09:30:50] insert into dhl_cs_tpb_barang_tarif values (
                                        '9071867700',
                                        '2023-12-07',
                                        '1',
                                        '10481.00',
                                        '3',
                                        'PCE',
                                        'PPN',
                                        '6491567.3130',
                                        '0',
                                        '6491567.3130',
                                        '2',
                                        '11',
                                        '100'                                        
                                        )

[09:30:50] insert into dhl_cs_tpb_barang_tarif values (
                                        '9071867700',
                                        '2023-12-07',
                                        '1',
                                        '1286.00',
                                        '3',
                                        'PCE',
                                        'BM',
                                        '125741.6500',
                                        '0',
                                        '125741.6500',
                                        '1',
                                        '5',
                                        '100'                                        
                                        )

[09:30:50] insert into dhl_cs_tpb_barang_tarif values (
                                        '9071867700',
                                        '2023-12-07',
                                        '1',
                                        '1286.00',
                                        '3',
                                        'PCE',
                                        'PPH',
                                        '66014.3663',
                                        '0',
                                        '66014.3663',
                                        '1',
                                        '2.5',
                                        '100'                                        
                                        )

[09:30:50] insert into dhl_cs_tpb_barang_tarif values (
                                        '9071867700',
                                        '2023-12-07',
                                        '1',
                                        '1286.00',
                                        '3',
                                        'PCE',
                                        'PPN',
                                        '290463.2115',
                                        '0',
                                        '290463.2115',
                                        '1',
                                        '11',
                                        '100'                                        
                                        )

[09:30:50] insert into dhl_cs_tpb_barang_tarif values (
                                        '7355368344',
                                        '2023-12-07',
                                        '1',
                                        '180400.00',
                                        '3',
                                        'PCE',
                                        'BM',
                                        '2566161.7500',
                                        '0',
                                        '2566161.7500',
                                        '1',
                                        '5',
                                        '100'                                        
                                        )

[09:30:50] insert into dhl_cs_tpb_barang_tarif values (
                                        '7355368344',
                                        '2023-12-07',
                                        '1',
                                        '180400.00',
                                        '3',
                                        'PCE',
                                        'PPH',
                                        '1347234.9188',
                                        '0',
                                        '1347234.9188',
                                        '1',
                                        '2.5',
                                        '100'                                        
                                        )

[09:30:50] insert into dhl_cs_tpb_barang_tarif values (
                                        '7355368344',
                                        '2023-12-07',
                                        '1',
                                        '180400.00',
                                        '3',
                                        'PCE',
                                        'PPN',
                                        '5927833.6425',
                                        '0',
                                        '5927833.6425',
                                        '1',
                                        '11',
                                        '100'                                        
                                        )

[09:30:50] insert into dhl_cs_tpb_entitas values (
                                        '7355368344',
                                        '2023-12-07',
                                        'JL. RAYA LELES KM.13 KP TUTUGAN RT. 001 RW. 002  HARUMAN, LELES KAB. GARUT JAWA BARAT',
                                        '3',
                                        '',
                                        '5',
                                        '',
                                        'PT HOGA REKSA GARMENT',
                                        '8120216011583',
                                        '862587706443000',
                                        '302/WBC.09/2019',
                                        '',
                                        '1',
                                        '1900-01-01')

[09:30:50] insert into dhl_cs_tpb_entitas values (
                                        '7355368344',
                                        '2023-12-07',
                                        '19/F, WYLER CENTRE 2,192-200 TAI LIN PAI ROAD, KWAI CHUN,KWAI CHUNG HONG KONG',
                                        '5',
                                        '',
                                        '',
                                        '',
                                        'NEXGEN PACKAGING LTD',
                                        '',
                                        '',
                                        '',
                                        'HK',
                                        '2',
                                        '')

[09:30:50] insert into dhl_cs_tpb_entitas values (
                                        '7355368344',
                                        '2023-12-07',
                                        'JL. RAYA LELES KM.13 KP TUTUGAN RT. 001 RW. 002  HARUMAN, LELES KAB. GARUT JAWA BARAT',
                                        '7',
                                        '7',
                                        '5',
                                        '5',
                                        'PT HOGA REKSA GARMENT',
                                        '',
                                        '862587706443000',
                                        '302/WBC.09/2019',
                                        '',
                                        '3',
                                        '1900-01-01')

[09:30:50] insert into dhl_cs_tpb_entitas values (
                                        '7355368344',
                                        '2023-12-07',
                                        'MULIA BUSINESS PARK BUILDING F JL. MT. HARYONO KAV 58-60, JAKARTA',
                                        '4',
                                        '',
                                        '5',
                                        '1',
                                        'PT. BIROTIKA SEMESTA',
                                        '',
                                        '013107743062000',
                                        '',
                                        '',
                                        '4',
                                        '')

[09:30:50] insert into dhl_cs_tpb_entitas values (
                                        '9071867700',
                                        '2023-12-07',
                                        'JL. RAYA LELES KM.13 KP TUTUGAN RT. 001 RW. 002  HARUMAN, LELES KAB. GARUT JAWA BARAT',
                                        '3',
                                        '',
                                        '5',
                                        '',
                                        'PT HOGA REKSA GARMENT',
                                        '8120216011583',
                                        '862587706443000',
                                        '302/WBC.09/2019',
                                        '',
                                        '1',
                                        '1900-01-01')

[09:30:50] insert into dhl_cs_tpb_entitas values (
                                        '9071867700',
                                        '2023-12-07',
                                        'NO. 7, DINGAN RD., SU? AO TOWNSHIP,YILAN COUNTY 270008, TAIWAN AR YILAN COUNTY,SUAO TAIWAN TAIWAN',
                                        '5',
                                        '',
                                        '',
                                        '',
                                        'E.TEXTINT CORP.',
                                        '',
                                        '',
                                        '',
                                        'TW',
                                        '2',
                                        '')

[09:30:50] insert into dhl_cs_tpb_entitas values (
                                        '9071867700',
                                        '2023-12-07',
                                        'JL. RAYA LELES KM.13 KP TUTUGAN RT. 001 RW. 002  HARUMAN, LELES KAB. GARUT JAWA BARAT',
                                        '7',
                                        '7',
                                        '5',
                                        '5',
                                        'PT HOGA REKSA GARMENT',
                                        '',
                                        '862587706443000',
                                        '302/WBC.09/2019',
                                        '',
                                        '3',
                                        '1900-01-01')

[09:30:50] insert into dhl_cs_tpb_entitas values (
                                        '9071867700',
                                        '2023-12-07',
                                        'MULIA BUSINESS PARK BUILDING F JL. MT. HARYONO KAV 58-60, JAKARTA',
                                        '4',
                                        '',
                                        '5',
                                        '1',
                                        'PT. BIROTIKA SEMESTA',
                                        '',
                                        '013107743062000',
                                        '',
                                        '',
                                        '4',
                                        '')

[09:30:50] insert into dhl_cs_tpb_entitas values (
                                        '5396680144',
                                        '2023-12-06',
                                        'JL. RAYA LELES KM.13 KP TUTUGAN RT. 001 RW. 002  HARUMAN, LELES KAB. GARUT JAWA BARAT',
                                        '3',
                                        '',
                                        '5',
                                        '',
                                        'PT HOGA REKSA GARMENT',
                                        '8120216011583',
                                        '862587706443000',
                                        '302/WBC.09/2019',
                                        '',
                                        '1',
                                        '1900-01-01')

[09:30:50] insert into dhl_cs_tpb_entitas values (
                                        '5396680144',
                                        '2023-12-06',
                                        '12F.NO.156,SEC 1,ZHONGSHAN RD AP TAIPEI CITY 220,BANCHIAU TAIWAN TAIWAN',
                                        '5',
                                        '',
                                        '',
                                        '',
                                        'LITTLE KING GLOBAL CO., LTD.',
                                        '',
                                        '',
                                        '',
                                        'TW',
                                        '2',
                                        '')

[09:30:50] insert into dhl_cs_tpb_entitas values (
                                        '5396680144',
                                        '2023-12-06',
                                        'JL. RAYA LELES KM.13 KP TUTUGAN RT. 001 RW. 002  HARUMAN, LELES KAB. GARUT JAWA BARAT',
                                        '7',
                                        '7',
                                        '5',
                                        '5',
                                        'PT HOGA REKSA GARMENT',
                                        '',
                                        '862587706443000',
                                        '302/WBC.09/2019',
                                        '',
                                        '3',
                                        '1900-01-01')

[09:30:50] insert into dhl_cs_tpb_entitas values (
                                        '5396680144',
                                        '2023-12-06',
                                        'MULIA BUSINESS PARK BUILDING F JL. MT. HARYONO KAV 58-60, JAKARTA',
                                        '4',
                                        '',
                                        '5',
                                        '1',
                                        'PT. BIROTIKA SEMESTA',
                                        '',
                                        '013107743062000',
                                        '',
                                        '',
                                        '4',
                                        '')

[09:30:50] insert into dhl_cs_tpb_kemasan values (
                                        '7355368344',
                                        '2023-12-07',
                                        '20',
                                        'PK',
                                        '1',
                                        'DHL'
                                        )

[09:30:50] insert into dhl_cs_tpb_kemasan values (
                                        '9071867700',
                                        '2023-12-07',
                                        '1',
                                        'PK',
                                        '1',
                                        'DHL'
                                        )

[09:30:50] insert into dhl_cs_tpb_kemasan values (
                                        '5396680144',
                                        '2023-12-06',
                                        '5',
                                        'PK',
                                        '1',
                                        'DHL'
                                        )

[09:30:50] insert into dhl_cs_tpb_pengangkut values (
                                        '7355368344', '2023-12-07',
                                        'MY',
                                        'Raya Airways',
                                        'TH1021',
                                        '4',
                                        '1'
                                        )

[09:30:50] insert into dhl_cs_tpb_pengangkut values (
                                        '9071867700', '2023-12-07',
                                        'MY',
                                        'Raya Airways',
                                        'TH1021',
                                        '4',
                                        '1'
                                        )

[09:30:50] insert into dhl_cs_tpb_pengangkut values (
                                        '5396680144', '2023-12-06',
                                        'MY',
                                        'Raya Airways',
                                        'TH1021',
                                        '4',
                                        '1'
                                        )

[09:36:56] row item excel ke-2, column ke-0
[09:36:56] row item excel ke-2, column ke-1
[09:36:56] row item excel ke-2, column ke-2
[09:36:56] row item excel ke-2, column ke-3
[09:36:56] row item excel ke-2, column ke-4
[09:36:56] row item excel ke-2, column ke-5
[09:36:56] row item excel ke-2, column ke-6
[09:36:56] row item excel ke-2, column ke-7
[09:36:56] row item excel ke-2, column ke-8
[09:36:56] row item excel ke-2, column ke-9
[09:36:56] row item excel ke-2, column ke-10
[09:36:56] row item excel ke-2, column ke-11
[09:36:56] row item excel ke-2, column ke-12
[09:36:56] row item excel ke-2, column ke-13
[09:36:56] row item excel ke-2, column ke-14
[09:36:56] row item excel ke-2, column ke-15
[09:36:56] row item excel ke-2, column ke-16
[09:36:56] row item excel ke-2, column ke-17
[09:36:56] row item excel ke-2, column ke-18
[09:36:56] row item excel ke-2, column ke-19
[09:36:56] row item excel ke-2, column ke-20
[09:36:56] row item excel ke-2, column ke-21
[09:36:56] row item excel ke-2, column ke-22
[09:36:56] row item excel ke-2, column ke-23
[09:36:56] row item excel ke-2, column ke-24
[09:36:56] row item excel ke-2, column ke-25
[09:36:56] row item excel ke-2, column ke-26
[09:36:56] row item excel ke-3, column ke-0
[09:36:56] row item excel ke-3, column ke-1
[09:36:56] row item excel ke-3, column ke-2
[09:36:56] row item excel ke-3, column ke-3
[09:36:56] row item excel ke-3, column ke-4
[09:36:56] row item excel ke-3, column ke-5
[09:36:56] row item excel ke-3, column ke-6
[09:36:56] row item excel ke-3, column ke-7
[09:36:56] row item excel ke-3, column ke-8
[09:36:56] row item excel ke-3, column ke-9
[09:36:56] row item excel ke-3, column ke-10
[09:36:56] row item excel ke-3, column ke-11
[09:36:56] row item excel ke-3, column ke-12
[09:36:56] row item excel ke-3, column ke-13
[09:36:56] row item excel ke-3, column ke-14
[09:36:56] row item excel ke-3, column ke-15
[09:36:56] row item excel ke-3, column ke-16
[09:36:56] row item excel ke-3, column ke-17
[09:36:56] row item excel ke-3, column ke-18
[09:36:56] row item excel ke-3, column ke-19
[09:36:56] row item excel ke-3, column ke-20
[09:36:56] row item excel ke-3, column ke-21
[09:36:56] row item excel ke-3, column ke-22
[09:36:56] row item excel ke-3, column ke-23
[09:36:56] row item excel ke-3, column ke-24
[09:36:56] row item excel ke-3, column ke-25
[09:36:56] row item excel ke-3, column ke-26
[09:36:56] row item excel ke-4, column ke-0
[09:36:56] row item excel ke-4, column ke-1
[09:36:56] row item excel ke-4, column ke-2
[09:36:56] row item excel ke-4, column ke-3
[09:36:56] row item excel ke-4, column ke-4
[09:36:56] row item excel ke-4, column ke-5
[09:36:56] row item excel ke-4, column ke-6
[09:36:56] row item excel ke-4, column ke-7
[09:36:56] row item excel ke-4, column ke-8
[09:36:56] row item excel ke-4, column ke-9
[09:36:56] row item excel ke-4, column ke-10
[09:36:56] row item excel ke-4, column ke-11
[09:36:56] row item excel ke-4, column ke-12
[09:36:56] row item excel ke-4, column ke-13
[09:36:56] row item excel ke-4, column ke-14
[09:36:56] row item excel ke-4, column ke-15
[09:36:56] row item excel ke-4, column ke-16
[09:36:56] row item excel ke-4, column ke-17
[09:36:56] row item excel ke-4, column ke-18
[09:36:56] row item excel ke-4, column ke-19
[09:36:56] row item excel ke-4, column ke-20
[09:36:56] row item excel ke-4, column ke-21
[09:36:56] row item excel ke-4, column ke-22
[09:36:56] row item excel ke-4, column ke-23
[09:36:56] row item excel ke-4, column ke-24
[09:36:56] row item excel ke-4, column ke-25
[09:36:56] row item excel ke-4, column ke-26
[09:36:56] row item excel ke-5, column ke-0
[09:36:56] row item excel ke-5, column ke-1
[09:36:56] row item excel ke-5, column ke-2
[09:36:56] row item excel ke-5, column ke-3
[09:36:56] row item excel ke-5, column ke-4
[09:36:56] row item excel ke-5, column ke-5
[09:36:56] row item excel ke-5, column ke-6
[09:36:56] row item excel ke-5, column ke-7
[09:36:56] row item excel ke-5, column ke-8
[09:36:56] row item excel ke-5, column ke-9
[09:36:56] row item excel ke-5, column ke-10
[09:36:56] row item excel ke-5, column ke-11
[09:36:56] row item excel ke-5, column ke-12
[09:36:56] row item excel ke-5, column ke-13
[09:36:56] row item excel ke-5, column ke-14
[09:36:56] row item excel ke-5, column ke-15
[09:36:56] row item excel ke-5, column ke-16
[09:36:56] row item excel ke-5, column ke-17
[09:36:56] row item excel ke-5, column ke-18
[09:36:56] row item excel ke-5, column ke-19
[09:36:56] row item excel ke-5, column ke-20
[09:36:56] row item excel ke-5, column ke-21
[09:36:56] row item excel ke-5, column ke-22
[09:36:56] row item excel ke-5, column ke-23
[09:36:56] row item excel ke-5, column ke-24
[09:36:56] row item excel ke-5, column ke-25
[09:36:56] row item excel ke-5, column ke-26
[09:36:56] row item excel ke-6, column ke-0
[09:36:56] row item excel ke-6, column ke-1
[09:36:56] row item excel ke-6, column ke-2
[09:36:56] row item excel ke-6, column ke-3
[09:36:56] row item excel ke-6, column ke-4
[09:36:56] row item excel ke-6, column ke-5
[09:36:56] row item excel ke-6, column ke-6
[09:36:56] row item excel ke-6, column ke-7
[09:36:56] row item excel ke-6, column ke-8
[09:36:56] row item excel ke-6, column ke-9
[09:36:56] row item excel ke-6, column ke-10
[09:36:56] row item excel ke-6, column ke-11
[09:36:56] row item excel ke-6, column ke-12
[09:36:56] row item excel ke-6, column ke-13
[09:36:56] row item excel ke-6, column ke-14
[09:36:56] row item excel ke-6, column ke-15
[09:36:56] row item excel ke-6, column ke-16
[09:36:56] row item excel ke-6, column ke-17
[09:36:56] row item excel ke-6, column ke-18
[09:36:56] row item excel ke-6, column ke-19
[09:36:56] row item excel ke-6, column ke-20
[09:36:56] row item excel ke-6, column ke-21
[09:36:56] row item excel ke-6, column ke-22
[09:36:56] row item excel ke-6, column ke-23
[09:36:56] row item excel ke-6, column ke-24
[09:36:56] row item excel ke-6, column ke-25
[09:36:56] row item excel ke-6, column ke-26
[09:41:26] Clean data dokumen HAWB : 5396680144 Complete.. [Complete Draft TPB]
[09:41:27] Complete data dokumen HAWB : 5396680144 Complete.. [Complete Draft TPB]
[09:41:29] Complete data header HAWB : 5396680144 Complete.. [Complete Draft TPB]
[09:41:29] Clean data dokumen HAWB : 9071867700 Complete.. [Complete Draft TPB]
[09:41:30] Complete data dokumen HAWB : 9071867700 Complete.. [Complete Draft TPB]
[09:41:31] Complete data header HAWB : 9071867700 Complete.. [Complete Draft TPB]
[09:41:31] Clean data dokumen HAWB : 7355368344 Complete.. [Complete Draft TPB]
[09:41:32] Complete data dokumen HAWB : 7355368344 Complete.. [Complete Draft TPB]
[09:41:34] Complete data header HAWB : 7355368344 Complete.. [Complete Draft TPB]
