[15:50:21] success update data entitas.. Updated By farifin
[15:50:21] update dhl_cs_tpb_entitas set
                                        nomorIdentitas = '016010043073000',
                                        namaEntitas = 'PT BUSANAREMAJA AGRACIPTA (BRA-1).',
                                        alamatEntitas = 'JL LINGKAR SELATAN DS.SINGOSAREN  KEC.BANGUNTAPAN',
                                        nomorIjinEntitas = '3540/KM.4/2017',
                                        tanggalIjinEntitas = '2023-12-12',
                                        nibEntitas = '8120106822685'
                                        where HAWB = '2592580362' and TGL_HAWB = '2023-12-06' and kodeEntitas in ('3','7') 
[15:50:21] ----------------------------------------------------
[15:54:25] success update data entitas.. Updated By farifin
[15:54:25] update dhl_cs_tpb_entitas set
                                        nomorIdentitas = '016010043073000',
                                        namaEntitas = 'PT BUSANAREMAJA AGRACIPTA (BRA-1).',
                                        alamatEntitas = 'JL LINGKAR SELATAN DS.SINGOSAREN  KEC.BANGUNTAPAN',
                                        nomorIjinEntitas = '3540/KM.4/2017',
                                        tanggalIjinEntitas = '2023-12-06',
                                        nibEntitas = '8120106822685'
                                        where HAWB = '2592580362' and TGL_HAWB = '2023-12-06' and kodeEntitas in ('3','7') 
[15:54:25] ----------------------------------------------------
