[09:10:16] LOAD DATA BARANG '8238379796' : 10 Rows..
[09:10:16] LOAD DATA HEADER '8238379796' : 1 Rows..
[09:10:17] LOAD DATA TARIF '8238379796' : 10 Rows..
[09:10:17] LOAD DATA ENTITAS '8238379796' : 1 Rows..
[09:10:17] LOAD DATA KEMASAN '8238379796' : 1 Rows..
[09:10:18] LOAD DATA PENGANGKUT '8238379796' : 1 Rows..
[09:10:21] insert into dhl_cs_tpb_barang values (
                                        '8238379796',
                                        '2023-11-16',
                                        '1',
                                        '0.666000000000000',                                        
                                        '10067.582',
                                        '157285833.586000',
                                        '0',
                                        '10000.000',
                                        '66.916',
                                        '0',
                                        '0',
                                        '10000.000',
                                        '0',
                                        '5',
                                        '10000.00',
                                        '',
                                        '23',
                                        '11',
                                        'PK',
                                        'JP',
                                        '0',
                                        'PCE',
                                        '-',
                                        '15623.0000',
                                        '10.7802',
                                        '10000.000',
                                        '0',
                                        '58071000',
                                        '1',
                                        '',
                                        '-',
                                        '',
                                        'Brand Label Parerumo (for 221702P/221706)',
                                        '0',
                                        '0'
                                        )

[09:10:21] insert into dhl_cs_tpb_barang values (
                                        '8238379796',
                                        '2023-11-16',
                                        '2',
                                        '1.211000000000000',                                        
                                        '18302.863',
                                        '285945644.272000',
                                        '0',
                                        '18180.000',
                                        '121.653',
                                        '0',
                                        '0',
                                        '18180.000',
                                        '0',
                                        '0',
                                        '9090.00',
                                        '',
                                        '23',
                                        '11',
                                        'PK',
                                        'JP',
                                        '0',
                                        'PCE',
                                        '-',
                                        '15623.0000',
                                        '10.7802',
                                        '18180.000',
                                        '0',
                                        '48211090',
                                        '2',
                                        '',
                                        '-',
                                        '',
                                        'Hang tag (for 221702P/221706/221700P)',
                                        '0',
                                        '0'
                                        )

[09:10:21] insert into dhl_cs_tpb_barang values (
                                        '8238379796',
                                        '2023-11-16',
                                        '3',
                                        '2.098000000000000',                                        
                                        '31712.882',
                                        '495450355.486000',
                                        '0',
                                        '31500.000',
                                        '210.784',
                                        '0',
                                        '0',
                                        '31500.000',
                                        '0',
                                        '0',
                                        '10500.00',
                                        '',
                                        '23',
                                        '11',
                                        'PK',
                                        'JP',
                                        '0',
                                        'PCE',
                                        '-',
                                        '15623.0000',
                                        '10.7802',
                                        '31500.000',
                                        '0',
                                        '42029990',
                                        '3',
                                        '',
                                        '-',
                                        '',
                                        'Bag Parerumo (for 22702P/221706/221700P)',
                                        '0',
                                        '0'
                                        )

[09:10:21] insert into dhl_cs_tpb_barang values (
                                        '8238379796',
                                        '2023-11-16',
                                        '4',
                                        '0.799000000000000',                                        
                                        '12081.098',
                                        '188742994.054000',
                                        '0',
                                        '12000.000',
                                        '80.299',
                                        '0',
                                        '0',
                                        '12000.000',
                                        '0',
                                        '0',
                                        '12000.00',
                                        '',
                                        '23',
                                        '11',
                                        'PK',
                                        'JP',
                                        '0',
                                        'PCE',
                                        '-',
                                        '15623.0000',
                                        '10.7802',
                                        '12000.000',
                                        '0',
                                        '58071000',
                                        '4',
                                        '',
                                        '-',
                                        '',
                                        'DEORON Woven Label (for 221702P/221706/21702N/AMW8113/AMW8123)',
                                        '0',
                                        '0'
                                        )

[09:10:21] insert into dhl_cs_tpb_barang values (
                                        '8238379796',
                                        '2023-11-16',
                                        '5',
                                        '1.465000000000000',                                        
                                        '22148.680',
                                        '346028812.017000',
                                        '0',
                                        '22000.000',
                                        '147.214',
                                        '0',
                                        '0',
                                        '22000.000',
                                        '0',
                                        '0',
                                        '11000.00',
                                        '',
                                        '23',
                                        '11',
                                        'PK',
                                        'JP',
                                        '0',
                                        'PCE',
                                        '-',
                                        '15623.0000',
                                        '10.7802',
                                        '22000.000',
                                        '0',
                                        '48219090',
                                        '5',
                                        '',
                                        '-',
                                        '',
                                        'DEORON Tag (for 221702P/221706/21702N/AMW8113/AMW8123)',
                                        '0',
                                        '0'
                                        )

[09:10:21] insert into dhl_cs_tpb_barang values (
                                        '8238379796',
                                        '2023-11-16',
                                        '6',
                                        '1.598000000000000',                                        
                                        '24162.196',
                                        '377485988.108000',
                                        '0',
                                        '24000.000',
                                        '160.598',
                                        '0',
                                        '0',
                                        '24000.000',
                                        '0',
                                        '0',
                                        '12000.00',
                                        '',
                                        '23',
                                        '11',
                                        'PK',
                                        'JP',
                                        '0',
                                        'PCE',
                                        '-',
                                        '15623.0000',
                                        '10.7802',
                                        '24000.000',
                                        '0',
                                        '48211090',
                                        '6',
                                        '',
                                        '-',
                                        '',
                                        'SAFE TECK Tag (for 221702P/221706/21702N/AMW8113/AMW8123)',
                                        '0',
                                        '0'
                                        )

[09:10:21] insert into dhl_cs_tpb_barang values (
                                        '8238379796',
                                        '2023-11-16',
                                        '7',
                                        '0.799000000000000',                                        
                                        '12081.098',
                                        '188742994.054000',
                                        '0',
                                        '12000.000',
                                        '80.299',
                                        '0',
                                        '0',
                                        '12000.000',
                                        '0',
                                        '0',
                                        '12000.00',
                                        '',
                                        '23',
                                        '11',
                                        'PK',
                                        'JP',
                                        '0',
                                        'PCE',
                                        '-',
                                        '15623.0000',
                                        '10.7802',
                                        '12000.000',
                                        '0',
                                        '58071000',
                                        '7',
                                        '',
                                        '-',
                                        '',
                                        'Name Label (for 221702P/221706/21702N/AMW8113/AMW8123)',
                                        '0',
                                        '0'
                                        )

[09:10:21] insert into dhl_cs_tpb_barang values (
                                        '8238379796',
                                        '2023-11-16',
                                        '8',
                                        '0.067000000000000',                                        
                                        '1006.758',
                                        '15728595.857000',
                                        '0',
                                        '1000.000',
                                        '6.692',
                                        '0',
                                        '0',
                                        '1000.000',
                                        '0',
                                        '0',
                                        '1000.00',
                                        '',
                                        '23',
                                        '11',
                                        'PK',
                                        'JP',
                                        '0',
                                        'PCE',
                                        '-',
                                        '15623.0000',
                                        '10.7802',
                                        '1000.000',
                                        '0',
                                        '58071000',
                                        '8',
                                        '',
                                        '-',
                                        '',
                                        'Brand Label NIKKO (for 21702N)',
                                        '0',
                                        '0'
                                        )

[09:10:21] insert into dhl_cs_tpb_barang values (
                                        '8238379796',
                                        '2023-11-16',
                                        '9',
                                        '0.200000000000000',                                        
                                        '3020.275',
                                        '47185756.325000',
                                        '0',
                                        '3000.000',
                                        '20.075',
                                        '0',
                                        '0',
                                        '3000.000',
                                        '0',
                                        '0',
                                        '1000.00',
                                        '',
                                        '23',
                                        '11',
                                        'PK',
                                        'JP',
                                        '0',
                                        'PCE',
                                        '-',
                                        '15623.0000',
                                        '10.7802',
                                        '3000.000',
                                        '0',
                                        '42029990',
                                        '9',
                                        '',
                                        '-',
                                        '',
                                        'Bag ANSERCH (for AMW8113/AMW8123)',
                                        '0',
                                        '0'
                                        )

[09:10:21] insert into dhl_cs_tpb_barang values (
                                        '8238379796',
                                        '2023-11-16',
                                        '10',
                                        '0.067000000000000',                                        
                                        '1006.758',
                                        '15728595.857000',
                                        '0',
                                        '1000.000',
                                        '6.692',
                                        '0',
                                        '0',
                                        '1000.000',
                                        '0',
                                        '0',
                                        '1000.00',
                                        '',
                                        '23',
                                        '11',
                                        'PK',
                                        'JP',
                                        '0',
                                        'PCE',
                                        '-',
                                        '15623.0000',
                                        '10.7802',
                                        '1000.000',
                                        '0',
                                        '58071000',
                                        '10',
                                        '',
                                        '-',
                                        '',
                                        'Brand Label ANSERCH (for AMW8113/AMW8123)',
                                        '0',
                                        '0'
                                        )

[09:10:21] insert into dhl_cs_tpb_header values (
                                        'JKT',
                                        '8238379796',
                                        '2023-11-16',
                                        'S',
                                        '8.97',
                                        '119.7800',
                                        '135590.19',
                                        '134680',
                                        '901.222',
                                        '0',
                                        'PPJK',
                                        '0',
                                        'LN',
                                        '23',
                                        'FOB',
                                        '050600',
                                        '050100',
                                        'IDCGK',
                                        'JPOSA',
                                        'HKHKG',
                                        'GJDC',
                                        '1',
                                        '11',
                                        'JPY',
                                        'JAKARTA',
                                        'BARTOLOMEUS EKO VATAR',
                                        '15623.0000',
                                        '107.802',
                                        '0018/KA-A5/111 TAHUN 2019',
                                        '134680.0000',
                                        '',                                      
                                        '043240',
                                        '0004',
                                        '0',
                                        '0466',
                                        '11/17/2023 12:00:00 AM',
                                        '11/17/2023 12:00:00 AM',
                                        '2023-11-17',
                                        '0',
                                        '0',
                                        '2',
                                        'farifin',
                                        '2023-11-17 09:10:16.635'
                                        )

[09:10:21] insert into dhl_cs_tpb_barang_tarif values (
                                        '8238379796',
                                        '2023-11-16',
                                        '1',
                                        '1000.00',
                                        '3',
                                        'PCE',
                                        'BM',
                                        '62555.6000',
                                        '0',
                                        '62555.6000',
                                        '9',
                                        '20',
                                        '100'                                        
                                        )

[09:10:21] insert into dhl_cs_tpb_barang_tarif values (
                                        '8238379796',
                                        '2023-11-16',
                                        '1',
                                        '1000.00',
                                        '3',
                                        'PCE',
                                        'PPH',
                                        '9383.3400',
                                        '0',
                                        '9383.3400',
                                        '9',
                                        '7.5',
                                        '100'                                        
                                        )

[09:10:21] insert into dhl_cs_tpb_barang_tarif values (
                                        '8238379796',
                                        '2023-11-16',
                                        '1',
                                        '1000.00',
                                        '3',
                                        'PCE',
                                        'PPN',
                                        '41286.6960',
                                        '0',
                                        '41286.6960',
                                        '9',
                                        '11',
                                        '100'                                        
                                        )

[09:10:21] insert into dhl_cs_tpb_barang_tarif values (
                                        '8238379796',
                                        '2023-11-16',
                                        '1',
                                        '10500.00',
                                        '3',
                                        'PCE',
                                        'BM',
                                        '656834.6000',
                                        '0',
                                        '656834.6000',
                                        '3',
                                        '20',
                                        '100'                                        
                                        )

[09:10:21] insert into dhl_cs_tpb_barang_tarif values (
                                        '8238379796',
                                        '2023-11-16',
                                        '1',
                                        '10500.00',
                                        '3',
                                        'PCE',
                                        'PPH',
                                        '98525.1900',
                                        '0',
                                        '98525.1900',
                                        '3',
                                        '7.5',
                                        '100'                                        
                                        )

[09:10:21] insert into dhl_cs_tpb_barang_tarif values (
                                        '8238379796',
                                        '2023-11-16',
                                        '1',
                                        '10500.00',
                                        '3',
                                        'PCE',
                                        'PPN',
                                        '433510.8360',
                                        '0',
                                        '433510.8360',
                                        '3',
                                        '11',
                                        '100'                                        
                                        )

[09:10:21] insert into dhl_cs_tpb_barang_tarif values (
                                        '8238379796',
                                        '2023-11-16',
                                        '1',
                                        '9090.00',
                                        '3',
                                        'PCE',
                                        'BM',
                                        '94771.8500',
                                        '0',
                                        '94771.8500',
                                        '2',
                                        '5',
                                        '100'                                        
                                        )

[09:10:21] insert into dhl_cs_tpb_barang_tarif values (
                                        '8238379796',
                                        '2023-11-16',
                                        '1',
                                        '9090.00',
                                        '3',
                                        'PCE',
                                        'PPH',
                                        '49755.2213',
                                        '0',
                                        '49755.2213',
                                        '2',
                                        '2.5',
                                        '100'                                        
                                        )

[09:10:21] insert into dhl_cs_tpb_barang_tarif values (
                                        '8238379796',
                                        '2023-11-16',
                                        '1',
                                        '9090.00',
                                        '3',
                                        'PCE',
                                        'PPN',
                                        '218922.9735',
                                        '0',
                                        '218922.9735',
                                        '2',
                                        '11',
                                        '100'                                        
                                        )

[09:10:21] insert into dhl_cs_tpb_barang_tarif values (
                                        '8238379796',
                                        '2023-11-16',
                                        '1',
                                        '12000.00',
                                        '3',
                                        'PCE',
                                        'BM',
                                        '125111.3500',
                                        '0',
                                        '125111.3500',
                                        '6',
                                        '5',
                                        '100'                                        
                                        )

[09:10:21] insert into dhl_cs_tpb_barang_tarif values (
                                        '8238379796',
                                        '2023-11-16',
                                        '1',
                                        '12000.00',
                                        '3',
                                        'PCE',
                                        'PPH',
                                        '65683.4588',
                                        '0',
                                        '65683.4588',
                                        '6',
                                        '2.5',
                                        '100'                                        
                                        )

[09:10:21] insert into dhl_cs_tpb_barang_tarif values (
                                        '8238379796',
                                        '2023-11-16',
                                        '1',
                                        '12000.00',
                                        '3',
                                        'PCE',
                                        'PPN',
                                        '289007.2185',
                                        '0',
                                        '289007.2185',
                                        '6',
                                        '11',
                                        '100'                                        
                                        )

[09:10:21] insert into dhl_cs_tpb_barang_tarif values (
                                        '8238379796',
                                        '2023-11-16',
                                        '1',
                                        '11000.00',
                                        '3',
                                        'PCE',
                                        'BM',
                                        '114685.4000',
                                        '0',
                                        '114685.4000',
                                        '5',
                                        '5',
                                        '100'                                        
                                        )

[09:10:21] insert into dhl_cs_tpb_barang_tarif values (
                                        '8238379796',
                                        '2023-11-16',
                                        '1',
                                        '11000.00',
                                        '3',
                                        'PCE',
                                        'PPH',
                                        '60209.8350',
                                        '0',
                                        '60209.8350',
                                        '5',
                                        '2.5',
                                        '100'                                        
                                        )

[09:10:21] insert into dhl_cs_tpb_barang_tarif values (
                                        '8238379796',
                                        '2023-11-16',
                                        '1',
                                        '11000.00',
                                        '3',
                                        'PCE',
                                        'PPN',
                                        '264923.2740',
                                        '0',
                                        '264923.2740',
                                        '5',
                                        '11',
                                        '100'                                        
                                        )

[09:10:21] insert into dhl_cs_tpb_barang_tarif values (
                                        '8238379796',
                                        '2023-11-16',
                                        '1',
                                        '1000.00',
                                        '3',
                                        'PCE',
                                        'BM',
                                        '10425.9000',
                                        '0',
                                        '10425.9000',
                                        '10',
                                        '10',
                                        '100'                                        
                                        )

[09:10:21] insert into dhl_cs_tpb_barang_tarif values (
                                        '8238379796',
                                        '2023-11-16',
                                        '1',
                                        '1000.00',
                                        '3',
                                        'PCE',
                                        'PPH',
                                        '2867.1225',
                                        '0',
                                        '2867.1225',
                                        '10',
                                        '2.5',
                                        '100'                                        
                                        )

[09:10:21] insert into dhl_cs_tpb_barang_tarif values (
                                        '8238379796',
                                        '2023-11-16',
                                        '1',
                                        '1000.00',
                                        '3',
                                        'PCE',
                                        'PPN',
                                        '12615.3390',
                                        '0',
                                        '12615.3390',
                                        '10',
                                        '11',
                                        '100'                                        
                                        )

[09:10:21] insert into dhl_cs_tpb_barang_tarif values (
                                        '8238379796',
                                        '2023-11-16',
                                        '1',
                                        '1000.00',
                                        '3',
                                        'PCE',
                                        'BM',
                                        '10425.9000',
                                        '0',
                                        '10425.9000',
                                        '8',
                                        '10',
                                        '100'                                        
                                        )

[09:10:21] insert into dhl_cs_tpb_barang_tarif values (
                                        '8238379796',
                                        '2023-11-16',
                                        '1',
                                        '1000.00',
                                        '3',
                                        'PCE',
                                        'PPH',
                                        '2867.1225',
                                        '0',
                                        '2867.1225',
                                        '8',
                                        '2.5',
                                        '100'                                        
                                        )

[09:10:21] insert into dhl_cs_tpb_barang_tarif values (
                                        '8238379796',
                                        '2023-11-16',
                                        '1',
                                        '1000.00',
                                        '3',
                                        'PCE',
                                        'PPN',
                                        '12615.3390',
                                        '0',
                                        '12615.3390',
                                        '8',
                                        '11',
                                        '100'                                        
                                        )

[09:10:21] insert into dhl_cs_tpb_barang_tarif values (
                                        '8238379796',
                                        '2023-11-16',
                                        '1',
                                        '10000.00',
                                        '3',
                                        'PCE',
                                        'BM',
                                        '104259.5000',
                                        '0',
                                        '104259.5000',
                                        '1',
                                        '10',
                                        '100'                                        
                                        )

[09:10:21] insert into dhl_cs_tpb_barang_tarif values (
                                        '8238379796',
                                        '2023-11-16',
                                        '1',
                                        '10000.00',
                                        '3',
                                        'PCE',
                                        'PPH',
                                        '28671.3625',
                                        '0',
                                        '28671.3625',
                                        '1',
                                        '2.5',
                                        '100'                                        
                                        )

[09:10:21] insert into dhl_cs_tpb_barang_tarif values (
                                        '8238379796',
                                        '2023-11-16',
                                        '1',
                                        '10000.00',
                                        '3',
                                        'PCE',
                                        'PPN',
                                        '126153.9950',
                                        '0',
                                        '126153.9950',
                                        '1',
                                        '11',
                                        '100'                                        
                                        )

[09:10:21] insert into dhl_cs_tpb_barang_tarif values (
                                        '8238379796',
                                        '2023-11-16',
                                        '1',
                                        '12000.00',
                                        '3',
                                        'PCE',
                                        'BM',
                                        '125111.4000',
                                        '0',
                                        '125111.4000',
                                        '4',
                                        '10',
                                        '100'                                        
                                        )

[09:10:21] insert into dhl_cs_tpb_barang_tarif values (
                                        '8238379796',
                                        '2023-11-16',
                                        '1',
                                        '12000.00',
                                        '3',
                                        'PCE',
                                        'PPH',
                                        '34405.6350',
                                        '0',
                                        '34405.6350',
                                        '4',
                                        '2.5',
                                        '100'                                        
                                        )

[09:10:21] insert into dhl_cs_tpb_barang_tarif values (
                                        '8238379796',
                                        '2023-11-16',
                                        '1',
                                        '12000.00',
                                        '3',
                                        'PCE',
                                        'PPN',
                                        '151384.7940',
                                        '0',
                                        '151384.7940',
                                        '4',
                                        '11',
                                        '100'                                        
                                        )

[09:10:21] insert into dhl_cs_tpb_barang_tarif values (
                                        '8238379796',
                                        '2023-11-16',
                                        '1',
                                        '12000.00',
                                        '3',
                                        'PCE',
                                        'BM',
                                        '125111.4000',
                                        '0',
                                        '125111.4000',
                                        '7',
                                        '10',
                                        '100'                                        
                                        )

[09:10:21] insert into dhl_cs_tpb_barang_tarif values (
                                        '8238379796',
                                        '2023-11-16',
                                        '1',
                                        '12000.00',
                                        '3',
                                        'PCE',
                                        'PPH',
                                        '34405.6350',
                                        '0',
                                        '34405.6350',
                                        '7',
                                        '2.5',
                                        '100'                                        
                                        )

[09:10:21] insert into dhl_cs_tpb_barang_tarif values (
                                        '8238379796',
                                        '2023-11-16',
                                        '1',
                                        '12000.00',
                                        '3',
                                        'PCE',
                                        'PPN',
                                        '151384.7940',
                                        '0',
                                        '151384.7940',
                                        '7',
                                        '11',
                                        '100'                                        
                                        )

[09:10:21] insert into dhl_cs_tpb_entitas values (
                                        '8238379796',
                                        '2023-11-16',
                                        'JL. RAYA LELES KM.13 KP TUTUGAN,RT. 001 RW. 002  HARUMAN, LELES KAB. GARUT,JAWA BARAT,KAB. GARUT JAWA BARAT,44152',
                                        '3',
                                        '',
                                        '5',
                                        '',
                                        'PT HOGA REKSA GARMENT',
                                        '8120216011583',
                                        '862587706443000',
                                        '302/WBC.09/2019',
                                        '',
                                        '1',
                                        '1900-01-01')

[09:10:21] insert into dhl_cs_tpb_entitas values (
                                        '8238379796',
                                        '2023-11-16',
                                        '5-7, HOMMACHI 2-CHOME,OSAKA,OSAKA SHI CHUO KU JAPAN JAPAN',
                                        '5',
                                        '',
                                        '',
                                        '',
                                        'UNITIKA TRADING CO.,LTD.',
                                        '',
                                        '',
                                        '',
                                        'JP',
                                        '2',
                                        '')

[09:10:21] insert into dhl_cs_tpb_entitas values (
                                        '8238379796',
                                        '2023-11-16',
                                        'JL. RAYA LELES KM.13 KP TUTUGAN,RT. 001 RW. 002  HARUMAN, LELES KAB. GARUT,JAWA BARAT,KAB. GARUT JAWA BARAT,44152',
                                        '7',
                                        '7',
                                        '5',
                                        '5',
                                        'PT HOGA REKSA GARMENT',
                                        '',
                                        '862587706443000',
                                        '302/WBC.09/2019',
                                        '',
                                        '3',
                                        '1900-01-01')

[09:10:21] insert into dhl_cs_tpb_entitas values (
                                        '8238379796',
                                        '2023-11-16',
                                        'MULIA BUSINESS PARK BUILDING F JL. MT. HARYONO KAV 58-60, JAKARTA',
                                        '4',
                                        '',
                                        '5',
                                        '1',
                                        'PT. BIROTIKA SEMESTA',
                                        '',
                                        '013107743062000',
                                        '',
                                        '',
                                        '4',
                                        '')

[09:10:21] insert into dhl_cs_tpb_kemasan values (
                                        '8238379796',
                                        '2023-11-16',
                                        '5',
                                        'PK',
                                        '1',
                                        'DHL'
                                        )

[09:10:21] insert into dhl_cs_tpb_dokumen values (
                                        '8238379796', '2023-11-16', '1',
                                        '380', 
                                        'NN', '1',
                                        '2023-11-16'
                                        )

[09:10:21] insert into dhl_cs_tpb_dokumen values (
                                        '8238379796', '2023-11-16', '1',
                                        '740',
                                        '8238379796', '2',
                                        '2023-11-16'
                                        )

[09:10:21] insert into dhl_cs_tpb_dokumen values (
                                        '8238379796', '2023-11-16', '1',
                                        '741',
                                        '53906343024', '3',
                                        '2023-11-17'
                                        )

[09:10:21] insert into dhl_cs_tpb_pengangkut values (
                                        '8238379796', '2023-11-16',
                                        'MY',
                                        'Raya Airways',
                                        'TH1021',
                                        '4',
                                        '1'
                                        )

