[15:19:59] row item excel ke-2, column ke-0
[15:19:59] row item excel ke-2, column ke-1
[15:19:59] row item excel ke-2, column ke-2
[15:19:59] row item excel ke-2, column ke-3
[15:19:59] row item excel ke-2, column ke-4
[15:19:59] row item excel ke-2, column ke-5
[15:19:59] row item excel ke-2, column ke-6
[15:19:59] row item excel ke-2, column ke-7
[15:19:59] row item excel ke-2, column ke-8
[15:19:59] row item excel ke-2, column ke-9
[15:19:59] row item excel ke-2, column ke-10
[15:19:59] row item excel ke-2, column ke-11
[15:19:59] row item excel ke-2, column ke-12
[15:19:59] row item excel ke-2, column ke-13
[15:19:59] row item excel ke-2, column ke-14
[15:19:59] row item excel ke-2, column ke-15
[15:19:59] row item excel ke-2, column ke-16
[15:19:59] row item excel ke-2, column ke-17
[15:19:59] row item excel ke-2, column ke-18
[15:19:59] row item excel ke-2, column ke-19
[15:19:59] row item excel ke-2, column ke-20
[15:19:59] row item excel ke-2, column ke-21
[15:19:59] row item excel ke-2, column ke-22
[15:19:59] row item excel ke-2, column ke-23
[15:19:59] row item excel ke-2, column ke-24
[15:19:59] row item excel ke-2, column ke-25
[15:19:59] row item excel ke-2, column ke-26
[15:19:59] row item excel ke-2, column ke-27
[15:19:59] row item excel ke-2, column ke-28
[15:19:59] row item excel ke-2, column ke-29
[15:19:59] row item excel ke-2, column ke-30
[15:19:59] row item excel ke-3, column ke-0
[15:19:59] row item excel ke-3, column ke-1
[15:19:59] row item excel ke-3, column ke-2
[15:19:59] row item excel ke-3, column ke-3
[15:19:59] row item excel ke-3, column ke-4
[15:19:59] row item excel ke-3, column ke-5
[15:19:59] row item excel ke-3, column ke-6
[15:19:59] row item excel ke-3, column ke-7
[15:19:59] row item excel ke-3, column ke-8
[15:19:59] row item excel ke-3, column ke-9
[15:19:59] row item excel ke-3, column ke-10
[15:19:59] row item excel ke-3, column ke-11
[15:19:59] row item excel ke-3, column ke-12
[15:19:59] row item excel ke-3, column ke-13
[15:19:59] row item excel ke-3, column ke-14
[15:19:59] row item excel ke-3, column ke-15
[15:19:59] row item excel ke-3, column ke-16
[15:19:59] row item excel ke-3, column ke-17
[15:19:59] row item excel ke-3, column ke-18
[15:19:59] row item excel ke-3, column ke-19
[15:19:59] row item excel ke-3, column ke-20
[15:19:59] row item excel ke-3, column ke-21
[15:19:59] row item excel ke-3, column ke-22
[15:19:59] row item excel ke-3, column ke-23
[15:19:59] row item excel ke-3, column ke-24
[15:19:59] row item excel ke-3, column ke-25
[15:19:59] row item excel ke-3, column ke-26
[15:19:59] row item excel ke-3, column ke-27
[15:19:59] row item excel ke-3, column ke-28
[15:19:59] row item excel ke-3, column ke-29
[15:19:59] row item excel ke-3, column ke-30
[15:20:26] 'ddlJasaKenaPajak' has a SelectedIndex which is invalid because it does not exist in the list of items.
Parameter name: value,    at System.Web.UI.WebControls.ListControl.set_SelectedIndex(Int32 value)
   at OfficialCeisaLite.Views.RequestTPB.InitDropdownJasaKenaPajak() in C:\Users\farifin\OneDrive - DPDHL\Documents\Projects\E-Ceisa\Views\RequestTPB.aspx.cs:line 227
[15:20:26] 'ddlJasaKenaPajak' has a SelectedIndex which is invalid because it does not exist in the list of items.
Parameter name: value
[15:20:29] 'ddlJasaKenaPajak' has a SelectedIndex which is invalid because it does not exist in the list of items.
Parameter name: value,    at System.Web.UI.WebControls.ListControl.set_SelectedIndex(Int32 value)
   at OfficialCeisaLite.Views.RequestTPB.InitDropdownJasaKenaPajak() in C:\Users\farifin\OneDrive - DPDHL\Documents\Projects\E-Ceisa\Views\RequestTPB.aspx.cs:line 227
[15:20:29] 'ddlJasaKenaPajak' has a SelectedIndex which is invalid because it does not exist in the list of items.
Parameter name: value
