[13:23:21] LOAD DATA BARANG '7851677282' : 3 Rows..
[13:23:26] LOAD DATA HEADER '7851677282' : 1 Rows..
[13:23:27] LOAD DATA TARIF '7851677282' : 3 Rows..
[13:23:27] LOAD DATA ENTITAS '7851677282' : 1 Rows..
[13:23:28] LOAD DATA KEMASAN '7851677282' : 1 Rows..
[13:23:28] LOAD DATA PENGANGKUT '7851677282' : 1 Rows..
[13:23:31] insert into dhl_cs_tpb_barang values (
                                        '7851677282',
                                        '2023-12-20',
                                        '1',
                                        '0.515000000000000',                                        
                                        '103.581',
                                        '1613170.494000',
                                        '0',
                                        '15.900',
                                        '87.166',
                                        '0',
                                        '0',
                                        '15.900',
                                        '0',
                                        '1',
                                        '15.00',
                                        '',
                                        '23',
                                        '11',
                                        'PK',
                                        'TW',
                                        '0',
                                        'YRD',
                                        '-',
                                        '15574.0000',
                                        '1.5000',
                                        '15.900',
                                        '0',
                                        '60069000',
                                        '1',
                                        '',
                                        '-',
                                        '',
                                        'TEXTILE',
                                        '0',
                                        '0'
                                        )

[13:23:31] insert into dhl_cs_tpb_barang values (
                                        '7851677282',
                                        '2023-12-20',
                                        '2',
                                        '0.032000000000000',                                        
                                        '6.515',
                                        '101449.036000',
                                        '0',
                                        '1.000',
                                        '5.482',
                                        '0',
                                        '0',
                                        '1.000',
                                        '0',
                                        '0',
                                        '10.00',
                                        '',
                                        '23',
                                        '11',
                                        'PK',
                                        'TW',
                                        '0',
                                        'YRD',
                                        '-',
                                        '15574.0000',
                                        '1.5000',
                                        '1.000',
                                        '0',
                                        '60069000',
                                        '2',
                                        '',
                                        '-',
                                        '',
                                        'TEXTILE',
                                        '0',
                                        '0'
                                        )

[13:23:31] insert into dhl_cs_tpb_barang values (
                                        '7851677282',
                                        '2023-12-20',
                                        '3',
                                        '0.032000000000000',                                        
                                        '6.515',
                                        '101449.036000',
                                        '0',
                                        '1.000',
                                        '5.482',
                                        '0',
                                        '0',
                                        '1.000',
                                        '0',
                                        '0',
                                        '10.00',
                                        '',
                                        '23',
                                        '11',
                                        'PK',
                                        'TW',
                                        '0',
                                        'YRD',
                                        '-',
                                        '15574.0000',
                                        '1.5000',
                                        '1.000',
                                        '0',
                                        '60069000',
                                        '3',
                                        '',
                                        '-',
                                        '',
                                        'TEXTILE',
                                        '0',
                                        '0'
                                        )

[13:23:31] insert into dhl_cs_tpb_header values (
                                        'JKT',
                                        '7851677282',
                                        '2023-12-20',
                                        'S',
                                        '0.579',
                                        '5.0000',
                                        '116.611',
                                        '17.9',
                                        '98.13',
                                        '0',
                                        'PPJK',
                                        '0',
                                        'LN',
                                        '23',
                                        'FOB',
                                        '150300',
                                        '050100',
                                        'IDCGK',
                                        'TWTXG',
                                        'HKHKG',
                                        'GJDC',
                                        '1',
                                        '11',
                                        'USD',
                                        'JAKARTA',
                                        'BARTOLOMEUS EKO VATAR',
                                        '15574.0000',
                                        '4.5',
                                        '0018/KA-A5/111 TAHUN 2019',
                                        '17.9000',
                                        '00002303006520231222002466',                                      
                                        '048665',
                                        '0004',
                                        '0',
                                        '0689',
                                        '12/22/2023 12:00:00 AM',
                                        '12/22/2023 12:00:00 AM',
                                        '2023-12-22',
                                        '0',
                                        '0',
                                        '2',
                                        'farifin',
                                        '2023-12-22 13:23:26.926'
                                        )

[13:23:31] insert into dhl_cs_tpb_barang_tarif values (
                                        '7851677282',
                                        '2023-12-20',
                                        '1',
                                        '15.00',
                                        '3',
                                        'YRD',
                                        'BM',
                                        '241975.8000',
                                        '0',
                                        '241975.8000',
                                        '1',
                                        '15',
                                        '100'                                        
                                        )

[13:23:31] insert into dhl_cs_tpb_barang_tarif values (
                                        '7851677282',
                                        '2023-12-20',
                                        '1',
                                        '15.00',
                                        '3',
                                        'YRD',
                                        'PPH',
                                        '46378.6950',
                                        '0',
                                        '46378.6950',
                                        '1',
                                        '2.5',
                                        '100'                                        
                                        )

[13:23:31] insert into dhl_cs_tpb_barang_tarif values (
                                        '7851677282',
                                        '2023-12-20',
                                        '1',
                                        '15.00',
                                        '3',
                                        'YRD',
                                        'PPN',
                                        '204066.2580',
                                        '0',
                                        '204066.2580',
                                        '1',
                                        '11',
                                        '100'                                        
                                        )

[13:23:31] insert into dhl_cs_tpb_barang_tarif values (
                                        '7851677282',
                                        '2023-12-20',
                                        '1',
                                        '10.00',
                                        '3',
                                        'YRD',
                                        'BM',
                                        '15218.5500',
                                        '0',
                                        '15218.5500',
                                        '2',
                                        '15',
                                        '100'                                        
                                        )

[13:23:31] insert into dhl_cs_tpb_barang_tarif values (
                                        '7851677282',
                                        '2023-12-20',
                                        '1',
                                        '10.00',
                                        '3',
                                        'YRD',
                                        'PPH',
                                        '2916.8888',
                                        '0',
                                        '2916.8888',
                                        '2',
                                        '2.5',
                                        '100'                                        
                                        )

[13:23:31] insert into dhl_cs_tpb_barang_tarif values (
                                        '7851677282',
                                        '2023-12-20',
                                        '1',
                                        '10.00',
                                        '3',
                                        'YRD',
                                        'PPN',
                                        '12834.3105',
                                        '0',
                                        '12834.3105',
                                        '2',
                                        '11',
                                        '100'                                        
                                        )

[13:23:31] insert into dhl_cs_tpb_barang_tarif values (
                                        '7851677282',
                                        '2023-12-20',
                                        '1',
                                        '10.00',
                                        '3',
                                        'YRD',
                                        'BM',
                                        '15218.5500',
                                        '0',
                                        '15218.5500',
                                        '3',
                                        '15',
                                        '100'                                        
                                        )

[13:23:31] insert into dhl_cs_tpb_barang_tarif values (
                                        '7851677282',
                                        '2023-12-20',
                                        '1',
                                        '10.00',
                                        '3',
                                        'YRD',
                                        'PPH',
                                        '2916.8888',
                                        '0',
                                        '2916.8888',
                                        '3',
                                        '2.5',
                                        '100'                                        
                                        )

[13:23:31] insert into dhl_cs_tpb_barang_tarif values (
                                        '7851677282',
                                        '2023-12-20',
                                        '1',
                                        '10.00',
                                        '3',
                                        'YRD',
                                        'PPN',
                                        '12834.3105',
                                        '0',
                                        '12834.3105',
                                        '3',
                                        '11',
                                        '100'                                        
                                        )

[13:23:31] insert into dhl_cs_tpb_entitas values (
                                        '7851677282',
                                        '2023-12-20',
                                        'JL RAYA SERANG KM 24, DESA BALARAJA, KEC. BALARAJA,',
                                        '3',
                                        '',
                                        '5',
                                        '',
                                        'PT ADIS DIMENSION FOOTWEAR',
                                        '8120113060796',
                                        '018827378057000',
                                        'KM-149/WBC.07/2023',
                                        '',
                                        '1',
                                        '1900-01-01')

[13:23:31] insert into dhl_cs_tpb_entitas values (
                                        '7851677282',
                                        '2023-12-20',
                                        'NO.103, SEC. 3, YAOFONG RD.,PUSIN TOWNSHIP, CHANGHUA COUNTY AC CHANGHUA,PUSHIN TAIWAN TAIWAN',
                                        '5',
                                        '',
                                        '',
                                        '',
                                        'JADE LONG JOHN ENTERPRISE CO., LTD.',
                                        '',
                                        '',
                                        '',
                                        'TW',
                                        '2',
                                        '')

[13:23:31] insert into dhl_cs_tpb_entitas values (
                                        '7851677282',
                                        '2023-12-20',
                                        'JL RAYA SERANG KM 24, DESA BALARAJA, KEC. BALARAJA,',
                                        '7',
                                        '7',
                                        '5',
                                        '5',
                                        'PT ADIS DIMENSION FOOTWEAR',
                                        '',
                                        '018827378057000',
                                        'KM-149/WBC.07/2023',
                                        '',
                                        '3',
                                        '1900-01-01')

[13:23:31] insert into dhl_cs_tpb_entitas values (
                                        '7851677282',
                                        '2023-12-20',
                                        'MULIA BUSINESS PARK BUILDING F JL. MT. HARYONO KAV 58-60, JAKARTA',
                                        '4',
                                        '',
                                        '5',
                                        '1',
                                        'PT. BIROTIKA SEMESTA',
                                        '',
                                        '013107743062000',
                                        '',
                                        '',
                                        '4',
                                        '')

[13:23:31] insert into dhl_cs_tpb_kemasan values (
                                        '7851677282',
                                        '2023-12-20',
                                        '1',
                                        'PK',
                                        '1',
                                        'DHL'
                                        )

[13:23:31] insert into dhl_cs_tpb_dokumen values (
                                        '7851677282', '2023-12-20', '1',
                                        '380', 
                                        '231220-ADIS-1', '1',
                                        '2023-12-20'
                                        )

[13:23:31] insert into dhl_cs_tpb_dokumen values (
                                        '7851677282', '2023-12-20', '1',
                                        '740',
                                        '7851677282', '2',
                                        '2023-12-20'
                                        )

[13:23:31] insert into dhl_cs_tpb_dokumen values (
                                        '7851677282', '2023-12-20', '1',
                                        '741',
                                        '53906376263', '3',
                                        '2023-12-22'
                                        )

[13:23:31] insert into dhl_cs_tpb_pengangkut values (
                                        '7851677282', '2023-12-20',
                                        'MY',
                                        'Raya Airways',
                                        'TH1021',
                                        '4',
                                        '1'
                                        )

[13:27:20] sequence gateway JKT updated from 789 to 790..
[13:27:21] {"asalData":"S","asuransi":0.58,"bruto":5.0,"cif":116.61,"fob":17.9,"freight":98.13,"hargaPenyerahan":0,"jabatanTtd":"PPJK","jumlahKontainer":0,"kodeAsuransi":"LN","kodeDokumen":"23","kodeIncoterm":"FOB","kodeKantor":"150300","kodeKantorBongkar":"050100","kodePelBongkar":"IDCGK","kodePelMuat":"TWTXG","kodePelTransit":"HKHKG","kodeTps":"GJDC","kodeTujuanTpb":"1","kodeTutupPu":"11","kodeValuta":"USD","kotaTtd":"JAKARTA","namaTtd":"BARTOLOMEUS EKO VATAR","ndpbm":15574.0,"netto":4.5,"nik":"0018/KA-A5/111 TAHUN 2019","nilaiBarang":17.9,"nomorAju":"00002303006520231222000788","nomorBc11":"048665","posBc11":"0004","seri":0,"subposBc11":"06890000","tanggalBc11":"2023-12-22","tanggalTiba":"2023-12-22","tanggalTtd":"2023-12-22","biayaTambahan":0,"biayaPengurang":0,"kodeKenaPajak":"1","barang":[{"idBarang":"1","asuransi":0.515,"cif":103.581,"diskon":0,"fob":15.9,"freight":87.166,"hargaEkspor":0,"hargaPenyerahan":0,"hargaSatuan":15.9,"isiPerKemasan":0,"jumlahKemasan":1,"jumlahSatuan":15.0,"kodeBarang":"-","kodeDokumen":"23","kodeKategoriBarang":"11","kodeJenisKemasan":"PK","kodeNegaraAsal":"TW","kodePerhitungan":"0","kodeSatuanBarang":"YRD","merk":"-","netto":1.5,"nilaiBarang":15.9,"nilaiTambah":0,"posTarif":"60069000","seriBarang":1,"spesifikasiLain":"","tipe":"-","ukuran":"","uraian":"TEXTILE","ndpbm":15574.0,"cifRupiah":1613170.494,"hargaPerolehan":0,"kodeAsalBahanBaku":"0","barangTarif":[{"kodeJenisTarif":"1","jumlahSatuan":15.0,"kodeFasilitasTarif":"3","kodeSatuanBarang":"YRD","kodeJenisPungutan":"BM","nilaiBayar":0.0,"nilaiFasilitas":242000.0,"nilaiSudahDilunasi":0.0,"seriBarang":1,"tarif":15.0,"tarifFasilitas":100},{"kodeJenisTarif":"1","jumlahSatuan":15.0,"kodeFasilitasTarif":"6","kodeSatuanBarang":"YRD","kodeJenisPungutan":"PPH","nilaiBayar":0.0,"nilaiFasilitas":46000.0,"nilaiSudahDilunasi":0.0,"seriBarang":1,"tarif":2.5,"tarifFasilitas":100},{"kodeJenisTarif":"1","jumlahSatuan":15.0,"kodeFasilitasTarif":"6","kodeSatuanBarang":"YRD","kodeJenisPungutan":"PPN","nilaiBayar":0.0,"nilaiFasilitas":204000.0,"nilaiSudahDilunasi":0.0,"seriBarang":1,"tarif":11.0,"tarifFasilitas":100}],"barangDokumen":[{"seriDokumen":"1"}]},{"idBarang":"2","asuransi":0.032,"cif":6.514,"diskon":0,"fob":1.0,"freight":5.482,"hargaEkspor":0,"hargaPenyerahan":0,"hargaSatuan":1.0,"isiPerKemasan":0,"jumlahKemasan":0,"jumlahSatuan":10.0,"kodeBarang":"-","kodeDokumen":"23","kodeKategoriBarang":"11","kodeJenisKemasan":"PK","kodeNegaraAsal":"TW","kodePerhitungan":"0","kodeSatuanBarang":"YRD","merk":"-","netto":1.5,"nilaiBarang":1.0,"nilaiTambah":0,"posTarif":"60069000","seriBarang":2,"spesifikasiLain":"","tipe":"-","ukuran":"","uraian":"TEXTILE","ndpbm":15574.0,"cifRupiah":101449.036,"hargaPerolehan":0,"kodeAsalBahanBaku":"0","barangTarif":[{"kodeJenisTarif":"1","jumlahSatuan":10.0,"kodeFasilitasTarif":"3","kodeSatuanBarang":"YRD","kodeJenisPungutan":"BM","nilaiBayar":0.0,"nilaiFasilitas":15000.0,"nilaiSudahDilunasi":0.0,"seriBarang":2,"tarif":15.0,"tarifFasilitas":100},{"kodeJenisTarif":"1","jumlahSatuan":10.0,"kodeFasilitasTarif":"6","kodeSatuanBarang":"YRD","kodeJenisPungutan":"PPH","nilaiBayar":0.0,"nilaiFasilitas":3000.0,"nilaiSudahDilunasi":0.0,"seriBarang":2,"tarif":2.5,"tarifFasilitas":100},{"kodeJenisTarif":"1","jumlahSatuan":10.0,"kodeFasilitasTarif":"6","kodeSatuanBarang":"YRD","kodeJenisPungutan":"PPN","nilaiBayar":0.0,"nilaiFasilitas":13000.0,"nilaiSudahDilunasi":0.0,"seriBarang":2,"tarif":11.0,"tarifFasilitas":100}],"barangDokumen":[{"seriDokumen":"1"}]},{"idBarang":"3","asuransi":0.032,"cif":6.514,"diskon":0,"fob":1.0,"freight":5.482,"hargaEkspor":0,"hargaPenyerahan":0,"hargaSatuan":1.0,"isiPerKemasan":0,"jumlahKemasan":0,"jumlahSatuan":10.0,"kodeBarang":"-","kodeDokumen":"23","kodeKategoriBarang":"11","kodeJenisKemasan":"PK","kodeNegaraAsal":"TW","kodePerhitungan":"0","kodeSatuanBarang":"YRD","merk":"-","netto":1.5,"nilaiBarang":1.0,"nilaiTambah":0,"posTarif":"60069000","seriBarang":3,"spesifikasiLain":"","tipe":"-","ukuran":"","uraian":"TEXTILE","ndpbm":15574.0,"cifRupiah":101449.036,"hargaPerolehan":0,"kodeAsalBahanBaku":"0","barangTarif":[{"kodeJenisTarif":"1","jumlahSatuan":10.0,"kodeFasilitasTarif":"3","kodeSatuanBarang":"YRD","kodeJenisPungutan":"BM","nilaiBayar":0.0,"nilaiFasilitas":15000.0,"nilaiSudahDilunasi":0.0,"seriBarang":3,"tarif":15.0,"tarifFasilitas":100},{"kodeJenisTarif":"1","jumlahSatuan":10.0,"kodeFasilitasTarif":"6","kodeSatuanBarang":"YRD","kodeJenisPungutan":"PPH","nilaiBayar":0.0,"nilaiFasilitas":3000.0,"nilaiSudahDilunasi":0.0,"seriBarang":3,"tarif":2.5,"tarifFasilitas":100},{"kodeJenisTarif":"1","jumlahSatuan":10.0,"kodeFasilitasTarif":"6","kodeSatuanBarang":"YRD","kodeJenisPungutan":"PPN","nilaiBayar":0.0,"nilaiFasilitas":13000.0,"nilaiSudahDilunasi":0.0,"seriBarang":3,"tarif":11.0,"tarifFasilitas":100}],"barangDokumen":[{"seriDokumen":"1"}]}],"entitas":[{"alamatEntitas":"JL RAYA SERANG KM 24, DESA BALARAJA, KEC. BALARAJA,","kodeEntitas":"3","kodeJenisIdentitas":"5","namaEntitas":"PT ADIS DIMENSION FOOTWEAR","nibEntitas":"8120113060796","nomorIdentitas":"018827378057000","tanggalIjinEntitas":"1900-01-01","nomorIjinEntitas":"KM-149/WBC.07/2023","seriEntitas":1},{"alamatEntitas":"NO.103, SEC. 3, YAOFONG RD.,PUSIN TOWNSHIP, CHANGHUA COUNTY AC CHANGHUA,PUSHIN TAIWAN TAIWAN","kodeEntitas":"5","kodeNegara":"TW","namaEntitas":"JADE LONG JOHN ENTERPRISE CO., LTD.","seriEntitas":2},{"alamatEntitas":"JL RAYA SERANG KM 24, DESA BALARAJA, KEC. BALARAJA,","kodeEntitas":"7","kodeJenisApi":"7","kodeJenisIdentitas":"5","kodeStatus":"5","namaEntitas":"PT ADIS DIMENSION FOOTWEAR","nomorIdentitas":"018827378057000","nomorIjinEntitas":"KM-149/WBC.07/2023","tanggalIjinEntitas":"1900-01-01","seriEntitas":3},{"alamatEntitas":"MULIA BUSINESS PARK BUILDING F JL. MT. HARYONO KAV 58-60, JAKARTA","kodeEntitas":"4","kodeJenisIdentitas":"5","kodeStatus":"1","namaEntitas":"PT. BIROTIKA SEMESTA","nomorIdentitas":"013107743062000","seriEntitas":4}],"kemasan":[{"jumlahKemasan":1,"kodeJenisKemasan":"PK","seriKemasan":1,"merkKemasan":"DHL"}],"dokumen":[{"idDokumen":"1","kodeDokumen":"380","nomorDokumen":"231220-ADIS-1","seriDokumen":1,"tanggalDokumen":"2023-12-20"},{"idDokumen":"1","kodeDokumen":"740","nomorDokumen":"7851677282","seriDokumen":2,"tanggalDokumen":"2023-12-20"},{"idDokumen":"1","kodeDokumen":"741","nomorDokumen":"53906376263","seriDokumen":3,"tanggalDokumen":"2023-12-22"}],"pengangkut":[{"kodeBendera":"MY","namaPengangkut":"Raya Airways","nomorPengangkut":"TH1021","kodeCaraAngkut":"4","seriPengangkut":1}]}
[13:27:22] Token Access: eyJhbGciOiJSUzI1NiIsInR5cCIgOiAiSldUIiwia2lkIiA6ICIzbXo1OTYwdE9MbkhhT0JLTHRQSG15N2VmT0plQVo5UmVZdkJMOGxVZDhFIn0.eyJleHAiOjE3MDMyMzcyMDgsImlhdCI6MTcwMzIyNjQwOCwianRpIjoiZjdmOGI3NzktZTcyZC00YTg0LWJmY2EtNzJjNTcxNDhmNzk4IiwiaXNzIjoiaHR0cHM6Ly9zc28tc3NvLXBvcnRhbC5hcHBzLnByb2RkYy5jdXN0b21zLmdvLmlkL2F1dGgvcmVhbG1zL3BvcnRhbF9oMmgiLCJzdWIiOiI5YjI4OWU0MS01OGM5LTRhNDUtYjdkMi1hZTI4OTEyZjY2NWUiLCJ0eXAiOiJCZWFyZXIiLCJhenAiOiJwb3J0YWxfaDJoX2NsaWVudCIsInNlc3Npb25fc3RhdGUiOiIwYTA2YmI3ZS0zYTE0LTQ5MGMtODI0OS0wODkzODYwYTY1MTkiLCJhY3IiOiIxIiwic2NvcGUiOiJvcGVuaWQgZW1haWwgcHJvZmlsZSIsInNpZCI6IjBhMDZiYjdlLTNhMTQtNDkwYy04MjQ5LTA4OTM4NjBhNjUxOSIsImVtYWlsX3ZlcmlmaWVkIjpmYWxzZSwibmFtZSI6IkFndXMgU2FlcHVkaW4iLCJpZGVudGl0YXMiOiIwMTMxMDc3NDMwNjIwMDAiLCJwcmVmZXJyZWRfdXNlcm5hbWUiOiJhc2FlcHVkaW4iLCJnaXZlbl9uYW1lIjoiQWd1cyBTYWVwdWRpbiIsImZhbWlseV9uYW1lIjoiIiwiZW1haWwiOiJhZ3VzLnNhZXB1ZGluQGRobC5jb20ifQ.nG1iu3Oa7kkTS1mcP-U825DTV2vVITRm7qnL3KkC9K6RuV9nSwSneeQGzXUoDQpgKBWjJYLLcdaqC8N07HNeFWbyUMx9RaU8yTSX3OoMHL9HxQgvu5J_032Tm8iVNVTWk5S-mKHlc2ec3MF8AtODQiBizW0l-G4GbqvzzBlpA-66ZOd4wM_Fm4eROPjOVwE3oIkv3y9KFrjBmy52yZH-JtpCzUmHJw6m2KSwcs8pTvGNuGA7flwAPfe803qn8HrMJyY-zDrhmiXSDFgQvMuWLx5u3HfmaOunGCWU3T39uehxmt1M1W1OF76RYQAqB8MkHq1r4wMcB06YuxQIpyI04Q
[13:27:22] Token ID: eyJhbGciOiJSUzI1NiIsInR5cCIgOiAiSldUIiwia2lkIiA6ICIzbXo1OTYwdE9MbkhhT0JLTHRQSG15N2VmT0plQVo5UmVZdkJMOGxVZDhFIn0.eyJleHAiOjE3MDMyMzcyMDgsImlhdCI6MTcwMzIyNjQwOCwiYXV0aF90aW1lIjowLCJqdGkiOiI1YWQwMzY1Yy00N2E2LTQwY2EtYTdlNy00MGFiMmIwNThkN2IiLCJpc3MiOiJodHRwczovL3Nzby1zc28tcG9ydGFsLmFwcHMucHJvZGRjLmN1c3RvbXMuZ28uaWQvYXV0aC9yZWFsbXMvcG9ydGFsX2gyaCIsImF1ZCI6InBvcnRhbF9oMmhfY2xpZW50Iiwic3ViIjoiOWIyODllNDEtNThjOS00YTQ1LWI3ZDItYWUyODkxMmY2NjVlIiwidHlwIjoiSUQiLCJhenAiOiJwb3J0YWxfaDJoX2NsaWVudCIsInNlc3Npb25fc3RhdGUiOiIwYTA2YmI3ZS0zYTE0LTQ5MGMtODI0OS0wODkzODYwYTY1MTkiLCJhdF9oYXNoIjoiSElHZzU4ckNTVFdvVG1oZ3prWkV2ZyIsImFjciI6IjEiLCJzaWQiOiIwYTA2YmI3ZS0zYTE0LTQ5MGMtODI0OS0wODkzODYwYTY1MTkiLCJlbWFpbF92ZXJpZmllZCI6ZmFsc2UsIm5hbWUiOiJBZ3VzIFNhZXB1ZGluIiwiaWRlbnRpdGFzIjoiMDEzMTA3NzQzMDYyMDAwIiwicHJlZmVycmVkX3VzZXJuYW1lIjoiYXNhZXB1ZGluIiwiZ2l2ZW5fbmFtZSI6IkFndXMgU2FlcHVkaW4iLCJmYW1pbHlfbmFtZSI6IiIsImVtYWlsIjoiYWd1cy5zYWVwdWRpbkBkaGwuY29tIn0.T9zLXs1Tt9A3_tv8ZS2ciFcElG1CufTV2gJ9UfzMsV2qvOEnub8y-I7GNu-YC-Y864QzWaWE7rJfo23a4h6tlGOoV-ilCPfX-5N_LF-6SLWh93KM4VHj8XabvmIHGCPJnzArjUc-n2c0iELdQFwZy3wCZABOBsj4oZ8r5OPxVPBf0jbQx3xS_N6p5joOb0V0C7radIgOCd1GYYzN4hajbp4FX4fcwhSsPw55ol3PMSdrBEoF8tsFqS9WMTPct6ek8lGMysfCiPNxpbtPOC2DN1rpFLg_p6KNJ0zzNxaoLXGDisgs4KiYM_OnCT5BpeyJ0gBJF8fN2feeiAtVChurXg
[13:27:26] response [kirim dokumen tpb - 00002303006520231222000788]
{"status":"OK","message":"Sukses, Data Berhasil Ditambahkan","idHeader":"85116315-460e-4699-ab9f-22ebc6a830b4"}
