[13:47:24] response kurs USD
{"status":"true","message":"success","data":[{"kodeValuta":"USD","nilaiKurs":"15386","tglAwalBerlaku":"2023-09-27","tglAkhirBerlaku":"2023-10-03","namaValuta":null,"gambar":null}]}
[13:47:42] response kurs USD
{"status":"true","message":"success","data":[{"kodeValuta":"USD","nilaiKurs":"15386","tglAwalBerlaku":"2023-09-27","tglAkhirBerlaku":"2023-10-03","namaValuta":null,"gambar":null}]}
[13:47:59] response kurs USD
{"status":"true","message":"success","data":[{"kodeValuta":"USD","nilaiKurs":"15386","tglAwalBerlaku":"2023-09-27","tglAkhirBerlaku":"2023-10-03","namaValuta":null,"gambar":null}]}
[13:48:19] response kurs USD
{"status":"true","message":"success","data":[{"kodeValuta":"USD","nilaiKurs":"15386","tglAwalBerlaku":"2023-09-27","tglAkhirBerlaku":"2023-10-03","namaValuta":null,"gambar":null}]}
[13:48:21] response kurs USD
{"status":"true","message":"success","data":[{"kodeValuta":"USD","nilaiKurs":"15386","tglAwalBerlaku":"2023-09-27","tglAkhirBerlaku":"2023-10-03","namaValuta":null,"gambar":null}]}
[13:48:21] response kurs USD
{"status":"true","message":"success","data":[{"kodeValuta":"USD","nilaiKurs":"15386","tglAwalBerlaku":"2023-09-27","tglAkhirBerlaku":"2023-10-03","namaValuta":null,"gambar":null}]}
[13:48:22] response kurs USD
{"status":"true","message":"success","data":[{"kodeValuta":"USD","nilaiKurs":"15386","tglAwalBerlaku":"2023-09-27","tglAkhirBerlaku":"2023-10-03","namaValuta":null,"gambar":null}]}
[13:48:23] response kurs USD
{"status":"true","message":"success","data":[{"kodeValuta":"USD","nilaiKurs":"15386","tglAwalBerlaku":"2023-09-27","tglAkhirBerlaku":"2023-10-03","namaValuta":null,"gambar":null}]}
[13:50:34] response kurs USD
{"status":"true","message":"success","data":[{"kodeValuta":"USD","nilaiKurs":"15386","tglAwalBerlaku":"2023-09-27","tglAkhirBerlaku":"2023-10-03","namaValuta":null,"gambar":null}]}
[13:50:50] response kurs USD
{"status":"true","message":"success","data":[{"kodeValuta":"USD","nilaiKurs":"15386","tglAwalBerlaku":"2023-09-27","tglAkhirBerlaku":"2023-10-03","namaValuta":null,"gambar":null}]}
[13:51:07] response kurs USD
{"status":"true","message":"success","data":[{"kodeValuta":"USD","nilaiKurs":"15386","tglAwalBerlaku":"2023-09-27","tglAkhirBerlaku":"2023-10-03","namaValuta":null,"gambar":null}]}
[13:51:18] response kurs USD
{"status":"true","message":"success","data":[{"kodeValuta":"USD","nilaiKurs":"15386","tglAwalBerlaku":"2023-09-27","tglAkhirBerlaku":"2023-10-03","namaValuta":null,"gambar":null}]}
[13:51:18] response kurs USD
{"status":"true","message":"success","data":[{"kodeValuta":"USD","nilaiKurs":"15386","tglAwalBerlaku":"2023-09-27","tglAkhirBerlaku":"2023-10-03","namaValuta":null,"gambar":null}]}
[13:51:19] response kurs USD
{"status":"true","message":"success","data":[{"kodeValuta":"USD","nilaiKurs":"15386","tglAwalBerlaku":"2023-09-27","tglAkhirBerlaku":"2023-10-03","namaValuta":null,"gambar":null}]}
[13:51:19] response kurs USD
{"status":"true","message":"success","data":[{"kodeValuta":"USD","nilaiKurs":"15386","tglAwalBerlaku":"2023-09-27","tglAkhirBerlaku":"2023-10-03","namaValuta":null,"gambar":null}]}
[13:51:20] response kurs USD
{"status":"true","message":"success","data":[{"kodeValuta":"USD","nilaiKurs":"15386","tglAwalBerlaku":"2023-09-27","tglAkhirBerlaku":"2023-10-03","namaValuta":null,"gambar":null}]}
[14:21:44] response kurs USD
{"status":"true","message":"success","data":[{"kodeValuta":"USD","nilaiKurs":"15386","tglAwalBerlaku":"2023-09-27","tglAkhirBerlaku":"2023-10-03","namaValuta":null,"gambar":null}]}
[14:22:02] response kurs USD
{"status":"true","message":"success","data":[{"kodeValuta":"USD","nilaiKurs":"15386","tglAwalBerlaku":"2023-09-27","tglAkhirBerlaku":"2023-10-03","namaValuta":null,"gambar":null}]}
[14:22:39] response kurs USD
{"status":"true","message":"success","data":[{"kodeValuta":"USD","nilaiKurs":"15386","tglAwalBerlaku":"2023-09-27","tglAkhirBerlaku":"2023-10-03","namaValuta":null,"gambar":null}]}
[14:22:59] response kurs USD
{"status":"true","message":"success","data":[{"kodeValuta":"USD","nilaiKurs":"15386","tglAwalBerlaku":"2023-09-27","tglAkhirBerlaku":"2023-10-03","namaValuta":null,"gambar":null}]}
[14:28:03] Reload data DCI..
Clean duplicate AWB :
'3395256104'
[14:28:07] response kurs USD
{"Exception":"Request cannot be executed; I/O reactor status: STOPPED"}
[14:28:07] response kurs USD
{"Exception":"Request cannot be executed; I/O reactor status: STOPPED"}
[14:28:08] response kurs USD
{"Exception":"Request cannot be executed; I/O reactor status: STOPPED"}
[14:28:08] response kurs USD
{"Exception":"Request cannot be executed; I/O reactor status: STOPPED"}
[14:28:19] Reload data DCI..
Clean duplicate AWB :
'3395256104'
[14:28:21] response kurs USD
{"Exception":"Request cannot be executed; I/O reactor status: STOPPED"}
[14:28:21] response kurs USD
{"Exception":"Request cannot be executed; I/O reactor status: STOPPED"}
[14:28:21] response kurs USD
{"Exception":"Request cannot be executed; I/O reactor status: STOPPED"}
[14:28:22] response kurs USD
{"Exception":"Request cannot be executed; I/O reactor status: STOPPED"}
[14:28:28] Reload data DCI..
Clean duplicate AWB :
'3395256104'
[14:28:34] response kurs USD
{"Exception":"Request cannot be executed; I/O reactor status: STOPPED"}
[14:28:34] response kurs USD
{"Exception":"Request cannot be executed; I/O reactor status: STOPPED"}
[14:28:34] response kurs USD
{"Exception":"Request cannot be executed; I/O reactor status: STOPPED"}
[14:28:34] response kurs USD
{"Exception":"Request cannot be executed; I/O reactor status: STOPPED"}
[14:36:05] Reload data DCI..
Clean duplicate AWB :
'3395256104'
[14:36:10] response kurs USD
{"status":"true","message":"success","data":[{"kodeValuta":"USD","nilaiKurs":"15386","tglAwalBerlaku":"2023-09-27","tglAkhirBerlaku":"2023-10-03","namaValuta":null,"gambar":null}]}
[14:36:10] response kurs USD
{"status":"true","message":"success","data":[{"kodeValuta":"USD","nilaiKurs":"15386","tglAwalBerlaku":"2023-09-27","tglAkhirBerlaku":"2023-10-03","namaValuta":null,"gambar":null}]}
[14:36:11] response kurs USD
{"status":"true","message":"success","data":[{"kodeValuta":"USD","nilaiKurs":"15386","tglAwalBerlaku":"2023-09-27","tglAkhirBerlaku":"2023-10-03","namaValuta":null,"gambar":null}]}
[14:36:11] response kurs USD
{"status":"true","message":"success","data":[{"kodeValuta":"USD","nilaiKurs":"15386","tglAwalBerlaku":"2023-09-27","tglAkhirBerlaku":"2023-10-03","namaValuta":null,"gambar":null}]}

[14:40:00] Reload data DCI..
Clean duplicate AWB :
'3395256104'
[14:40:04] response kurs USD
{"Exception":"Request cannot be executed; I/O reactor status: STOPPED"}
[14:40:04] response kurs USD
{"Exception":"Request cannot be executed; I/O reactor status: STOPPED"}
[14:40:04] response kurs USD
{"Exception":"Request cannot be executed; I/O reactor status: STOPPED"}
[14:40:04] response kurs USD
{"Exception":"Request cannot be executed; I/O reactor status: STOPPED"}
[14:40:11] insert into dhl_cs_tpb_barang values (
                                        '3395256104',
                                        '2023-08-09',
                                        '1',
                                        '0.04',                                        
                                        '7.91',
                                        '121749.418000',
                                        '0',
                                        '3.000',
                                        '4.87',
                                        '0',
                                        '0',
                                        '3.000',
                                        '0',
                                        '1',
                                        '1.00',
                                        '',
                                        '23',
                                        '11',
                                        'PK',
                                        'ID',
                                        '0',
                                        'PCE',
                                        '-',
                                        '15386.0000',
                                        '0.7650',
                                        '3.000',
                                        '0',
                                        '13021990',
                                        '1',
                                        '',
                                        '-',
                                        '',
                                        '24FW CV-LAB AS RS BLANKET OX/JAL (CT24FW302) GRAY',
                                        '0',
                                        '0'
                                        )

[14:40:11] insert into dhl_cs_tpb_barang values (
                                        '3395256104',
                                        '2023-08-09',
                                        '2',
                                        '0.08',                                        
                                        '15.83',
                                        '243498.836000',
                                        '0',
                                        '6.000',
                                        '9.75',
                                        '0',
                                        '0',
                                        '6.000',
                                        '0',
                                        '1',
                                        '2.00',
                                        '',
                                        '23',
                                        '11',
                                        'PK',
                                        'ID',
                                        '0',
                                        'PCE',
                                        '-',
                                        '15386.0000',
                                        '0.7650',
                                        '6.000',
                                        '0',
                                        '63079090',
                                        '2',
                                        '',
                                        '-',
                                        '',
                                        '24FW CV-LAB AS RS BLANKET OX/JAL (CT24FW3002) BLACK',
                                        '0',
                                        '0'
                                        )

[14:40:11] insert into dhl_cs_tpb_barang values (
                                        '3395256104',
                                        '2023-08-09',
                                        '3',
                                        '0.04',                                        
                                        '7.91',
                                        '121749.418000',
                                        '0',
                                        '3.000',
                                        '4.87',
                                        '0',
                                        '0',
                                        '3.000',
                                        '0',
                                        '1',
                                        '3.00',
                                        '',
                                        '23',
                                        '11',
                                        'PK',
                                        'JP',
                                        '0',
                                        'PCE',
                                        '-',
                                        '15386.0000',
                                        '0.7650',
                                        '3.000',
                                        '0',
                                        '49019990',
                                        '3',
                                        '',
                                        '-',
                                        '',
                                        'MATERIAL RESEARCH REQUEST SHEETS FOR 24FW 1ST KID`S RS SPLATOON (CD24FW1013)',
                                        '0',
                                        '0'
                                        )

[14:40:11] insert into dhl_cs_tpb_barang values (
                                        '3395256104',
                                        '2023-08-09',
                                        '4',
                                        '0.12',                                        
                                        '23.74',
                                        '365248.254000',
                                        '0',
                                        '9.000',
                                        '14.62',
                                        '0',
                                        '0',
                                        '9.000',
                                        '0',
                                        '1',
                                        '3.00',
                                        '',
                                        '23',
                                        '11',
                                        'PK',
                                        'CN',
                                        '0',
                                        'PCE',
                                        '-',
                                        '15386.0000',
                                        '0.7650',
                                        '9.000',
                                        '0',
                                        '49019990',
                                        '4',
                                        '',
                                        '-',
                                        '',
                                        'CONFIRMED SIGNED 24SII N TEAM SK HI / CS + INNER BOXES',
                                        '0',
                                        '0'
                                        )

[14:40:11] insert into dhl_cs_tpb_header values (
                                        'SRG',
                                        '3395256104',
                                        '2023-08-09',
                                        'S',
                                        '0.28',
                                        '3.4000',
                                        '55.39',
                                        '21',
                                        '34.11',
                                        '0',
                                        'PPJK',
                                        '0',
                                        'LN',
                                        '23',
                                        'FOB',
                                        '061100',
                                        '060100',
                                        'IDSRG',
                                        'JPTYO',
                                        'SGSIN',
                                        'GDHL',
                                        '1',
                                        '11',
                                        'USD',
                                        'SEMARANG',
                                        'ZETRO TAMPUBOLON',
                                        '15386.0000',
                                        '3.06',
                                        '0018/KA-A5/111 TAHUN 2019',
                                        '21.0000',
                                        '',                                      
                                        '001046',
                                        '',
                                        '0',
                                        '',
                                        '8/12/2023 12:00:00 AM',
                                        '8/12/2023 12:00:00 AM',
                                        '2023-10-02',
                                        '0',
                                        '0',
                                        '2',
                                        'farifin',
                                        '2023-10-02 14:40:05.011'
                                        )

[14:40:11] insert into dhl_cs_tpb_barang_tarif values (
                                        '3395256104',
                                        '2023-08-09',
                                        '1',
                                        '1.00',
                                        '3',
                                        'PCE',
                                        'BM',
                                        '6087.3500',
                                        '0',
                                        '6087.3500',
                                        '1',
                                        '5',
                                        '100'                                        
                                        )

[14:40:11] insert into dhl_cs_tpb_barang_tarif values (
                                        '3395256104',
                                        '2023-08-09',
                                        '1',
                                        '1.00',
                                        '3',
                                        'PCE',
                                        'PPH',
                                        '3195.8588',
                                        '0',
                                        '3195.8588',
                                        '1',
                                        '2.5',
                                        '100'                                        
                                        )

[14:40:11] insert into dhl_cs_tpb_barang_tarif values (
                                        '3395256104',
                                        '2023-08-09',
                                        '1',
                                        '1.00',
                                        '3',
                                        'PCE',
                                        'PPN',
                                        '14061.7785',
                                        '0',
                                        '14061.7785',
                                        '1',
                                        '11',
                                        '100'                                        
                                        )

[14:40:11] insert into dhl_cs_tpb_barang_tarif values (
                                        '3395256104',
                                        '2023-08-09',
                                        '1',
                                        '3.00',
                                        '3',
                                        'PCE',
                                        'BM',
                                        '0.0000',
                                        '0',
                                        '0.0000',
                                        '4',
                                        '0',
                                        '100'                                        
                                        )

[14:40:11] insert into dhl_cs_tpb_barang_tarif values (
                                        '3395256104',
                                        '2023-08-09',
                                        '1',
                                        '3.00',
                                        '3',
                                        'PCE',
                                        'PPH',
                                        '9131.0500',
                                        '0',
                                        '9131.0500',
                                        '4',
                                        '2.5',
                                        '100'                                        
                                        )

[14:40:11] insert into dhl_cs_tpb_barang_tarif values (
                                        '3395256104',
                                        '2023-08-09',
                                        '1',
                                        '3.00',
                                        '3',
                                        'PCE',
                                        'PPN',
                                        '0.0000',
                                        '0',
                                        '0.0000',
                                        '4',
                                        '0',
                                        '100'                                        
                                        )

[14:40:11] insert into dhl_cs_tpb_barang_tarif values (
                                        '3395256104',
                                        '2023-08-09',
                                        '1',
                                        '3.00',
                                        '3',
                                        'PCE',
                                        'BM',
                                        '0.0000',
                                        '0',
                                        '0.0000',
                                        '3',
                                        '0',
                                        '100'                                        
                                        )

[14:40:11] insert into dhl_cs_tpb_barang_tarif values (
                                        '3395256104',
                                        '2023-08-09',
                                        '1',
                                        '3.00',
                                        '3',
                                        'PCE',
                                        'PPH',
                                        '3043.6750',
                                        '0',
                                        '3043.6750',
                                        '3',
                                        '2.5',
                                        '100'                                        
                                        )

[14:40:11] insert into dhl_cs_tpb_barang_tarif values (
                                        '3395256104',
                                        '2023-08-09',
                                        '1',
                                        '3.00',
                                        '3',
                                        'PCE',
                                        'PPN',
                                        '0.0000',
                                        '0',
                                        '0.0000',
                                        '3',
                                        '0',
                                        '100'                                        
                                        )

[14:40:11] insert into dhl_cs_tpb_barang_tarif values (
                                        '3395256104',
                                        '2023-08-09',
                                        '1',
                                        '2.00',
                                        '3',
                                        'PCE',
                                        'BM',
                                        '48698.8000',
                                        '0',
                                        '48698.8000',
                                        '2',
                                        '20',
                                        '100'                                        
                                        )

[14:40:11] insert into dhl_cs_tpb_barang_tarif values (
                                        '3395256104',
                                        '2023-08-09',
                                        '1',
                                        '2.00',
                                        '3',
                                        'PCE',
                                        'PPH',
                                        '7304.8200',
                                        '0',
                                        '7304.8200',
                                        '2',
                                        '2.5',
                                        '100'                                        
                                        )

[14:40:11] insert into dhl_cs_tpb_barang_tarif values (
                                        '3395256104',
                                        '2023-08-09',
                                        '1',
                                        '2.00',
                                        '3',
                                        'PCE',
                                        'PPN',
                                        '32141.2080',
                                        '0',
                                        '32141.2080',
                                        '2',
                                        '11',
                                        '100'                                        
                                        )

[14:40:11] insert into dhl_cs_tpb_entitas values (
                                        '3395256104',
                                        '2023-08-09',
                                        'JL RAYA TEMANGGUNG-SECANG KM. 8 KAV. 8,RT 002 RW 006, DESA BADRAN, KEC. KRANGGAN,KAB. TEMANGGUNG JAWA TENGAH,56271',
                                        '3',
                                        '',
                                        '5',
                                        '',
                                        'PT SHOENARY JAVANESIA INC',
                                        '',
                                        '803198399452000',
                                        '52/WBC.10/2020',
                                        '',
                                        '1',
                                        '1900-01-01')

[14:40:11] insert into dhl_cs_tpb_entitas values (
                                        '3395256104',
                                        '2023-08-09',
                                        '1-14-4, Jingumae, Shibuya-ku,TOKYO,TOKYO-TO SHIBUYA KU JAPAN JAPAN',
                                        '5',
                                        '',
                                        '',
                                        '',
                                        'CONVERSE JAPAN CO LTD',
                                        '',
                                        '',
                                        '',
                                        'JP',
                                        '2',
                                        '')

[14:40:11] insert into dhl_cs_tpb_entitas values (
                                        '3395256104',
                                        '2023-08-09',
                                        'JL RAYA TEMANGGUNG-SECANG KM. 8 KAV. 8,RT 002 RW 006, DESA BADRAN, KEC. KRANGGAN,KAB. TEMANGGUNG JAWA TENGAH,56271',
                                        '7',
                                        '7',
                                        '5',
                                        '5',
                                        'PT SHOENARY JAVANESIA INC',
                                        '',
                                        '803198399452000',
                                        '52/WBC.10/2020',
                                        '',
                                        '3',
                                        '1900-01-01')

[14:40:11] insert into dhl_cs_tpb_entitas values (
                                        '3395256104',
                                        '2023-08-09',
                                        'MULIA BUSINESS PARK BUILDING F JL. MT. HARYONO KAV 58-60, JAKARTA',
                                        '4',
                                        '',
                                        '5',
                                        '1',
                                        'PT. BIROTIKA SEMESTA',
                                        '',
                                        '013107743062000',
                                        '',
                                        '',
                                        '4',
                                        '')

[14:40:11] insert into dhl_cs_tpb_kemasan values (
                                        '3395256104',
                                        '2023-08-09',
                                        '2',
                                        'PK',
                                        '1',
                                        'DHL'
                                        )

[14:40:11] insert into dhl_cs_tpb_pengangkut values (
                                        '3395256104', '2023-08-09',
                                        'ID',
                                        'My Indo Airlines',
                                        '2Y-935',
                                        '4',
                                        '1'
                                        )

[14:47:00] Reload data DCI..
Clean duplicate AWB :
'3395256104'
[14:47:10] response kurs USD
{"Exception":"Request cannot be executed; I/O reactor status: STOPPED"}
[14:47:10] response kurs USD
{"Exception":"Request cannot be executed; I/O reactor status: STOPPED"}
[14:47:10] response kurs USD
{"Exception":"Request cannot be executed; I/O reactor status: STOPPED"}
[14:47:10] response kurs USD
{"Exception":"Request cannot be executed; I/O reactor status: STOPPED"}
[14:47:33] insert into dhl_cs_tpb_barang values (
                                        '3395256104',
                                        '2023-08-09',
                                        '1',
                                        '0.04',                                        
                                        '7.91',
                                        '121749.418000',
                                        '0',
                                        '3.000',
                                        '4.87',
                                        '0',
                                        '0',
                                        '3.000',
                                        '0',
                                        '1',
                                        '1.00',
                                        '',
                                        '23',
                                        '11',
                                        'PK',
                                        'ID',
                                        '0',
                                        'PCE',
                                        '-',
                                        '15386.0000',
                                        '0.7650',
                                        '3.000',
                                        '0',
                                        '13021990',
                                        '1',
                                        '',
                                        '-',
                                        '',
                                        '24FW CV-LAB AS RS BLANKET OX/JAL (CT24FW302) GRAY',
                                        '0',
                                        '0'
                                        )

[14:47:33] insert into dhl_cs_tpb_barang values (
                                        '3395256104',
                                        '2023-08-09',
                                        '2',
                                        '0.08',                                        
                                        '15.83',
                                        '243498.836000',
                                        '0',
                                        '6.000',
                                        '9.75',
                                        '0',
                                        '0',
                                        '6.000',
                                        '0',
                                        '1',
                                        '2.00',
                                        '',
                                        '23',
                                        '11',
                                        'PK',
                                        'ID',
                                        '0',
                                        'PCE',
                                        '-',
                                        '15386.0000',
                                        '0.7650',
                                        '6.000',
                                        '0',
                                        '63079090',
                                        '2',
                                        '',
                                        '-',
                                        '',
                                        '24FW CV-LAB AS RS BLANKET OX/JAL (CT24FW3002) BLACK',
                                        '0',
                                        '0'
                                        )

[14:47:33] insert into dhl_cs_tpb_barang values (
                                        '3395256104',
                                        '2023-08-09',
                                        '3',
                                        '0.04',                                        
                                        '7.91',
                                        '121749.418000',
                                        '0',
                                        '3.000',
                                        '4.87',
                                        '0',
                                        '0',
                                        '3.000',
                                        '0',
                                        '1',
                                        '3.00',
                                        '',
                                        '23',
                                        '11',
                                        'PK',
                                        'JP',
                                        '0',
                                        'PCE',
                                        '-',
                                        '15386.0000',
                                        '0.7650',
                                        '3.000',
                                        '0',
                                        '49019990',
                                        '3',
                                        '',
                                        '-',
                                        '',
                                        'MATERIAL RESEARCH REQUEST SHEETS FOR 24FW 1ST KID`S RS SPLATOON (CD24FW1013)',
                                        '0',
                                        '0'
                                        )

[14:47:33] insert into dhl_cs_tpb_barang values (
                                        '3395256104',
                                        '2023-08-09',
                                        '4',
                                        '0.12',                                        
                                        '23.74',
                                        '365248.254000',
                                        '0',
                                        '9.000',
                                        '14.62',
                                        '0',
                                        '0',
                                        '9.000',
                                        '0',
                                        '1',
                                        '3.00',
                                        '',
                                        '23',
                                        '11',
                                        'PK',
                                        'CN',
                                        '0',
                                        'PCE',
                                        '-',
                                        '15386.0000',
                                        '0.7650',
                                        '9.000',
                                        '0',
                                        '49019990',
                                        '4',
                                        '',
                                        '-',
                                        '',
                                        'CONFIRMED SIGNED 24SII N TEAM SK HI / CS + INNER BOXES',
                                        '0',
                                        '0'
                                        )

[14:47:33] insert into dhl_cs_tpb_header values (
                                        'SRG',
                                        '3395256104',
                                        '2023-08-09',
                                        'S',
                                        '0.28',
                                        '3.4000',
                                        '55.39',
                                        '21',
                                        '34.11',
                                        '0',
                                        'PPJK',
                                        '0',
                                        'LN',
                                        '23',
                                        'FOB',
                                        '061100',
                                        '060100',
                                        'IDSRG',
                                        'JPTYO',
                                        'SGSIN',
                                        'GDHL',
                                        '1',
                                        '11',
                                        'USD',
                                        'SEMARANG',
                                        'ZETRO TAMPUBOLON',
                                        '15386.0000',
                                        '3.06',
                                        '0018/KA-A5/111 TAHUN 2019',
                                        '21.0000',
                                        '',                                      
                                        '001046',
                                        '',
                                        '0',
                                        '',
                                        '8/12/2023 12:00:00 AM',
                                        '8/12/2023 12:00:00 AM',
                                        '2023-10-02',
                                        '0',
                                        '0',
                                        '2',
                                        'farifin',
                                        '2023-10-02 14:47:11.021'
                                        )

[14:47:33] insert into dhl_cs_tpb_barang_tarif values (
                                        '3395256104',
                                        '2023-08-09',
                                        '1',
                                        '1.00',
                                        '3',
                                        'PCE',
                                        'BM',
                                        '6087.3500',
                                        '0',
                                        '6087.3500',
                                        '1',
                                        '5',
                                        '100'                                        
                                        )

[14:47:33] insert into dhl_cs_tpb_barang_tarif values (
                                        '3395256104',
                                        '2023-08-09',
                                        '1',
                                        '1.00',
                                        '3',
                                        'PCE',
                                        'PPH',
                                        '3195.8588',
                                        '0',
                                        '3195.8588',
                                        '1',
                                        '2.5',
                                        '100'                                        
                                        )

[14:47:33] insert into dhl_cs_tpb_barang_tarif values (
                                        '3395256104',
                                        '2023-08-09',
                                        '1',
                                        '1.00',
                                        '3',
                                        'PCE',
                                        'PPN',
                                        '14061.7785',
                                        '0',
                                        '14061.7785',
                                        '1',
                                        '11',
                                        '100'                                        
                                        )

[14:47:33] insert into dhl_cs_tpb_barang_tarif values (
                                        '3395256104',
                                        '2023-08-09',
                                        '1',
                                        '3.00',
                                        '3',
                                        'PCE',
                                        'BM',
                                        '0.0000',
                                        '0',
                                        '0.0000',
                                        '4',
                                        '0',
                                        '100'                                        
                                        )

[14:47:33] insert into dhl_cs_tpb_barang_tarif values (
                                        '3395256104',
                                        '2023-08-09',
                                        '1',
                                        '3.00',
                                        '3',
                                        'PCE',
                                        'PPH',
                                        '9131.0500',
                                        '0',
                                        '9131.0500',
                                        '4',
                                        '2.5',
                                        '100'                                        
                                        )

[14:47:33] insert into dhl_cs_tpb_barang_tarif values (
                                        '3395256104',
                                        '2023-08-09',
                                        '1',
                                        '3.00',
                                        '3',
                                        'PCE',
                                        'PPN',
                                        '0.0000',
                                        '0',
                                        '0.0000',
                                        '4',
                                        '0',
                                        '100'                                        
                                        )

[14:47:33] insert into dhl_cs_tpb_barang_tarif values (
                                        '3395256104',
                                        '2023-08-09',
                                        '1',
                                        '3.00',
                                        '3',
                                        'PCE',
                                        'BM',
                                        '0.0000',
                                        '0',
                                        '0.0000',
                                        '3',
                                        '0',
                                        '100'                                        
                                        )

[14:47:33] insert into dhl_cs_tpb_barang_tarif values (
                                        '3395256104',
                                        '2023-08-09',
                                        '1',
                                        '3.00',
                                        '3',
                                        'PCE',
                                        'PPH',
                                        '3043.6750',
                                        '0',
                                        '3043.6750',
                                        '3',
                                        '2.5',
                                        '100'                                        
                                        )

[14:47:33] insert into dhl_cs_tpb_barang_tarif values (
                                        '3395256104',
                                        '2023-08-09',
                                        '1',
                                        '3.00',
                                        '3',
                                        'PCE',
                                        'PPN',
                                        '0.0000',
                                        '0',
                                        '0.0000',
                                        '3',
                                        '0',
                                        '100'                                        
                                        )

[14:47:33] insert into dhl_cs_tpb_barang_tarif values (
                                        '3395256104',
                                        '2023-08-09',
                                        '1',
                                        '2.00',
                                        '3',
                                        'PCE',
                                        'BM',
                                        '48698.8000',
                                        '0',
                                        '48698.8000',
                                        '2',
                                        '20',
                                        '100'                                        
                                        )

[14:47:33] insert into dhl_cs_tpb_barang_tarif values (
                                        '3395256104',
                                        '2023-08-09',
                                        '1',
                                        '2.00',
                                        '3',
                                        'PCE',
                                        'PPH',
                                        '7304.8200',
                                        '0',
                                        '7304.8200',
                                        '2',
                                        '2.5',
                                        '100'                                        
                                        )

[14:47:33] insert into dhl_cs_tpb_barang_tarif values (
                                        '3395256104',
                                        '2023-08-09',
                                        '1',
                                        '2.00',
                                        '3',
                                        'PCE',
                                        'PPN',
                                        '32141.2080',
                                        '0',
                                        '32141.2080',
                                        '2',
                                        '11',
                                        '100'                                        
                                        )

[14:47:33] insert into dhl_cs_tpb_entitas values (
                                        '3395256104',
                                        '2023-08-09',
                                        'JL RAYA TEMANGGUNG-SECANG KM. 8 KAV. 8,RT 002 RW 006, DESA BADRAN, KEC. KRANGGAN,KAB. TEMANGGUNG JAWA TENGAH,56271',
                                        '3',
                                        '',
                                        '5',
                                        '',
                                        'PT SHOENARY JAVANESIA INC',
                                        '',
                                        '803198399452000',
                                        '52/WBC.10/2020',
                                        '',
                                        '1',
                                        '1900-01-01')

[14:47:33] insert into dhl_cs_tpb_entitas values (
                                        '3395256104',
                                        '2023-08-09',
                                        '1-14-4, Jingumae, Shibuya-ku,TOKYO,TOKYO-TO SHIBUYA KU JAPAN JAPAN',
                                        '5',
                                        '',
                                        '',
                                        '',
                                        'CONVERSE JAPAN CO LTD',
                                        '',
                                        '',
                                        '',
                                        'JP',
                                        '2',
                                        '')

[14:47:33] insert into dhl_cs_tpb_entitas values (
                                        '3395256104',
                                        '2023-08-09',
                                        'JL RAYA TEMANGGUNG-SECANG KM. 8 KAV. 8,RT 002 RW 006, DESA BADRAN, KEC. KRANGGAN,KAB. TEMANGGUNG JAWA TENGAH,56271',
                                        '7',
                                        '7',
                                        '5',
                                        '5',
                                        'PT SHOENARY JAVANESIA INC',
                                        '',
                                        '803198399452000',
                                        '52/WBC.10/2020',
                                        '',
                                        '3',
                                        '1900-01-01')

[14:47:33] insert into dhl_cs_tpb_entitas values (
                                        '3395256104',
                                        '2023-08-09',
                                        'MULIA BUSINESS PARK BUILDING F JL. MT. HARYONO KAV 58-60, JAKARTA',
                                        '4',
                                        '',
                                        '5',
                                        '1',
                                        'PT. BIROTIKA SEMESTA',
                                        '',
                                        '013107743062000',
                                        '',
                                        '',
                                        '4',
                                        '')

[14:47:33] insert into dhl_cs_tpb_kemasan values (
                                        '3395256104',
                                        '2023-08-09',
                                        '2',
                                        'PK',
                                        '1',
                                        'DHL'
                                        )

[14:47:33] insert into dhl_cs_tpb_dokumen values (
                                        '3395256104', '2023-08-09', '1',
                                        '380', 
                                        '#NA', '1',
                                        ''
                                        )

[14:47:33] insert into dhl_cs_tpb_dokumen values (
                                        '3395256104', '2023-08-09', '1',
                                        '740',
                                        '3395256104', '2',
                                        '2023-08-09'
                                        )

[14:47:33] insert into dhl_cs_tpb_dokumen values (
                                        '3395256104', '2023-08-09', '1',
                                        '741',
                                        '58510002705', '3',
                                        ''
                                        )

[14:47:33] insert into dhl_cs_tpb_dokumen values (
                                        '3395256104', '2023-08-09', '1',
                                        '380', 
                                        '#NA', '1',
                                        ''
                                        )

[14:47:33] insert into dhl_cs_tpb_dokumen values (
                                        '3395256104', '2023-08-09', '1',
                                        '740',
                                        '3395256104', '2',
                                        '2023-08-09'
                                        )

[14:47:33] insert into dhl_cs_tpb_dokumen values (
                                        '3395256104', '2023-08-09', '1',
                                        '741',
                                        '58510002705', '3',
                                        ''
                                        )

[14:47:33] insert into dhl_cs_tpb_dokumen values (
                                        '3395256104', '2023-08-09', '1',
                                        '380', 
                                        '#NA', '1',
                                        ''
                                        )

[14:47:33] insert into dhl_cs_tpb_dokumen values (
                                        '3395256104', '2023-08-09', '1',
                                        '740',
                                        '3395256104', '2',
                                        '2023-08-09'
                                        )

[14:47:33] insert into dhl_cs_tpb_dokumen values (
                                        '3395256104', '2023-08-09', '1',
                                        '741',
                                        '58510002705', '3',
                                        ''
                                        )

[14:47:33] insert into dhl_cs_tpb_dokumen values (
                                        '3395256104', '2023-08-09', '1',
                                        '380', 
                                        '#NA', '1',
                                        ''
                                        )

[14:47:33] insert into dhl_cs_tpb_dokumen values (
                                        '3395256104', '2023-08-09', '1',
                                        '740',
                                        '3395256104', '2',
                                        '2023-08-09'
                                        )

[14:47:33] insert into dhl_cs_tpb_dokumen values (
                                        '3395256104', '2023-08-09', '1',
                                        '741',
                                        '58510002705', '3',
                                        ''
                                        )

[14:47:33] insert into dhl_cs_tpb_pengangkut values (
                                        '3395256104', '2023-08-09',
                                        'ID',
                                        'My Indo Airlines',
                                        '2Y-935',
                                        '4',
                                        '1'
                                        )

[15:26:05] response aju 00002303122520231002000015
{"dataStatus":[{"nomorAju":"00002303122520231002000015","nomorDaftar":null,"tanggalDaftar":null,"kodeProses":"001","waktuStatus":"2023-10-02 14:24:26","keterangan":"Perekaman Dokumen","kodeDokumen":"23"},{"nomorAju":"00002303122520231002000015","nomorDaftar":null,"tanggalDaftar":null,"kodeProses":"110","waktuStatus":"2023-10-02 14:53:48.63","keterangan":"Validasi","kodeDokumen":"23"}],"dataRespon":[],"status":"Success","message":"Data Ditemukan"}
[15:26:05] insert data status success
[15:26:05] insert latest response success
[15:26:12] response aju 00002303122520231002000016
{"dataStatus":[{"nomorAju":"00002303122520231002000016","nomorDaftar":null,"tanggalDaftar":null,"kodeProses":"001","waktuStatus":"2023-10-02 14:24:50","keterangan":"Perekaman Dokumen","kodeDokumen":"23"},{"nomorAju":"00002303122520231002000016","nomorDaftar":null,"tanggalDaftar":null,"kodeProses":"110","waktuStatus":"2023-10-02 15:08:46.362","keterangan":"Validasi","kodeDokumen":"23"}],"dataRespon":[],"status":"Success","message":"Data Ditemukan"}
[15:26:13] insert data status success
[15:26:13] insert latest response success
[15:26:18] response aju 00002303122520231002000017
{"dataStatus":[{"nomorAju":"00002303122520231002000017","nomorDaftar":null,"tanggalDaftar":null,"kodeProses":"001","waktuStatus":"2023-10-02 14:25:06","keterangan":"Perekaman Dokumen","kodeDokumen":"23"},{"nomorAju":"00002303122520231002000017","nomorDaftar":null,"tanggalDaftar":null,"kodeProses":"110","waktuStatus":"2023-10-02 15:17:50.163","keterangan":"Validasi","kodeDokumen":"23"}],"dataRespon":[],"status":"Success","message":"Data Ditemukan"}
[15:26:18] insert data status success
[15:26:19] insert latest response success
[15:26:25] response aju 00002303122520231002000018
{"dataStatus":[{"nomorAju":"00002303122520231002000018","nomorDaftar":null,"tanggalDaftar":null,"kodeProses":"001","waktuStatus":"2023-10-02 14:25:23","keterangan":"Perekaman Dokumen","kodeDokumen":"23"},{"nomorAju":"00002303122520231002000018","nomorDaftar":null,"tanggalDaftar":null,"kodeProses":"110","waktuStatus":"2023-10-02 15:26:14.042","keterangan":"Validasi","kodeDokumen":"23"}],"dataRespon":[],"status":"Success","message":"Data Ditemukan"}
[15:26:25] insert data status success
[15:26:25] insert latest response success
[15:26:39] response aju 00002303122520231002000014
{"dataStatus":[{"nomorAju":"00002303122520231002000014","nomorDaftar":null,"tanggalDaftar":null,"kodeProses":"110","waktuStatus":"2023-10-02 14:29:05.18","keterangan":"Validasi","kodeDokumen":"23"},{"nomorAju":"00002303122520231002000014","nomorDaftar":null,"tanggalDaftar":null,"kodeProses":"001","waktuStatus":"2023-10-02 14:03:41","keterangan":"Perekaman Dokumen","kodeDokumen":"23"}],"dataRespon":[],"status":"Success","message":"Data Ditemukan"}
[15:26:40] insert data status success
[15:26:40] insert latest response success
[15:27:25] response aju 00002303122520231002000013
{"dataStatus":[{"nomorAju":"00002303122520231002000013","nomorDaftar":"902583","tanggalDaftar":"02-10-2023","kodeProses":"240","waktuStatus":"2023-10-02 13:08:31.147","keterangan":"Penjaluran","kodeDokumen":"23"},{"nomorAju":"00002303122520231002000013","nomorDaftar":"902583","tanggalDaftar":"02-10-2023","kodeProses":"001","waktuStatus":"2023-10-02 12:13:01","keterangan":"Perekaman Dokumen","kodeDokumen":"23"},{"nomorAju":"00002303122520231002000013","nomorDaftar":"902583","tanggalDaftar":"02-10-2023","kodeProses":"110","waktuStatus":"2023-10-02 12:30:40.857","keterangan":"Validasi","kodeDokumen":"23"},{"nomorAju":"00002303122520231002000013","nomorDaftar":"902583","tanggalDaftar":"02-10-2023","kodeProses":"230","waktuStatus":"2023-10-02 13:08:06.039","keterangan":"Siap Jalur","kodeDokumen":"23"},{"nomorAju":"00002303122520231002000013","nomorDaftar":"902583","tanggalDaftar":"02-10-2023","kodeProses":"501","waktuStatus":"2023-10-02 13:09:00.492","keterangan":"Gate Out TPS","kodeDokumen":"23"}],"dataRespon":[{"nomorAju":"00002303122520231002000013","kodeRespon":"2303","nomorDaftar":"902583","tanggalDaftar":"2023-10-02 13:01:09","nomorRespon":"902583/KBC.1008/2023","tanggalRespon":"2023-10-02 13:01:09","waktuRespon":"2023-10-02 13:01:09","keterangan":"SPPB","pesan":[],"pdf":"respon/2023/10/2/14/b90d0ffb-1b4f-46a1-a232-fa37af4bb382-respon-61d98fea-7ec7-4c55-b825-03b347b46da3.pdf","kodeDokumen":"23"},{"nomorAju":"00002303122520231002000013","kodeRespon":"2301","nomorDaftar":"902583","tanggalDaftar":"2023-10-02 13:01:09","nomorRespon":null,"tanggalRespon":null,"waktuRespon":"2023-10-02 14:48:51.803","keterangan":"REJECT","pesan":["DATA HEADER TIDAK DITEMUKAN"],"pdf":null,"kodeDokumen":"23"},{"nomorAju":"00002303122520231002000013","kodeRespon":"2301","nomorDaftar":"902583","tanggalDaftar":"2023-10-02 13:01:09","nomorRespon":null,"tanggalRespon":null,"waktuRespon":"2023-10-02 14:33:49.104","keterangan":"REJECT","pesan":["DATA HEADER TIDAK DITEMUKAN"],"pdf":null,"kodeDokumen":"23"},{"nomorAju":"00002303122520231002000013","kodeRespon":"2301","nomorDaftar":"902583","tanggalDaftar":"2023-10-02 13:01:09","nomorRespon":null,"tanggalRespon":null,"waktuRespon":"2023-10-02 13:37:57.603","keterangan":"REJECT","pesan":["DATA HEADER TIDAK DITEMUKAN"],"pdf":null,"kodeDokumen":"23"},{"nomorAju":"00002303122520231002000013","kodeRespon":"2301","nomorDaftar":"902583","tanggalDaftar":"2023-10-02 13:01:09","nomorRespon":null,"tanggalRespon":null,"waktuRespon":"2023-10-02 13:29:04.962","keterangan":"REJECT","pesan":["DATA HEADER TIDAK DITEMUKAN"],"pdf":null,"kodeDokumen":"23"},{"nomorAju":"00002303122520231002000013","kodeRespon":"2301","nomorDaftar":"902583","tanggalDaftar":"2023-10-02 13:01:09","nomorRespon":null,"tanggalRespon":null,"waktuRespon":"2023-10-02 13:28:58.982","keterangan":"REJECT","pesan":["DATA HEADER TIDAK DITEMUKAN"],"pdf":null,"kodeDokumen":"23"},{"nomorAju":"00002303122520231002000013","kodeRespon":"2301","nomorDaftar":"902583","tanggalDaftar":"2023-10-02 13:01:09","nomorRespon":null,"tanggalRespon":null,"waktuRespon":"2023-10-02 13:16:09.939","keterangan":"REJECT","pesan":["DATA HEADER TIDAK DITEMUKAN"],"pdf":null,"kodeDokumen":"23"},{"nomorAju":"00002303122520231002000013","kodeRespon":"2301","nomorDaftar":"902583","tanggalDaftar":"2023-10-02 13:01:09","nomorRespon":null,"tanggalRespon":null,"waktuRespon":"2023-10-02 13:12:21.754","keterangan":"REJECT","pesan":["DATA HEADER TIDAK DITEMUKAN"],"pdf":null,"kodeDokumen":"23"}],"status":"Success","message":"Data Ditemukan"}
[15:27:26] insert data status success
[15:27:29] InternalServerError. File not found.
[15:27:29] Could not find file 'C:\Users\farifin\OneDrive - DPDHL\Documents\Projects\E-Ceisa\Temp\SPPB_00002303122520231002000013.pdf'.
[15:27:30] insert latest response success
[15:28:23] response aju 00002303122520231002000013
{"dataStatus":[{"nomorAju":"00002303122520231002000013","nomorDaftar":"902583","tanggalDaftar":"02-10-2023","kodeProses":"240","waktuStatus":"2023-10-02 13:08:31.147","keterangan":"Penjaluran","kodeDokumen":"23"},{"nomorAju":"00002303122520231002000013","nomorDaftar":"902583","tanggalDaftar":"02-10-2023","kodeProses":"001","waktuStatus":"2023-10-02 12:13:01","keterangan":"Perekaman Dokumen","kodeDokumen":"23"},{"nomorAju":"00002303122520231002000013","nomorDaftar":"902583","tanggalDaftar":"02-10-2023","kodeProses":"110","waktuStatus":"2023-10-02 12:30:40.857","keterangan":"Validasi","kodeDokumen":"23"},{"nomorAju":"00002303122520231002000013","nomorDaftar":"902583","tanggalDaftar":"02-10-2023","kodeProses":"230","waktuStatus":"2023-10-02 13:08:06.039","keterangan":"Siap Jalur","kodeDokumen":"23"},{"nomorAju":"00002303122520231002000013","nomorDaftar":"902583","tanggalDaftar":"02-10-2023","kodeProses":"501","waktuStatus":"2023-10-02 13:09:00.492","keterangan":"Gate Out TPS","kodeDokumen":"23"}],"dataRespon":[{"nomorAju":"00002303122520231002000013","kodeRespon":"2303","nomorDaftar":"902583","tanggalDaftar":"2023-10-02 13:01:09","nomorRespon":"902583/KBC.1008/2023","tanggalRespon":"2023-10-02 13:01:09","waktuRespon":"2023-10-02 13:01:09","keterangan":"SPPB","pesan":[],"pdf":"respon/2023/10/2/14/b90d0ffb-1b4f-46a1-a232-fa37af4bb382-respon-61d98fea-7ec7-4c55-b825-03b347b46da3.pdf","kodeDokumen":"23"},{"nomorAju":"00002303122520231002000013","kodeRespon":"2301","nomorDaftar":"902583","tanggalDaftar":"2023-10-02 13:01:09","nomorRespon":null,"tanggalRespon":null,"waktuRespon":"2023-10-02 14:48:51.803","keterangan":"REJECT","pesan":["DATA HEADER TIDAK DITEMUKAN"],"pdf":null,"kodeDokumen":"23"},{"nomorAju":"00002303122520231002000013","kodeRespon":"2301","nomorDaftar":"902583","tanggalDaftar":"2023-10-02 13:01:09","nomorRespon":null,"tanggalRespon":null,"waktuRespon":"2023-10-02 14:33:49.104","keterangan":"REJECT","pesan":["DATA HEADER TIDAK DITEMUKAN"],"pdf":null,"kodeDokumen":"23"},{"nomorAju":"00002303122520231002000013","kodeRespon":"2301","nomorDaftar":"902583","tanggalDaftar":"2023-10-02 13:01:09","nomorRespon":null,"tanggalRespon":null,"waktuRespon":"2023-10-02 13:37:57.603","keterangan":"REJECT","pesan":["DATA HEADER TIDAK DITEMUKAN"],"pdf":null,"kodeDokumen":"23"},{"nomorAju":"00002303122520231002000013","kodeRespon":"2301","nomorDaftar":"902583","tanggalDaftar":"2023-10-02 13:01:09","nomorRespon":null,"tanggalRespon":null,"waktuRespon":"2023-10-02 13:29:04.962","keterangan":"REJECT","pesan":["DATA HEADER TIDAK DITEMUKAN"],"pdf":null,"kodeDokumen":"23"},{"nomorAju":"00002303122520231002000013","kodeRespon":"2301","nomorDaftar":"902583","tanggalDaftar":"2023-10-02 13:01:09","nomorRespon":null,"tanggalRespon":null,"waktuRespon":"2023-10-02 13:28:58.982","keterangan":"REJECT","pesan":["DATA HEADER TIDAK DITEMUKAN"],"pdf":null,"kodeDokumen":"23"},{"nomorAju":"00002303122520231002000013","kodeRespon":"2301","nomorDaftar":"902583","tanggalDaftar":"2023-10-02 13:01:09","nomorRespon":null,"tanggalRespon":null,"waktuRespon":"2023-10-02 13:16:09.939","keterangan":"REJECT","pesan":["DATA HEADER TIDAK DITEMUKAN"],"pdf":null,"kodeDokumen":"23"},{"nomorAju":"00002303122520231002000013","kodeRespon":"2301","nomorDaftar":"902583","tanggalDaftar":"2023-10-02 13:01:09","nomorRespon":null,"tanggalRespon":null,"waktuRespon":"2023-10-02 13:12:21.754","keterangan":"REJECT","pesan":["DATA HEADER TIDAK DITEMUKAN"],"pdf":null,"kodeDokumen":"23"}],"status":"Success","message":"Data Ditemukan"}
[15:28:24] insert data status success
[15:28:27] InternalServerError. File not found.
[15:28:27] Could not find file 'C:\Users\farifin\OneDrive - DPDHL\Documents\Projects\E-Ceisa\Temp\SPPB_00002303122520231002000013.pdf'.
[15:28:28] update latest response success
