[19:51:32] Check Flagging XML for DCE..
[19:51:46] UPDATE BILLINGREPORT SET 
                                    NOSPPB = '900072',
                                    TGLSPPB = '2023-03-21',
                                    NOAJU = '00002301310720230321000624',
                                    TGLAJU = '2023-03-21',
                                    NOBC23 = '900072',
                                    TGLBC23 = '2023-03-21'
                                    WHERE HAWB = '1540328996' AND TGLHAWB = '8/7/2023 12:00:00 AM'
[19:52:48] Check Flagging XML for DCE..
[19:52:58] UPDATE BILLINGREPORT SET 
                                    NOSPPB = '900072',
                                    TGLSPPB = '2023-03-21',
                                    NOAJU = '00002301310720230321000624',
                                    TGLAJU = '2023-03-21',
                                    NOBC23 = '900072',
                                    TGLBC23 = '2023-03-21'
                                    WHERE HAWB = '1540328996' AND TGLHAWB = '8/7/2023 12:00:00 AM'
[19:53:57] Check Flagging XML for DCE..
[19:54:18] UPDATE BILLINGREPORT SET 
                                    NOSPPB = '900072',
                                    TGLSPPB = '2023-03-21',
                                    NOAJU = '00002301310720230321000624',
                                    TGLAJU = '2023-03-21',
                                    NOBC23 = '900072',
                                    TGLBC23 = '2023-03-21'
                                    WHERE HAWB = '1540328996' AND TGLHAWB = '2023-08-07'
[19:55:58] Check Flagging XML for DCE..
[19:55:58] UPDATE BILLINGREPORT SET 
                                    NOSPPB = '900072',
                                    TGLSPPB = '2023-03-21',
                                    NOAJU = '00002301310720230321000624',
                                    TGLAJU = '2023-03-21',
                                    NOBC23 = '900072',
                                    TGLBC23 = '2023-03-21'
                                    WHERE HAWB = '1540328996' AND TGLHAWB = '2023-08-07'
[19:56:01] Move File \\MYKULWSPC000030\ShareFolderDeployment\WCO\TPB_1540328996_20230820195601.XML
[19:56:01] UPDATE STATUS XML FOR HAWB 1540328996 COMPLETED..
[19:59:36] Check Flagging XML for DCE..
[19:59:36] UPDATE BILLINGREPORT SET 
                                    NOSPPB = '900072',
                                    TGLSPPB = '2023-03-21',
                                    NOAJU = '00002301310720230321000624',
                                    TGLAJU = '2023-03-21',
                                    NOBC23 = '900072',
                                    TGLBC23 = '2023-03-21'
                                    WHERE HAWB = '1540328996' AND TGLHAWB = '2023-08-07'
[19:59:39] Move File \\MYKULWSPC000030\ShareFolderDeployment\WCO\TPB_1540328996_20230820195939.XML
[19:59:39] UPDATE STATUS XML FOR HAWB 1540328996 COMPLETED..
[20:02:21] Check Flagging XML for DCE..
[20:02:21] UPDATE BILLINGREPORT SET 
                                    NOSPPB = '900072',
                                    TGLSPPB = '2023-03-21',
                                    NOAJU = '00002301310720230321000624',
                                    TGLAJU = '2023-03-21',
                                    NOBC23 = '900072',
                                    TGLBC23 = '2023-03-21'
                                    WHERE HAWB = '1540328996' AND TGLHAWB = '2023-08-07'
[20:02:22] Move File \\MYKULWSPC000030\ShareFolderDeployment\WCO\TPB_1540328996_20230820200222.XML
[20:02:22] UPDATE STATUS XML FOR HAWB 1540328996 COMPLETED..
